/home/dh/underwater_ws_new/install/underwater_control/lib/python3.8/site-packages/underwater_control/__init__.py
/home/dh/underwater_ws_new/install/underwater_control/lib/python3.8/site-packages/underwater_control/camera_publisher.py
/home/dh/underwater_ws_new/install/underwater_control/lib/python3.8/site-packages/underwater_control/image_processor.py
/home/dh/underwater_ws_new/install/underwater_control/lib/python3.8/site-packages/underwater_control/serial_comm_node.py
/home/dh/underwater_ws_new/install/underwater_control/lib/python3.8/site-packages/underwater_control/control_client.py
/home/dh/underwater_ws_new/install/underwater_control/lib/python3.8/site-packages/underwater_control/__pycache__/__init__.cpython-38.pyc
/home/dh/underwater_ws_new/install/underwater_control/lib/python3.8/site-packages/underwater_control/__pycache__/camera_publisher.cpython-38.pyc
/home/dh/underwater_ws_new/install/underwater_control/lib/python3.8/site-packages/underwater_control/__pycache__/image_processor.cpython-38.pyc
/home/dh/underwater_ws_new/install/underwater_control/lib/python3.8/site-packages/underwater_control/__pycache__/serial_comm_node.cpython-38.pyc
/home/dh/underwater_ws_new/install/underwater_control/lib/python3.8/site-packages/underwater_control/__pycache__/control_client.cpython-38.pyc
/home/dh/underwater_ws_new/install/underwater_control/share/ament_index/resource_index/packages/underwater_control
/home/dh/underwater_ws_new/install/underwater_control/share/underwater_control/package.xml
/home/dh/underwater_ws_new/install/underwater_control/share/underwater_control/launch/underwater_vision.launch.py
/home/dh/underwater_ws_new/install/underwater_control/share/underwater_control/config
/home/dh/underwater_ws_new/install/underwater_control/lib/python3.8/site-packages/underwater_control-0.0.0-py3.8.egg-info/entry_points.txt
/home/dh/underwater_ws_new/install/underwater_control/lib/python3.8/site-packages/underwater_control-0.0.0-py3.8.egg-info/requires.txt
/home/dh/underwater_ws_new/install/underwater_control/lib/python3.8/site-packages/underwater_control-0.0.0-py3.8.egg-info/PKG-INFO
/home/dh/underwater_ws_new/install/underwater_control/lib/python3.8/site-packages/underwater_control-0.0.0-py3.8.egg-info/top_level.txt
/home/dh/underwater_ws_new/install/underwater_control/lib/python3.8/site-packages/underwater_control-0.0.0-py3.8.egg-info/dependency_links.txt
/home/dh/underwater_ws_new/install/underwater_control/lib/python3.8/site-packages/underwater_control-0.0.0-py3.8.egg-info/zip-safe
/home/dh/underwater_ws_new/install/underwater_control/lib/python3.8/site-packages/underwater_control-0.0.0-py3.8.egg-info/SOURCES.txt
/home/dh/underwater_ws_new/install/underwater_control/lib/underwater_control/camera_publisher
/home/dh/underwater_ws_new/install/underwater_control/lib/underwater_control/control_client
/home/dh/underwater_ws_new/install/underwater_control/lib/underwater_control/image_processor
/home/dh/underwater_ws_new/install/underwater_control/lib/underwater_control/serial_comm_node
