[5.115s] DEBUG:colcon:Command line arguments: ['/usr/bin/colcon', 'list', '-p', '--base-paths', '/home/dh/underwater_ws_new']
[5.115s] DEBUG:colcon:Parsed command line arguments: Namespace(allow_overriding=[], base_paths=['/home/dh/underwater_ws_new'], build_base='build', ignore_user_meta=False, log_base=None, log_level=None, main=<bound method ListVerb.main of <colcon_package_information.verb.list.ListVerb object at 0x7f2a6885a6a0>>, metas=['./colcon.meta'], names_only=False, packages_above=None, packages_above_and_dependencies=None, packages_above_depth=None, packages_end=None, packages_ignore=None, packages_ignore_regex=None, packages_select=None, packages_select_build_failed=False, packages_select_by_dep=None, packages_select_regex=None, packages_select_test_failures=False, packages_skip=None, packages_skip_build_finished=False, packages_skip_by_dep=None, packages_skip_regex=None, packages_skip_test_passed=False, packages_skip_up_to=None, packages_start=None, packages_up_to=None, packages_up_to_regex=None, paths=None, paths_only=True, topological_graph=False, topological_graph_density=False, topological_graph_dot=False, topological_graph_dot_cluster=False, topological_graph_dot_include_skipped=False, topological_graph_legend=False, topological_order=False, verb_extension=<colcon_package_information.verb.list.ListVerb object at 0x7f2a6885a6a0>, verb_name='list', verb_parser=<colcon_defaults.argument_parser.defaults.DefaultArgumentsDecorator object at 0x7f2a68736ac0>)
[7.244s] Level 1:colcon.colcon_core.package_discovery:discover_packages(colcon_meta) check parameters
[7.246s] Level 1:colcon.colcon_core.package_discovery:discover_packages(recursive) check parameters
[7.246s] Level 1:colcon.colcon_core.package_discovery:discover_packages(ignore) check parameters
[7.247s] Level 1:colcon.colcon_core.package_discovery:discover_packages(path) check parameters
[7.247s] Level 1:colcon.colcon_core.package_discovery:discover_packages(recursive) discover
[7.247s] INFO:colcon.colcon_core.package_discovery:Crawling recursively for packages in '/home/dh/underwater_ws_new'
[7.247s] Level 1:colcon.colcon_core.package_identification:_identify(/home/dh/underwater_ws_new) by extensions ['ignore', 'ignore_ament_install']
[7.248s] Level 1:colcon.colcon_core.package_identification:_identify(/home/dh/underwater_ws_new) by extension 'ignore'
[7.248s] Level 1:colcon.colcon_core.package_identification:_identify(/home/dh/underwater_ws_new) by extension 'ignore_ament_install'
[7.248s] Level 1:colcon.colcon_core.package_identification:_identify(/home/dh/underwater_ws_new) by extensions ['colcon_pkg']
[7.248s] Level 1:colcon.colcon_core.package_identification:_identify(/home/dh/underwater_ws_new) by extension 'colcon_pkg'
[7.249s] Level 1:colcon.colcon_core.package_identification:_identify(/home/dh/underwater_ws_new) by extensions ['colcon_meta']
[7.249s] Level 1:colcon.colcon_core.package_identification:_identify(/home/dh/underwater_ws_new) by extension 'colcon_meta'
[7.254s] Level 1:colcon.colcon_core.package_identification:_identify(/home/dh/underwater_ws_new) by extensions ['ros']
[7.254s] Level 1:colcon.colcon_core.package_identification:_identify(/home/dh/underwater_ws_new) by extension 'ros'
[7.401s] Level 1:colcon.colcon_core.package_identification:_identify(/home/dh/underwater_ws_new) by extensions ['cmake', 'python']
[7.402s] Level 1:colcon.colcon_core.package_identification:_identify(/home/dh/underwater_ws_new) by extension 'cmake'
[7.402s] Level 1:colcon.colcon_core.package_identification:_identify(/home/dh/underwater_ws_new) by extension 'python'
[7.402s] Level 1:colcon.colcon_core.package_identification:_identify(/home/dh/underwater_ws_new) by extensions ['python_setup_py']
[7.447s] Level 1:colcon.colcon_core.package_identification:_identify(/home/dh/underwater_ws_new) by extension 'python_setup_py'
[7.448s] Level 1:colcon.colcon_core.package_identification:_identify(/home/dh/underwater_ws_new/log) by extensions ['ignore', 'ignore_ament_install']
[7.448s] Level 1:colcon.colcon_core.package_identification:_identify(/home/dh/underwater_ws_new/log) by extension 'ignore'
[7.449s] Level 1:colcon.colcon_core.package_identification:_identify(/home/dh/underwater_ws_new/log) ignored
[7.457s] Level 1:colcon.colcon_core.package_identification:_identify(/home/dh/underwater_ws_new/src) by extensions ['ignore', 'ignore_ament_install']
[7.459s] Level 1:colcon.colcon_core.package_identification:_identify(/home/dh/underwater_ws_new/src) by extension 'ignore'
[7.459s] Level 1:colcon.colcon_core.package_identification:_identify(/home/dh/underwater_ws_new/src) by extension 'ignore_ament_install'
[7.459s] Level 1:colcon.colcon_core.package_identification:_identify(/home/dh/underwater_ws_new/src) by extensions ['colcon_pkg']
[7.459s] Level 1:colcon.colcon_core.package_identification:_identify(/home/dh/underwater_ws_new/src) by extension 'colcon_pkg'
[7.460s] Level 1:colcon.colcon_core.package_identification:_identify(/home/dh/underwater_ws_new/src) by extensions ['colcon_meta']
[7.460s] Level 1:colcon.colcon_core.package_identification:_identify(/home/dh/underwater_ws_new/src) by extension 'colcon_meta'
[7.460s] Level 1:colcon.colcon_core.package_identification:_identify(/home/dh/underwater_ws_new/src) by extensions ['ros']
[7.460s] Level 1:colcon.colcon_core.package_identification:_identify(/home/dh/underwater_ws_new/src) by extension 'ros'
[7.460s] Level 1:colcon.colcon_core.package_identification:_identify(/home/dh/underwater_ws_new/src) by extensions ['cmake', 'python']
[7.460s] Level 1:colcon.colcon_core.package_identification:_identify(/home/dh/underwater_ws_new/src) by extension 'cmake'
[7.460s] Level 1:colcon.colcon_core.package_identification:_identify(/home/dh/underwater_ws_new/src) by extension 'python'
[7.460s] Level 1:colcon.colcon_core.package_identification:_identify(/home/dh/underwater_ws_new/src) by extensions ['python_setup_py']
[7.460s] Level 1:colcon.colcon_core.package_identification:_identify(/home/dh/underwater_ws_new/src) by extension 'python_setup_py'
[7.473s] Level 1:colcon.colcon_core.package_identification:_identify(/home/dh/underwater_ws_new/src/custom_interfaces) by extensions ['ignore', 'ignore_ament_install']
[7.474s] Level 1:colcon.colcon_core.package_identification:_identify(/home/dh/underwater_ws_new/src/custom_interfaces) by extension 'ignore'
[7.475s] Level 1:colcon.colcon_core.package_identification:_identify(/home/dh/underwater_ws_new/src/custom_interfaces) by extension 'ignore_ament_install'
[7.475s] Level 1:colcon.colcon_core.package_identification:_identify(/home/dh/underwater_ws_new/src/custom_interfaces) by extensions ['colcon_pkg']
[7.475s] Level 1:colcon.colcon_core.package_identification:_identify(/home/dh/underwater_ws_new/src/custom_interfaces) by extension 'colcon_pkg'
[7.475s] Level 1:colcon.colcon_core.package_identification:_identify(/home/dh/underwater_ws_new/src/custom_interfaces) by extensions ['colcon_meta']
[7.475s] Level 1:colcon.colcon_core.package_identification:_identify(/home/dh/underwater_ws_new/src/custom_interfaces) by extension 'colcon_meta'
[7.476s] Level 1:colcon.colcon_core.package_identification:_identify(/home/dh/underwater_ws_new/src/custom_interfaces) by extensions ['ros']
[7.476s] Level 1:colcon.colcon_core.package_identification:_identify(/home/dh/underwater_ws_new/src/custom_interfaces) by extension 'ros'
[7.522s] DEBUG:colcon.colcon_core.package_identification:Package '/home/dh/underwater_ws_new/src/custom_interfaces' with type 'ros.catkin' and name 'custom_interfaces'
[7.523s] Level 1:colcon.colcon_core.package_identification:_identify(/home/dh/underwater_ws_new/src/underwater_control) by extensions ['ignore', 'ignore_ament_install']
[7.523s] Level 1:colcon.colcon_core.package_identification:_identify(/home/dh/underwater_ws_new/src/underwater_control) by extension 'ignore'
[7.523s] Level 1:colcon.colcon_core.package_identification:_identify(/home/dh/underwater_ws_new/src/underwater_control) by extension 'ignore_ament_install'
[7.523s] Level 1:colcon.colcon_core.package_identification:_identify(/home/dh/underwater_ws_new/src/underwater_control) by extensions ['colcon_pkg']
[7.551s] Level 1:colcon.colcon_core.package_identification:_identify(/home/dh/underwater_ws_new/src/underwater_control) by extension 'colcon_pkg'
[7.552s] Level 1:colcon.colcon_core.package_identification:_identify(/home/dh/underwater_ws_new/src/underwater_control) by extensions ['colcon_meta']
[7.560s] Level 1:colcon.colcon_core.package_identification:_identify(/home/dh/underwater_ws_new/src/underwater_control) by extension 'colcon_meta'
[7.563s] Level 1:colcon.colcon_core.package_identification:_identify(/home/dh/underwater_ws_new/src/underwater_control) by extensions ['ros']
[7.565s] Level 1:colcon.colcon_core.package_identification:_identify(/home/dh/underwater_ws_new/src/underwater_control) by extension 'ros'
[7.567s] DEBUG:colcon.colcon_core.package_identification:Package '/home/dh/underwater_ws_new/src/underwater_control' with type 'ros.ament_python' and name 'underwater_control'
[7.567s] Level 1:colcon.colcon_core.package_discovery:discover_packages(recursive) using defaults
