[0.032s] Invoking command in '/home/dh/underwater_ws_new/build/custom_interfaces': /usr/bin/cmake --build /home/dh/underwater_ws_new/build/custom_interfaces -- -j2 -l2
[0.265s] [  3%] Built target custom_interfaces__cpp
[0.309s] [ 12%] Built target custom_interfaces__rosidl_generator_c
[0.354s] [ 22%] Built target custom_interfaces__rosidl_typesupport_cpp
[0.401s] [ 32%] Built target custom_interfaces__rosidl_typesupport_introspection_cpp
[0.450s] [ 41%] Built target custom_interfaces__rosidl_typesupport_fastrtps_cpp
[0.497s] [ 51%] Built target custom_interfaces__rosidl_typesupport_c
[0.541s] [ 61%] Built target custom_interfaces__rosidl_typesupport_introspection_c
[0.594s] [ 70%] Built target custom_interfaces__rosidl_typesupport_fastrtps_c
[0.629s] [ 70%] Built target custom_interfaces
[0.677s] [ 74%] Built target custom_interfaces__py
[0.732s] [ 80%] Built target custom_interfaces__python
[0.780s] [ 87%] Built target custom_interfaces__rosidl_typesupport_introspection_c__pyext
[0.825s] [ 93%] Built target custom_interfaces__rosidl_typesupport_fastrtps_c__pyext
[0.873s] [100%] Built target custom_interfaces__rosidl_typesupport_c__pyext
[0.896s] Invoked command in '/home/dh/underwater_ws_new/build/custom_interfaces' returned '0': /usr/bin/cmake --build /home/dh/underwater_ws_new/build/custom_interfaces -- -j2 -l2
[0.920s] Invoking command in '/home/dh/underwater_ws_new/build/custom_interfaces': /usr/bin/cmake --install /home/dh/underwater_ws_new/build/custom_interfaces
[0.942s] -- Install configuration: ""
[0.943s] -- Up-to-date: /home/dh/underwater_ws_new/install/custom_interfaces/share/ament_index/resource_index/rosidl_interfaces/custom_interfaces
[0.945s] -- Up-to-date: /home/dh/underwater_ws_new/install/custom_interfaces/include/custom_interfaces
[0.945s] -- Up-to-date: /home/dh/underwater_ws_new/install/custom_interfaces/include/custom_interfaces/msg
[0.945s] -- Up-to-date: /home/dh/underwater_ws_new/install/custom_interfaces/include/custom_interfaces/msg/rosidl_generator_c__visibility_control.h
[0.945s] -- Up-to-date: /home/dh/underwater_ws_new/install/custom_interfaces/include/custom_interfaces/srv
[0.945s] -- Up-to-date: /home/dh/underwater_ws_new/install/custom_interfaces/include/custom_interfaces/srv/detail
[0.945s] -- Up-to-date: /home/dh/underwater_ws_new/install/custom_interfaces/include/custom_interfaces/srv/detail/image_processing__struct.h
[0.945s] -- Up-to-date: /home/dh/underwater_ws_new/install/custom_interfaces/include/custom_interfaces/srv/detail/image_processing__functions.h
[0.946s] -- Up-to-date: /home/dh/underwater_ws_new/install/custom_interfaces/include/custom_interfaces/srv/detail/image_processing__functions.c
[0.946s] -- Up-to-date: /home/dh/underwater_ws_new/install/custom_interfaces/include/custom_interfaces/srv/detail/image_processing__type_support.h
[0.946s] -- Up-to-date: /home/dh/underwater_ws_new/install/custom_interfaces/include/custom_interfaces/srv/image_processing.h
[0.946s] -- Up-to-date: /home/dh/underwater_ws_new/install/custom_interfaces/share/custom_interfaces/environment/library_path.sh
[0.946s] -- Up-to-date: /home/dh/underwater_ws_new/install/custom_interfaces/share/custom_interfaces/environment/library_path.dsv
[0.947s] -- Up-to-date: /home/dh/underwater_ws_new/install/custom_interfaces/lib/libcustom_interfaces__rosidl_generator_c.so
[0.948s] -- Up-to-date: /home/dh/underwater_ws_new/install/custom_interfaces/include/custom_interfaces
[0.948s] -- Up-to-date: /home/dh/underwater_ws_new/install/custom_interfaces/include/custom_interfaces/msg
[0.948s] -- Up-to-date: /home/dh/underwater_ws_new/install/custom_interfaces/include/custom_interfaces/msg/rosidl_typesupport_fastrtps_c__visibility_control.h
[0.948s] -- Up-to-date: /home/dh/underwater_ws_new/install/custom_interfaces/include/custom_interfaces/srv
[0.949s] -- Up-to-date: /home/dh/underwater_ws_new/install/custom_interfaces/include/custom_interfaces/srv/detail
[0.949s] -- Up-to-date: /home/dh/underwater_ws_new/install/custom_interfaces/include/custom_interfaces/srv/detail/image_processing__rosidl_typesupport_fastrtps_c.h
[0.951s] -- Up-to-date: /home/dh/underwater_ws_new/install/custom_interfaces/lib/libcustom_interfaces__rosidl_typesupport_fastrtps_c.so
[0.951s] -- Up-to-date: /home/dh/underwater_ws_new/install/custom_interfaces/include/custom_interfaces
[0.952s] -- Up-to-date: /home/dh/underwater_ws_new/install/custom_interfaces/include/custom_interfaces/msg
[0.952s] -- Up-to-date: /home/dh/underwater_ws_new/install/custom_interfaces/include/custom_interfaces/msg/rosidl_typesupport_fastrtps_cpp__visibility_control.h
[0.952s] -- Up-to-date: /home/dh/underwater_ws_new/install/custom_interfaces/include/custom_interfaces/srv
[0.952s] -- Up-to-date: /home/dh/underwater_ws_new/install/custom_interfaces/include/custom_interfaces/srv/detail
[0.953s] -- Up-to-date: /home/dh/underwater_ws_new/install/custom_interfaces/include/custom_interfaces/srv/detail/dds_fastrtps
[0.953s] -- Up-to-date: /home/dh/underwater_ws_new/install/custom_interfaces/include/custom_interfaces/srv/detail/image_processing__rosidl_typesupport_fastrtps_cpp.hpp
[0.955s] -- Up-to-date: /home/dh/underwater_ws_new/install/custom_interfaces/lib/libcustom_interfaces__rosidl_typesupport_fastrtps_cpp.so
[0.955s] -- Up-to-date: /home/dh/underwater_ws_new/install/custom_interfaces/include/custom_interfaces
[0.956s] -- Up-to-date: /home/dh/underwater_ws_new/install/custom_interfaces/include/custom_interfaces/msg
[0.956s] -- Up-to-date: /home/dh/underwater_ws_new/install/custom_interfaces/include/custom_interfaces/msg/rosidl_typesupport_introspection_c__visibility_control.h
[0.957s] -- Up-to-date: /home/dh/underwater_ws_new/install/custom_interfaces/include/custom_interfaces/srv
[0.957s] -- Up-to-date: /home/dh/underwater_ws_new/install/custom_interfaces/include/custom_interfaces/srv/detail
[0.958s] -- Up-to-date: /home/dh/underwater_ws_new/install/custom_interfaces/include/custom_interfaces/srv/detail/image_processing__rosidl_typesupport_introspection_c.h
[0.959s] -- Up-to-date: /home/dh/underwater_ws_new/install/custom_interfaces/include/custom_interfaces/srv/detail/image_processing__type_support.c
[0.960s] -- Up-to-date: /home/dh/underwater_ws_new/install/custom_interfaces/lib/libcustom_interfaces__rosidl_typesupport_introspection_c.so
[0.962s] -- Up-to-date: /home/dh/underwater_ws_new/install/custom_interfaces/lib/libcustom_interfaces__rosidl_typesupport_c.so
[0.963s] -- Up-to-date: /home/dh/underwater_ws_new/install/custom_interfaces/include/custom_interfaces
[0.963s] -- Up-to-date: /home/dh/underwater_ws_new/install/custom_interfaces/include/custom_interfaces/msg
[0.963s] -- Up-to-date: /home/dh/underwater_ws_new/install/custom_interfaces/include/custom_interfaces/msg/rosidl_generator_cpp__visibility_control.hpp
[0.964s] -- Up-to-date: /home/dh/underwater_ws_new/install/custom_interfaces/include/custom_interfaces/srv
[0.964s] -- Up-to-date: /home/dh/underwater_ws_new/install/custom_interfaces/include/custom_interfaces/srv/image_processing.hpp
[0.964s] -- Up-to-date: /home/dh/underwater_ws_new/install/custom_interfaces/include/custom_interfaces/srv/detail
[0.964s] -- Up-to-date: /home/dh/underwater_ws_new/install/custom_interfaces/include/custom_interfaces/srv/detail/image_processing__traits.hpp
[0.965s] -- Up-to-date: /home/dh/underwater_ws_new/install/custom_interfaces/include/custom_interfaces/srv/detail/image_processing__type_support.hpp
[0.965s] -- Up-to-date: /home/dh/underwater_ws_new/install/custom_interfaces/include/custom_interfaces/srv/detail/image_processing__builder.hpp
[0.965s] -- Up-to-date: /home/dh/underwater_ws_new/install/custom_interfaces/include/custom_interfaces/srv/detail/image_processing__struct.hpp
[0.966s] -- Up-to-date: /home/dh/underwater_ws_new/install/custom_interfaces/include/custom_interfaces
[0.966s] -- Up-to-date: /home/dh/underwater_ws_new/install/custom_interfaces/include/custom_interfaces/srv
[0.966s] -- Up-to-date: /home/dh/underwater_ws_new/install/custom_interfaces/include/custom_interfaces/srv/detail
[0.966s] -- Up-to-date: /home/dh/underwater_ws_new/install/custom_interfaces/include/custom_interfaces/srv/detail/image_processing__type_support.cpp
[0.967s] -- Up-to-date: /home/dh/underwater_ws_new/install/custom_interfaces/include/custom_interfaces/srv/detail/image_processing__rosidl_typesupport_introspection_cpp.hpp
[0.968s] -- Up-to-date: /home/dh/underwater_ws_new/install/custom_interfaces/lib/libcustom_interfaces__rosidl_typesupport_introspection_cpp.so
[0.970s] -- Up-to-date: /home/dh/underwater_ws_new/install/custom_interfaces/lib/libcustom_interfaces__rosidl_typesupport_cpp.so
[0.970s] -- Up-to-date: /home/dh/underwater_ws_new/install/custom_interfaces/share/custom_interfaces/environment/pythonpath.sh
[0.971s] -- Up-to-date: /home/dh/underwater_ws_new/install/custom_interfaces/share/custom_interfaces/environment/pythonpath.dsv
[0.971s] -- Up-to-date: /home/dh/underwater_ws_new/install/custom_interfaces/lib/python3.8/site-packages/custom_interfaces/__init__.py
[1.025s] -- Up-to-date: /home/dh/underwater_ws_new/install/custom_interfaces/lib/python3.8/site-packages/custom_interfaces/srv
[1.025s] -- Up-to-date: /home/dh/underwater_ws_new/install/custom_interfaces/lib/python3.8/site-packages/custom_interfaces/srv/__init__.py
[1.025s] -- Up-to-date: /home/dh/underwater_ws_new/install/custom_interfaces/lib/python3.8/site-packages/custom_interfaces/srv/_image_processing_s.c
[1.026s] -- Up-to-date: /home/dh/underwater_ws_new/install/custom_interfaces/lib/python3.8/site-packages/custom_interfaces/srv/_image_processing.py
[1.027s] -- Up-to-date: /home/dh/underwater_ws_new/install/custom_interfaces/lib/python3.8/site-packages/custom_interfaces/custom_interfaces_s__rosidl_typesupport_fastrtps_c.cpython-38-x86_64-linux-gnu.so
[1.029s] -- Up-to-date: /home/dh/underwater_ws_new/install/custom_interfaces/lib/python3.8/site-packages/custom_interfaces/custom_interfaces_s__rosidl_typesupport_introspection_c.cpython-38-x86_64-linux-gnu.so
[1.030s] -- Up-to-date: /home/dh/underwater_ws_new/install/custom_interfaces/lib/python3.8/site-packages/custom_interfaces/custom_interfaces_s__rosidl_typesupport_c.cpython-38-x86_64-linux-gnu.so
[1.032s] -- Up-to-date: /home/dh/underwater_ws_new/install/custom_interfaces/lib/libcustom_interfaces__python.so
[1.033s] -- Up-to-date: /home/dh/underwater_ws_new/install/custom_interfaces/share/custom_interfaces/srv/ImageProcessing.idl
[1.034s] -- Up-to-date: /home/dh/underwater_ws_new/install/custom_interfaces/share/custom_interfaces/srv/ImageProcessing.srv
[1.034s] -- Up-to-date: /home/dh/underwater_ws_new/install/custom_interfaces/share/custom_interfaces/srv/ImageProcessing_Request.msg
[1.034s] -- Up-to-date: /home/dh/underwater_ws_new/install/custom_interfaces/share/custom_interfaces/srv/ImageProcessing_Response.msg
[1.035s] -- Up-to-date: /home/dh/underwater_ws_new/install/custom_interfaces/share/ament_index/resource_index/package_run_dependencies/custom_interfaces
[1.036s] -- Up-to-date: /home/dh/underwater_ws_new/install/custom_interfaces/share/ament_index/resource_index/parent_prefix_path/custom_interfaces
[1.036s] -- Up-to-date: /home/dh/underwater_ws_new/install/custom_interfaces/share/custom_interfaces/environment/ament_prefix_path.sh
[1.037s] -- Up-to-date: /home/dh/underwater_ws_new/install/custom_interfaces/share/custom_interfaces/environment/ament_prefix_path.dsv
[1.037s] -- Up-to-date: /home/dh/underwater_ws_new/install/custom_interfaces/share/custom_interfaces/environment/path.sh
[1.038s] -- Up-to-date: /home/dh/underwater_ws_new/install/custom_interfaces/share/custom_interfaces/environment/path.dsv
[1.038s] -- Up-to-date: /home/dh/underwater_ws_new/install/custom_interfaces/share/custom_interfaces/local_setup.bash
[1.039s] -- Up-to-date: /home/dh/underwater_ws_new/install/custom_interfaces/share/custom_interfaces/local_setup.sh
[1.039s] -- Up-to-date: /home/dh/underwater_ws_new/install/custom_interfaces/share/custom_interfaces/local_setup.zsh
[1.039s] -- Up-to-date: /home/dh/underwater_ws_new/install/custom_interfaces/share/custom_interfaces/local_setup.dsv
[1.040s] -- Installing: /home/dh/underwater_ws_new/install/custom_interfaces/share/custom_interfaces/package.dsv
[1.041s] -- Up-to-date: /home/dh/underwater_ws_new/install/custom_interfaces/share/ament_index/resource_index/packages/custom_interfaces
[1.042s] -- Up-to-date: /home/dh/underwater_ws_new/install/custom_interfaces/share/custom_interfaces/cmake/custom_interfaces__rosidl_generator_cExport.cmake
[1.042s] -- Up-to-date: /home/dh/underwater_ws_new/install/custom_interfaces/share/custom_interfaces/cmake/custom_interfaces__rosidl_generator_cExport-noconfig.cmake
[1.043s] -- Up-to-date: /home/dh/underwater_ws_new/install/custom_interfaces/share/custom_interfaces/cmake/custom_interfaces__rosidl_typesupport_introspection_cExport.cmake
[1.044s] -- Up-to-date: /home/dh/underwater_ws_new/install/custom_interfaces/share/custom_interfaces/cmake/custom_interfaces__rosidl_typesupport_introspection_cExport-noconfig.cmake
[1.045s] -- Up-to-date: /home/dh/underwater_ws_new/install/custom_interfaces/share/custom_interfaces/cmake/custom_interfaces__rosidl_typesupport_cExport.cmake
[1.045s] -- Up-to-date: /home/dh/underwater_ws_new/install/custom_interfaces/share/custom_interfaces/cmake/custom_interfaces__rosidl_typesupport_cExport-noconfig.cmake
[1.046s] -- Up-to-date: /home/dh/underwater_ws_new/install/custom_interfaces/share/custom_interfaces/cmake/custom_interfaces__rosidl_generator_cppExport.cmake
[1.047s] -- Up-to-date: /home/dh/underwater_ws_new/install/custom_interfaces/share/custom_interfaces/cmake/custom_interfaces__rosidl_typesupport_introspection_cppExport.cmake
[1.048s] -- Up-to-date: /home/dh/underwater_ws_new/install/custom_interfaces/share/custom_interfaces/cmake/custom_interfaces__rosidl_typesupport_introspection_cppExport-noconfig.cmake
[1.054s] -- Up-to-date: /home/dh/underwater_ws_new/install/custom_interfaces/share/custom_interfaces/cmake/custom_interfaces__rosidl_typesupport_cppExport.cmake
[1.055s] -- Up-to-date: /home/dh/underwater_ws_new/install/custom_interfaces/share/custom_interfaces/cmake/custom_interfaces__rosidl_typesupport_cppExport-noconfig.cmake
[1.055s] -- Up-to-date: /home/dh/underwater_ws_new/install/custom_interfaces/share/custom_interfaces/cmake/rosidl_cmake-extras.cmake
[1.056s] -- Up-to-date: /home/dh/underwater_ws_new/install/custom_interfaces/share/custom_interfaces/cmake/ament_cmake_export_dependencies-extras.cmake
[1.058s] -- Up-to-date: /home/dh/underwater_ws_new/install/custom_interfaces/share/custom_interfaces/cmake/ament_cmake_export_libraries-extras.cmake
[1.059s] -- Up-to-date: /home/dh/underwater_ws_new/install/custom_interfaces/share/custom_interfaces/cmake/ament_cmake_export_targets-extras.cmake
[1.059s] -- Up-to-date: /home/dh/underwater_ws_new/install/custom_interfaces/share/custom_interfaces/cmake/ament_cmake_export_include_directories-extras.cmake
[1.060s] -- Up-to-date: /home/dh/underwater_ws_new/install/custom_interfaces/share/custom_interfaces/cmake/rosidl_cmake_export_typesupport_libraries-extras.cmake
[1.060s] -- Up-to-date: /home/dh/underwater_ws_new/install/custom_interfaces/share/custom_interfaces/cmake/rosidl_cmake_export_typesupport_targets-extras.cmake
[1.060s] -- Up-to-date: /home/dh/underwater_ws_new/install/custom_interfaces/share/custom_interfaces/cmake/custom_interfacesConfig.cmake
[1.061s] -- Up-to-date: /home/dh/underwater_ws_new/install/custom_interfaces/share/custom_interfaces/cmake/custom_interfacesConfig-version.cmake
[1.061s] -- Up-to-date: /home/dh/underwater_ws_new/install/custom_interfaces/share/custom_interfaces/package.xml
[1.068s] Invoked command in '/home/dh/underwater_ws_new/build/custom_interfaces' returned '0': /usr/bin/cmake --install /home/dh/underwater_ws_new/build/custom_interfaces
