[0.035s] Invoking command in '/home/dh/underwater_ws_new/build/custom_interfaces': /usr/bin/cmake --build /home/dh/underwater_ws_new/build/custom_interfaces -- -j2 -l2
[0.167s] [  9%] Built target custom_interfaces__rosidl_generator_c
[0.182s] [ 12%] Built target custom_interfaces__cpp
[0.211s] [ 22%] Built target custom_interfaces__rosidl_typesupport_c
[0.244s] [ 32%] Built target custom_interfaces__rosidl_typesupport_introspection_c
[0.294s] [ 41%] Built target custom_interfaces__rosidl_typesupport_cpp
[0.311s] [ 51%] Built target custom_interfaces__rosidl_typesupport_introspection_cpp
[0.352s] [ 61%] Built target custom_interfaces__rosidl_typesupport_fastrtps_cpp
[0.399s] [ 70%] Built target custom_interfaces__rosidl_typesupport_fastrtps_c
[0.438s] [ 70%] Built target custom_interfaces
[0.477s] [ 74%] Built target custom_interfaces__py
[0.530s] [ 80%] Built target custom_interfaces__python
[0.589s] [ 87%] Built target custom_interfaces__rosidl_typesupport_introspection_c__pyext
[0.594s] [ 93%] Built target custom_interfaces__rosidl_typesupport_fastrtps_c__pyext
[0.635s] [100%] Built target custom_interfaces__rosidl_typesupport_c__pyext
[0.655s] Invoked command in '/home/dh/underwater_ws_new/build/custom_interfaces' returned '0': /usr/bin/cmake --build /home/dh/underwater_ws_new/build/custom_interfaces -- -j2 -l2
[0.683s] Invoking command in '/home/dh/underwater_ws_new/build/custom_interfaces': /usr/bin/cmake --install /home/dh/underwater_ws_new/build/custom_interfaces
[0.703s] -- Install configuration: ""
[0.704s] -- Up-to-date: /home/dh/underwater_ws_new/install/custom_interfaces/share/ament_index/resource_index/rosidl_interfaces/custom_interfaces
[0.705s] -- Up-to-date: /home/dh/underwater_ws_new/install/custom_interfaces/include/custom_interfaces
[0.706s] -- Up-to-date: /home/dh/underwater_ws_new/install/custom_interfaces/include/custom_interfaces/msg
[0.706s] -- Up-to-date: /home/dh/underwater_ws_new/install/custom_interfaces/include/custom_interfaces/msg/rosidl_generator_c__visibility_control.h
[0.706s] -- Up-to-date: /home/dh/underwater_ws_new/install/custom_interfaces/include/custom_interfaces/srv
[0.706s] -- Up-to-date: /home/dh/underwater_ws_new/install/custom_interfaces/include/custom_interfaces/srv/detail
[0.707s] -- Up-to-date: /home/dh/underwater_ws_new/install/custom_interfaces/include/custom_interfaces/srv/detail/image_processing__struct.h
[0.710s] -- Up-to-date: /home/dh/underwater_ws_new/install/custom_interfaces/include/custom_interfaces/srv/detail/image_processing__functions.h
[0.710s] -- Up-to-date: /home/dh/underwater_ws_new/install/custom_interfaces/include/custom_interfaces/srv/detail/image_processing__functions.c
[0.710s] -- Up-to-date: /home/dh/underwater_ws_new/install/custom_interfaces/include/custom_interfaces/srv/detail/image_processing__type_support.h
[0.710s] -- Up-to-date: /home/dh/underwater_ws_new/install/custom_interfaces/include/custom_interfaces/srv/image_processing.h
[0.710s] -- Up-to-date: /home/dh/underwater_ws_new/install/custom_interfaces/share/custom_interfaces/environment/library_path.sh
[0.711s] -- Up-to-date: /home/dh/underwater_ws_new/install/custom_interfaces/share/custom_interfaces/environment/library_path.dsv
[0.711s] -- Up-to-date: /home/dh/underwater_ws_new/install/custom_interfaces/lib/libcustom_interfaces__rosidl_generator_c.so
[0.711s] -- Up-to-date: /home/dh/underwater_ws_new/install/custom_interfaces/include/custom_interfaces
[0.711s] -- Up-to-date: /home/dh/underwater_ws_new/install/custom_interfaces/include/custom_interfaces/msg
[0.711s] -- Up-to-date: /home/dh/underwater_ws_new/install/custom_interfaces/include/custom_interfaces/msg/rosidl_typesupport_fastrtps_c__visibility_control.h
[0.711s] -- Up-to-date: /home/dh/underwater_ws_new/install/custom_interfaces/include/custom_interfaces/srv
[0.711s] -- Up-to-date: /home/dh/underwater_ws_new/install/custom_interfaces/include/custom_interfaces/srv/detail
[0.712s] -- Up-to-date: /home/dh/underwater_ws_new/install/custom_interfaces/include/custom_interfaces/srv/detail/image_processing__rosidl_typesupport_fastrtps_c.h
[0.712s] -- Up-to-date: /home/dh/underwater_ws_new/install/custom_interfaces/lib/libcustom_interfaces__rosidl_typesupport_fastrtps_c.so
[0.712s] -- Up-to-date: /home/dh/underwater_ws_new/install/custom_interfaces/include/custom_interfaces
[0.712s] -- Up-to-date: /home/dh/underwater_ws_new/install/custom_interfaces/include/custom_interfaces/msg
[0.712s] -- Up-to-date: /home/dh/underwater_ws_new/install/custom_interfaces/include/custom_interfaces/msg/rosidl_typesupport_fastrtps_cpp__visibility_control.h
[0.712s] -- Up-to-date: /home/dh/underwater_ws_new/install/custom_interfaces/include/custom_interfaces/srv
[0.712s] -- Up-to-date: /home/dh/underwater_ws_new/install/custom_interfaces/include/custom_interfaces/srv/detail
[0.713s] -- Up-to-date: /home/dh/underwater_ws_new/install/custom_interfaces/include/custom_interfaces/srv/detail/dds_fastrtps
[0.713s] -- Up-to-date: /home/dh/underwater_ws_new/install/custom_interfaces/include/custom_interfaces/srv/detail/image_processing__rosidl_typesupport_fastrtps_cpp.hpp
[0.713s] -- Up-to-date: /home/dh/underwater_ws_new/install/custom_interfaces/lib/libcustom_interfaces__rosidl_typesupport_fastrtps_cpp.so
[0.713s] -- Up-to-date: /home/dh/underwater_ws_new/install/custom_interfaces/include/custom_interfaces
[0.713s] -- Up-to-date: /home/dh/underwater_ws_new/install/custom_interfaces/include/custom_interfaces/msg
[0.713s] -- Up-to-date: /home/dh/underwater_ws_new/install/custom_interfaces/include/custom_interfaces/msg/rosidl_typesupport_introspection_c__visibility_control.h
[0.713s] -- Up-to-date: /home/dh/underwater_ws_new/install/custom_interfaces/include/custom_interfaces/srv
[0.714s] -- Up-to-date: /home/dh/underwater_ws_new/install/custom_interfaces/include/custom_interfaces/srv/detail
[0.722s] -- Up-to-date: /home/dh/underwater_ws_new/install/custom_interfaces/include/custom_interfaces/srv/detail/image_processing__rosidl_typesupport_introspection_c.h
[0.722s] -- Up-to-date: /home/dh/underwater_ws_new/install/custom_interfaces/include/custom_interfaces/srv/detail/image_processing__type_support.c
[0.722s] -- Up-to-date: /home/dh/underwater_ws_new/install/custom_interfaces/lib/libcustom_interfaces__rosidl_typesupport_introspection_c.so
[0.722s] -- Up-to-date: /home/dh/underwater_ws_new/install/custom_interfaces/lib/libcustom_interfaces__rosidl_typesupport_c.so
[0.722s] -- Up-to-date: /home/dh/underwater_ws_new/install/custom_interfaces/include/custom_interfaces
[0.723s] -- Up-to-date: /home/dh/underwater_ws_new/install/custom_interfaces/include/custom_interfaces/msg
[0.723s] -- Up-to-date: /home/dh/underwater_ws_new/install/custom_interfaces/include/custom_interfaces/msg/rosidl_generator_cpp__visibility_control.hpp
[0.723s] -- Up-to-date: /home/dh/underwater_ws_new/install/custom_interfaces/include/custom_interfaces/srv
[0.723s] -- Up-to-date: /home/dh/underwater_ws_new/install/custom_interfaces/include/custom_interfaces/srv/image_processing.hpp
[0.723s] -- Up-to-date: /home/dh/underwater_ws_new/install/custom_interfaces/include/custom_interfaces/srv/detail
[0.723s] -- Up-to-date: /home/dh/underwater_ws_new/install/custom_interfaces/include/custom_interfaces/srv/detail/image_processing__traits.hpp
[0.723s] -- Up-to-date: /home/dh/underwater_ws_new/install/custom_interfaces/include/custom_interfaces/srv/detail/image_processing__type_support.hpp
[0.724s] -- Up-to-date: /home/dh/underwater_ws_new/install/custom_interfaces/include/custom_interfaces/srv/detail/image_processing__builder.hpp
[0.724s] -- Up-to-date: /home/dh/underwater_ws_new/install/custom_interfaces/include/custom_interfaces/srv/detail/image_processing__struct.hpp
[0.724s] -- Up-to-date: /home/dh/underwater_ws_new/install/custom_interfaces/include/custom_interfaces
[0.724s] -- Up-to-date: /home/dh/underwater_ws_new/install/custom_interfaces/include/custom_interfaces/srv
[0.724s] -- Up-to-date: /home/dh/underwater_ws_new/install/custom_interfaces/include/custom_interfaces/srv/detail
[0.724s] -- Up-to-date: /home/dh/underwater_ws_new/install/custom_interfaces/include/custom_interfaces/srv/detail/image_processing__type_support.cpp
[0.725s] -- Up-to-date: /home/dh/underwater_ws_new/install/custom_interfaces/include/custom_interfaces/srv/detail/image_processing__rosidl_typesupport_introspection_cpp.hpp
[0.725s] -- Up-to-date: /home/dh/underwater_ws_new/install/custom_interfaces/lib/libcustom_interfaces__rosidl_typesupport_introspection_cpp.so
[0.725s] -- Up-to-date: /home/dh/underwater_ws_new/install/custom_interfaces/lib/libcustom_interfaces__rosidl_typesupport_cpp.so
[0.725s] -- Up-to-date: /home/dh/underwater_ws_new/install/custom_interfaces/share/custom_interfaces/environment/pythonpath.sh
[0.725s] -- Up-to-date: /home/dh/underwater_ws_new/install/custom_interfaces/share/custom_interfaces/environment/pythonpath.dsv
[0.725s] -- Up-to-date: /home/dh/underwater_ws_new/install/custom_interfaces/lib/python3.8/site-packages/custom_interfaces/__init__.py
[0.782s] -- Up-to-date: /home/dh/underwater_ws_new/install/custom_interfaces/lib/python3.8/site-packages/custom_interfaces/srv
[0.782s] -- Up-to-date: /home/dh/underwater_ws_new/install/custom_interfaces/lib/python3.8/site-packages/custom_interfaces/srv/__init__.py
[0.782s] -- Up-to-date: /home/dh/underwater_ws_new/install/custom_interfaces/lib/python3.8/site-packages/custom_interfaces/srv/_image_processing_s.c
[0.782s] -- Up-to-date: /home/dh/underwater_ws_new/install/custom_interfaces/lib/python3.8/site-packages/custom_interfaces/srv/_image_processing.py
[0.783s] -- Up-to-date: /home/dh/underwater_ws_new/install/custom_interfaces/lib/python3.8/site-packages/custom_interfaces/custom_interfaces_s__rosidl_typesupport_fastrtps_c.cpython-38-x86_64-linux-gnu.so
[0.783s] -- Up-to-date: /home/dh/underwater_ws_new/install/custom_interfaces/lib/python3.8/site-packages/custom_interfaces/custom_interfaces_s__rosidl_typesupport_introspection_c.cpython-38-x86_64-linux-gnu.so
[0.783s] -- Up-to-date: /home/dh/underwater_ws_new/install/custom_interfaces/lib/python3.8/site-packages/custom_interfaces/custom_interfaces_s__rosidl_typesupport_c.cpython-38-x86_64-linux-gnu.so
[0.783s] -- Up-to-date: /home/dh/underwater_ws_new/install/custom_interfaces/lib/libcustom_interfaces__python.so
[0.784s] -- Up-to-date: /home/dh/underwater_ws_new/install/custom_interfaces/share/custom_interfaces/srv/ImageProcessing.idl
[0.784s] -- Up-to-date: /home/dh/underwater_ws_new/install/custom_interfaces/share/custom_interfaces/srv/ImageProcessing.srv
[0.785s] -- Up-to-date: /home/dh/underwater_ws_new/install/custom_interfaces/share/custom_interfaces/srv/ImageProcessing_Request.msg
[0.785s] -- Up-to-date: /home/dh/underwater_ws_new/install/custom_interfaces/share/custom_interfaces/srv/ImageProcessing_Response.msg
[0.785s] -- Up-to-date: /home/dh/underwater_ws_new/install/custom_interfaces/share/ament_index/resource_index/package_run_dependencies/custom_interfaces
[0.786s] -- Up-to-date: /home/dh/underwater_ws_new/install/custom_interfaces/share/ament_index/resource_index/parent_prefix_path/custom_interfaces
[0.786s] -- Up-to-date: /home/dh/underwater_ws_new/install/custom_interfaces/share/custom_interfaces/environment/ament_prefix_path.sh
[0.786s] -- Up-to-date: /home/dh/underwater_ws_new/install/custom_interfaces/share/custom_interfaces/environment/ament_prefix_path.dsv
[0.786s] -- Up-to-date: /home/dh/underwater_ws_new/install/custom_interfaces/share/custom_interfaces/environment/path.sh
[0.787s] -- Up-to-date: /home/dh/underwater_ws_new/install/custom_interfaces/share/custom_interfaces/environment/path.dsv
[0.787s] -- Up-to-date: /home/dh/underwater_ws_new/install/custom_interfaces/share/custom_interfaces/local_setup.bash
[0.787s] -- Up-to-date: /home/dh/underwater_ws_new/install/custom_interfaces/share/custom_interfaces/local_setup.sh
[0.788s] -- Up-to-date: /home/dh/underwater_ws_new/install/custom_interfaces/share/custom_interfaces/local_setup.zsh
[0.789s] -- Up-to-date: /home/dh/underwater_ws_new/install/custom_interfaces/share/custom_interfaces/local_setup.dsv
[0.790s] -- Installing: /home/dh/underwater_ws_new/install/custom_interfaces/share/custom_interfaces/package.dsv
[0.790s] -- Up-to-date: /home/dh/underwater_ws_new/install/custom_interfaces/share/ament_index/resource_index/packages/custom_interfaces
[0.790s] -- Up-to-date: /home/dh/underwater_ws_new/install/custom_interfaces/share/custom_interfaces/cmake/custom_interfaces__rosidl_generator_cExport.cmake
[0.790s] -- Up-to-date: /home/dh/underwater_ws_new/install/custom_interfaces/share/custom_interfaces/cmake/custom_interfaces__rosidl_generator_cExport-noconfig.cmake
[0.794s] -- Up-to-date: /home/dh/underwater_ws_new/install/custom_interfaces/share/custom_interfaces/cmake/custom_interfaces__rosidl_typesupport_introspection_cExport.cmake
[0.794s] -- Up-to-date: /home/dh/underwater_ws_new/install/custom_interfaces/share/custom_interfaces/cmake/custom_interfaces__rosidl_typesupport_introspection_cExport-noconfig.cmake
[0.794s] -- Up-to-date: /home/dh/underwater_ws_new/install/custom_interfaces/share/custom_interfaces/cmake/custom_interfaces__rosidl_typesupport_cExport.cmake
[0.795s] -- Up-to-date: /home/dh/underwater_ws_new/install/custom_interfaces/share/custom_interfaces/cmake/custom_interfaces__rosidl_typesupport_cExport-noconfig.cmake
[0.795s] -- Up-to-date: /home/dh/underwater_ws_new/install/custom_interfaces/share/custom_interfaces/cmake/custom_interfaces__rosidl_generator_cppExport.cmake
[0.795s] -- Up-to-date: /home/dh/underwater_ws_new/install/custom_interfaces/share/custom_interfaces/cmake/custom_interfaces__rosidl_typesupport_introspection_cppExport.cmake
[0.795s] -- Up-to-date: /home/dh/underwater_ws_new/install/custom_interfaces/share/custom_interfaces/cmake/custom_interfaces__rosidl_typesupport_introspection_cppExport-noconfig.cmake
[0.795s] -- Up-to-date: /home/dh/underwater_ws_new/install/custom_interfaces/share/custom_interfaces/cmake/custom_interfaces__rosidl_typesupport_cppExport.cmake
[0.795s] -- Up-to-date: /home/dh/underwater_ws_new/install/custom_interfaces/share/custom_interfaces/cmake/custom_interfaces__rosidl_typesupport_cppExport-noconfig.cmake
[0.796s] -- Up-to-date: /home/dh/underwater_ws_new/install/custom_interfaces/share/custom_interfaces/cmake/rosidl_cmake-extras.cmake
[0.796s] -- Up-to-date: /home/dh/underwater_ws_new/install/custom_interfaces/share/custom_interfaces/cmake/ament_cmake_export_dependencies-extras.cmake
[0.796s] -- Up-to-date: /home/dh/underwater_ws_new/install/custom_interfaces/share/custom_interfaces/cmake/ament_cmake_export_libraries-extras.cmake
[0.796s] -- Up-to-date: /home/dh/underwater_ws_new/install/custom_interfaces/share/custom_interfaces/cmake/ament_cmake_export_targets-extras.cmake
[0.796s] -- Up-to-date: /home/dh/underwater_ws_new/install/custom_interfaces/share/custom_interfaces/cmake/ament_cmake_export_include_directories-extras.cmake
[0.796s] -- Up-to-date: /home/dh/underwater_ws_new/install/custom_interfaces/share/custom_interfaces/cmake/rosidl_cmake_export_typesupport_libraries-extras.cmake
[0.796s] -- Up-to-date: /home/dh/underwater_ws_new/install/custom_interfaces/share/custom_interfaces/cmake/rosidl_cmake_export_typesupport_targets-extras.cmake
[0.796s] -- Up-to-date: /home/dh/underwater_ws_new/install/custom_interfaces/share/custom_interfaces/cmake/custom_interfacesConfig.cmake
[0.796s] -- Up-to-date: /home/dh/underwater_ws_new/install/custom_interfaces/share/custom_interfaces/cmake/custom_interfacesConfig-version.cmake
[0.796s] -- Up-to-date: /home/dh/underwater_ws_new/install/custom_interfaces/share/custom_interfaces/package.xml
[0.806s] Invoked command in '/home/dh/underwater_ws_new/build/custom_interfaces' returned '0': /usr/bin/cmake --install /home/dh/underwater_ws_new/build/custom_interfaces
