[0.046s] Invoking command in '/home/dh/underwater_ws_new/build/custom_interfaces': /usr/bin/cmake --build /home/dh/underwater_ws_new/build/custom_interfaces -- -j2 -l2
[0.345s] [  3%] Built target custom_interfaces__cpp
[0.439s] [ 12%] Built target custom_interfaces__rosidl_generator_c
[0.503s] [ 22%] Built target custom_interfaces__rosidl_typesupport_cpp
[0.566s] [ 32%] Built target custom_interfaces__rosidl_typesupport_introspection_cpp
[0.623s] [ 41%] Built target custom_interfaces__rosidl_typesupport_fastrtps_cpp
[0.687s] [ 51%] Built target custom_interfaces__rosidl_typesupport_c
[0.739s] [ 61%] Built target custom_interfaces__rosidl_typesupport_introspection_c
[0.819s] [ 70%] Built target custom_interfaces__rosidl_typesupport_fastrtps_c
[0.861s] [ 70%] Built target custom_interfaces
[0.910s] [ 74%] Built target custom_interfaces__py
[0.967s] [ 80%] Built target custom_interfaces__python
[1.018s] [ 87%] Built target custom_interfaces__rosidl_typesupport_introspection_c__pyext
[1.081s] [ 93%] Built target custom_interfaces__rosidl_typesupport_fastrtps_c__pyext
[1.160s] [100%] Built target custom_interfaces__rosidl_typesupport_c__pyext
[1.190s] Invoked command in '/home/dh/underwater_ws_new/build/custom_interfaces' returned '0': /usr/bin/cmake --build /home/dh/underwater_ws_new/build/custom_interfaces -- -j2 -l2
[1.211s] Invoking command in '/home/dh/underwater_ws_new/build/custom_interfaces': /usr/bin/cmake --install /home/dh/underwater_ws_new/build/custom_interfaces
[1.237s] -- Install configuration: ""
[1.238s] -- Up-to-date: /home/dh/underwater_ws_new/install/custom_interfaces/share/ament_index/resource_index/rosidl_interfaces/custom_interfaces
[1.238s] -- Up-to-date: /home/dh/underwater_ws_new/install/custom_interfaces/include/custom_interfaces
[1.239s] -- Up-to-date: /home/dh/underwater_ws_new/install/custom_interfaces/include/custom_interfaces/msg
[1.239s] -- Up-to-date: /home/dh/underwater_ws_new/install/custom_interfaces/include/custom_interfaces/msg/rosidl_generator_c__visibility_control.h
[1.240s] -- Up-to-date: /home/dh/underwater_ws_new/install/custom_interfaces/include/custom_interfaces/srv
[1.240s] -- Up-to-date: /home/dh/underwater_ws_new/install/custom_interfaces/include/custom_interfaces/srv/detail
[1.240s] -- Up-to-date: /home/dh/underwater_ws_new/install/custom_interfaces/include/custom_interfaces/srv/detail/image_processing__struct.h
[1.240s] -- Up-to-date: /home/dh/underwater_ws_new/install/custom_interfaces/include/custom_interfaces/srv/detail/image_processing__functions.h
[1.241s] -- Up-to-date: /home/dh/underwater_ws_new/install/custom_interfaces/include/custom_interfaces/srv/detail/image_processing__functions.c
[1.242s] -- Up-to-date: /home/dh/underwater_ws_new/install/custom_interfaces/include/custom_interfaces/srv/detail/image_processing__type_support.h
[1.242s] -- Up-to-date: /home/dh/underwater_ws_new/install/custom_interfaces/include/custom_interfaces/srv/image_processing.h
[1.243s] -- Up-to-date: /home/dh/underwater_ws_new/install/custom_interfaces/share/custom_interfaces/environment/library_path.sh
[1.243s] -- Up-to-date: /home/dh/underwater_ws_new/install/custom_interfaces/share/custom_interfaces/environment/library_path.dsv
[1.243s] -- Up-to-date: /home/dh/underwater_ws_new/install/custom_interfaces/lib/libcustom_interfaces__rosidl_generator_c.so
[1.243s] -- Up-to-date: /home/dh/underwater_ws_new/install/custom_interfaces/include/custom_interfaces
[1.246s] -- Up-to-date: /home/dh/underwater_ws_new/install/custom_interfaces/include/custom_interfaces/msg
[1.246s] -- Up-to-date: /home/dh/underwater_ws_new/install/custom_interfaces/include/custom_interfaces/msg/rosidl_typesupport_fastrtps_c__visibility_control.h
[1.247s] -- Up-to-date: /home/dh/underwater_ws_new/install/custom_interfaces/include/custom_interfaces/srv
[1.247s] -- Up-to-date: /home/dh/underwater_ws_new/install/custom_interfaces/include/custom_interfaces/srv/detail
[1.247s] -- Up-to-date: /home/dh/underwater_ws_new/install/custom_interfaces/include/custom_interfaces/srv/detail/image_processing__rosidl_typesupport_fastrtps_c.h
[1.249s] -- Up-to-date: /home/dh/underwater_ws_new/install/custom_interfaces/lib/libcustom_interfaces__rosidl_typesupport_fastrtps_c.so
[1.256s] -- Up-to-date: /home/dh/underwater_ws_new/install/custom_interfaces/include/custom_interfaces
[1.256s] -- Up-to-date: /home/dh/underwater_ws_new/install/custom_interfaces/include/custom_interfaces/msg
[1.257s] -- Up-to-date: /home/dh/underwater_ws_new/install/custom_interfaces/include/custom_interfaces/msg/rosidl_typesupport_fastrtps_cpp__visibility_control.h
[1.257s] -- Up-to-date: /home/dh/underwater_ws_new/install/custom_interfaces/include/custom_interfaces/srv
[1.257s] -- Up-to-date: /home/dh/underwater_ws_new/install/custom_interfaces/include/custom_interfaces/srv/detail
[1.257s] -- Up-to-date: /home/dh/underwater_ws_new/install/custom_interfaces/include/custom_interfaces/srv/detail/dds_fastrtps
[1.257s] -- Up-to-date: /home/dh/underwater_ws_new/install/custom_interfaces/include/custom_interfaces/srv/detail/image_processing__rosidl_typesupport_fastrtps_cpp.hpp
[1.257s] -- Up-to-date: /home/dh/underwater_ws_new/install/custom_interfaces/lib/libcustom_interfaces__rosidl_typesupport_fastrtps_cpp.so
[1.257s] -- Up-to-date: /home/dh/underwater_ws_new/install/custom_interfaces/include/custom_interfaces
[1.258s] -- Up-to-date: /home/dh/underwater_ws_new/install/custom_interfaces/include/custom_interfaces/msg
[1.258s] -- Up-to-date: /home/dh/underwater_ws_new/install/custom_interfaces/include/custom_interfaces/msg/rosidl_typesupport_introspection_c__visibility_control.h
[1.258s] -- Up-to-date: /home/dh/underwater_ws_new/install/custom_interfaces/include/custom_interfaces/srv
[1.258s] -- Up-to-date: /home/dh/underwater_ws_new/install/custom_interfaces/include/custom_interfaces/srv/detail
[1.258s] -- Up-to-date: /home/dh/underwater_ws_new/install/custom_interfaces/include/custom_interfaces/srv/detail/image_processing__rosidl_typesupport_introspection_c.h
[1.258s] -- Up-to-date: /home/dh/underwater_ws_new/install/custom_interfaces/include/custom_interfaces/srv/detail/image_processing__type_support.c
[1.258s] -- Up-to-date: /home/dh/underwater_ws_new/install/custom_interfaces/lib/libcustom_interfaces__rosidl_typesupport_introspection_c.so
[1.259s] -- Up-to-date: /home/dh/underwater_ws_new/install/custom_interfaces/lib/libcustom_interfaces__rosidl_typesupport_c.so
[1.259s] -- Up-to-date: /home/dh/underwater_ws_new/install/custom_interfaces/include/custom_interfaces
[1.259s] -- Up-to-date: /home/dh/underwater_ws_new/install/custom_interfaces/include/custom_interfaces/msg
[1.259s] -- Up-to-date: /home/dh/underwater_ws_new/install/custom_interfaces/include/custom_interfaces/msg/rosidl_generator_cpp__visibility_control.hpp
[1.259s] -- Up-to-date: /home/dh/underwater_ws_new/install/custom_interfaces/include/custom_interfaces/srv
[1.259s] -- Up-to-date: /home/dh/underwater_ws_new/install/custom_interfaces/include/custom_interfaces/srv/image_processing.hpp
[1.259s] -- Up-to-date: /home/dh/underwater_ws_new/install/custom_interfaces/include/custom_interfaces/srv/detail
[1.260s] -- Up-to-date: /home/dh/underwater_ws_new/install/custom_interfaces/include/custom_interfaces/srv/detail/image_processing__traits.hpp
[1.260s] -- Up-to-date: /home/dh/underwater_ws_new/install/custom_interfaces/include/custom_interfaces/srv/detail/image_processing__type_support.hpp
[1.260s] -- Up-to-date: /home/dh/underwater_ws_new/install/custom_interfaces/include/custom_interfaces/srv/detail/image_processing__builder.hpp
[1.265s] -- Up-to-date: /home/dh/underwater_ws_new/install/custom_interfaces/include/custom_interfaces/srv/detail/image_processing__struct.hpp
[1.265s] -- Up-to-date: /home/dh/underwater_ws_new/install/custom_interfaces/include/custom_interfaces
[1.265s] -- Up-to-date: /home/dh/underwater_ws_new/install/custom_interfaces/include/custom_interfaces/srv
[1.265s] -- Up-to-date: /home/dh/underwater_ws_new/install/custom_interfaces/include/custom_interfaces/srv/detail
[1.265s] -- Up-to-date: /home/dh/underwater_ws_new/install/custom_interfaces/include/custom_interfaces/srv/detail/image_processing__type_support.cpp
[1.266s] -- Up-to-date: /home/dh/underwater_ws_new/install/custom_interfaces/include/custom_interfaces/srv/detail/image_processing__rosidl_typesupport_introspection_cpp.hpp
[1.266s] -- Up-to-date: /home/dh/underwater_ws_new/install/custom_interfaces/lib/libcustom_interfaces__rosidl_typesupport_introspection_cpp.so
[1.266s] -- Up-to-date: /home/dh/underwater_ws_new/install/custom_interfaces/lib/libcustom_interfaces__rosidl_typesupport_cpp.so
[1.266s] -- Up-to-date: /home/dh/underwater_ws_new/install/custom_interfaces/share/custom_interfaces/environment/pythonpath.sh
[1.266s] -- Up-to-date: /home/dh/underwater_ws_new/install/custom_interfaces/share/custom_interfaces/environment/pythonpath.dsv
[1.266s] -- Up-to-date: /home/dh/underwater_ws_new/install/custom_interfaces/lib/python3.8/site-packages/custom_interfaces/__init__.py
[1.340s] -- Up-to-date: /home/dh/underwater_ws_new/install/custom_interfaces/lib/python3.8/site-packages/custom_interfaces/srv
[1.341s] -- Up-to-date: /home/dh/underwater_ws_new/install/custom_interfaces/lib/python3.8/site-packages/custom_interfaces/srv/__init__.py
[1.341s] -- Up-to-date: /home/dh/underwater_ws_new/install/custom_interfaces/lib/python3.8/site-packages/custom_interfaces/srv/_image_processing_s.c
[1.341s] -- Up-to-date: /home/dh/underwater_ws_new/install/custom_interfaces/lib/python3.8/site-packages/custom_interfaces/srv/_image_processing.py
[1.341s] -- Up-to-date: /home/dh/underwater_ws_new/install/custom_interfaces/lib/python3.8/site-packages/custom_interfaces/custom_interfaces_s__rosidl_typesupport_fastrtps_c.cpython-38-x86_64-linux-gnu.so
[1.341s] -- Up-to-date: /home/dh/underwater_ws_new/install/custom_interfaces/lib/python3.8/site-packages/custom_interfaces/custom_interfaces_s__rosidl_typesupport_introspection_c.cpython-38-x86_64-linux-gnu.so
[1.342s] -- Up-to-date: /home/dh/underwater_ws_new/install/custom_interfaces/lib/python3.8/site-packages/custom_interfaces/custom_interfaces_s__rosidl_typesupport_c.cpython-38-x86_64-linux-gnu.so
[1.342s] -- Up-to-date: /home/dh/underwater_ws_new/install/custom_interfaces/lib/libcustom_interfaces__python.so
[1.342s] -- Up-to-date: /home/dh/underwater_ws_new/install/custom_interfaces/share/custom_interfaces/srv/ImageProcessing.idl
[1.342s] -- Up-to-date: /home/dh/underwater_ws_new/install/custom_interfaces/share/custom_interfaces/srv/ImageProcessing.srv
[1.342s] -- Up-to-date: /home/dh/underwater_ws_new/install/custom_interfaces/share/custom_interfaces/srv/ImageProcessing_Request.msg
[1.342s] -- Up-to-date: /home/dh/underwater_ws_new/install/custom_interfaces/share/custom_interfaces/srv/ImageProcessing_Response.msg
[1.343s] -- Up-to-date: /home/dh/underwater_ws_new/install/custom_interfaces/share/ament_index/resource_index/package_run_dependencies/custom_interfaces
[1.343s] -- Up-to-date: /home/dh/underwater_ws_new/install/custom_interfaces/share/ament_index/resource_index/parent_prefix_path/custom_interfaces
[1.343s] -- Up-to-date: /home/dh/underwater_ws_new/install/custom_interfaces/share/custom_interfaces/environment/ament_prefix_path.sh
[1.343s] -- Up-to-date: /home/dh/underwater_ws_new/install/custom_interfaces/share/custom_interfaces/environment/ament_prefix_path.dsv
[1.343s] -- Up-to-date: /home/dh/underwater_ws_new/install/custom_interfaces/share/custom_interfaces/environment/path.sh
[1.343s] -- Up-to-date: /home/dh/underwater_ws_new/install/custom_interfaces/share/custom_interfaces/environment/path.dsv
[1.344s] -- Up-to-date: /home/dh/underwater_ws_new/install/custom_interfaces/share/custom_interfaces/local_setup.bash
[1.344s] -- Up-to-date: /home/dh/underwater_ws_new/install/custom_interfaces/share/custom_interfaces/local_setup.sh
[1.344s] -- Up-to-date: /home/dh/underwater_ws_new/install/custom_interfaces/share/custom_interfaces/local_setup.zsh
[1.344s] -- Up-to-date: /home/dh/underwater_ws_new/install/custom_interfaces/share/custom_interfaces/local_setup.dsv
[1.344s] -- Installing: /home/dh/underwater_ws_new/install/custom_interfaces/share/custom_interfaces/package.dsv
[1.348s] -- Up-to-date: /home/dh/underwater_ws_new/install/custom_interfaces/share/ament_index/resource_index/packages/custom_interfaces
[1.349s] -- Up-to-date: /home/dh/underwater_ws_new/install/custom_interfaces/share/custom_interfaces/cmake/custom_interfaces__rosidl_generator_cExport.cmake
[1.349s] -- Up-to-date: /home/dh/underwater_ws_new/install/custom_interfaces/share/custom_interfaces/cmake/custom_interfaces__rosidl_generator_cExport-noconfig.cmake
[1.349s] -- Up-to-date: /home/dh/underwater_ws_new/install/custom_interfaces/share/custom_interfaces/cmake/custom_interfaces__rosidl_typesupport_introspection_cExport.cmake
[1.349s] -- Up-to-date: /home/dh/underwater_ws_new/install/custom_interfaces/share/custom_interfaces/cmake/custom_interfaces__rosidl_typesupport_introspection_cExport-noconfig.cmake
[1.349s] -- Up-to-date: /home/dh/underwater_ws_new/install/custom_interfaces/share/custom_interfaces/cmake/custom_interfaces__rosidl_typesupport_cExport.cmake
[1.349s] -- Up-to-date: /home/dh/underwater_ws_new/install/custom_interfaces/share/custom_interfaces/cmake/custom_interfaces__rosidl_typesupport_cExport-noconfig.cmake
[1.349s] -- Up-to-date: /home/dh/underwater_ws_new/install/custom_interfaces/share/custom_interfaces/cmake/custom_interfaces__rosidl_generator_cppExport.cmake
[1.351s] -- Up-to-date: /home/dh/underwater_ws_new/install/custom_interfaces/share/custom_interfaces/cmake/custom_interfaces__rosidl_typesupport_introspection_cppExport.cmake
[1.351s] -- Up-to-date: /home/dh/underwater_ws_new/install/custom_interfaces/share/custom_interfaces/cmake/custom_interfaces__rosidl_typesupport_introspection_cppExport-noconfig.cmake
[1.352s] -- Up-to-date: /home/dh/underwater_ws_new/install/custom_interfaces/share/custom_interfaces/cmake/custom_interfaces__rosidl_typesupport_cppExport.cmake
[1.352s] -- Up-to-date: /home/dh/underwater_ws_new/install/custom_interfaces/share/custom_interfaces/cmake/custom_interfaces__rosidl_typesupport_cppExport-noconfig.cmake
[1.352s] -- Up-to-date: /home/dh/underwater_ws_new/install/custom_interfaces/share/custom_interfaces/cmake/rosidl_cmake-extras.cmake
[1.352s] -- Up-to-date: /home/dh/underwater_ws_new/install/custom_interfaces/share/custom_interfaces/cmake/ament_cmake_export_dependencies-extras.cmake
[1.353s] -- Up-to-date: /home/dh/underwater_ws_new/install/custom_interfaces/share/custom_interfaces/cmake/ament_cmake_export_libraries-extras.cmake
[1.353s] -- Up-to-date: /home/dh/underwater_ws_new/install/custom_interfaces/share/custom_interfaces/cmake/ament_cmake_export_targets-extras.cmake
[1.353s] -- Up-to-date: /home/dh/underwater_ws_new/install/custom_interfaces/share/custom_interfaces/cmake/ament_cmake_export_include_directories-extras.cmake
[1.353s] -- Up-to-date: /home/dh/underwater_ws_new/install/custom_interfaces/share/custom_interfaces/cmake/rosidl_cmake_export_typesupport_libraries-extras.cmake
[1.353s] -- Up-to-date: /home/dh/underwater_ws_new/install/custom_interfaces/share/custom_interfaces/cmake/rosidl_cmake_export_typesupport_targets-extras.cmake
[1.354s] -- Up-to-date: /home/dh/underwater_ws_new/install/custom_interfaces/share/custom_interfaces/cmake/custom_interfacesConfig.cmake
[1.354s] -- Up-to-date: /home/dh/underwater_ws_new/install/custom_interfaces/share/custom_interfaces/cmake/custom_interfacesConfig-version.cmake
[1.354s] -- Up-to-date: /home/dh/underwater_ws_new/install/custom_interfaces/share/custom_interfaces/package.xml
[1.361s] Invoked command in '/home/dh/underwater_ws_new/build/custom_interfaces' returned '0': /usr/bin/cmake --install /home/dh/underwater_ws_new/build/custom_interfaces
