[0.031s] Invoking command in '/home/dh/ros2_ev_test2/build/hello_ev_interfaces': /usr/bin/cmake --build /home/dh/ros2_ev_test2/build/hello_ev_interfaces -- -j2 -l2
[0.108s] [  3%] Built target hello_ev_interfaces__cpp
[0.118s] [ 12%] Built target hello_ev_interfaces__rosidl_generator_c
[0.153s] [ 22%] Built target hello_ev_interfaces__rosidl_typesupport_fastrtps_cpp
[0.167s] [ 32%] Built target hello_ev_interfaces__rosidl_typesupport_introspection_cpp
[0.183s] [ 41%] Built target hello_ev_interfaces__rosidl_typesupport_cpp
[0.206s] [ 51%] Built target hello_ev_interfaces__rosidl_typesupport_c
[0.228s] [ 61%] Built target hello_ev_interfaces__rosidl_typesupport_introspection_c
[0.269s] [ 70%] Built target hello_ev_interfaces__rosidl_typesupport_fastrtps_c
[0.301s] [ 70%] Built target hello_ev_interfaces
[0.336s] [ 74%] Built target hello_ev_interfaces__py
[0.381s] [ 80%] Built target hello_ev_interfaces__python
[0.435s] [ 87%] Built target hello_ev_interfaces__rosidl_typesupport_fastrtps_c__pyext
[0.437s] [ 93%] Built target hello_ev_interfaces__rosidl_typesupport_c__pyext
[0.480s] [100%] Built target hello_ev_interfaces__rosidl_typesupport_introspection_c__pyext
[0.500s] Invoked command in '/home/dh/ros2_ev_test2/build/hello_ev_interfaces' returned '0': /usr/bin/cmake --build /home/dh/ros2_ev_test2/build/hello_ev_interfaces -- -j2 -l2
[0.521s] Invoking command in '/home/dh/ros2_ev_test2/build/hello_ev_interfaces': /usr/bin/cmake --install /home/dh/ros2_ev_test2/build/hello_ev_interfaces
[0.544s] -- Install configuration: ""
[0.544s] -- Up-to-date: /home/dh/ros2_ev_test2/install/hello_ev_interfaces/share/ament_index/resource_index/rosidl_interfaces/hello_ev_interfaces
[0.545s] -- Up-to-date: /home/dh/ros2_ev_test2/install/hello_ev_interfaces/include/hello_ev_interfaces
[0.547s] -- Up-to-date: /home/dh/ros2_ev_test2/install/hello_ev_interfaces/include/hello_ev_interfaces/msg
[0.547s] -- Up-to-date: /home/dh/ros2_ev_test2/install/hello_ev_interfaces/include/hello_ev_interfaces/msg/rosidl_generator_c__visibility_control.h
[0.547s] -- Up-to-date: /home/dh/ros2_ev_test2/install/hello_ev_interfaces/include/hello_ev_interfaces/srv
[0.550s] -- Up-to-date: /home/dh/ros2_ev_test2/install/hello_ev_interfaces/include/hello_ev_interfaces/srv/detail
[0.551s] -- Up-to-date: /home/dh/ros2_ev_test2/install/hello_ev_interfaces/include/hello_ev_interfaces/srv/detail/string__type_support.h
[0.551s] -- Up-to-date: /home/dh/ros2_ev_test2/install/hello_ev_interfaces/include/hello_ev_interfaces/srv/detail/string__functions.c
[0.552s] -- Up-to-date: /home/dh/ros2_ev_test2/install/hello_ev_interfaces/include/hello_ev_interfaces/srv/detail/string__struct.h
[0.552s] -- Up-to-date: /home/dh/ros2_ev_test2/install/hello_ev_interfaces/include/hello_ev_interfaces/srv/detail/string__functions.h
[0.552s] -- Up-to-date: /home/dh/ros2_ev_test2/install/hello_ev_interfaces/include/hello_ev_interfaces/srv/string.h
[0.552s] -- Up-to-date: /home/dh/ros2_ev_test2/install/hello_ev_interfaces/share/hello_ev_interfaces/environment/library_path.sh
[0.552s] -- Up-to-date: /home/dh/ros2_ev_test2/install/hello_ev_interfaces/share/hello_ev_interfaces/environment/library_path.dsv
[0.556s] -- Up-to-date: /home/dh/ros2_ev_test2/install/hello_ev_interfaces/lib/libhello_ev_interfaces__rosidl_generator_c.so
[0.556s] -- Up-to-date: /home/dh/ros2_ev_test2/install/hello_ev_interfaces/include/hello_ev_interfaces
[0.556s] -- Up-to-date: /home/dh/ros2_ev_test2/install/hello_ev_interfaces/include/hello_ev_interfaces/msg
[0.557s] -- Up-to-date: /home/dh/ros2_ev_test2/install/hello_ev_interfaces/include/hello_ev_interfaces/msg/rosidl_typesupport_fastrtps_c__visibility_control.h
[0.557s] -- Up-to-date: /home/dh/ros2_ev_test2/install/hello_ev_interfaces/include/hello_ev_interfaces/srv
[0.557s] -- Up-to-date: /home/dh/ros2_ev_test2/install/hello_ev_interfaces/include/hello_ev_interfaces/srv/detail
[0.557s] -- Up-to-date: /home/dh/ros2_ev_test2/install/hello_ev_interfaces/include/hello_ev_interfaces/srv/detail/string__rosidl_typesupport_fastrtps_c.h
[0.558s] -- Up-to-date: /home/dh/ros2_ev_test2/install/hello_ev_interfaces/lib/libhello_ev_interfaces__rosidl_typesupport_fastrtps_c.so
[0.559s] -- Up-to-date: /home/dh/ros2_ev_test2/install/hello_ev_interfaces/include/hello_ev_interfaces
[0.560s] -- Up-to-date: /home/dh/ros2_ev_test2/install/hello_ev_interfaces/include/hello_ev_interfaces/msg
[0.560s] -- Up-to-date: /home/dh/ros2_ev_test2/install/hello_ev_interfaces/include/hello_ev_interfaces/msg/rosidl_typesupport_fastrtps_cpp__visibility_control.h
[0.560s] -- Up-to-date: /home/dh/ros2_ev_test2/install/hello_ev_interfaces/include/hello_ev_interfaces/srv
[0.561s] -- Up-to-date: /home/dh/ros2_ev_test2/install/hello_ev_interfaces/include/hello_ev_interfaces/srv/detail
[0.561s] -- Up-to-date: /home/dh/ros2_ev_test2/install/hello_ev_interfaces/include/hello_ev_interfaces/srv/detail/string__rosidl_typesupport_fastrtps_cpp.hpp
[0.562s] -- Up-to-date: /home/dh/ros2_ev_test2/install/hello_ev_interfaces/include/hello_ev_interfaces/srv/detail/dds_fastrtps
[0.563s] -- Up-to-date: /home/dh/ros2_ev_test2/install/hello_ev_interfaces/lib/libhello_ev_interfaces__rosidl_typesupport_fastrtps_cpp.so
[0.565s] -- Up-to-date: /home/dh/ros2_ev_test2/install/hello_ev_interfaces/include/hello_ev_interfaces
[0.565s] -- Up-to-date: /home/dh/ros2_ev_test2/install/hello_ev_interfaces/include/hello_ev_interfaces/msg
[0.566s] -- Up-to-date: /home/dh/ros2_ev_test2/install/hello_ev_interfaces/include/hello_ev_interfaces/msg/rosidl_typesupport_introspection_c__visibility_control.h
[0.566s] -- Up-to-date: /home/dh/ros2_ev_test2/install/hello_ev_interfaces/include/hello_ev_interfaces/srv
[0.566s] -- Up-to-date: /home/dh/ros2_ev_test2/install/hello_ev_interfaces/include/hello_ev_interfaces/srv/detail
[0.567s] -- Up-to-date: /home/dh/ros2_ev_test2/install/hello_ev_interfaces/include/hello_ev_interfaces/srv/detail/string__type_support.c
[0.567s] -- Up-to-date: /home/dh/ros2_ev_test2/install/hello_ev_interfaces/include/hello_ev_interfaces/srv/detail/string__rosidl_typesupport_introspection_c.h
[0.568s] -- Up-to-date: /home/dh/ros2_ev_test2/install/hello_ev_interfaces/lib/libhello_ev_interfaces__rosidl_typesupport_introspection_c.so
[0.570s] -- Up-to-date: /home/dh/ros2_ev_test2/install/hello_ev_interfaces/lib/libhello_ev_interfaces__rosidl_typesupport_c.so
[0.571s] -- Up-to-date: /home/dh/ros2_ev_test2/install/hello_ev_interfaces/include/hello_ev_interfaces
[0.571s] -- Up-to-date: /home/dh/ros2_ev_test2/install/hello_ev_interfaces/include/hello_ev_interfaces/msg
[0.572s] -- Up-to-date: /home/dh/ros2_ev_test2/install/hello_ev_interfaces/include/hello_ev_interfaces/msg/rosidl_generator_cpp__visibility_control.hpp
[0.572s] -- Up-to-date: /home/dh/ros2_ev_test2/install/hello_ev_interfaces/include/hello_ev_interfaces/srv
[0.572s] -- Up-to-date: /home/dh/ros2_ev_test2/install/hello_ev_interfaces/include/hello_ev_interfaces/srv/detail
[0.573s] -- Up-to-date: /home/dh/ros2_ev_test2/install/hello_ev_interfaces/include/hello_ev_interfaces/srv/detail/string__traits.hpp
[0.573s] -- Up-to-date: /home/dh/ros2_ev_test2/install/hello_ev_interfaces/include/hello_ev_interfaces/srv/detail/string__struct.hpp
[0.574s] -- Up-to-date: /home/dh/ros2_ev_test2/install/hello_ev_interfaces/include/hello_ev_interfaces/srv/detail/string__type_support.hpp
[0.574s] -- Up-to-date: /home/dh/ros2_ev_test2/install/hello_ev_interfaces/include/hello_ev_interfaces/srv/detail/string__builder.hpp
[0.575s] -- Up-to-date: /home/dh/ros2_ev_test2/install/hello_ev_interfaces/include/hello_ev_interfaces/srv/string.hpp
[0.576s] -- Up-to-date: /home/dh/ros2_ev_test2/install/hello_ev_interfaces/include/hello_ev_interfaces
[0.576s] -- Up-to-date: /home/dh/ros2_ev_test2/install/hello_ev_interfaces/include/hello_ev_interfaces/srv
[0.577s] -- Up-to-date: /home/dh/ros2_ev_test2/install/hello_ev_interfaces/include/hello_ev_interfaces/srv/detail
[0.577s] -- Up-to-date: /home/dh/ros2_ev_test2/install/hello_ev_interfaces/include/hello_ev_interfaces/srv/detail/string__rosidl_typesupport_introspection_cpp.hpp
[0.578s] -- Up-to-date: /home/dh/ros2_ev_test2/install/hello_ev_interfaces/include/hello_ev_interfaces/srv/detail/string__type_support.cpp
[0.578s] -- Up-to-date: /home/dh/ros2_ev_test2/install/hello_ev_interfaces/lib/libhello_ev_interfaces__rosidl_typesupport_introspection_cpp.so
[0.580s] -- Up-to-date: /home/dh/ros2_ev_test2/install/hello_ev_interfaces/lib/libhello_ev_interfaces__rosidl_typesupport_cpp.so
[0.581s] -- Up-to-date: /home/dh/ros2_ev_test2/install/hello_ev_interfaces/share/hello_ev_interfaces/environment/pythonpath.sh
[0.581s] -- Up-to-date: /home/dh/ros2_ev_test2/install/hello_ev_interfaces/share/hello_ev_interfaces/environment/pythonpath.dsv
[0.583s] -- Up-to-date: /home/dh/ros2_ev_test2/install/hello_ev_interfaces/lib/python3.8/site-packages/hello_ev_interfaces/__init__.py
[0.633s] -- Up-to-date: /home/dh/ros2_ev_test2/install/hello_ev_interfaces/lib/python3.8/site-packages/hello_ev_interfaces/srv
[0.634s] -- Up-to-date: /home/dh/ros2_ev_test2/install/hello_ev_interfaces/lib/python3.8/site-packages/hello_ev_interfaces/srv/__init__.py
[0.635s] -- Up-to-date: /home/dh/ros2_ev_test2/install/hello_ev_interfaces/lib/python3.8/site-packages/hello_ev_interfaces/srv/_string_s.c
[0.635s] -- Up-to-date: /home/dh/ros2_ev_test2/install/hello_ev_interfaces/lib/python3.8/site-packages/hello_ev_interfaces/srv/_string.py
[0.635s] -- Up-to-date: /home/dh/ros2_ev_test2/install/hello_ev_interfaces/lib/python3.8/site-packages/hello_ev_interfaces/hello_ev_interfaces_s__rosidl_typesupport_fastrtps_c.cpython-38-x86_64-linux-gnu.so
[0.636s] -- Up-to-date: /home/dh/ros2_ev_test2/install/hello_ev_interfaces/lib/python3.8/site-packages/hello_ev_interfaces/hello_ev_interfaces_s__rosidl_typesupport_introspection_c.cpython-38-x86_64-linux-gnu.so
[0.637s] -- Up-to-date: /home/dh/ros2_ev_test2/install/hello_ev_interfaces/lib/python3.8/site-packages/hello_ev_interfaces/hello_ev_interfaces_s__rosidl_typesupport_c.cpython-38-x86_64-linux-gnu.so
[0.638s] -- Up-to-date: /home/dh/ros2_ev_test2/install/hello_ev_interfaces/lib/libhello_ev_interfaces__python.so
[0.638s] -- Up-to-date: /home/dh/ros2_ev_test2/install/hello_ev_interfaces/share/hello_ev_interfaces/srv/String.idl
[0.638s] -- Up-to-date: /home/dh/ros2_ev_test2/install/hello_ev_interfaces/share/hello_ev_interfaces/srv/String.srv
[0.638s] -- Up-to-date: /home/dh/ros2_ev_test2/install/hello_ev_interfaces/share/hello_ev_interfaces/srv/String_Request.msg
[0.638s] -- Up-to-date: /home/dh/ros2_ev_test2/install/hello_ev_interfaces/share/hello_ev_interfaces/srv/String_Response.msg
[0.639s] -- Up-to-date: /home/dh/ros2_ev_test2/install/hello_ev_interfaces/share/ament_index/resource_index/package_run_dependencies/hello_ev_interfaces
[0.639s] -- Up-to-date: /home/dh/ros2_ev_test2/install/hello_ev_interfaces/share/ament_index/resource_index/parent_prefix_path/hello_ev_interfaces
[0.639s] -- Up-to-date: /home/dh/ros2_ev_test2/install/hello_ev_interfaces/share/hello_ev_interfaces/environment/ament_prefix_path.sh
[0.639s] -- Up-to-date: /home/dh/ros2_ev_test2/install/hello_ev_interfaces/share/hello_ev_interfaces/environment/ament_prefix_path.dsv
[0.639s] -- Up-to-date: /home/dh/ros2_ev_test2/install/hello_ev_interfaces/share/hello_ev_interfaces/environment/path.sh
[0.639s] -- Up-to-date: /home/dh/ros2_ev_test2/install/hello_ev_interfaces/share/hello_ev_interfaces/environment/path.dsv
[0.640s] -- Up-to-date: /home/dh/ros2_ev_test2/install/hello_ev_interfaces/share/hello_ev_interfaces/local_setup.bash
[0.640s] -- Up-to-date: /home/dh/ros2_ev_test2/install/hello_ev_interfaces/share/hello_ev_interfaces/local_setup.sh
[0.640s] -- Up-to-date: /home/dh/ros2_ev_test2/install/hello_ev_interfaces/share/hello_ev_interfaces/local_setup.zsh
[0.640s] -- Up-to-date: /home/dh/ros2_ev_test2/install/hello_ev_interfaces/share/hello_ev_interfaces/local_setup.dsv
[0.640s] -- Installing: /home/dh/ros2_ev_test2/install/hello_ev_interfaces/share/hello_ev_interfaces/package.dsv
[0.640s] -- Up-to-date: /home/dh/ros2_ev_test2/install/hello_ev_interfaces/share/ament_index/resource_index/packages/hello_ev_interfaces
[0.641s] -- Up-to-date: /home/dh/ros2_ev_test2/install/hello_ev_interfaces/share/hello_ev_interfaces/cmake/hello_ev_interfaces__rosidl_generator_cExport.cmake
[0.641s] -- Up-to-date: /home/dh/ros2_ev_test2/install/hello_ev_interfaces/share/hello_ev_interfaces/cmake/hello_ev_interfaces__rosidl_generator_cExport-noconfig.cmake
[0.641s] -- Up-to-date: /home/dh/ros2_ev_test2/install/hello_ev_interfaces/share/hello_ev_interfaces/cmake/hello_ev_interfaces__rosidl_typesupport_introspection_cExport.cmake
[0.641s] -- Up-to-date: /home/dh/ros2_ev_test2/install/hello_ev_interfaces/share/hello_ev_interfaces/cmake/hello_ev_interfaces__rosidl_typesupport_introspection_cExport-noconfig.cmake
[0.642s] -- Up-to-date: /home/dh/ros2_ev_test2/install/hello_ev_interfaces/share/hello_ev_interfaces/cmake/hello_ev_interfaces__rosidl_typesupport_cExport.cmake
[0.642s] -- Up-to-date: /home/dh/ros2_ev_test2/install/hello_ev_interfaces/share/hello_ev_interfaces/cmake/hello_ev_interfaces__rosidl_typesupport_cExport-noconfig.cmake
[0.642s] -- Up-to-date: /home/dh/ros2_ev_test2/install/hello_ev_interfaces/share/hello_ev_interfaces/cmake/hello_ev_interfaces__rosidl_generator_cppExport.cmake
[0.642s] -- Up-to-date: /home/dh/ros2_ev_test2/install/hello_ev_interfaces/share/hello_ev_interfaces/cmake/hello_ev_interfaces__rosidl_typesupport_introspection_cppExport.cmake
[0.642s] -- Up-to-date: /home/dh/ros2_ev_test2/install/hello_ev_interfaces/share/hello_ev_interfaces/cmake/hello_ev_interfaces__rosidl_typesupport_introspection_cppExport-noconfig.cmake
[0.643s] -- Up-to-date: /home/dh/ros2_ev_test2/install/hello_ev_interfaces/share/hello_ev_interfaces/cmake/hello_ev_interfaces__rosidl_typesupport_cppExport.cmake
[0.644s] -- Up-to-date: /home/dh/ros2_ev_test2/install/hello_ev_interfaces/share/hello_ev_interfaces/cmake/hello_ev_interfaces__rosidl_typesupport_cppExport-noconfig.cmake
[0.644s] -- Up-to-date: /home/dh/ros2_ev_test2/install/hello_ev_interfaces/share/hello_ev_interfaces/cmake/rosidl_cmake-extras.cmake
[0.644s] -- Up-to-date: /home/dh/ros2_ev_test2/install/hello_ev_interfaces/share/hello_ev_interfaces/cmake/ament_cmake_export_dependencies-extras.cmake
[0.644s] -- Up-to-date: /home/dh/ros2_ev_test2/install/hello_ev_interfaces/share/hello_ev_interfaces/cmake/ament_cmake_export_libraries-extras.cmake
[0.644s] -- Up-to-date: /home/dh/ros2_ev_test2/install/hello_ev_interfaces/share/hello_ev_interfaces/cmake/ament_cmake_export_targets-extras.cmake
[0.644s] -- Up-to-date: /home/dh/ros2_ev_test2/install/hello_ev_interfaces/share/hello_ev_interfaces/cmake/ament_cmake_export_include_directories-extras.cmake
[0.644s] -- Up-to-date: /home/dh/ros2_ev_test2/install/hello_ev_interfaces/share/hello_ev_interfaces/cmake/rosidl_cmake_export_typesupport_libraries-extras.cmake
[0.645s] -- Up-to-date: /home/dh/ros2_ev_test2/install/hello_ev_interfaces/share/hello_ev_interfaces/cmake/rosidl_cmake_export_typesupport_targets-extras.cmake
[0.645s] -- Up-to-date: /home/dh/ros2_ev_test2/install/hello_ev_interfaces/share/hello_ev_interfaces/cmake/hello_ev_interfacesConfig.cmake
[0.645s] -- Up-to-date: /home/dh/ros2_ev_test2/install/hello_ev_interfaces/share/hello_ev_interfaces/cmake/hello_ev_interfacesConfig-version.cmake
[0.645s] -- Up-to-date: /home/dh/ros2_ev_test2/install/hello_ev_interfaces/share/hello_ev_interfaces/package.xml
[0.659s] Invoked command in '/home/dh/ros2_ev_test2/build/hello_ev_interfaces' returned '0': /usr/bin/cmake --install /home/dh/ros2_ev_test2/build/hello_ev_interfaces
