[1.229s] Invoking command in '/home/dh/underwater_ws_new/src/underwater_control': PYTHONPATH=/home/dh/underwater_ws_new/build/underwater_control/prefix_override:/usr/lib/python3/dist-packages/colcon_core/task/python/colcon_distutils_commands:/home/dh/underwater_ws_new/install/underwater_control/lib/python3.8/site-packages:/home/dh/underwater_ws_new/install/custom_interfaces/lib/python3.8/site-packages:/home/dh/underwater_ws_new/install/underwater_control/lib/python3.8/site-packages:/home/dh/dh_ws/install/learning_urdf/lib/python3.8/site-packages:/home/dh/dh_ws/install/learning_topic/lib/python3.8/site-packages:/home/dh/dh_ws/install/learning_tf/lib/python3.8/site-packages:/home/dh/dh_ws/install/learning_service/lib/python3.8/site-packages:/home/dh/dh_ws/install/learning_qos/lib/python3.8/site-packages:/home/dh/dh_ws/install/learning_pkg_python/lib/python3.8/site-packages:/home/dh/dh_ws/install/learning_parameter/lib/python3.8/site-packages:/home/dh/dh_ws/install/learning_node/lib/python3.8/site-packages:/home/dh/dh_ws/install/learning_launch/lib/python3.8/site-packages:/home/dh/dh_ws/install/learning_action/lib/python3.8/site-packages:/home/dh/dh_ws/install/learning_interface/lib/python3.8/site-packages:/home/dh/dh_ws/install/learning_gazebo_harmonic/lib/python3.8/site-packages:/home/dh/dh_ws/install/learning_gazebo/lib/python3.8/site-packages:/home/dh/dh_ws/install/learning_cv/lib/python3.8/site-packages:/home/dh/dh_ws/install/dh_learning_pkg/lib/python3.8/site-packages:/opt/ros/foxy/lib/python3.8/site-packages /usr/bin/python3 -W ignore:setup.py install is deprecated -W ignore:easy_install command is deprecated setup.py egg_info --egg-base ../../build/underwater_control build --build-base /home/dh/underwater_ws_new/build/underwater_control/build install --record /home/dh/underwater_ws_new/build/underwater_control/install.log --install-scripts $base/lib/underwater_control --single-version-externally-managed install_data
[1.641s] running egg_info
[1.644s] writing ../../build/underwater_control/underwater_control.egg-info/PKG-INFO
[1.646s] writing dependency_links to ../../build/underwater_control/underwater_control.egg-info/dependency_links.txt
[1.648s] writing entry points to ../../build/underwater_control/underwater_control.egg-info/entry_points.txt
[1.649s] writing requirements to ../../build/underwater_control/underwater_control.egg-info/requires.txt
[1.649s] writing top-level names to ../../build/underwater_control/underwater_control.egg-info/top_level.txt
[1.704s] reading manifest file '../../build/underwater_control/underwater_control.egg-info/SOURCES.txt'
[1.707s] writing manifest file '../../build/underwater_control/underwater_control.egg-info/SOURCES.txt'
[1.708s] running build
[1.710s] running build_py
[1.711s] copying underwater_control/control_client.py -> /home/dh/underwater_ws_new/build/underwater_control/build/lib/underwater_control
[1.711s] running install
[1.711s] running install_lib
[1.714s] copying /home/dh/underwater_ws_new/build/underwater_control/build/lib/underwater_control/control_client.py -> /home/dh/underwater_ws_new/install/underwater_control/lib/python3.8/site-packages/underwater_control
[1.715s] byte-compiling /home/dh/underwater_ws_new/install/underwater_control/lib/python3.8/site-packages/underwater_control/control_client.py to control_client.cpython-38.pyc
[1.718s] running install_data
[1.718s] running install_egg_info
[1.724s] removing '/home/dh/underwater_ws_new/install/underwater_control/lib/python3.8/site-packages/underwater_control-0.0.0-py3.8.egg-info' (and everything under it)
[1.733s] Copying ../../build/underwater_control/underwater_control.egg-info to /home/dh/underwater_ws_new/install/underwater_control/lib/python3.8/site-packages/underwater_control-0.0.0-py3.8.egg-info
[1.737s] running install_scripts
[1.771s] Installing camera_publisher script to /home/dh/underwater_ws_new/install/underwater_control/lib/underwater_control
[1.771s] Installing control_client script to /home/dh/underwater_ws_new/install/underwater_control/lib/underwater_control
[1.772s] Installing image_processor script to /home/dh/underwater_ws_new/install/underwater_control/lib/underwater_control
[1.772s] Installing serial_comm_node script to /home/dh/underwater_ws_new/install/underwater_control/lib/underwater_control
[1.774s] writing list of installed files to '/home/dh/underwater_ws_new/build/underwater_control/install.log'
[1.810s] Invoked command in '/home/dh/underwater_ws_new/src/underwater_control' returned '0': PYTHONPATH=/home/dh/underwater_ws_new/build/underwater_control/prefix_override:/usr/lib/python3/dist-packages/colcon_core/task/python/colcon_distutils_commands:/home/dh/underwater_ws_new/install/underwater_control/lib/python3.8/site-packages:/home/dh/underwater_ws_new/install/custom_interfaces/lib/python3.8/site-packages:/home/dh/underwater_ws_new/install/underwater_control/lib/python3.8/site-packages:/home/dh/dh_ws/install/learning_urdf/lib/python3.8/site-packages:/home/dh/dh_ws/install/learning_topic/lib/python3.8/site-packages:/home/dh/dh_ws/install/learning_tf/lib/python3.8/site-packages:/home/dh/dh_ws/install/learning_service/lib/python3.8/site-packages:/home/dh/dh_ws/install/learning_qos/lib/python3.8/site-packages:/home/dh/dh_ws/install/learning_pkg_python/lib/python3.8/site-packages:/home/dh/dh_ws/install/learning_parameter/lib/python3.8/site-packages:/home/dh/dh_ws/install/learning_node/lib/python3.8/site-packages:/home/dh/dh_ws/install/learning_launch/lib/python3.8/site-packages:/home/dh/dh_ws/install/learning_action/lib/python3.8/site-packages:/home/dh/dh_ws/install/learning_interface/lib/python3.8/site-packages:/home/dh/dh_ws/install/learning_gazebo_harmonic/lib/python3.8/site-packages:/home/dh/dh_ws/install/learning_gazebo/lib/python3.8/site-packages:/home/dh/dh_ws/install/learning_cv/lib/python3.8/site-packages:/home/dh/dh_ws/install/dh_learning_pkg/lib/python3.8/site-packages:/opt/ros/foxy/lib/python3.8/site-packages /usr/bin/python3 -W ignore:setup.py install is deprecated -W ignore:easy_install command is deprecated setup.py egg_info --egg-base ../../build/underwater_control build --build-base /home/dh/underwater_ws_new/build/underwater_control/build install --record /home/dh/underwater_ws_new/build/underwater_control/install.log --install-scripts $base/lib/underwater_control --single-version-externally-managed install_data
