[1.748s] Invoking command in '/home/dh/underwater_ws_new/src/underwater_control': CMAKE_PREFIX_PATH=/home/dh/underwater_ws_new/install/custom_interfaces:${CMAKE_PREFIX_PATH} LD_LIBRARY_PATH=/home/dh/underwater_ws_new/install/custom_interfaces/lib:${LD_LIBRARY_PATH} PKG_CONFIG_PATH=/home/dh/underwater_ws_new/install/custom_interfaces/lib/x86_64-linux-gnu/pkgconfig:/home/dh/underwater_ws_new/install/custom_interfaces/lib/pkgconfig PYTHONPATH=/home/dh/underwater_ws_new/build/underwater_control/prefix_override:/usr/lib/python3/dist-packages/colcon_core/task/python/colcon_distutils_commands:/home/dh/underwater_ws_new/install/underwater_control/lib/python3.8/site-packages:/home/dh/underwater_ws_new/install/custom_interfaces/lib/python3.8/site-packages:${PYTHONPATH} ROS_PACKAGE_PATH=/home/dh/underwater_ws_new/install/custom_interfaces/share /usr/bin/python3 -W ignore:setup.py install is deprecated -W ignore:easy_install command is deprecated setup.py egg_info --egg-base ../../build/underwater_control build --build-base /home/dh/underwater_ws_new/build/underwater_control/build install --record /home/dh/underwater_ws_new/build/underwater_control/install.log --install-scripts $base/lib/underwater_control --single-version-externally-managed install_data
[2.363s] running egg_info
[2.367s] writing ../../build/underwater_control/underwater_control.egg-info/PKG-INFO
[2.367s] writing dependency_links to ../../build/underwater_control/underwater_control.egg-info/dependency_links.txt
[2.368s] writing entry points to ../../build/underwater_control/underwater_control.egg-info/entry_points.txt
[2.368s] writing requirements to ../../build/underwater_control/underwater_control.egg-info/requires.txt
[2.369s] writing top-level names to ../../build/underwater_control/underwater_control.egg-info/top_level.txt
[2.471s] reading manifest file '../../build/underwater_control/underwater_control.egg-info/SOURCES.txt'
[2.474s] writing manifest file '../../build/underwater_control/underwater_control.egg-info/SOURCES.txt'
[2.474s] running build
[2.474s] running build_py
[2.475s] copying underwater_control/camera_publisher.py -> /home/dh/underwater_ws_new/build/underwater_control/build/lib/underwater_control
[2.476s] running install
[2.479s] running install_lib
[2.483s] copying /home/dh/underwater_ws_new/build/underwater_control/build/lib/underwater_control/camera_publisher.py -> /home/dh/underwater_ws_new/install/underwater_control/lib/python3.8/site-packages/underwater_control
[2.485s] byte-compiling /home/dh/underwater_ws_new/install/underwater_control/lib/python3.8/site-packages/underwater_control/camera_publisher.py to camera_publisher.cpython-38.pyc
[2.491s] running install_data
[2.491s] copying launch/underwater_vision.launch.py -> /home/dh/underwater_ws_new/install/underwater_control/share/underwater_control/launch
[2.493s] running install_egg_info
[2.498s] removing '/home/dh/underwater_ws_new/install/underwater_control/lib/python3.8/site-packages/underwater_control-0.0.0-py3.8.egg-info' (and everything under it)
[2.499s] Copying ../../build/underwater_control/underwater_control.egg-info to /home/dh/underwater_ws_new/install/underwater_control/lib/python3.8/site-packages/underwater_control-0.0.0-py3.8.egg-info
[2.503s] running install_scripts
[2.552s] Installing camera_publisher script to /home/dh/underwater_ws_new/install/underwater_control/lib/underwater_control
[2.553s] Installing control_client script to /home/dh/underwater_ws_new/install/underwater_control/lib/underwater_control
[2.553s] Installing image_processor script to /home/dh/underwater_ws_new/install/underwater_control/lib/underwater_control
[2.554s] Installing serial_comm_node script to /home/dh/underwater_ws_new/install/underwater_control/lib/underwater_control
[2.554s] writing list of installed files to '/home/dh/underwater_ws_new/build/underwater_control/install.log'
[2.602s] Invoked command in '/home/dh/underwater_ws_new/src/underwater_control' returned '0': CMAKE_PREFIX_PATH=/home/dh/underwater_ws_new/install/custom_interfaces:${CMAKE_PREFIX_PATH} LD_LIBRARY_PATH=/home/dh/underwater_ws_new/install/custom_interfaces/lib:${LD_LIBRARY_PATH} PKG_CONFIG_PATH=/home/dh/underwater_ws_new/install/custom_interfaces/lib/x86_64-linux-gnu/pkgconfig:/home/dh/underwater_ws_new/install/custom_interfaces/lib/pkgconfig PYTHONPATH=/home/dh/underwater_ws_new/build/underwater_control/prefix_override:/usr/lib/python3/dist-packages/colcon_core/task/python/colcon_distutils_commands:/home/dh/underwater_ws_new/install/underwater_control/lib/python3.8/site-packages:/home/dh/underwater_ws_new/install/custom_interfaces/lib/python3.8/site-packages:${PYTHONPATH} ROS_PACKAGE_PATH=/home/dh/underwater_ws_new/install/custom_interfaces/share /usr/bin/python3 -W ignore:setup.py install is deprecated -W ignore:easy_install command is deprecated setup.py egg_info --egg-base ../../build/underwater_control build --build-base /home/dh/underwater_ws_new/build/underwater_control/build install --record /home/dh/underwater_ws_new/build/underwater_control/install.log --install-scripts $base/lib/underwater_control --single-version-externally-managed install_data
