[0.288s] DEBUG:colcon:Command line arguments: ['/usr/bin/colcon', 'build']
[0.288s] DEBUG:colcon:Parsed command line arguments: Namespace(allow_overriding=[], ament_cmake_args=None, base_paths=['.'], build_base='build', catkin_cmake_args=None, catkin_skip_building_tests=False, cmake_args=None, cmake_clean_cache=False, cmake_clean_first=False, cmake_force_configure=False, cmake_target=None, cmake_target_skip_unavailable=False, continue_on_error=False, event_handlers=None, executor='parallel', ignore_user_meta=False, install_base='install', log_base=None, log_level=None, main=<bound method BuildVerb.main of <colcon_core.verb.build.BuildVerb object at 0x7f03f21ef040>>, merge_install=False, metas=['./colcon.meta'], packages_above=None, packages_above_and_dependencies=None, packages_above_depth=None, packages_end=None, packages_ignore=None, packages_ignore_regex=None, packages_select=None, packages_select_build_failed=False, packages_select_by_dep=None, packages_select_regex=None, packages_select_test_failures=False, packages_skip=None, packages_skip_build_finished=False, packages_skip_by_dep=None, packages_skip_regex=None, packages_skip_test_passed=False, packages_skip_up_to=None, packages_start=None, packages_up_to=None, packages_up_to_regex=None, parallel_workers=2, paths=None, symlink_install=False, test_result_base=None, verb_extension=<colcon_core.verb.build.BuildVerb object at 0x7f03f21ef040>, verb_name='build', verb_parser=<colcon_defaults.argument_parser.defaults.DefaultArgumentsDecorator object at 0x7f03f21ef6d0>)
[0.544s] Level 1:colcon.colcon_core.package_discovery:discover_packages(colcon_meta) check parameters
[0.544s] Level 1:colcon.colcon_core.package_discovery:discover_packages(recursive) check parameters
[0.544s] Level 1:colcon.colcon_core.package_discovery:discover_packages(ignore) check parameters
[0.544s] Level 1:colcon.colcon_core.package_discovery:discover_packages(path) check parameters
[0.544s] Level 1:colcon.colcon_core.package_discovery:discover_packages(colcon_meta) discover
[0.544s] Level 1:colcon.colcon_core.package_discovery:discover_packages(recursive) discover
[0.545s] INFO:colcon.colcon_core.package_discovery:Crawling recursively for packages in '/home/dh/underwater_ws_new'
[0.545s] Level 1:colcon.colcon_core.package_identification:_identify(.) by extensions ['ignore', 'ignore_ament_install']
[0.545s] Level 1:colcon.colcon_core.package_identification:_identify(.) by extension 'ignore'
[0.545s] Level 1:colcon.colcon_core.package_identification:_identify(.) by extension 'ignore_ament_install'
[0.545s] Level 1:colcon.colcon_core.package_identification:_identify(.) by extensions ['colcon_pkg']
[0.546s] Level 1:colcon.colcon_core.package_identification:_identify(.) by extension 'colcon_pkg'
[0.546s] Level 1:colcon.colcon_core.package_identification:_identify(.) by extensions ['colcon_meta']
[0.546s] Level 1:colcon.colcon_core.package_identification:_identify(.) by extension 'colcon_meta'
[0.546s] Level 1:colcon.colcon_core.package_identification:_identify(.) by extensions ['ros']
[0.546s] Level 1:colcon.colcon_core.package_identification:_identify(.) by extension 'ros'
[0.561s] Level 1:colcon.colcon_core.package_identification:_identify(.) by extensions ['cmake', 'python']
[0.562s] Level 1:colcon.colcon_core.package_identification:_identify(.) by extension 'cmake'
[0.562s] Level 1:colcon.colcon_core.package_identification:_identify(.) by extension 'python'
[0.562s] Level 1:colcon.colcon_core.package_identification:_identify(.) by extensions ['python_setup_py']
[0.562s] Level 1:colcon.colcon_core.package_identification:_identify(.) by extension 'python_setup_py'
[0.563s] Level 1:colcon.colcon_core.package_identification:_identify(build) by extensions ['ignore', 'ignore_ament_install']
[0.563s] Level 1:colcon.colcon_core.package_identification:_identify(build) by extension 'ignore'
[0.563s] Level 1:colcon.colcon_core.package_identification:_identify(build) ignored
[0.563s] Level 1:colcon.colcon_core.package_identification:_identify(install) by extensions ['ignore', 'ignore_ament_install']
[0.564s] Level 1:colcon.colcon_core.package_identification:_identify(install) by extension 'ignore'
[0.564s] Level 1:colcon.colcon_core.package_identification:_identify(install) ignored
[0.564s] Level 1:colcon.colcon_core.package_identification:_identify(log) by extensions ['ignore', 'ignore_ament_install']
[0.564s] Level 1:colcon.colcon_core.package_identification:_identify(log) by extension 'ignore'
[0.564s] Level 1:colcon.colcon_core.package_identification:_identify(log) ignored
[0.565s] Level 1:colcon.colcon_core.package_identification:_identify(src) by extensions ['ignore', 'ignore_ament_install']
[0.565s] Level 1:colcon.colcon_core.package_identification:_identify(src) by extension 'ignore'
[0.565s] Level 1:colcon.colcon_core.package_identification:_identify(src) by extension 'ignore_ament_install'
[0.565s] Level 1:colcon.colcon_core.package_identification:_identify(src) by extensions ['colcon_pkg']
[0.565s] Level 1:colcon.colcon_core.package_identification:_identify(src) by extension 'colcon_pkg'
[0.565s] Level 1:colcon.colcon_core.package_identification:_identify(src) by extensions ['colcon_meta']
[0.565s] Level 1:colcon.colcon_core.package_identification:_identify(src) by extension 'colcon_meta'
[0.566s] Level 1:colcon.colcon_core.package_identification:_identify(src) by extensions ['ros']
[0.566s] Level 1:colcon.colcon_core.package_identification:_identify(src) by extension 'ros'
[0.566s] Level 1:colcon.colcon_core.package_identification:_identify(src) by extensions ['cmake', 'python']
[0.566s] Level 1:colcon.colcon_core.package_identification:_identify(src) by extension 'cmake'
[0.566s] Level 1:colcon.colcon_core.package_identification:_identify(src) by extension 'python'
[0.566s] Level 1:colcon.colcon_core.package_identification:_identify(src) by extensions ['python_setup_py']
[0.567s] Level 1:colcon.colcon_core.package_identification:_identify(src) by extension 'python_setup_py'
[0.567s] Level 1:colcon.colcon_core.package_identification:_identify(src/custom_interfaces) by extensions ['ignore', 'ignore_ament_install']
[0.567s] Level 1:colcon.colcon_core.package_identification:_identify(src/custom_interfaces) by extension 'ignore'
[0.567s] Level 1:colcon.colcon_core.package_identification:_identify(src/custom_interfaces) by extension 'ignore_ament_install'
[0.567s] Level 1:colcon.colcon_core.package_identification:_identify(src/custom_interfaces) by extensions ['colcon_pkg']
[0.567s] Level 1:colcon.colcon_core.package_identification:_identify(src/custom_interfaces) by extension 'colcon_pkg'
[0.568s] Level 1:colcon.colcon_core.package_identification:_identify(src/custom_interfaces) by extensions ['colcon_meta']
[0.568s] Level 1:colcon.colcon_core.package_identification:_identify(src/custom_interfaces) by extension 'colcon_meta'
[0.568s] Level 1:colcon.colcon_core.package_identification:_identify(src/custom_interfaces) by extensions ['ros']
[0.568s] Level 1:colcon.colcon_core.package_identification:_identify(src/custom_interfaces) by extension 'ros'
[0.571s] DEBUG:colcon.colcon_core.package_identification:Package 'src/custom_interfaces' with type 'ros.catkin' and name 'custom_interfaces'
[0.571s] Level 1:colcon.colcon_core.package_identification:_identify(src/underwater_control) by extensions ['ignore', 'ignore_ament_install']
[0.572s] Level 1:colcon.colcon_core.package_identification:_identify(src/underwater_control) by extension 'ignore'
[0.572s] Level 1:colcon.colcon_core.package_identification:_identify(src/underwater_control) by extension 'ignore_ament_install'
[0.572s] Level 1:colcon.colcon_core.package_identification:_identify(src/underwater_control) by extensions ['colcon_pkg']
[0.572s] Level 1:colcon.colcon_core.package_identification:_identify(src/underwater_control) by extension 'colcon_pkg'
[0.572s] Level 1:colcon.colcon_core.package_identification:_identify(src/underwater_control) by extensions ['colcon_meta']
[0.572s] Level 1:colcon.colcon_core.package_identification:_identify(src/underwater_control) by extension 'colcon_meta'
[0.573s] Level 1:colcon.colcon_core.package_identification:_identify(src/underwater_control) by extensions ['ros']
[0.573s] Level 1:colcon.colcon_core.package_identification:_identify(src/underwater_control) by extension 'ros'
[0.574s] DEBUG:colcon.colcon_core.package_identification:Package 'src/underwater_control' with type 'ros.ament_python' and name 'underwater_control'
[0.574s] Level 1:colcon.colcon_core.package_discovery:discover_packages(recursive) using defaults
[0.574s] Level 1:colcon.colcon_core.package_discovery:discover_packages(ignore) discover
[0.574s] Level 1:colcon.colcon_core.package_discovery:discover_packages(ignore) using defaults
[0.574s] Level 1:colcon.colcon_core.package_discovery:discover_packages(path) discover
[0.575s] Level 1:colcon.colcon_core.package_discovery:discover_packages(path) using defaults
[0.595s] Level 1:colcon.colcon_core.package_discovery:discover_packages(prefix_path) check parameters
[0.595s] Level 1:colcon.colcon_core.package_discovery:discover_packages(prefix_path) discover
[0.598s] DEBUG:colcon.colcon_installed_package_information.package_discovery:Found 2 installed packages in /home/dh/underwater_ws_new/install
[0.599s] DEBUG:colcon.colcon_installed_package_information.package_discovery:Found 22 installed packages in /home/dh/dh_ws/install
[0.601s] DEBUG:colcon.colcon_installed_package_information.package_discovery:Found 257 installed packages in /opt/ros/foxy
[0.603s] Level 1:colcon.colcon_core.package_discovery:discover_packages(prefix_path) using defaults
[0.690s] Level 5:colcon.colcon_core.verb:set package 'custom_interfaces' build argument 'cmake_args' from command line to 'None'
[0.690s] Level 5:colcon.colcon_core.verb:set package 'custom_interfaces' build argument 'cmake_target' from command line to 'None'
[0.690s] Level 5:colcon.colcon_core.verb:set package 'custom_interfaces' build argument 'cmake_target_skip_unavailable' from command line to 'False'
[0.690s] Level 5:colcon.colcon_core.verb:set package 'custom_interfaces' build argument 'cmake_clean_cache' from command line to 'False'
[0.691s] Level 5:colcon.colcon_core.verb:set package 'custom_interfaces' build argument 'cmake_clean_first' from command line to 'False'
[0.691s] Level 5:colcon.colcon_core.verb:set package 'custom_interfaces' build argument 'cmake_force_configure' from command line to 'False'
[0.691s] Level 5:colcon.colcon_core.verb:set package 'custom_interfaces' build argument 'ament_cmake_args' from command line to 'None'
[0.691s] Level 5:colcon.colcon_core.verb:set package 'custom_interfaces' build argument 'catkin_cmake_args' from command line to 'None'
[0.691s] Level 5:colcon.colcon_core.verb:set package 'custom_interfaces' build argument 'catkin_skip_building_tests' from command line to 'False'
[0.691s] DEBUG:colcon.colcon_core.verb:Building package 'custom_interfaces' with the following arguments: {'ament_cmake_args': None, 'build_base': '/home/dh/underwater_ws_new/build/custom_interfaces', 'catkin_cmake_args': None, 'catkin_skip_building_tests': False, 'cmake_args': None, 'cmake_clean_cache': False, 'cmake_clean_first': False, 'cmake_force_configure': False, 'cmake_target': None, 'cmake_target_skip_unavailable': False, 'install_base': '/home/dh/underwater_ws_new/install/custom_interfaces', 'merge_install': False, 'path': '/home/dh/underwater_ws_new/src/custom_interfaces', 'symlink_install': False, 'test_result_base': None}
[0.692s] Level 5:colcon.colcon_core.verb:set package 'underwater_control' build argument 'cmake_args' from command line to 'None'
[0.692s] Level 5:colcon.colcon_core.verb:set package 'underwater_control' build argument 'cmake_target' from command line to 'None'
[0.692s] Level 5:colcon.colcon_core.verb:set package 'underwater_control' build argument 'cmake_target_skip_unavailable' from command line to 'False'
[0.692s] Level 5:colcon.colcon_core.verb:set package 'underwater_control' build argument 'cmake_clean_cache' from command line to 'False'
[0.692s] Level 5:colcon.colcon_core.verb:set package 'underwater_control' build argument 'cmake_clean_first' from command line to 'False'
[0.693s] Level 5:colcon.colcon_core.verb:set package 'underwater_control' build argument 'cmake_force_configure' from command line to 'False'
[0.693s] Level 5:colcon.colcon_core.verb:set package 'underwater_control' build argument 'ament_cmake_args' from command line to 'None'
[0.693s] Level 5:colcon.colcon_core.verb:set package 'underwater_control' build argument 'catkin_cmake_args' from command line to 'None'
[0.693s] Level 5:colcon.colcon_core.verb:set package 'underwater_control' build argument 'catkin_skip_building_tests' from command line to 'False'
[0.693s] DEBUG:colcon.colcon_core.verb:Building package 'underwater_control' with the following arguments: {'ament_cmake_args': None, 'build_base': '/home/dh/underwater_ws_new/build/underwater_control', 'catkin_cmake_args': None, 'catkin_skip_building_tests': False, 'cmake_args': None, 'cmake_clean_cache': False, 'cmake_clean_first': False, 'cmake_force_configure': False, 'cmake_target': None, 'cmake_target_skip_unavailable': False, 'install_base': '/home/dh/underwater_ws_new/install/underwater_control', 'merge_install': False, 'path': '/home/dh/underwater_ws_new/src/underwater_control', 'symlink_install': False, 'test_result_base': None}
[0.693s] INFO:colcon.colcon_core.executor:Executing jobs using 'parallel' executor
[0.695s] DEBUG:colcon.colcon_parallel_executor.executor.parallel:run_until_complete
[0.695s] INFO:colcon.colcon_ros.task.catkin.build:Building ROS package in '/home/dh/underwater_ws_new/src/custom_interfaces' with build type 'catkin'
[0.696s] INFO:colcon.colcon_cmake.task.cmake.build:Building CMake package in '/home/dh/underwater_ws_new/src/custom_interfaces'
[0.698s] INFO:colcon.colcon_core.plugin_system:Skipping extension 'colcon_core.shell.bat': Not used on non-Windows systems
[0.699s] INFO:colcon.colcon_core.shell:Skip shell extension 'powershell' for command environment: Not usable outside of PowerShell
[0.699s] DEBUG:colcon.colcon_core.shell:Skip shell extension 'dsv' for command environment
[0.724s] DEBUG:colcon.colcon_core.event_handler.log_command:Invoking command in '/home/dh/underwater_ws_new/build/custom_interfaces': /usr/bin/cmake --build /home/dh/underwater_ws_new/build/custom_interfaces -- -j2 -l2
[1.488s] DEBUG:colcon.colcon_core.event_handler.log_command:Invoked command in '/home/dh/underwater_ws_new/build/custom_interfaces' returned '0': /usr/bin/cmake --build /home/dh/underwater_ws_new/build/custom_interfaces -- -j2 -l2
[1.520s] DEBUG:colcon.colcon_core.event_handler.log_command:Invoking command in '/home/dh/underwater_ws_new/build/custom_interfaces': /usr/bin/cmake --install /home/dh/underwater_ws_new/build/custom_interfaces
[1.621s] Level 1:colcon.colcon_core.shell:create_environment_hook('custom_interfaces', 'ros_package_path')
[1.622s] INFO:colcon.colcon_core.shell:Creating environment hook '/home/dh/underwater_ws_new/install/custom_interfaces/share/custom_interfaces/hook/ros_package_path.ps1'
[1.624s] INFO:colcon.colcon_core.shell:Creating environment descriptor '/home/dh/underwater_ws_new/install/custom_interfaces/share/custom_interfaces/hook/ros_package_path.dsv'
[1.629s] DEBUG:colcon.colcon_core.event_handler.log_command:Invoked command in '/home/dh/underwater_ws_new/build/custom_interfaces' returned '0': /usr/bin/cmake --install /home/dh/underwater_ws_new/build/custom_interfaces
[1.635s] INFO:colcon.colcon_core.shell:Creating environment hook '/home/dh/underwater_ws_new/install/custom_interfaces/share/custom_interfaces/hook/ros_package_path.sh'
[1.637s] Level 1:colcon.colcon_ros.task.catkin:checking '/home/dh/underwater_ws_new/install/custom_interfaces/lib/python3.8/site-packages'
[1.637s] Level 1:colcon.colcon_core.shell:create_environment_hook('custom_interfaces', 'catkin_pythonpath')
[1.637s] INFO:colcon.colcon_core.shell:Creating environment hook '/home/dh/underwater_ws_new/install/custom_interfaces/share/custom_interfaces/hook/catkin_pythonpath.ps1'
[1.638s] INFO:colcon.colcon_core.shell:Creating environment descriptor '/home/dh/underwater_ws_new/install/custom_interfaces/share/custom_interfaces/hook/catkin_pythonpath.dsv'
[1.639s] INFO:colcon.colcon_core.shell:Creating environment hook '/home/dh/underwater_ws_new/install/custom_interfaces/share/custom_interfaces/hook/catkin_pythonpath.sh'
[1.640s] Level 1:colcon.colcon_core.shell:create_environment_hook('custom_interfaces', 'pkg_config_path')
[1.640s] INFO:colcon.colcon_core.shell:Creating environment hook '/home/dh/underwater_ws_new/install/custom_interfaces/share/custom_interfaces/hook/pkg_config_path.ps1'
[1.641s] INFO:colcon.colcon_core.shell:Creating environment descriptor '/home/dh/underwater_ws_new/install/custom_interfaces/share/custom_interfaces/hook/pkg_config_path.dsv'
[1.642s] INFO:colcon.colcon_core.shell:Creating environment hook '/home/dh/underwater_ws_new/install/custom_interfaces/share/custom_interfaces/hook/pkg_config_path.sh'
[1.647s] Level 1:colcon.colcon_core.shell:create_environment_hook('custom_interfaces', 'pkg_config_path_multiarch')
[1.648s] INFO:colcon.colcon_core.shell:Creating environment hook '/home/dh/underwater_ws_new/install/custom_interfaces/share/custom_interfaces/hook/pkg_config_path_multiarch.ps1'
[1.649s] INFO:colcon.colcon_core.shell:Creating environment descriptor '/home/dh/underwater_ws_new/install/custom_interfaces/share/custom_interfaces/hook/pkg_config_path_multiarch.dsv'
[1.650s] INFO:colcon.colcon_core.shell:Creating environment hook '/home/dh/underwater_ws_new/install/custom_interfaces/share/custom_interfaces/hook/pkg_config_path_multiarch.sh'
[1.651s] Level 1:colcon.colcon_core.environment:create_environment_scripts_only(custom_interfaces)
[1.655s] Level 1:colcon.colcon_core.environment:checking '/home/dh/underwater_ws_new/install/custom_interfaces' for CMake module files
[1.655s] Level 1:colcon.colcon_core.environment:checking '/home/dh/underwater_ws_new/install/custom_interfaces' for CMake config files
[1.656s] Level 1:colcon.colcon_core.shell:create_environment_hook('custom_interfaces', 'cmake_prefix_path')
[1.656s] INFO:colcon.colcon_core.shell:Creating environment hook '/home/dh/underwater_ws_new/install/custom_interfaces/share/custom_interfaces/hook/cmake_prefix_path.ps1'
[1.657s] INFO:colcon.colcon_core.shell:Creating environment descriptor '/home/dh/underwater_ws_new/install/custom_interfaces/share/custom_interfaces/hook/cmake_prefix_path.dsv'
[1.659s] INFO:colcon.colcon_core.shell:Creating environment hook '/home/dh/underwater_ws_new/install/custom_interfaces/share/custom_interfaces/hook/cmake_prefix_path.sh'
[1.661s] Level 1:colcon.colcon_core.environment:checking '/home/dh/underwater_ws_new/install/custom_interfaces/lib'
[1.661s] Level 1:colcon.colcon_core.shell:create_environment_hook('custom_interfaces', 'ld_library_path_lib')
[1.662s] INFO:colcon.colcon_core.shell:Creating environment hook '/home/dh/underwater_ws_new/install/custom_interfaces/share/custom_interfaces/hook/ld_library_path_lib.ps1'
[1.663s] INFO:colcon.colcon_core.shell:Creating environment descriptor '/home/dh/underwater_ws_new/install/custom_interfaces/share/custom_interfaces/hook/ld_library_path_lib.dsv'
[1.664s] INFO:colcon.colcon_core.shell:Creating environment hook '/home/dh/underwater_ws_new/install/custom_interfaces/share/custom_interfaces/hook/ld_library_path_lib.sh'
[1.665s] Level 1:colcon.colcon_core.environment:checking '/home/dh/underwater_ws_new/install/custom_interfaces/bin'
[1.666s] Level 1:colcon.colcon_core.environment:checking '/home/dh/underwater_ws_new/install/custom_interfaces/lib/pkgconfig/custom_interfaces.pc'
[1.666s] Level 1:colcon.colcon_core.environment:checking '/home/dh/underwater_ws_new/install/custom_interfaces/lib/python3.8/site-packages'
[1.666s] Level 1:colcon.colcon_core.shell:create_environment_hook('custom_interfaces', 'pythonpath')
[1.667s] INFO:colcon.colcon_core.shell:Creating environment hook '/home/dh/underwater_ws_new/install/custom_interfaces/share/custom_interfaces/hook/pythonpath.ps1'
[1.668s] INFO:colcon.colcon_core.shell:Creating environment descriptor '/home/dh/underwater_ws_new/install/custom_interfaces/share/custom_interfaces/hook/pythonpath.dsv'
[1.668s] INFO:colcon.colcon_core.shell:Creating environment hook '/home/dh/underwater_ws_new/install/custom_interfaces/share/custom_interfaces/hook/pythonpath.sh'
[1.669s] Level 1:colcon.colcon_core.environment:checking '/home/dh/underwater_ws_new/install/custom_interfaces/bin'
[1.670s] INFO:colcon.colcon_core.shell:Creating package script '/home/dh/underwater_ws_new/install/custom_interfaces/share/custom_interfaces/package.ps1'
[1.673s] INFO:colcon.colcon_core.shell:Creating package descriptor '/home/dh/underwater_ws_new/install/custom_interfaces/share/custom_interfaces/package.dsv'
[1.674s] INFO:colcon.colcon_core.shell:Creating package script '/home/dh/underwater_ws_new/install/custom_interfaces/share/custom_interfaces/package.sh'
[1.676s] INFO:colcon.colcon_core.shell:Creating package script '/home/dh/underwater_ws_new/install/custom_interfaces/share/custom_interfaces/package.bash'
[1.678s] INFO:colcon.colcon_core.shell:Creating package script '/home/dh/underwater_ws_new/install/custom_interfaces/share/custom_interfaces/package.zsh'
[1.679s] Level 1:colcon.colcon_core.environment:create_file_with_runtime_dependencies(/home/dh/underwater_ws_new/install/custom_interfaces/share/colcon-core/packages/custom_interfaces)
[1.681s] INFO:colcon.colcon_ros.task.ament_python.build:Building ROS package in '/home/dh/underwater_ws_new/src/underwater_control' with build type 'ament_python'
[1.682s] Level 1:colcon.colcon_core.shell:create_environment_hook('underwater_control', 'ament_prefix_path')
[1.682s] INFO:colcon.colcon_core.shell:Creating environment hook '/home/dh/underwater_ws_new/install/underwater_control/share/underwater_control/hook/ament_prefix_path.ps1'
[1.683s] INFO:colcon.colcon_core.shell:Creating environment descriptor '/home/dh/underwater_ws_new/install/underwater_control/share/underwater_control/hook/ament_prefix_path.dsv'
[1.684s] INFO:colcon.colcon_core.shell:Creating environment hook '/home/dh/underwater_ws_new/install/underwater_control/share/underwater_control/hook/ament_prefix_path.sh'
[1.685s] INFO:colcon.colcon_core.shell:Skip shell extension 'powershell' for command environment: Not usable outside of PowerShell
[1.685s] DEBUG:colcon.colcon_core.shell:Skip shell extension 'dsv' for command environment
[2.114s] INFO:colcon.colcon_core.task.python.build:Building Python package in '/home/dh/underwater_ws_new/src/underwater_control'
[2.115s] INFO:colcon.colcon_core.shell:Skip shell extension 'powershell' for command environment: Not usable outside of PowerShell
[2.115s] DEBUG:colcon.colcon_core.shell:Skip shell extension 'dsv' for command environment
[2.724s] DEBUG:colcon.colcon_core.event_handler.log_command:Invoking command in '/home/dh/underwater_ws_new/src/underwater_control': PYTHONPATH=/home/dh/underwater_ws_new/build/underwater_control/prefix_override:/usr/lib/python3/dist-packages/colcon_core/task/python/colcon_distutils_commands:/home/dh/underwater_ws_new/install/underwater_control/lib/python3.8/site-packages:/home/dh/underwater_ws_new/install/custom_interfaces/lib/python3.8/site-packages:/home/dh/underwater_ws_new/install/underwater_control/lib/python3.8/site-packages:/home/dh/dh_ws/install/learning_urdf/lib/python3.8/site-packages:/home/dh/dh_ws/install/learning_topic/lib/python3.8/site-packages:/home/dh/dh_ws/install/learning_tf/lib/python3.8/site-packages:/home/dh/dh_ws/install/learning_service/lib/python3.8/site-packages:/home/dh/dh_ws/install/learning_qos/lib/python3.8/site-packages:/home/dh/dh_ws/install/learning_pkg_python/lib/python3.8/site-packages:/home/dh/dh_ws/install/learning_parameter/lib/python3.8/site-packages:/home/dh/dh_ws/install/learning_node/lib/python3.8/site-packages:/home/dh/dh_ws/install/learning_launch/lib/python3.8/site-packages:/home/dh/dh_ws/install/learning_action/lib/python3.8/site-packages:/home/dh/dh_ws/install/learning_interface/lib/python3.8/site-packages:/home/dh/dh_ws/install/learning_gazebo_harmonic/lib/python3.8/site-packages:/home/dh/dh_ws/install/learning_gazebo/lib/python3.8/site-packages:/home/dh/dh_ws/install/learning_cv/lib/python3.8/site-packages:/home/dh/dh_ws/install/dh_learning_pkg/lib/python3.8/site-packages:/opt/ros/foxy/lib/python3.8/site-packages /usr/bin/python3 -W ignore:setup.py install is deprecated -W ignore:easy_install command is deprecated setup.py egg_info --egg-base ../../build/underwater_control build --build-base /home/dh/underwater_ws_new/build/underwater_control/build install --record /home/dh/underwater_ws_new/build/underwater_control/install.log --install-scripts $base/lib/underwater_control --single-version-externally-managed install_data
[3.237s] Level 1:colcon.colcon_core.environment:checking '/home/dh/underwater_ws_new/install/underwater_control' for CMake module files
[3.238s] Level 1:colcon.colcon_core.environment:checking '/home/dh/underwater_ws_new/install/underwater_control' for CMake config files
[3.240s] Level 1:colcon.colcon_core.environment:checking '/home/dh/underwater_ws_new/install/underwater_control/lib'
[3.241s] Level 1:colcon.colcon_core.environment:checking '/home/dh/underwater_ws_new/install/underwater_control/bin'
[3.241s] Level 1:colcon.colcon_core.environment:checking '/home/dh/underwater_ws_new/install/underwater_control/lib/pkgconfig/underwater_control.pc'
[3.242s] Level 1:colcon.colcon_core.environment:checking '/home/dh/underwater_ws_new/install/underwater_control/lib/python3.8/site-packages'
[3.243s] Level 1:colcon.colcon_core.shell:create_environment_hook('underwater_control', 'pythonpath')
[3.243s] INFO:colcon.colcon_core.shell:Creating environment hook '/home/dh/underwater_ws_new/install/underwater_control/share/underwater_control/hook/pythonpath.ps1'
[3.242s] DEBUG:colcon.colcon_core.event_handler.log_command:Invoked command in '/home/dh/underwater_ws_new/src/underwater_control' returned '0': PYTHONPATH=/home/dh/underwater_ws_new/build/underwater_control/prefix_override:/usr/lib/python3/dist-packages/colcon_core/task/python/colcon_distutils_commands:/home/dh/underwater_ws_new/install/underwater_control/lib/python3.8/site-packages:/home/dh/underwater_ws_new/install/custom_interfaces/lib/python3.8/site-packages:/home/dh/underwater_ws_new/install/underwater_control/lib/python3.8/site-packages:/home/dh/dh_ws/install/learning_urdf/lib/python3.8/site-packages:/home/dh/dh_ws/install/learning_topic/lib/python3.8/site-packages:/home/dh/dh_ws/install/learning_tf/lib/python3.8/site-packages:/home/dh/dh_ws/install/learning_service/lib/python3.8/site-packages:/home/dh/dh_ws/install/learning_qos/lib/python3.8/site-packages:/home/dh/dh_ws/install/learning_pkg_python/lib/python3.8/site-packages:/home/dh/dh_ws/install/learning_parameter/lib/python3.8/site-packages:/home/dh/dh_ws/install/learning_node/lib/python3.8/site-packages:/home/dh/dh_ws/install/learning_launch/lib/python3.8/site-packages:/home/dh/dh_ws/install/learning_action/lib/python3.8/site-packages:/home/dh/dh_ws/install/learning_interface/lib/python3.8/site-packages:/home/dh/dh_ws/install/learning_gazebo_harmonic/lib/python3.8/site-packages:/home/dh/dh_ws/install/learning_gazebo/lib/python3.8/site-packages:/home/dh/dh_ws/install/learning_cv/lib/python3.8/site-packages:/home/dh/dh_ws/install/dh_learning_pkg/lib/python3.8/site-packages:/opt/ros/foxy/lib/python3.8/site-packages /usr/bin/python3 -W ignore:setup.py install is deprecated -W ignore:easy_install command is deprecated setup.py egg_info --egg-base ../../build/underwater_control build --build-base /home/dh/underwater_ws_new/build/underwater_control/build install --record /home/dh/underwater_ws_new/build/underwater_control/install.log --install-scripts $base/lib/underwater_control --single-version-externally-managed install_data
[3.245s] INFO:colcon.colcon_core.shell:Creating environment descriptor '/home/dh/underwater_ws_new/install/underwater_control/share/underwater_control/hook/pythonpath.dsv'
[3.247s] INFO:colcon.colcon_core.shell:Creating environment hook '/home/dh/underwater_ws_new/install/underwater_control/share/underwater_control/hook/pythonpath.sh'
[3.248s] Level 1:colcon.colcon_core.environment:checking '/home/dh/underwater_ws_new/install/underwater_control/bin'
[3.249s] Level 1:colcon.colcon_core.environment:create_environment_scripts_only(underwater_control)
[3.249s] INFO:colcon.colcon_core.shell:Creating package script '/home/dh/underwater_ws_new/install/underwater_control/share/underwater_control/package.ps1'
[3.251s] INFO:colcon.colcon_core.shell:Creating package descriptor '/home/dh/underwater_ws_new/install/underwater_control/share/underwater_control/package.dsv'
[3.252s] INFO:colcon.colcon_core.shell:Creating package script '/home/dh/underwater_ws_new/install/underwater_control/share/underwater_control/package.sh'
[3.253s] INFO:colcon.colcon_core.shell:Creating package script '/home/dh/underwater_ws_new/install/underwater_control/share/underwater_control/package.bash'
[3.254s] INFO:colcon.colcon_core.shell:Creating package script '/home/dh/underwater_ws_new/install/underwater_control/share/underwater_control/package.zsh'
[3.255s] Level 1:colcon.colcon_core.environment:create_file_with_runtime_dependencies(/home/dh/underwater_ws_new/install/underwater_control/share/colcon-core/packages/underwater_control)
[3.258s] DEBUG:colcon.colcon_parallel_executor.executor.parallel:closing loop
[3.258s] DEBUG:colcon.colcon_parallel_executor.executor.parallel:loop closed
[3.258s] DEBUG:colcon.colcon_parallel_executor.executor.parallel:run_until_complete finished with '0'
[3.259s] DEBUG:colcon.colcon_core.event_reactor:joining thread
[3.276s] INFO:colcon.colcon_core.plugin_system:Skipping extension 'colcon_notification.desktop_notification.terminal_notifier': Not used on non-Darwin systems
[3.276s] INFO:colcon.colcon_core.plugin_system:Skipping extension 'colcon_notification.desktop_notification.win32': Not used on non-Windows systems
[3.277s] INFO:colcon.colcon_notification.desktop_notification:Sending desktop notification using 'notify2'
[3.319s] DEBUG:colcon.colcon_core.event_reactor:joined thread
[3.319s] INFO:colcon.colcon_core.shell:Creating prefix script '/home/dh/underwater_ws_new/install/local_setup.ps1'
[3.322s] INFO:colcon.colcon_core.shell:Creating prefix util module '/home/dh/underwater_ws_new/install/_local_setup_util_ps1.py'
[3.328s] INFO:colcon.colcon_core.shell:Creating prefix chain script '/home/dh/underwater_ws_new/install/setup.ps1'
[3.333s] INFO:colcon.colcon_core.shell:Creating prefix script '/home/dh/underwater_ws_new/install/local_setup.sh'
[3.334s] INFO:colcon.colcon_core.shell:Creating prefix util module '/home/dh/underwater_ws_new/install/_local_setup_util_sh.py'
[3.336s] INFO:colcon.colcon_core.shell:Creating prefix chain script '/home/dh/underwater_ws_new/install/setup.sh'
[3.341s] INFO:colcon.colcon_core.shell:Creating prefix script '/home/dh/underwater_ws_new/install/local_setup.bash'
[3.342s] INFO:colcon.colcon_core.shell:Creating prefix chain script '/home/dh/underwater_ws_new/install/setup.bash'
[3.349s] INFO:colcon.colcon_core.shell:Creating prefix script '/home/dh/underwater_ws_new/install/local_setup.zsh'
[3.350s] INFO:colcon.colcon_core.shell:Creating prefix chain script '/home/dh/underwater_ws_new/install/setup.zsh'
