[0.472s] DEBUG:colcon:Command line arguments: ['/usr/bin/colcon', 'build', '--packages-select', 'hello_ev_service_py']
[0.474s] DEBUG:colcon:Parsed command line arguments: Namespace(allow_overriding=[], ament_cmake_args=None, base_paths=['.'], build_base='build', catkin_cmake_args=None, catkin_skip_building_tests=False, cmake_args=None, cmake_clean_cache=False, cmake_clean_first=False, cmake_force_configure=False, cmake_target=None, cmake_target_skip_unavailable=False, continue_on_error=False, event_handlers=None, executor='parallel', ignore_user_meta=False, install_base='install', log_base=None, log_level=None, main=<bound method BuildVerb.main of <colcon_core.verb.build.BuildVerb object at 0x7ff06bde37f0>>, merge_install=False, metas=['./colcon.meta'], packages_above=None, packages_above_and_dependencies=None, packages_above_depth=None, packages_end=None, packages_ignore=None, packages_ignore_regex=None, packages_select=['hello_ev_service_py'], packages_select_build_failed=False, packages_select_by_dep=None, packages_select_regex=None, packages_select_test_failures=False, packages_skip=None, packages_skip_build_finished=False, packages_skip_by_dep=None, packages_skip_regex=None, packages_skip_test_passed=False, packages_skip_up_to=None, packages_start=None, packages_up_to=None, packages_up_to_regex=None, parallel_workers=2, paths=None, symlink_install=False, test_result_base=None, verb_extension=<colcon_core.verb.build.BuildVerb object at 0x7ff06bde37f0>, verb_name='build', verb_parser=<colcon_defaults.argument_parser.defaults.DefaultArgumentsDecorator object at 0x7ff06bcc19d0>)
[0.799s] Level 1:colcon.colcon_core.package_discovery:discover_packages(colcon_meta) check parameters
[0.799s] Level 1:colcon.colcon_core.package_discovery:discover_packages(recursive) check parameters
[0.800s] Level 1:colcon.colcon_core.package_discovery:discover_packages(ignore) check parameters
[0.800s] Level 1:colcon.colcon_core.package_discovery:discover_packages(path) check parameters
[0.800s] Level 1:colcon.colcon_core.package_discovery:discover_packages(colcon_meta) discover
[0.800s] Level 1:colcon.colcon_core.package_discovery:discover_packages(recursive) discover
[0.800s] INFO:colcon.colcon_core.package_discovery:Crawling recursively for packages in '/home/dh/ros2_ev_test2'
[0.800s] Level 1:colcon.colcon_core.package_identification:_identify(.) by extensions ['ignore', 'ignore_ament_install']
[0.800s] Level 1:colcon.colcon_core.package_identification:_identify(.) by extension 'ignore'
[0.801s] Level 1:colcon.colcon_core.package_identification:_identify(.) by extension 'ignore_ament_install'
[0.801s] Level 1:colcon.colcon_core.package_identification:_identify(.) by extensions ['colcon_pkg']
[0.801s] Level 1:colcon.colcon_core.package_identification:_identify(.) by extension 'colcon_pkg'
[0.801s] Level 1:colcon.colcon_core.package_identification:_identify(.) by extensions ['colcon_meta']
[0.801s] Level 1:colcon.colcon_core.package_identification:_identify(.) by extension 'colcon_meta'
[0.801s] Level 1:colcon.colcon_core.package_identification:_identify(.) by extensions ['ros']
[0.801s] Level 1:colcon.colcon_core.package_identification:_identify(.) by extension 'ros'
[0.831s] Level 1:colcon.colcon_core.package_identification:_identify(.) by extensions ['cmake', 'python']
[0.832s] Level 1:colcon.colcon_core.package_identification:_identify(.) by extension 'cmake'
[0.832s] Level 1:colcon.colcon_core.package_identification:_identify(.) by extension 'python'
[0.832s] Level 1:colcon.colcon_core.package_identification:_identify(.) by extensions ['python_setup_py']
[0.833s] Level 1:colcon.colcon_core.package_identification:_identify(.) by extension 'python_setup_py'
[0.834s] Level 1:colcon.colcon_core.package_identification:_identify(build) by extensions ['ignore', 'ignore_ament_install']
[0.834s] Level 1:colcon.colcon_core.package_identification:_identify(build) by extension 'ignore'
[0.835s] Level 1:colcon.colcon_core.package_identification:_identify(build) ignored
[0.835s] Level 1:colcon.colcon_core.package_identification:_identify(install) by extensions ['ignore', 'ignore_ament_install']
[0.835s] Level 1:colcon.colcon_core.package_identification:_identify(install) by extension 'ignore'
[0.836s] Level 1:colcon.colcon_core.package_identification:_identify(install) ignored
[0.836s] Level 1:colcon.colcon_core.package_identification:_identify(log) by extensions ['ignore', 'ignore_ament_install']
[0.836s] Level 1:colcon.colcon_core.package_identification:_identify(log) by extension 'ignore'
[0.836s] Level 1:colcon.colcon_core.package_identification:_identify(log) ignored
[0.837s] Level 1:colcon.colcon_core.package_identification:_identify(src) by extensions ['ignore', 'ignore_ament_install']
[0.837s] Level 1:colcon.colcon_core.package_identification:_identify(src) by extension 'ignore'
[0.837s] Level 1:colcon.colcon_core.package_identification:_identify(src) by extension 'ignore_ament_install'
[0.837s] Level 1:colcon.colcon_core.package_identification:_identify(src) by extensions ['colcon_pkg']
[0.837s] Level 1:colcon.colcon_core.package_identification:_identify(src) by extension 'colcon_pkg'
[0.837s] Level 1:colcon.colcon_core.package_identification:_identify(src) by extensions ['colcon_meta']
[0.837s] Level 1:colcon.colcon_core.package_identification:_identify(src) by extension 'colcon_meta'
[0.838s] Level 1:colcon.colcon_core.package_identification:_identify(src) by extensions ['ros']
[0.838s] Level 1:colcon.colcon_core.package_identification:_identify(src) by extension 'ros'
[0.838s] Level 1:colcon.colcon_core.package_identification:_identify(src) by extensions ['cmake', 'python']
[0.838s] Level 1:colcon.colcon_core.package_identification:_identify(src) by extension 'cmake'
[0.838s] Level 1:colcon.colcon_core.package_identification:_identify(src) by extension 'python'
[0.838s] Level 1:colcon.colcon_core.package_identification:_identify(src) by extensions ['python_setup_py']
[0.838s] Level 1:colcon.colcon_core.package_identification:_identify(src) by extension 'python_setup_py'
[0.839s] Level 1:colcon.colcon_core.package_identification:_identify(src/hello_ev_interfaces) by extensions ['ignore', 'ignore_ament_install']
[0.839s] Level 1:colcon.colcon_core.package_identification:_identify(src/hello_ev_interfaces) by extension 'ignore'
[0.839s] Level 1:colcon.colcon_core.package_identification:_identify(src/hello_ev_interfaces) by extension 'ignore_ament_install'
[0.839s] Level 1:colcon.colcon_core.package_identification:_identify(src/hello_ev_interfaces) by extensions ['colcon_pkg']
[0.839s] Level 1:colcon.colcon_core.package_identification:_identify(src/hello_ev_interfaces) by extension 'colcon_pkg'
[0.839s] Level 1:colcon.colcon_core.package_identification:_identify(src/hello_ev_interfaces) by extensions ['colcon_meta']
[0.839s] Level 1:colcon.colcon_core.package_identification:_identify(src/hello_ev_interfaces) by extension 'colcon_meta'
[0.840s] Level 1:colcon.colcon_core.package_identification:_identify(src/hello_ev_interfaces) by extensions ['ros']
[0.840s] Level 1:colcon.colcon_core.package_identification:_identify(src/hello_ev_interfaces) by extension 'ros'
[0.844s] DEBUG:colcon.colcon_core.package_identification:Package 'src/hello_ev_interfaces' with type 'ros.catkin' and name 'hello_ev_interfaces'
[0.844s] Level 1:colcon.colcon_core.package_identification:_identify(src/hello_ev_service_py) by extensions ['ignore', 'ignore_ament_install']
[0.844s] Level 1:colcon.colcon_core.package_identification:_identify(src/hello_ev_service_py) by extension 'ignore'
[0.845s] Level 1:colcon.colcon_core.package_identification:_identify(src/hello_ev_service_py) by extension 'ignore_ament_install'
[0.845s] Level 1:colcon.colcon_core.package_identification:_identify(src/hello_ev_service_py) by extensions ['colcon_pkg']
[0.845s] Level 1:colcon.colcon_core.package_identification:_identify(src/hello_ev_service_py) by extension 'colcon_pkg'
[0.845s] Level 1:colcon.colcon_core.package_identification:_identify(src/hello_ev_service_py) by extensions ['colcon_meta']
[0.845s] Level 1:colcon.colcon_core.package_identification:_identify(src/hello_ev_service_py) by extension 'colcon_meta'
[0.845s] Level 1:colcon.colcon_core.package_identification:_identify(src/hello_ev_service_py) by extensions ['ros']
[0.845s] Level 1:colcon.colcon_core.package_identification:_identify(src/hello_ev_service_py) by extension 'ros'
[0.847s] DEBUG:colcon.colcon_core.package_identification:Package 'src/hello_ev_service_py' with type 'ros.ament_python' and name 'hello_ev_service_py'
[0.847s] Level 1:colcon.colcon_core.package_discovery:discover_packages(recursive) using defaults
[0.847s] Level 1:colcon.colcon_core.package_discovery:discover_packages(ignore) discover
[0.848s] Level 1:colcon.colcon_core.package_discovery:discover_packages(ignore) using defaults
[0.848s] Level 1:colcon.colcon_core.package_discovery:discover_packages(path) discover
[0.848s] Level 1:colcon.colcon_core.package_discovery:discover_packages(path) using defaults
[0.876s] INFO:colcon.colcon_core.package_selection:Skipping not selected package 'hello_ev_interfaces' in 'src/hello_ev_interfaces'
[0.876s] Level 1:colcon.colcon_core.package_discovery:discover_packages(prefix_path) check parameters
[0.877s] Level 1:colcon.colcon_core.package_discovery:discover_packages(prefix_path) discover
[0.880s] DEBUG:colcon.colcon_installed_package_information.package_discovery:Found 2 installed packages in /home/dh/ros2_ev_test2/install
[0.882s] DEBUG:colcon.colcon_installed_package_information.package_discovery:Found 256 installed packages in /opt/ros/foxy
[0.885s] Level 1:colcon.colcon_core.package_discovery:discover_packages(prefix_path) using defaults
[0.991s] Level 5:colcon.colcon_core.verb:set package 'hello_ev_service_py' build argument 'cmake_args' from command line to 'None'
[0.991s] Level 5:colcon.colcon_core.verb:set package 'hello_ev_service_py' build argument 'cmake_target' from command line to 'None'
[0.991s] Level 5:colcon.colcon_core.verb:set package 'hello_ev_service_py' build argument 'cmake_target_skip_unavailable' from command line to 'False'
[0.991s] Level 5:colcon.colcon_core.verb:set package 'hello_ev_service_py' build argument 'cmake_clean_cache' from command line to 'False'
[0.991s] Level 5:colcon.colcon_core.verb:set package 'hello_ev_service_py' build argument 'cmake_clean_first' from command line to 'False'
[0.991s] Level 5:colcon.colcon_core.verb:set package 'hello_ev_service_py' build argument 'cmake_force_configure' from command line to 'False'
[0.991s] Level 5:colcon.colcon_core.verb:set package 'hello_ev_service_py' build argument 'ament_cmake_args' from command line to 'None'
[0.991s] Level 5:colcon.colcon_core.verb:set package 'hello_ev_service_py' build argument 'catkin_cmake_args' from command line to 'None'
[0.991s] Level 5:colcon.colcon_core.verb:set package 'hello_ev_service_py' build argument 'catkin_skip_building_tests' from command line to 'False'
[0.992s] DEBUG:colcon.colcon_core.verb:Building package 'hello_ev_service_py' with the following arguments: {'ament_cmake_args': None, 'build_base': '/home/dh/ros2_ev_test2/build/hello_ev_service_py', 'catkin_cmake_args': None, 'catkin_skip_building_tests': False, 'cmake_args': None, 'cmake_clean_cache': False, 'cmake_clean_first': False, 'cmake_force_configure': False, 'cmake_target': None, 'cmake_target_skip_unavailable': False, 'install_base': '/home/dh/ros2_ev_test2/install/hello_ev_service_py', 'merge_install': False, 'path': '/home/dh/ros2_ev_test2/src/hello_ev_service_py', 'symlink_install': False, 'test_result_base': None}
[0.992s] INFO:colcon.colcon_core.executor:Executing jobs using 'parallel' executor
[0.993s] DEBUG:colcon.colcon_parallel_executor.executor.parallel:run_until_complete
[0.994s] INFO:colcon.colcon_ros.task.ament_python.build:Building ROS package in '/home/dh/ros2_ev_test2/src/hello_ev_service_py' with build type 'ament_python'
[0.994s] Level 1:colcon.colcon_core.shell:create_environment_hook('hello_ev_service_py', 'ament_prefix_path')
[0.998s] INFO:colcon.colcon_core.plugin_system:Skipping extension 'colcon_core.shell.bat': Not used on non-Windows systems
[0.998s] INFO:colcon.colcon_core.shell:Creating environment hook '/home/dh/ros2_ev_test2/install/hello_ev_service_py/share/hello_ev_service_py/hook/ament_prefix_path.ps1'
[0.999s] INFO:colcon.colcon_core.shell:Creating environment descriptor '/home/dh/ros2_ev_test2/install/hello_ev_service_py/share/hello_ev_service_py/hook/ament_prefix_path.dsv'
[1.001s] INFO:colcon.colcon_core.shell:Creating environment hook '/home/dh/ros2_ev_test2/install/hello_ev_service_py/share/hello_ev_service_py/hook/ament_prefix_path.sh'
[1.002s] INFO:colcon.colcon_core.shell:Skip shell extension 'powershell' for command environment: Not usable outside of PowerShell
[1.002s] DEBUG:colcon.colcon_core.shell:Skip shell extension 'dsv' for command environment
[1.394s] INFO:colcon.colcon_core.task.python.build:Building Python package in '/home/dh/ros2_ev_test2/src/hello_ev_service_py'
[1.395s] INFO:colcon.colcon_core.shell:Skip shell extension 'powershell' for command environment: Not usable outside of PowerShell
[1.395s] DEBUG:colcon.colcon_core.shell:Skip shell extension 'dsv' for command environment
[2.036s] DEBUG:colcon.colcon_core.event_handler.log_command:Invoking command in '/home/dh/ros2_ev_test2/build/hello_ev_service_py': PYTHONPATH=/home/dh/ros2_ev_test2/build/hello_ev_service_py/prefix_override:/usr/lib/python3/dist-packages/colcon_core/task/python/colcon_distutils_commands:/home/dh/ros2_ev_test2/install/hello_ev_service_py/lib/python3.8/site-packages:/home/dh/ros2_ev_test2/install/hello_ev_interfaces/lib/python3.8/site-packages:/home/dh/ros2_ev_test2/build/hello_ev_service_py:/home/dh/ros2_ev_test2/install/hello_ev_service_py/lib/python3.8/site-packages:/opt/ros/foxy/lib/python3.8/site-packages /usr/bin/python3 -W ignore:setup.py install is deprecated -W ignore:easy_install command is deprecated setup.py develop --uninstall --editable --build-directory /home/dh/ros2_ev_test2/build/hello_ev_service_py/build
[2.662s] DEBUG:colcon.colcon_core.event_handler.log_command:Invoked command in '/home/dh/ros2_ev_test2/build/hello_ev_service_py' returned '0': PYTHONPATH=/home/dh/ros2_ev_test2/build/hello_ev_service_py/prefix_override:/usr/lib/python3/dist-packages/colcon_core/task/python/colcon_distutils_commands:/home/dh/ros2_ev_test2/install/hello_ev_service_py/lib/python3.8/site-packages:/home/dh/ros2_ev_test2/install/hello_ev_interfaces/lib/python3.8/site-packages:/home/dh/ros2_ev_test2/build/hello_ev_service_py:/home/dh/ros2_ev_test2/install/hello_ev_service_py/lib/python3.8/site-packages:/opt/ros/foxy/lib/python3.8/site-packages /usr/bin/python3 -W ignore:setup.py install is deprecated -W ignore:easy_install command is deprecated setup.py develop --uninstall --editable --build-directory /home/dh/ros2_ev_test2/build/hello_ev_service_py/build
[2.667s] DEBUG:colcon.colcon_core.event_handler.log_command:Invoking command in '/home/dh/ros2_ev_test2/src/hello_ev_service_py': PYTHONPATH=/home/dh/ros2_ev_test2/build/hello_ev_service_py/prefix_override:/usr/lib/python3/dist-packages/colcon_core/task/python/colcon_distutils_commands:/home/dh/ros2_ev_test2/install/hello_ev_service_py/lib/python3.8/site-packages:/home/dh/ros2_ev_test2/install/hello_ev_interfaces/lib/python3.8/site-packages:/home/dh/ros2_ev_test2/build/hello_ev_service_py:/home/dh/ros2_ev_test2/install/hello_ev_service_py/lib/python3.8/site-packages:/opt/ros/foxy/lib/python3.8/site-packages /usr/bin/python3 -W ignore:setup.py install is deprecated -W ignore:easy_install command is deprecated setup.py egg_info --egg-base ../../build/hello_ev_service_py build --build-base /home/dh/ros2_ev_test2/build/hello_ev_service_py/build install --record /home/dh/ros2_ev_test2/build/hello_ev_service_py/install.log --install-scripts $base/lib/hello_ev_service_py --single-version-externally-managed install_data --force
[3.221s] DEBUG:colcon.colcon_core.event_handler.log_command:Invoked command in '/home/dh/ros2_ev_test2/src/hello_ev_service_py' returned '0': PYTHONPATH=/home/dh/ros2_ev_test2/build/hello_ev_service_py/prefix_override:/usr/lib/python3/dist-packages/colcon_core/task/python/colcon_distutils_commands:/home/dh/ros2_ev_test2/install/hello_ev_service_py/lib/python3.8/site-packages:/home/dh/ros2_ev_test2/install/hello_ev_interfaces/lib/python3.8/site-packages:/home/dh/ros2_ev_test2/build/hello_ev_service_py:/home/dh/ros2_ev_test2/install/hello_ev_service_py/lib/python3.8/site-packages:/opt/ros/foxy/lib/python3.8/site-packages /usr/bin/python3 -W ignore:setup.py install is deprecated -W ignore:easy_install command is deprecated setup.py egg_info --egg-base ../../build/hello_ev_service_py build --build-base /home/dh/ros2_ev_test2/build/hello_ev_service_py/build install --record /home/dh/ros2_ev_test2/build/hello_ev_service_py/install.log --install-scripts $base/lib/hello_ev_service_py --single-version-externally-managed install_data --force
[3.226s] Level 1:colcon.colcon_core.environment:checking '/home/dh/ros2_ev_test2/install/hello_ev_service_py' for CMake module files
[3.226s] Level 1:colcon.colcon_core.environment:checking '/home/dh/ros2_ev_test2/install/hello_ev_service_py' for CMake config files
[3.228s] Level 1:colcon.colcon_core.environment:checking '/home/dh/ros2_ev_test2/install/hello_ev_service_py/lib'
[3.228s] Level 1:colcon.colcon_core.environment:checking '/home/dh/ros2_ev_test2/install/hello_ev_service_py/bin'
[3.229s] Level 1:colcon.colcon_core.environment:checking '/home/dh/ros2_ev_test2/install/hello_ev_service_py/lib/pkgconfig/hello_ev_service_py.pc'
[3.229s] Level 1:colcon.colcon_core.environment:checking '/home/dh/ros2_ev_test2/install/hello_ev_service_py/lib/python3.8/site-packages'
[3.229s] Level 1:colcon.colcon_core.shell:create_environment_hook('hello_ev_service_py', 'pythonpath')
[3.230s] INFO:colcon.colcon_core.shell:Creating environment hook '/home/dh/ros2_ev_test2/install/hello_ev_service_py/share/hello_ev_service_py/hook/pythonpath.ps1'
[3.231s] INFO:colcon.colcon_core.shell:Creating environment descriptor '/home/dh/ros2_ev_test2/install/hello_ev_service_py/share/hello_ev_service_py/hook/pythonpath.dsv'
[3.232s] INFO:colcon.colcon_core.shell:Creating environment hook '/home/dh/ros2_ev_test2/install/hello_ev_service_py/share/hello_ev_service_py/hook/pythonpath.sh'
[3.235s] Level 1:colcon.colcon_core.environment:checking '/home/dh/ros2_ev_test2/install/hello_ev_service_py/bin'
[3.235s] Level 1:colcon.colcon_core.environment:create_environment_scripts_only(hello_ev_service_py)
[3.235s] INFO:colcon.colcon_core.shell:Creating package script '/home/dh/ros2_ev_test2/install/hello_ev_service_py/share/hello_ev_service_py/package.ps1'
[3.237s] INFO:colcon.colcon_core.shell:Creating package descriptor '/home/dh/ros2_ev_test2/install/hello_ev_service_py/share/hello_ev_service_py/package.dsv'
[3.238s] INFO:colcon.colcon_core.shell:Creating package script '/home/dh/ros2_ev_test2/install/hello_ev_service_py/share/hello_ev_service_py/package.sh'
[3.241s] INFO:colcon.colcon_core.shell:Creating package script '/home/dh/ros2_ev_test2/install/hello_ev_service_py/share/hello_ev_service_py/package.bash'
[3.244s] INFO:colcon.colcon_core.shell:Creating package script '/home/dh/ros2_ev_test2/install/hello_ev_service_py/share/hello_ev_service_py/package.zsh'
[3.246s] Level 1:colcon.colcon_core.environment:create_file_with_runtime_dependencies(/home/dh/ros2_ev_test2/install/hello_ev_service_py/share/colcon-core/packages/hello_ev_service_py)
[3.248s] DEBUG:colcon.colcon_parallel_executor.executor.parallel:closing loop
[3.249s] DEBUG:colcon.colcon_parallel_executor.executor.parallel:loop closed
[3.249s] DEBUG:colcon.colcon_parallel_executor.executor.parallel:run_until_complete finished with '0'
[3.249s] DEBUG:colcon.colcon_core.event_reactor:joining thread
[3.259s] INFO:colcon.colcon_core.plugin_system:Skipping extension 'colcon_notification.desktop_notification.terminal_notifier': Not used on non-Darwin systems
[3.259s] INFO:colcon.colcon_core.plugin_system:Skipping extension 'colcon_notification.desktop_notification.win32': Not used on non-Windows systems
[3.259s] INFO:colcon.colcon_notification.desktop_notification:Sending desktop notification using 'notify2'
[3.303s] DEBUG:colcon.colcon_core.event_reactor:joined thread
[3.304s] INFO:colcon.colcon_core.shell:Creating prefix script '/home/dh/ros2_ev_test2/install/local_setup.ps1'
[3.307s] INFO:colcon.colcon_core.shell:Creating prefix util module '/home/dh/ros2_ev_test2/install/_local_setup_util_ps1.py'
[3.310s] INFO:colcon.colcon_core.shell:Creating prefix chain script '/home/dh/ros2_ev_test2/install/setup.ps1'
[3.313s] INFO:colcon.colcon_core.shell:Creating prefix script '/home/dh/ros2_ev_test2/install/local_setup.sh'
[3.315s] INFO:colcon.colcon_core.shell:Creating prefix util module '/home/dh/ros2_ev_test2/install/_local_setup_util_sh.py'
[3.318s] INFO:colcon.colcon_core.shell:Creating prefix chain script '/home/dh/ros2_ev_test2/install/setup.sh'
[3.321s] INFO:colcon.colcon_core.shell:Creating prefix script '/home/dh/ros2_ev_test2/install/local_setup.bash'
[3.323s] INFO:colcon.colcon_core.shell:Creating prefix chain script '/home/dh/ros2_ev_test2/install/setup.bash'
[3.325s] INFO:colcon.colcon_core.shell:Creating prefix script '/home/dh/ros2_ev_test2/install/local_setup.zsh'
[3.327s] INFO:colcon.colcon_core.shell:Creating prefix chain script '/home/dh/ros2_ev_test2/install/setup.zsh'
