/home/dh/.local/lib/python3.8/site-packages/setuptools/dist.py:642: UserWarning: Usage of dash-separated 'script-dir' will not be supported in future versions. Please use the underscore name 'script_dir' instead
  warnings.warn(
running egg_info
writing ../../build/uuv_webrtc_ros/uuv_webrtc_ros.egg-info/PKG-INFO
writing dependency_links to ../../build/uuv_webrtc_ros/uuv_webrtc_ros.egg-info/dependency_links.txt
writing entry points to ../../build/uuv_webrtc_ros/uuv_webrtc_ros.egg-info/entry_points.txt
writing requirements to ../../build/uuv_webrtc_ros/uuv_webrtc_ros.egg-info/requires.txt
writing top-level names to ../../build/uuv_webrtc_ros/uuv_webrtc_ros.egg-info/top_level.txt
reading manifest file '../../build/uuv_webrtc_ros/uuv_webrtc_ros.egg-info/SOURCES.txt'
writing manifest file '../../build/uuv_webrtc_ros/uuv_webrtc_ros.egg-info/SOURCES.txt'
running build
running build_py
copying uuv_webrtc_ros/image_publisher.py -> /home/dh/uuv_ws/build/uuv_webrtc_ros/build/lib/uuv_webrtc_ros
running install
running install_lib
copying /home/dh/uuv_ws/build/uuv_webrtc_ros/build/lib/uuv_webrtc_ros/image_publisher.py -> /home/dh/uuv_ws/install/uuv_webrtc_ros/lib/python3.8/site-packages/uuv_webrtc_ros
byte-compiling /home/dh/uuv_ws/install/uuv_webrtc_ros/lib/python3.8/site-packages/uuv_webrtc_ros/image_publisher.py to image_publisher.cpython-38.pyc
running install_data
running install_egg_info
removing '/home/dh/uuv_ws/install/uuv_webrtc_ros/lib/python3.8/site-packages/uuv_webrtc_ros-0.0.0-py3.8.egg-info' (and everything under it)
Copying ../../build/uuv_webrtc_ros/uuv_webrtc_ros.egg-info to /home/dh/uuv_ws/install/uuv_webrtc_ros/lib/python3.8/site-packages/uuv_webrtc_ros-0.0.0-py3.8.egg-info
running install_scripts
Installing image_publisher script to /home/dh/uuv_ws/install/uuv_webrtc_ros/lib/uuv_webrtc_ros
Installing image_subscriber script to /home/dh/uuv_ws/install/uuv_webrtc_ros/lib/uuv_webrtc_ros
writing list of installed files to '/home/dh/uuv_ws/build/uuv_webrtc_ros/install.log'
