[0.272s] DEBUG:colcon:Command line arguments: ['/usr/bin/colcon', 'build', '--packages-select', 'hello_ev_service_py']
[0.272s] DEBUG:colcon:Parsed command line arguments: Namespace(allow_overriding=[], ament_cmake_args=None, base_paths=['.'], build_base='build', catkin_cmake_args=None, catkin_skip_building_tests=False, cmake_args=None, cmake_clean_cache=False, cmake_clean_first=False, cmake_force_configure=False, cmake_target=None, cmake_target_skip_unavailable=False, continue_on_error=False, event_handlers=None, executor='parallel', ignore_user_meta=False, install_base='install', log_base=None, log_level=None, main=<bound method BuildVerb.main of <colcon_core.verb.build.BuildVerb object at 0x7f8348c017f0>>, merge_install=False, metas=['./colcon.meta'], packages_above=None, packages_above_and_dependencies=None, packages_above_depth=None, packages_end=None, packages_ignore=None, packages_ignore_regex=None, packages_select=['hello_ev_service_py'], packages_select_build_failed=False, packages_select_by_dep=None, packages_select_regex=None, packages_select_test_failures=False, packages_skip=None, packages_skip_build_finished=False, packages_skip_by_dep=None, packages_skip_regex=None, packages_skip_test_passed=False, packages_skip_up_to=None, packages_start=None, packages_up_to=None, packages_up_to_regex=None, parallel_workers=2, paths=None, symlink_install=False, test_result_base=None, verb_extension=<colcon_core.verb.build.BuildVerb object at 0x7f8348c017f0>, verb_name='build', verb_parser=<colcon_defaults.argument_parser.defaults.DefaultArgumentsDecorator object at 0x7f8348add9d0>)
[0.490s] Level 1:colcon.colcon_core.package_discovery:discover_packages(colcon_meta) check parameters
[0.491s] Level 1:colcon.colcon_core.package_discovery:discover_packages(recursive) check parameters
[0.491s] Level 1:colcon.colcon_core.package_discovery:discover_packages(ignore) check parameters
[0.491s] Level 1:colcon.colcon_core.package_discovery:discover_packages(path) check parameters
[0.491s] Level 1:colcon.colcon_core.package_discovery:discover_packages(colcon_meta) discover
[0.491s] Level 1:colcon.colcon_core.package_discovery:discover_packages(recursive) discover
[0.492s] INFO:colcon.colcon_core.package_discovery:Crawling recursively for packages in '/home/dh/ros2_ev_test2'
[0.492s] Level 1:colcon.colcon_core.package_identification:_identify(.) by extensions ['ignore', 'ignore_ament_install']
[0.492s] Level 1:colcon.colcon_core.package_identification:_identify(.) by extension 'ignore'
[0.492s] Level 1:colcon.colcon_core.package_identification:_identify(.) by extension 'ignore_ament_install'
[0.493s] Level 1:colcon.colcon_core.package_identification:_identify(.) by extensions ['colcon_pkg']
[0.493s] Level 1:colcon.colcon_core.package_identification:_identify(.) by extension 'colcon_pkg'
[0.493s] Level 1:colcon.colcon_core.package_identification:_identify(.) by extensions ['colcon_meta']
[0.493s] Level 1:colcon.colcon_core.package_identification:_identify(.) by extension 'colcon_meta'
[0.494s] Level 1:colcon.colcon_core.package_identification:_identify(.) by extensions ['ros']
[0.494s] Level 1:colcon.colcon_core.package_identification:_identify(.) by extension 'ros'
[0.513s] Level 1:colcon.colcon_core.package_identification:_identify(.) by extensions ['cmake', 'python']
[0.514s] Level 1:colcon.colcon_core.package_identification:_identify(.) by extension 'cmake'
[0.514s] Level 1:colcon.colcon_core.package_identification:_identify(.) by extension 'python'
[0.514s] Level 1:colcon.colcon_core.package_identification:_identify(.) by extensions ['python_setup_py']
[0.514s] Level 1:colcon.colcon_core.package_identification:_identify(.) by extension 'python_setup_py'
[0.515s] Level 1:colcon.colcon_core.package_identification:_identify(build) by extensions ['ignore', 'ignore_ament_install']
[0.515s] Level 1:colcon.colcon_core.package_identification:_identify(build) by extension 'ignore'
[0.515s] Level 1:colcon.colcon_core.package_identification:_identify(build) ignored
[0.515s] Level 1:colcon.colcon_core.package_identification:_identify(install) by extensions ['ignore', 'ignore_ament_install']
[0.516s] Level 1:colcon.colcon_core.package_identification:_identify(install) by extension 'ignore'
[0.516s] Level 1:colcon.colcon_core.package_identification:_identify(install) ignored
[0.516s] Level 1:colcon.colcon_core.package_identification:_identify(log) by extensions ['ignore', 'ignore_ament_install']
[0.516s] Level 1:colcon.colcon_core.package_identification:_identify(log) by extension 'ignore'
[0.516s] Level 1:colcon.colcon_core.package_identification:_identify(log) ignored
[0.517s] Level 1:colcon.colcon_core.package_identification:_identify(src) by extensions ['ignore', 'ignore_ament_install']
[0.517s] Level 1:colcon.colcon_core.package_identification:_identify(src) by extension 'ignore'
[0.517s] Level 1:colcon.colcon_core.package_identification:_identify(src) by extension 'ignore_ament_install'
[0.518s] Level 1:colcon.colcon_core.package_identification:_identify(src) by extensions ['colcon_pkg']
[0.518s] Level 1:colcon.colcon_core.package_identification:_identify(src) by extension 'colcon_pkg'
[0.518s] Level 1:colcon.colcon_core.package_identification:_identify(src) by extensions ['colcon_meta']
[0.518s] Level 1:colcon.colcon_core.package_identification:_identify(src) by extension 'colcon_meta'
[0.518s] Level 1:colcon.colcon_core.package_identification:_identify(src) by extensions ['ros']
[0.518s] Level 1:colcon.colcon_core.package_identification:_identify(src) by extension 'ros'
[0.519s] Level 1:colcon.colcon_core.package_identification:_identify(src) by extensions ['cmake', 'python']
[0.519s] Level 1:colcon.colcon_core.package_identification:_identify(src) by extension 'cmake'
[0.519s] Level 1:colcon.colcon_core.package_identification:_identify(src) by extension 'python'
[0.519s] Level 1:colcon.colcon_core.package_identification:_identify(src) by extensions ['python_setup_py']
[0.520s] Level 1:colcon.colcon_core.package_identification:_identify(src) by extension 'python_setup_py'
[0.520s] Level 1:colcon.colcon_core.package_identification:_identify(src/hello_ev_interfaces) by extensions ['ignore', 'ignore_ament_install']
[0.520s] Level 1:colcon.colcon_core.package_identification:_identify(src/hello_ev_interfaces) by extension 'ignore'
[0.520s] Level 1:colcon.colcon_core.package_identification:_identify(src/hello_ev_interfaces) by extension 'ignore_ament_install'
[0.521s] Level 1:colcon.colcon_core.package_identification:_identify(src/hello_ev_interfaces) by extensions ['colcon_pkg']
[0.521s] Level 1:colcon.colcon_core.package_identification:_identify(src/hello_ev_interfaces) by extension 'colcon_pkg'
[0.521s] Level 1:colcon.colcon_core.package_identification:_identify(src/hello_ev_interfaces) by extensions ['colcon_meta']
[0.521s] Level 1:colcon.colcon_core.package_identification:_identify(src/hello_ev_interfaces) by extension 'colcon_meta'
[0.521s] Level 1:colcon.colcon_core.package_identification:_identify(src/hello_ev_interfaces) by extensions ['ros']
[0.522s] Level 1:colcon.colcon_core.package_identification:_identify(src/hello_ev_interfaces) by extension 'ros'
[0.524s] DEBUG:colcon.colcon_core.package_identification:Package 'src/hello_ev_interfaces' with type 'ros.catkin' and name 'hello_ev_interfaces'
[0.525s] Level 1:colcon.colcon_core.package_identification:_identify(src/hello_ev_service_py) by extensions ['ignore', 'ignore_ament_install']
[0.525s] Level 1:colcon.colcon_core.package_identification:_identify(src/hello_ev_service_py) by extension 'ignore'
[0.525s] Level 1:colcon.colcon_core.package_identification:_identify(src/hello_ev_service_py) by extension 'ignore_ament_install'
[0.525s] Level 1:colcon.colcon_core.package_identification:_identify(src/hello_ev_service_py) by extensions ['colcon_pkg']
[0.526s] Level 1:colcon.colcon_core.package_identification:_identify(src/hello_ev_service_py) by extension 'colcon_pkg'
[0.526s] Level 1:colcon.colcon_core.package_identification:_identify(src/hello_ev_service_py) by extensions ['colcon_meta']
[0.526s] Level 1:colcon.colcon_core.package_identification:_identify(src/hello_ev_service_py) by extension 'colcon_meta'
[0.526s] Level 1:colcon.colcon_core.package_identification:_identify(src/hello_ev_service_py) by extensions ['ros']
[0.527s] Level 1:colcon.colcon_core.package_identification:_identify(src/hello_ev_service_py) by extension 'ros'
[0.528s] DEBUG:colcon.colcon_core.package_identification:Package 'src/hello_ev_service_py' with type 'ros.ament_python' and name 'hello_ev_service_py'
[0.528s] Level 1:colcon.colcon_core.package_discovery:discover_packages(recursive) using defaults
[0.528s] Level 1:colcon.colcon_core.package_discovery:discover_packages(ignore) discover
[0.528s] Level 1:colcon.colcon_core.package_discovery:discover_packages(ignore) using defaults
[0.529s] Level 1:colcon.colcon_core.package_discovery:discover_packages(path) discover
[0.529s] Level 1:colcon.colcon_core.package_discovery:discover_packages(path) using defaults
[0.554s] INFO:colcon.colcon_core.package_selection:Skipping not selected package 'hello_ev_interfaces' in 'src/hello_ev_interfaces'
[0.555s] Level 1:colcon.colcon_core.package_discovery:discover_packages(prefix_path) check parameters
[0.556s] Level 1:colcon.colcon_core.package_discovery:discover_packages(prefix_path) discover
[0.558s] DEBUG:colcon.colcon_installed_package_information.package_discovery:Found 2 installed packages in /home/dh/ros2_ev_test2/install
[0.560s] DEBUG:colcon.colcon_installed_package_information.package_discovery:Found 256 installed packages in /opt/ros/foxy
[0.563s] Level 1:colcon.colcon_core.package_discovery:discover_packages(prefix_path) using defaults
[0.663s] Level 5:colcon.colcon_core.verb:set package 'hello_ev_service_py' build argument 'cmake_args' from command line to 'None'
[0.663s] Level 5:colcon.colcon_core.verb:set package 'hello_ev_service_py' build argument 'cmake_target' from command line to 'None'
[0.663s] Level 5:colcon.colcon_core.verb:set package 'hello_ev_service_py' build argument 'cmake_target_skip_unavailable' from command line to 'False'
[0.663s] Level 5:colcon.colcon_core.verb:set package 'hello_ev_service_py' build argument 'cmake_clean_cache' from command line to 'False'
[0.664s] Level 5:colcon.colcon_core.verb:set package 'hello_ev_service_py' build argument 'cmake_clean_first' from command line to 'False'
[0.664s] Level 5:colcon.colcon_core.verb:set package 'hello_ev_service_py' build argument 'cmake_force_configure' from command line to 'False'
[0.664s] Level 5:colcon.colcon_core.verb:set package 'hello_ev_service_py' build argument 'ament_cmake_args' from command line to 'None'
[0.664s] Level 5:colcon.colcon_core.verb:set package 'hello_ev_service_py' build argument 'catkin_cmake_args' from command line to 'None'
[0.664s] Level 5:colcon.colcon_core.verb:set package 'hello_ev_service_py' build argument 'catkin_skip_building_tests' from command line to 'False'
[0.664s] DEBUG:colcon.colcon_core.verb:Building package 'hello_ev_service_py' with the following arguments: {'ament_cmake_args': None, 'build_base': '/home/dh/ros2_ev_test2/build/hello_ev_service_py', 'catkin_cmake_args': None, 'catkin_skip_building_tests': False, 'cmake_args': None, 'cmake_clean_cache': False, 'cmake_clean_first': False, 'cmake_force_configure': False, 'cmake_target': None, 'cmake_target_skip_unavailable': False, 'install_base': '/home/dh/ros2_ev_test2/install/hello_ev_service_py', 'merge_install': False, 'path': '/home/dh/ros2_ev_test2/src/hello_ev_service_py', 'symlink_install': False, 'test_result_base': None}
[0.665s] INFO:colcon.colcon_core.executor:Executing jobs using 'parallel' executor
[0.667s] DEBUG:colcon.colcon_parallel_executor.executor.parallel:run_until_complete
[0.667s] INFO:colcon.colcon_ros.task.ament_python.build:Building ROS package in '/home/dh/ros2_ev_test2/src/hello_ev_service_py' with build type 'ament_python'
[0.668s] Level 1:colcon.colcon_core.shell:create_environment_hook('hello_ev_service_py', 'ament_prefix_path')
[0.671s] INFO:colcon.colcon_core.plugin_system:Skipping extension 'colcon_core.shell.bat': Not used on non-Windows systems
[0.671s] INFO:colcon.colcon_core.shell:Creating environment hook '/home/dh/ros2_ev_test2/install/hello_ev_service_py/share/hello_ev_service_py/hook/ament_prefix_path.ps1'
[0.672s] INFO:colcon.colcon_core.shell:Creating environment descriptor '/home/dh/ros2_ev_test2/install/hello_ev_service_py/share/hello_ev_service_py/hook/ament_prefix_path.dsv'
[0.674s] INFO:colcon.colcon_core.shell:Creating environment hook '/home/dh/ros2_ev_test2/install/hello_ev_service_py/share/hello_ev_service_py/hook/ament_prefix_path.sh'
[0.675s] INFO:colcon.colcon_core.shell:Skip shell extension 'powershell' for command environment: Not usable outside of PowerShell
[0.675s] DEBUG:colcon.colcon_core.shell:Skip shell extension 'dsv' for command environment
[1.149s] INFO:colcon.colcon_core.task.python.build:Building Python package in '/home/dh/ros2_ev_test2/src/hello_ev_service_py'
[1.150s] INFO:colcon.colcon_core.shell:Skip shell extension 'powershell' for command environment: Not usable outside of PowerShell
[1.151s] DEBUG:colcon.colcon_core.shell:Skip shell extension 'dsv' for command environment
[1.773s] DEBUG:colcon.colcon_core.event_handler.log_command:Invoking command in '/home/dh/ros2_ev_test2/src/hello_ev_service_py': PYTHONPATH=/home/dh/ros2_ev_test2/build/hello_ev_service_py/prefix_override:/usr/lib/python3/dist-packages/colcon_core/task/python/colcon_distutils_commands:/home/dh/ros2_ev_test2/install/hello_ev_service_py/lib/python3.8/site-packages:/home/dh/ros2_ev_test2/install/hello_ev_interfaces/lib/python3.8/site-packages:/home/dh/ros2_ev_test2/build/hello_ev_service_py:/home/dh/ros2_ev_test2/install/hello_ev_service_py/lib/python3.8/site-packages:/opt/ros/foxy/lib/python3.8/site-packages /usr/bin/python3 -W ignore:setup.py install is deprecated -W ignore:easy_install command is deprecated setup.py egg_info --egg-base ../../build/hello_ev_service_py build --build-base /home/dh/ros2_ev_test2/build/hello_ev_service_py/build install --record /home/dh/ros2_ev_test2/build/hello_ev_service_py/install.log --install-scripts $base/lib/hello_ev_service_py --single-version-externally-managed install_data
[2.271s] DEBUG:colcon.colcon_core.event_handler.log_command:Invoked command in '/home/dh/ros2_ev_test2/src/hello_ev_service_py' returned '0': PYTHONPATH=/home/dh/ros2_ev_test2/build/hello_ev_service_py/prefix_override:/usr/lib/python3/dist-packages/colcon_core/task/python/colcon_distutils_commands:/home/dh/ros2_ev_test2/install/hello_ev_service_py/lib/python3.8/site-packages:/home/dh/ros2_ev_test2/install/hello_ev_interfaces/lib/python3.8/site-packages:/home/dh/ros2_ev_test2/build/hello_ev_service_py:/home/dh/ros2_ev_test2/install/hello_ev_service_py/lib/python3.8/site-packages:/opt/ros/foxy/lib/python3.8/site-packages /usr/bin/python3 -W ignore:setup.py install is deprecated -W ignore:easy_install command is deprecated setup.py egg_info --egg-base ../../build/hello_ev_service_py build --build-base /home/dh/ros2_ev_test2/build/hello_ev_service_py/build install --record /home/dh/ros2_ev_test2/build/hello_ev_service_py/install.log --install-scripts $base/lib/hello_ev_service_py --single-version-externally-managed install_data
[2.275s] Level 1:colcon.colcon_core.environment:checking '/home/dh/ros2_ev_test2/install/hello_ev_service_py' for CMake module files
[2.276s] Level 1:colcon.colcon_core.environment:checking '/home/dh/ros2_ev_test2/install/hello_ev_service_py' for CMake config files
[2.279s] Level 1:colcon.colcon_core.environment:checking '/home/dh/ros2_ev_test2/install/hello_ev_service_py/lib'
[2.279s] Level 1:colcon.colcon_core.environment:checking '/home/dh/ros2_ev_test2/install/hello_ev_service_py/bin'
[2.279s] Level 1:colcon.colcon_core.environment:checking '/home/dh/ros2_ev_test2/install/hello_ev_service_py/lib/pkgconfig/hello_ev_service_py.pc'
[2.280s] Level 1:colcon.colcon_core.environment:checking '/home/dh/ros2_ev_test2/install/hello_ev_service_py/lib/python3.8/site-packages'
[2.280s] Level 1:colcon.colcon_core.shell:create_environment_hook('hello_ev_service_py', 'pythonpath')
[2.281s] INFO:colcon.colcon_core.shell:Creating environment hook '/home/dh/ros2_ev_test2/install/hello_ev_service_py/share/hello_ev_service_py/hook/pythonpath.ps1'
[2.283s] INFO:colcon.colcon_core.shell:Creating environment descriptor '/home/dh/ros2_ev_test2/install/hello_ev_service_py/share/hello_ev_service_py/hook/pythonpath.dsv'
[2.284s] INFO:colcon.colcon_core.shell:Creating environment hook '/home/dh/ros2_ev_test2/install/hello_ev_service_py/share/hello_ev_service_py/hook/pythonpath.sh'
[2.285s] Level 1:colcon.colcon_core.environment:checking '/home/dh/ros2_ev_test2/install/hello_ev_service_py/bin'
[2.286s] Level 1:colcon.colcon_core.environment:create_environment_scripts_only(hello_ev_service_py)
[2.286s] INFO:colcon.colcon_core.shell:Creating package script '/home/dh/ros2_ev_test2/install/hello_ev_service_py/share/hello_ev_service_py/package.ps1'
[2.289s] INFO:colcon.colcon_core.shell:Creating package descriptor '/home/dh/ros2_ev_test2/install/hello_ev_service_py/share/hello_ev_service_py/package.dsv'
[2.290s] INFO:colcon.colcon_core.shell:Creating package script '/home/dh/ros2_ev_test2/install/hello_ev_service_py/share/hello_ev_service_py/package.sh'
[2.292s] INFO:colcon.colcon_core.shell:Creating package script '/home/dh/ros2_ev_test2/install/hello_ev_service_py/share/hello_ev_service_py/package.bash'
[2.294s] INFO:colcon.colcon_core.shell:Creating package script '/home/dh/ros2_ev_test2/install/hello_ev_service_py/share/hello_ev_service_py/package.zsh'
[2.296s] Level 1:colcon.colcon_core.environment:create_file_with_runtime_dependencies(/home/dh/ros2_ev_test2/install/hello_ev_service_py/share/colcon-core/packages/hello_ev_service_py)
[2.297s] DEBUG:colcon.colcon_parallel_executor.executor.parallel:closing loop
[2.298s] DEBUG:colcon.colcon_parallel_executor.executor.parallel:loop closed
[2.300s] DEBUG:colcon.colcon_parallel_executor.executor.parallel:run_until_complete finished with '0'
[2.300s] DEBUG:colcon.colcon_core.event_reactor:joining thread
[2.315s] INFO:colcon.colcon_core.plugin_system:Skipping extension 'colcon_notification.desktop_notification.terminal_notifier': Not used on non-Darwin systems
[2.316s] INFO:colcon.colcon_core.plugin_system:Skipping extension 'colcon_notification.desktop_notification.win32': Not used on non-Windows systems
[2.316s] INFO:colcon.colcon_notification.desktop_notification:Sending desktop notification using 'notify2'
[2.341s] DEBUG:colcon.colcon_core.event_reactor:joined thread
[2.342s] INFO:colcon.colcon_core.shell:Creating prefix script '/home/dh/ros2_ev_test2/install/local_setup.ps1'
[2.346s] INFO:colcon.colcon_core.shell:Creating prefix util module '/home/dh/ros2_ev_test2/install/_local_setup_util_ps1.py'
[2.350s] INFO:colcon.colcon_core.shell:Creating prefix chain script '/home/dh/ros2_ev_test2/install/setup.ps1'
[2.354s] INFO:colcon.colcon_core.shell:Creating prefix script '/home/dh/ros2_ev_test2/install/local_setup.sh'
[2.356s] INFO:colcon.colcon_core.shell:Creating prefix util module '/home/dh/ros2_ev_test2/install/_local_setup_util_sh.py'
[2.358s] INFO:colcon.colcon_core.shell:Creating prefix chain script '/home/dh/ros2_ev_test2/install/setup.sh'
[2.360s] INFO:colcon.colcon_core.shell:Creating prefix script '/home/dh/ros2_ev_test2/install/local_setup.bash'
[2.361s] INFO:colcon.colcon_core.shell:Creating prefix chain script '/home/dh/ros2_ev_test2/install/setup.bash'
[2.364s] INFO:colcon.colcon_core.shell:Creating prefix script '/home/dh/ros2_ev_test2/install/local_setup.zsh'
[2.366s] INFO:colcon.colcon_core.shell:Creating prefix chain script '/home/dh/ros2_ev_test2/install/setup.zsh'
