[2.806s] Invoking command in '/home/dh/uuv_ws/src/uuv_webrtc_ros': PYTHONPATH=/home/dh/uuv_ws/build/uuv_webrtc_ros/prefix_override:/usr/lib/python3/dist-packages/colcon_core/task/python/colcon_distutils_commands:/home/dh/uuv_ws/install/uuv_webrtc_ros/lib/python3.8/site-packages:${PYTHONPATH} /usr/bin/python3 -W ignore:setup.py install is deprecated -W ignore:easy_install command is deprecated setup.py egg_info --egg-base ../../build/uuv_webrtc_ros build --build-base /home/dh/uuv_ws/build/uuv_webrtc_ros/build install --record /home/dh/uuv_ws/build/uuv_webrtc_ros/install.log --install-scripts $base/lib/uuv_webrtc_ros --single-version-externally-managed install_data
[3.389s] /home/dh/.local/lib/python3.8/site-packages/setuptools/dist.py:495: SetuptoolsDeprecationWarning: Invalid dash-separated options
[3.390s] !!
[3.390s] 
[3.391s]         ********************************************************************************
[3.391s]         Usage of dash-separated 'script-dir' will not be supported in future
[3.391s]         versions. Please use the underscore name 'script_dir' instead.
[3.391s] 
[3.392s]         This deprecation is overdue, please update your project and remove deprecated
[3.392s]         calls to avoid build errors in the future.
[3.392s] 
[3.393s]         See https://setuptools.pypa.io/en/latest/userguide/declarative_config.html for details.
[3.393s]         ********************************************************************************
[3.393s] 
[3.393s] !!
[3.394s]   opt = self.warn_dash_deprecation(opt, section)
[3.455s] /home/dh/.local/lib/python3.8/site-packages/setuptools/_distutils/dist.py:261: UserWarning: Unknown distribution option: 'tests_require'
[3.455s]   warnings.warn(msg)
[3.718s] running egg_info
[3.763s] writing ../../build/uuv_webrtc_ros/uuv_webrtc_ros.egg-info/PKG-INFO
[3.763s] writing dependency_links to ../../build/uuv_webrtc_ros/uuv_webrtc_ros.egg-info/dependency_links.txt
[3.763s] writing entry points to ../../build/uuv_webrtc_ros/uuv_webrtc_ros.egg-info/entry_points.txt
[3.767s] writing requirements to ../../build/uuv_webrtc_ros/uuv_webrtc_ros.egg-info/requires.txt
[3.767s] writing top-level names to ../../build/uuv_webrtc_ros/uuv_webrtc_ros.egg-info/top_level.txt
[4.175s] reading manifest file '../../build/uuv_webrtc_ros/uuv_webrtc_ros.egg-info/SOURCES.txt'
[4.180s] writing manifest file '../../build/uuv_webrtc_ros/uuv_webrtc_ros.egg-info/SOURCES.txt'
[4.182s] running build
[4.182s] running build_py
[4.183s] copying uuv_webrtc_ros/__init__.py -> /home/dh/uuv_ws/build/uuv_webrtc_ros/build/lib/uuv_webrtc_ros
[4.184s] copying uuv_webrtc_ros/image_subscriber.py -> /home/dh/uuv_ws/build/uuv_webrtc_ros/build/lib/uuv_webrtc_ros
[4.188s] copying uuv_webrtc_ros/yolov5_detector.py -> /home/dh/uuv_ws/build/uuv_webrtc_ros/build/lib/uuv_webrtc_ros
[4.188s] copying uuv_webrtc_ros/image_publisher.py -> /home/dh/uuv_ws/build/uuv_webrtc_ros/build/lib/uuv_webrtc_ros
[4.188s] running install
[4.197s] running install_lib
[4.244s] copying /home/dh/uuv_ws/build/uuv_webrtc_ros/build/lib/uuv_webrtc_ros/image_subscriber.py -> /home/dh/uuv_ws/install/uuv_webrtc_ros/lib/python3.8/site-packages/uuv_webrtc_ros
[4.247s] byte-compiling /home/dh/uuv_ws/install/uuv_webrtc_ros/lib/python3.8/site-packages/uuv_webrtc_ros/image_subscriber.py to image_subscriber.cpython-38.pyc
[4.251s] running install_data
[4.252s] copying resource/uuv_webrtc_ros -> /home/dh/uuv_ws/install/uuv_webrtc_ros/share/ament_index/resource_index/packages
[4.254s] copying package.xml -> /home/dh/uuv_ws/install/uuv_webrtc_ros/share/uuv_webrtc_ros
[4.255s] running install_egg_info
[4.312s] removing '/home/dh/uuv_ws/install/uuv_webrtc_ros/lib/python3.8/site-packages/uuv_webrtc_ros-0.0.0-py3.8.egg-info' (and everything under it)
[4.317s] Copying ../../build/uuv_webrtc_ros/uuv_webrtc_ros.egg-info to /home/dh/uuv_ws/install/uuv_webrtc_ros/lib/python3.8/site-packages/uuv_webrtc_ros-0.0.0-py3.8.egg-info
[4.317s] running install_scripts
[4.443s] Installing image_publisher script to /home/dh/uuv_ws/install/uuv_webrtc_ros/lib/uuv_webrtc_ros
[4.446s] Installing image_subscriber script to /home/dh/uuv_ws/install/uuv_webrtc_ros/lib/uuv_webrtc_ros
[4.447s] Installing yolov5_detector script to /home/dh/uuv_ws/install/uuv_webrtc_ros/lib/uuv_webrtc_ros
[4.447s] writing list of installed files to '/home/dh/uuv_ws/build/uuv_webrtc_ros/install.log'
[4.538s] Invoked command in '/home/dh/uuv_ws/src/uuv_webrtc_ros' returned '0': PYTHONPATH=/home/dh/uuv_ws/build/uuv_webrtc_ros/prefix_override:/usr/lib/python3/dist-packages/colcon_core/task/python/colcon_distutils_commands:/home/dh/uuv_ws/install/uuv_webrtc_ros/lib/python3.8/site-packages:${PYTHONPATH} /usr/bin/python3 -W ignore:setup.py install is deprecated -W ignore:easy_install command is deprecated setup.py egg_info --egg-base ../../build/uuv_webrtc_ros build --build-base /home/dh/uuv_ws/build/uuv_webrtc_ros/build install --record /home/dh/uuv_ws/build/uuv_webrtc_ros/install.log --install-scripts $base/lib/uuv_webrtc_ros --single-version-externally-managed install_data
