running egg_info
writing ../../build/underwater_control/underwater_control.egg-info/PKG-INFO
writing dependency_links to ../../build/underwater_control/underwater_control.egg-info/dependency_links.txt
writing entry points to ../../build/underwater_control/underwater_control.egg-info/entry_points.txt
writing requirements to ../../build/underwater_control/underwater_control.egg-info/requires.txt
writing top-level names to ../../build/underwater_control/underwater_control.egg-info/top_level.txt
reading manifest file '../../build/underwater_control/underwater_control.egg-info/SOURCES.txt'
writing manifest file '../../build/underwater_control/underwater_control.egg-info/SOURCES.txt'
running build
running build_py
copying underwater_control/image_processor.py -> /home/dh/underwater_ws_new/build/underwater_control/build/lib/underwater_control
copying underwater_control/serial_comm_node.py -> /home/dh/underwater_ws_new/build/underwater_control/build/lib/underwater_control
running install
running install_lib
copying /home/dh/underwater_ws_new/build/underwater_control/build/lib/underwater_control/image_processor.py -> /home/dh/underwater_ws_new/install/underwater_control/lib/python3.8/site-packages/underwater_control
copying /home/dh/underwater_ws_new/build/underwater_control/build/lib/underwater_control/serial_comm_node.py -> /home/dh/underwater_ws_new/install/underwater_control/lib/python3.8/site-packages/underwater_control
byte-compiling /home/dh/underwater_ws_new/install/underwater_control/lib/python3.8/site-packages/underwater_control/image_processor.py to image_processor.cpython-38.pyc
byte-compiling /home/dh/underwater_ws_new/install/underwater_control/lib/python3.8/site-packages/underwater_control/serial_comm_node.py to serial_comm_node.cpython-38.pyc
running install_data
running install_egg_info
removing '/home/dh/underwater_ws_new/install/underwater_control/lib/python3.8/site-packages/underwater_control-0.0.0-py3.8.egg-info' (and everything under it)
Copying ../../build/underwater_control/underwater_control.egg-info to /home/dh/underwater_ws_new/install/underwater_control/lib/python3.8/site-packages/underwater_control-0.0.0-py3.8.egg-info
running install_scripts
Installing camera_publisher script to /home/dh/underwater_ws_new/install/underwater_control/lib/underwater_control
Installing control_client script to /home/dh/underwater_ws_new/install/underwater_control/lib/underwater_control
Installing image_processor script to /home/dh/underwater_ws_new/install/underwater_control/lib/underwater_control
Installing serial_comm_node script to /home/dh/underwater_ws_new/install/underwater_control/lib/underwater_control
writing list of installed files to '/home/dh/underwater_ws_new/build/underwater_control/install.log'
