[0.976s] Invoking command in '/home/dh/underwater_ws_new/src/underwater_control': CMAKE_PREFIX_PATH=/home/dh/underwater_ws_new/install/custom_interfaces:${CMAKE_PREFIX_PATH} LD_LIBRARY_PATH=/home/dh/underwater_ws_new/install/custom_interfaces/lib:${LD_LIBRARY_PATH} PKG_CONFIG_PATH=/home/dh/underwater_ws_new/install/custom_interfaces/lib/x86_64-linux-gnu/pkgconfig:/home/dh/underwater_ws_new/install/custom_interfaces/lib/pkgconfig PYTHONPATH=/home/dh/underwater_ws_new/build/underwater_control/prefix_override:/usr/lib/python3/dist-packages/colcon_core/task/python/colcon_distutils_commands:/home/dh/underwater_ws_new/install/underwater_control/lib/python3.8/site-packages:/home/dh/underwater_ws_new/install/custom_interfaces/lib/python3.8/site-packages:${PYTHONPATH} ROS_PACKAGE_PATH=/home/dh/underwater_ws_new/install/custom_interfaces/share /usr/bin/python3 -W ignore:setup.py install is deprecated -W ignore:easy_install command is deprecated setup.py egg_info --egg-base ../../build/underwater_control build --build-base /home/dh/underwater_ws_new/build/underwater_control/build install --record /home/dh/underwater_ws_new/build/underwater_control/install.log --install-scripts $base/lib/underwater_control --single-version-externally-managed install_data
[1.308s] running egg_info
[1.309s] writing ../../build/underwater_control/underwater_control.egg-info/PKG-INFO
[1.311s] writing dependency_links to ../../build/underwater_control/underwater_control.egg-info/dependency_links.txt
[1.311s] writing entry points to ../../build/underwater_control/underwater_control.egg-info/entry_points.txt
[1.311s] writing requirements to ../../build/underwater_control/underwater_control.egg-info/requires.txt
[1.311s] writing top-level names to ../../build/underwater_control/underwater_control.egg-info/top_level.txt
[1.353s] reading manifest file '../../build/underwater_control/underwater_control.egg-info/SOURCES.txt'
[1.354s] writing manifest file '../../build/underwater_control/underwater_control.egg-info/SOURCES.txt'
[1.355s] running build
[1.355s] running build_py
[1.356s] running install
[1.357s] running install_lib
[1.360s] running install_data
[1.360s] running install_egg_info
[1.364s] removing '/home/dh/underwater_ws_new/install/underwater_control/lib/python3.8/site-packages/underwater_control-0.0.0-py3.8.egg-info' (and everything under it)
[1.364s] Copying ../../build/underwater_control/underwater_control.egg-info to /home/dh/underwater_ws_new/install/underwater_control/lib/python3.8/site-packages/underwater_control-0.0.0-py3.8.egg-info
[1.367s] running install_scripts
[1.394s] Installing camera_publisher script to /home/dh/underwater_ws_new/install/underwater_control/lib/underwater_control
[1.394s] Installing control_client script to /home/dh/underwater_ws_new/install/underwater_control/lib/underwater_control
[1.395s] Installing image_processor script to /home/dh/underwater_ws_new/install/underwater_control/lib/underwater_control
[1.395s] Installing serial_comm_node script to /home/dh/underwater_ws_new/install/underwater_control/lib/underwater_control
[1.396s] writing list of installed files to '/home/dh/underwater_ws_new/build/underwater_control/install.log'
[1.425s] Invoked command in '/home/dh/underwater_ws_new/src/underwater_control' returned '0': CMAKE_PREFIX_PATH=/home/dh/underwater_ws_new/install/custom_interfaces:${CMAKE_PREFIX_PATH} LD_LIBRARY_PATH=/home/dh/underwater_ws_new/install/custom_interfaces/lib:${LD_LIBRARY_PATH} PKG_CONFIG_PATH=/home/dh/underwater_ws_new/install/custom_interfaces/lib/x86_64-linux-gnu/pkgconfig:/home/dh/underwater_ws_new/install/custom_interfaces/lib/pkgconfig PYTHONPATH=/home/dh/underwater_ws_new/build/underwater_control/prefix_override:/usr/lib/python3/dist-packages/colcon_core/task/python/colcon_distutils_commands:/home/dh/underwater_ws_new/install/underwater_control/lib/python3.8/site-packages:/home/dh/underwater_ws_new/install/custom_interfaces/lib/python3.8/site-packages:${PYTHONPATH} ROS_PACKAGE_PATH=/home/dh/underwater_ws_new/install/custom_interfaces/share /usr/bin/python3 -W ignore:setup.py install is deprecated -W ignore:easy_install command is deprecated setup.py egg_info --egg-base ../../build/underwater_control build --build-base /home/dh/underwater_ws_new/build/underwater_control/build install --record /home/dh/underwater_ws_new/build/underwater_control/install.log --install-scripts $base/lib/underwater_control --single-version-externally-managed install_data
