[1.197s] Invoking command in '/home/dh/underwater_ws_new/build/underwater_control': PYTHONPATH=/home/dh/underwater_ws_new/build/underwater_control/prefix_override:/usr/lib/python3/dist-packages/colcon_core/task/python/colcon_distutils_commands:/home/dh/underwater_ws_new/install/underwater_control/lib/python3.8/site-packages:/home/dh/underwater_ws_new/install/custom_interfaces/lib/python3.8/site-packages:/home/dh/underwater_ws_new/build/underwater_control:/home/dh/underwater_ws_new/install/underwater_control/lib/python3.8/site-packages:/home/dh/dh_ws/install/learning_urdf/lib/python3.8/site-packages:/home/dh/dh_ws/install/learning_topic/lib/python3.8/site-packages:/home/dh/dh_ws/install/learning_tf/lib/python3.8/site-packages:/home/dh/dh_ws/install/learning_service/lib/python3.8/site-packages:/home/dh/dh_ws/install/learning_qos/lib/python3.8/site-packages:/home/dh/dh_ws/install/learning_pkg_python/lib/python3.8/site-packages:/home/dh/dh_ws/install/learning_parameter/lib/python3.8/site-packages:/home/dh/dh_ws/install/learning_node/lib/python3.8/site-packages:/home/dh/dh_ws/install/learning_launch/lib/python3.8/site-packages:/home/dh/dh_ws/install/learning_action/lib/python3.8/site-packages:/home/dh/dh_ws/install/learning_interface/lib/python3.8/site-packages:/home/dh/dh_ws/install/learning_gazebo_harmonic/lib/python3.8/site-packages:/home/dh/dh_ws/install/learning_gazebo/lib/python3.8/site-packages:/home/dh/dh_ws/install/learning_cv/lib/python3.8/site-packages:/home/dh/dh_ws/install/dh_learning_pkg/lib/python3.8/site-packages:/opt/ros/foxy/lib/python3.8/site-packages /usr/bin/python3 -W ignore:setup.py install is deprecated -W ignore:easy_install command is deprecated setup.py develop --editable --build-directory /home/dh/underwater_ws_new/build/underwater_control/build --no-deps symlink_data
[1.628s] running develop
[1.869s] running egg_info
[1.870s] writing underwater_control.egg-info/PKG-INFO
[1.872s] writing dependency_links to underwater_control.egg-info/dependency_links.txt
[1.874s] writing entry points to underwater_control.egg-info/entry_points.txt
[1.875s] writing requirements to underwater_control.egg-info/requires.txt
[1.877s] writing top-level names to underwater_control.egg-info/top_level.txt
[1.930s] reading manifest file 'underwater_control.egg-info/SOURCES.txt'
[1.932s] writing manifest file 'underwater_control.egg-info/SOURCES.txt'
[1.989s] running build_ext
[1.991s] Creating /home/dh/underwater_ws_new/install/underwater_control/lib/python3.8/site-packages/underwater-control.egg-link (link to .)
[1.992s] Installing camera_publisher script to /home/dh/underwater_ws_new/install/underwater_control/lib/underwater_control
[1.992s] Installing control_client script to /home/dh/underwater_ws_new/install/underwater_control/lib/underwater_control
[1.993s] Installing image_processor script to /home/dh/underwater_ws_new/install/underwater_control/lib/underwater_control
[1.995s] Installing serial_comm_node script to /home/dh/underwater_ws_new/install/underwater_control/lib/underwater_control
[1.995s] 
[1.995s] Installed /home/dh/underwater_ws_new/build/underwater_control
[1.996s] running symlink_data
[2.048s] Invoked command in '/home/dh/underwater_ws_new/build/underwater_control' returned '0': PYTHONPATH=/home/dh/underwater_ws_new/build/underwater_control/prefix_override:/usr/lib/python3/dist-packages/colcon_core/task/python/colcon_distutils_commands:/home/dh/underwater_ws_new/install/underwater_control/lib/python3.8/site-packages:/home/dh/underwater_ws_new/install/custom_interfaces/lib/python3.8/site-packages:/home/dh/underwater_ws_new/build/underwater_control:/home/dh/underwater_ws_new/install/underwater_control/lib/python3.8/site-packages:/home/dh/dh_ws/install/learning_urdf/lib/python3.8/site-packages:/home/dh/dh_ws/install/learning_topic/lib/python3.8/site-packages:/home/dh/dh_ws/install/learning_tf/lib/python3.8/site-packages:/home/dh/dh_ws/install/learning_service/lib/python3.8/site-packages:/home/dh/dh_ws/install/learning_qos/lib/python3.8/site-packages:/home/dh/dh_ws/install/learning_pkg_python/lib/python3.8/site-packages:/home/dh/dh_ws/install/learning_parameter/lib/python3.8/site-packages:/home/dh/dh_ws/install/learning_node/lib/python3.8/site-packages:/home/dh/dh_ws/install/learning_launch/lib/python3.8/site-packages:/home/dh/dh_ws/install/learning_action/lib/python3.8/site-packages:/home/dh/dh_ws/install/learning_interface/lib/python3.8/site-packages:/home/dh/dh_ws/install/learning_gazebo_harmonic/lib/python3.8/site-packages:/home/dh/dh_ws/install/learning_gazebo/lib/python3.8/site-packages:/home/dh/dh_ws/install/learning_cv/lib/python3.8/site-packages:/home/dh/dh_ws/install/dh_learning_pkg/lib/python3.8/site-packages:/opt/ros/foxy/lib/python3.8/site-packages /usr/bin/python3 -W ignore:setup.py install is deprecated -W ignore:easy_install command is deprecated setup.py develop --editable --build-directory /home/dh/underwater_ws_new/build/underwater_control/build --no-deps symlink_data
