[0.034s] Invoking command in '/home/dh/ros2_ev_test2/build/hello_ev_interfaces': /usr/bin/cmake --build /home/dh/ros2_ev_test2/build/hello_ev_interfaces -- -j2 -l2
[0.168s] [  3%] Built target hello_ev_interfaces__cpp
[0.184s] [ 12%] Built target hello_ev_interfaces__rosidl_generator_c
[0.236s] [ 22%] Built target hello_ev_interfaces__rosidl_typesupport_fastrtps_cpp
[0.283s] [ 32%] Built target hello_ev_interfaces__rosidl_typesupport_introspection_cpp
[0.351s] [ 41%] Built target hello_ev_interfaces__rosidl_typesupport_cpp
[0.364s] [ 51%] Built target hello_ev_interfaces__rosidl_typesupport_c
[0.489s] [ 61%] Built target hello_ev_interfaces__rosidl_typesupport_introspection_c
[0.491s] [ 70%] Built target hello_ev_interfaces__rosidl_typesupport_fastrtps_c
[0.548s] [ 70%] Built target hello_ev_interfaces
[0.614s] [ 74%] Built target hello_ev_interfaces__py
[0.709s] [ 80%] Built target hello_ev_interfaces__python
[0.851s] [ 87%] Built target hello_ev_interfaces__rosidl_typesupport_fastrtps_c__pyext
[0.859s] [ 93%] Built target hello_ev_interfaces__rosidl_typesupport_c__pyext
[0.917s] [100%] Built target hello_ev_interfaces__rosidl_typesupport_introspection_c__pyext
[0.962s] Invoked command in '/home/dh/ros2_ev_test2/build/hello_ev_interfaces' returned '0': /usr/bin/cmake --build /home/dh/ros2_ev_test2/build/hello_ev_interfaces -- -j2 -l2
[0.985s] Invoking command in '/home/dh/ros2_ev_test2/build/hello_ev_interfaces': /usr/bin/cmake --install /home/dh/ros2_ev_test2/build/hello_ev_interfaces
[1.009s] -- Install configuration: ""
[1.009s] -- Up-to-date: /home/dh/ros2_ev_test2/install/hello_ev_interfaces/share/ament_index/resource_index/rosidl_interfaces/hello_ev_interfaces
[1.010s] -- Up-to-date: /home/dh/ros2_ev_test2/install/hello_ev_interfaces/include/hello_ev_interfaces
[1.011s] -- Up-to-date: /home/dh/ros2_ev_test2/install/hello_ev_interfaces/include/hello_ev_interfaces/msg
[1.012s] -- Up-to-date: /home/dh/ros2_ev_test2/install/hello_ev_interfaces/include/hello_ev_interfaces/msg/rosidl_generator_c__visibility_control.h
[1.013s] -- Up-to-date: /home/dh/ros2_ev_test2/install/hello_ev_interfaces/include/hello_ev_interfaces/srv
[1.014s] -- Up-to-date: /home/dh/ros2_ev_test2/install/hello_ev_interfaces/include/hello_ev_interfaces/srv/detail
[1.022s] -- Up-to-date: /home/dh/ros2_ev_test2/install/hello_ev_interfaces/include/hello_ev_interfaces/srv/detail/string__type_support.h
[1.022s] -- Up-to-date: /home/dh/ros2_ev_test2/install/hello_ev_interfaces/include/hello_ev_interfaces/srv/detail/string__functions.c
[1.022s] -- Up-to-date: /home/dh/ros2_ev_test2/install/hello_ev_interfaces/include/hello_ev_interfaces/srv/detail/string__struct.h
[1.023s] -- Up-to-date: /home/dh/ros2_ev_test2/install/hello_ev_interfaces/include/hello_ev_interfaces/srv/detail/string__functions.h
[1.023s] -- Up-to-date: /home/dh/ros2_ev_test2/install/hello_ev_interfaces/include/hello_ev_interfaces/srv/string.h
[1.023s] -- Up-to-date: /home/dh/ros2_ev_test2/install/hello_ev_interfaces/share/hello_ev_interfaces/environment/library_path.sh
[1.023s] -- Up-to-date: /home/dh/ros2_ev_test2/install/hello_ev_interfaces/share/hello_ev_interfaces/environment/library_path.dsv
[1.023s] -- Up-to-date: /home/dh/ros2_ev_test2/install/hello_ev_interfaces/lib/libhello_ev_interfaces__rosidl_generator_c.so
[1.024s] -- Up-to-date: /home/dh/ros2_ev_test2/install/hello_ev_interfaces/include/hello_ev_interfaces
[1.026s] -- Up-to-date: /home/dh/ros2_ev_test2/install/hello_ev_interfaces/include/hello_ev_interfaces/msg
[1.026s] -- Up-to-date: /home/dh/ros2_ev_test2/install/hello_ev_interfaces/include/hello_ev_interfaces/msg/rosidl_typesupport_fastrtps_c__visibility_control.h
[1.026s] -- Up-to-date: /home/dh/ros2_ev_test2/install/hello_ev_interfaces/include/hello_ev_interfaces/srv
[1.027s] -- Up-to-date: /home/dh/ros2_ev_test2/install/hello_ev_interfaces/include/hello_ev_interfaces/srv/detail
[1.027s] -- Up-to-date: /home/dh/ros2_ev_test2/install/hello_ev_interfaces/include/hello_ev_interfaces/srv/detail/string__rosidl_typesupport_fastrtps_c.h
[1.029s] -- Up-to-date: /home/dh/ros2_ev_test2/install/hello_ev_interfaces/lib/libhello_ev_interfaces__rosidl_typesupport_fastrtps_c.so
[1.030s] -- Up-to-date: /home/dh/ros2_ev_test2/install/hello_ev_interfaces/include/hello_ev_interfaces
[1.030s] -- Up-to-date: /home/dh/ros2_ev_test2/install/hello_ev_interfaces/include/hello_ev_interfaces/msg
[1.031s] -- Up-to-date: /home/dh/ros2_ev_test2/install/hello_ev_interfaces/include/hello_ev_interfaces/msg/rosidl_typesupport_fastrtps_cpp__visibility_control.h
[1.031s] -- Up-to-date: /home/dh/ros2_ev_test2/install/hello_ev_interfaces/include/hello_ev_interfaces/srv
[1.031s] -- Up-to-date: /home/dh/ros2_ev_test2/install/hello_ev_interfaces/include/hello_ev_interfaces/srv/detail
[1.031s] -- Up-to-date: /home/dh/ros2_ev_test2/install/hello_ev_interfaces/include/hello_ev_interfaces/srv/detail/string__rosidl_typesupport_fastrtps_cpp.hpp
[1.031s] -- Up-to-date: /home/dh/ros2_ev_test2/install/hello_ev_interfaces/include/hello_ev_interfaces/srv/detail/dds_fastrtps
[1.032s] -- Up-to-date: /home/dh/ros2_ev_test2/install/hello_ev_interfaces/lib/libhello_ev_interfaces__rosidl_typesupport_fastrtps_cpp.so
[1.033s] -- Up-to-date: /home/dh/ros2_ev_test2/install/hello_ev_interfaces/include/hello_ev_interfaces
[1.033s] -- Up-to-date: /home/dh/ros2_ev_test2/install/hello_ev_interfaces/include/hello_ev_interfaces/msg
[1.034s] -- Up-to-date: /home/dh/ros2_ev_test2/install/hello_ev_interfaces/include/hello_ev_interfaces/msg/rosidl_typesupport_introspection_c__visibility_control.h
[1.037s] -- Up-to-date: /home/dh/ros2_ev_test2/install/hello_ev_interfaces/include/hello_ev_interfaces/srv
[1.037s] -- Up-to-date: /home/dh/ros2_ev_test2/install/hello_ev_interfaces/include/hello_ev_interfaces/srv/detail
[1.037s] -- Up-to-date: /home/dh/ros2_ev_test2/install/hello_ev_interfaces/include/hello_ev_interfaces/srv/detail/string__type_support.c
[1.037s] -- Up-to-date: /home/dh/ros2_ev_test2/install/hello_ev_interfaces/include/hello_ev_interfaces/srv/detail/string__rosidl_typesupport_introspection_c.h
[1.038s] -- Up-to-date: /home/dh/ros2_ev_test2/install/hello_ev_interfaces/lib/libhello_ev_interfaces__rosidl_typesupport_introspection_c.so
[1.039s] -- Up-to-date: /home/dh/ros2_ev_test2/install/hello_ev_interfaces/lib/libhello_ev_interfaces__rosidl_typesupport_c.so
[1.039s] -- Up-to-date: /home/dh/ros2_ev_test2/install/hello_ev_interfaces/include/hello_ev_interfaces
[1.039s] -- Up-to-date: /home/dh/ros2_ev_test2/install/hello_ev_interfaces/include/hello_ev_interfaces/msg
[1.040s] -- Up-to-date: /home/dh/ros2_ev_test2/install/hello_ev_interfaces/include/hello_ev_interfaces/msg/rosidl_generator_cpp__visibility_control.hpp
[1.040s] -- Up-to-date: /home/dh/ros2_ev_test2/install/hello_ev_interfaces/include/hello_ev_interfaces/srv
[1.040s] -- Up-to-date: /home/dh/ros2_ev_test2/install/hello_ev_interfaces/include/hello_ev_interfaces/srv/detail
[1.040s] -- Up-to-date: /home/dh/ros2_ev_test2/install/hello_ev_interfaces/include/hello_ev_interfaces/srv/detail/string__traits.hpp
[1.041s] -- Up-to-date: /home/dh/ros2_ev_test2/install/hello_ev_interfaces/include/hello_ev_interfaces/srv/detail/string__struct.hpp
[1.041s] -- Up-to-date: /home/dh/ros2_ev_test2/install/hello_ev_interfaces/include/hello_ev_interfaces/srv/detail/string__type_support.hpp
[1.041s] -- Up-to-date: /home/dh/ros2_ev_test2/install/hello_ev_interfaces/include/hello_ev_interfaces/srv/detail/string__builder.hpp
[1.041s] -- Up-to-date: /home/dh/ros2_ev_test2/install/hello_ev_interfaces/include/hello_ev_interfaces/srv/string.hpp
[1.041s] -- Up-to-date: /home/dh/ros2_ev_test2/install/hello_ev_interfaces/include/hello_ev_interfaces
[1.041s] -- Up-to-date: /home/dh/ros2_ev_test2/install/hello_ev_interfaces/include/hello_ev_interfaces/srv
[1.042s] -- Up-to-date: /home/dh/ros2_ev_test2/install/hello_ev_interfaces/include/hello_ev_interfaces/srv/detail
[1.042s] -- Up-to-date: /home/dh/ros2_ev_test2/install/hello_ev_interfaces/include/hello_ev_interfaces/srv/detail/string__rosidl_typesupport_introspection_cpp.hpp
[1.042s] -- Up-to-date: /home/dh/ros2_ev_test2/install/hello_ev_interfaces/include/hello_ev_interfaces/srv/detail/string__type_support.cpp
[1.043s] -- Up-to-date: /home/dh/ros2_ev_test2/install/hello_ev_interfaces/lib/libhello_ev_interfaces__rosidl_typesupport_introspection_cpp.so
[1.044s] -- Up-to-date: /home/dh/ros2_ev_test2/install/hello_ev_interfaces/lib/libhello_ev_interfaces__rosidl_typesupport_cpp.so
[1.045s] -- Up-to-date: /home/dh/ros2_ev_test2/install/hello_ev_interfaces/share/hello_ev_interfaces/environment/pythonpath.sh
[1.045s] -- Up-to-date: /home/dh/ros2_ev_test2/install/hello_ev_interfaces/share/hello_ev_interfaces/environment/pythonpath.dsv
[1.045s] -- Up-to-date: /home/dh/ros2_ev_test2/install/hello_ev_interfaces/lib/python3.8/site-packages/hello_ev_interfaces/__init__.py
[1.107s] -- Up-to-date: /home/dh/ros2_ev_test2/install/hello_ev_interfaces/lib/python3.8/site-packages/hello_ev_interfaces/srv
[1.107s] -- Up-to-date: /home/dh/ros2_ev_test2/install/hello_ev_interfaces/lib/python3.8/site-packages/hello_ev_interfaces/srv/__init__.py
[1.110s] -- Up-to-date: /home/dh/ros2_ev_test2/install/hello_ev_interfaces/lib/python3.8/site-packages/hello_ev_interfaces/srv/_string_s.c
[1.111s] -- Up-to-date: /home/dh/ros2_ev_test2/install/hello_ev_interfaces/lib/python3.8/site-packages/hello_ev_interfaces/srv/_string.py
[1.111s] -- Up-to-date: /home/dh/ros2_ev_test2/install/hello_ev_interfaces/lib/python3.8/site-packages/hello_ev_interfaces/hello_ev_interfaces_s__rosidl_typesupport_fastrtps_c.cpython-38-x86_64-linux-gnu.so
[1.111s] -- Up-to-date: /home/dh/ros2_ev_test2/install/hello_ev_interfaces/lib/python3.8/site-packages/hello_ev_interfaces/hello_ev_interfaces_s__rosidl_typesupport_introspection_c.cpython-38-x86_64-linux-gnu.so
[1.113s] -- Up-to-date: /home/dh/ros2_ev_test2/install/hello_ev_interfaces/lib/python3.8/site-packages/hello_ev_interfaces/hello_ev_interfaces_s__rosidl_typesupport_c.cpython-38-x86_64-linux-gnu.so
[1.118s] -- Up-to-date: /home/dh/ros2_ev_test2/install/hello_ev_interfaces/lib/libhello_ev_interfaces__python.so
[1.119s] -- Up-to-date: /home/dh/ros2_ev_test2/install/hello_ev_interfaces/share/hello_ev_interfaces/srv/String.idl
[1.120s] -- Up-to-date: /home/dh/ros2_ev_test2/install/hello_ev_interfaces/share/hello_ev_interfaces/srv/String.srv
[1.121s] -- Up-to-date: /home/dh/ros2_ev_test2/install/hello_ev_interfaces/share/hello_ev_interfaces/srv/String_Request.msg
[1.121s] -- Up-to-date: /home/dh/ros2_ev_test2/install/hello_ev_interfaces/share/hello_ev_interfaces/srv/String_Response.msg
[1.121s] -- Up-to-date: /home/dh/ros2_ev_test2/install/hello_ev_interfaces/share/ament_index/resource_index/package_run_dependencies/hello_ev_interfaces
[1.122s] -- Up-to-date: /home/dh/ros2_ev_test2/install/hello_ev_interfaces/share/ament_index/resource_index/parent_prefix_path/hello_ev_interfaces
[1.122s] -- Up-to-date: /home/dh/ros2_ev_test2/install/hello_ev_interfaces/share/hello_ev_interfaces/environment/ament_prefix_path.sh
[1.122s] -- Up-to-date: /home/dh/ros2_ev_test2/install/hello_ev_interfaces/share/hello_ev_interfaces/environment/ament_prefix_path.dsv
[1.122s] -- Up-to-date: /home/dh/ros2_ev_test2/install/hello_ev_interfaces/share/hello_ev_interfaces/environment/path.sh
[1.122s] -- Up-to-date: /home/dh/ros2_ev_test2/install/hello_ev_interfaces/share/hello_ev_interfaces/environment/path.dsv
[1.122s] -- Up-to-date: /home/dh/ros2_ev_test2/install/hello_ev_interfaces/share/hello_ev_interfaces/local_setup.bash
[1.122s] -- Up-to-date: /home/dh/ros2_ev_test2/install/hello_ev_interfaces/share/hello_ev_interfaces/local_setup.sh
[1.123s] -- Up-to-date: /home/dh/ros2_ev_test2/install/hello_ev_interfaces/share/hello_ev_interfaces/local_setup.zsh
[1.123s] -- Up-to-date: /home/dh/ros2_ev_test2/install/hello_ev_interfaces/share/hello_ev_interfaces/local_setup.dsv
[1.123s] -- Installing: /home/dh/ros2_ev_test2/install/hello_ev_interfaces/share/hello_ev_interfaces/package.dsv
[1.123s] -- Up-to-date: /home/dh/ros2_ev_test2/install/hello_ev_interfaces/share/ament_index/resource_index/packages/hello_ev_interfaces
[1.123s] -- Up-to-date: /home/dh/ros2_ev_test2/install/hello_ev_interfaces/share/hello_ev_interfaces/cmake/hello_ev_interfaces__rosidl_generator_cExport.cmake
[1.123s] -- Up-to-date: /home/dh/ros2_ev_test2/install/hello_ev_interfaces/share/hello_ev_interfaces/cmake/hello_ev_interfaces__rosidl_generator_cExport-noconfig.cmake
[1.123s] -- Up-to-date: /home/dh/ros2_ev_test2/install/hello_ev_interfaces/share/hello_ev_interfaces/cmake/hello_ev_interfaces__rosidl_typesupport_introspection_cExport.cmake
[1.126s] -- Up-to-date: /home/dh/ros2_ev_test2/install/hello_ev_interfaces/share/hello_ev_interfaces/cmake/hello_ev_interfaces__rosidl_typesupport_introspection_cExport-noconfig.cmake
[1.126s] -- Up-to-date: /home/dh/ros2_ev_test2/install/hello_ev_interfaces/share/hello_ev_interfaces/cmake/hello_ev_interfaces__rosidl_typesupport_cExport.cmake
[1.126s] -- Up-to-date: /home/dh/ros2_ev_test2/install/hello_ev_interfaces/share/hello_ev_interfaces/cmake/hello_ev_interfaces__rosidl_typesupport_cExport-noconfig.cmake
[1.126s] -- Up-to-date: /home/dh/ros2_ev_test2/install/hello_ev_interfaces/share/hello_ev_interfaces/cmake/hello_ev_interfaces__rosidl_generator_cppExport.cmake
[1.127s] -- Up-to-date: /home/dh/ros2_ev_test2/install/hello_ev_interfaces/share/hello_ev_interfaces/cmake/hello_ev_interfaces__rosidl_typesupport_introspection_cppExport.cmake
[1.127s] -- Up-to-date: /home/dh/ros2_ev_test2/install/hello_ev_interfaces/share/hello_ev_interfaces/cmake/hello_ev_interfaces__rosidl_typesupport_introspection_cppExport-noconfig.cmake
[1.127s] -- Up-to-date: /home/dh/ros2_ev_test2/install/hello_ev_interfaces/share/hello_ev_interfaces/cmake/hello_ev_interfaces__rosidl_typesupport_cppExport.cmake
[1.128s] -- Up-to-date: /home/dh/ros2_ev_test2/install/hello_ev_interfaces/share/hello_ev_interfaces/cmake/hello_ev_interfaces__rosidl_typesupport_cppExport-noconfig.cmake
[1.128s] -- Up-to-date: /home/dh/ros2_ev_test2/install/hello_ev_interfaces/share/hello_ev_interfaces/cmake/rosidl_cmake-extras.cmake
[1.131s] -- Up-to-date: /home/dh/ros2_ev_test2/install/hello_ev_interfaces/share/hello_ev_interfaces/cmake/ament_cmake_export_dependencies-extras.cmake
[1.131s] -- Up-to-date: /home/dh/ros2_ev_test2/install/hello_ev_interfaces/share/hello_ev_interfaces/cmake/ament_cmake_export_libraries-extras.cmake
[1.131s] -- Up-to-date: /home/dh/ros2_ev_test2/install/hello_ev_interfaces/share/hello_ev_interfaces/cmake/ament_cmake_export_targets-extras.cmake
[1.131s] -- Up-to-date: /home/dh/ros2_ev_test2/install/hello_ev_interfaces/share/hello_ev_interfaces/cmake/ament_cmake_export_include_directories-extras.cmake
[1.131s] -- Up-to-date: /home/dh/ros2_ev_test2/install/hello_ev_interfaces/share/hello_ev_interfaces/cmake/rosidl_cmake_export_typesupport_libraries-extras.cmake
[1.132s] -- Up-to-date: /home/dh/ros2_ev_test2/install/hello_ev_interfaces/share/hello_ev_interfaces/cmake/rosidl_cmake_export_typesupport_targets-extras.cmake
[1.132s] -- Up-to-date: /home/dh/ros2_ev_test2/install/hello_ev_interfaces/share/hello_ev_interfaces/cmake/hello_ev_interfacesConfig.cmake
[1.132s] -- Up-to-date: /home/dh/ros2_ev_test2/install/hello_ev_interfaces/share/hello_ev_interfaces/cmake/hello_ev_interfacesConfig-version.cmake
[1.132s] -- Up-to-date: /home/dh/ros2_ev_test2/install/hello_ev_interfaces/share/hello_ev_interfaces/package.xml
[1.149s] Invoked command in '/home/dh/ros2_ev_test2/build/hello_ev_interfaces' returned '0': /usr/bin/cmake --install /home/dh/ros2_ev_test2/build/hello_ev_interfaces
