[2.217s] DEBUG:colcon:Command line arguments: ['/usr/bin/colcon', 'list', '-p', '--base-paths', '/home/dh/uuv_ws']
[2.236s] DEBUG:colcon:Parsed command line arguments: Namespace(allow_overriding=[], base_paths=['/home/dh/uuv_ws'], build_base='build', ignore_user_meta=False, log_base=None, log_level=None, main=<bound method ListVerb.main of <colcon_package_information.verb.list.ListVerb object at 0x7fec00273e20>>, metas=['./colcon.meta'], names_only=False, packages_above=None, packages_above_and_dependencies=None, packages_above_depth=None, packages_end=None, packages_ignore=None, packages_ignore_regex=None, packages_select=None, packages_select_build_failed=False, packages_select_by_dep=None, packages_select_regex=None, packages_select_test_failures=False, packages_skip=None, packages_skip_build_finished=False, packages_skip_by_dep=None, packages_skip_regex=None, packages_skip_test_passed=False, packages_skip_up_to=None, packages_start=None, packages_up_to=None, packages_up_to_regex=None, paths=None, paths_only=True, topological_graph=False, topological_graph_density=False, topological_graph_dot=False, topological_graph_dot_cluster=False, topological_graph_dot_include_skipped=False, topological_graph_legend=False, topological_order=False, verb_extension=<colcon_package_information.verb.list.ListVerb object at 0x7fec00273e20>, verb_name='list', verb_parser=<colcon_defaults.argument_parser.defaults.DefaultArgumentsDecorator object at 0x7fec00209e20>)
[7.015s] Level 1:colcon.colcon_core.package_discovery:discover_packages(colcon_meta) check parameters
[7.019s] Level 1:colcon.colcon_core.package_discovery:discover_packages(recursive) check parameters
[7.019s] Level 1:colcon.colcon_core.package_discovery:discover_packages(ignore) check parameters
[7.021s] Level 1:colcon.colcon_core.package_discovery:discover_packages(path) check parameters
[7.021s] Level 1:colcon.colcon_core.package_discovery:discover_packages(recursive) discover
[7.024s] INFO:colcon.colcon_core.package_discovery:Crawling recursively for packages in '/home/dh/uuv_ws'
[7.027s] Level 1:colcon.colcon_core.package_identification:_identify(/home/dh/uuv_ws) by extensions ['ignore', 'ignore_ament_install']
[7.029s] Level 1:colcon.colcon_core.package_identification:_identify(/home/dh/uuv_ws) by extension 'ignore'
[7.030s] Level 1:colcon.colcon_core.package_identification:_identify(/home/dh/uuv_ws) by extension 'ignore_ament_install'
[7.030s] Level 1:colcon.colcon_core.package_identification:_identify(/home/dh/uuv_ws) by extensions ['colcon_pkg']
[7.030s] Level 1:colcon.colcon_core.package_identification:_identify(/home/dh/uuv_ws) by extension 'colcon_pkg'
[7.030s] Level 1:colcon.colcon_core.package_identification:_identify(/home/dh/uuv_ws) by extensions ['colcon_meta']
[7.032s] Level 1:colcon.colcon_core.package_identification:_identify(/home/dh/uuv_ws) by extension 'colcon_meta'
[7.032s] Level 1:colcon.colcon_core.package_identification:_identify(/home/dh/uuv_ws) by extensions ['ros']
[7.034s] Level 1:colcon.colcon_core.package_identification:_identify(/home/dh/uuv_ws) by extension 'ros'
[7.205s] Level 1:colcon.colcon_core.package_identification:_identify(/home/dh/uuv_ws) by extensions ['cmake', 'python']
[7.208s] Level 1:colcon.colcon_core.package_identification:_identify(/home/dh/uuv_ws) by extension 'cmake'
[7.209s] Level 1:colcon.colcon_core.package_identification:_identify(/home/dh/uuv_ws) by extension 'python'
[7.211s] Level 1:colcon.colcon_core.package_identification:_identify(/home/dh/uuv_ws) by extensions ['python_setup_py']
[7.213s] Level 1:colcon.colcon_core.package_identification:_identify(/home/dh/uuv_ws) by extension 'python_setup_py'
[7.213s] Level 1:colcon.colcon_core.package_identification:_identify(/home/dh/uuv_ws/build) by extensions ['ignore', 'ignore_ament_install']
[7.216s] Level 1:colcon.colcon_core.package_identification:_identify(/home/dh/uuv_ws/build) by extension 'ignore'
[7.217s] Level 1:colcon.colcon_core.package_identification:_identify(/home/dh/uuv_ws/build) ignored
[7.217s] Level 1:colcon.colcon_core.package_identification:_identify(/home/dh/uuv_ws/install) by extensions ['ignore', 'ignore_ament_install']
[7.220s] Level 1:colcon.colcon_core.package_identification:_identify(/home/dh/uuv_ws/install) by extension 'ignore'
[7.221s] Level 1:colcon.colcon_core.package_identification:_identify(/home/dh/uuv_ws/install) ignored
[7.222s] Level 1:colcon.colcon_core.package_identification:_identify(/home/dh/uuv_ws/log) by extensions ['ignore', 'ignore_ament_install']
[7.226s] Level 1:colcon.colcon_core.package_identification:_identify(/home/dh/uuv_ws/log) by extension 'ignore'
[7.227s] Level 1:colcon.colcon_core.package_identification:_identify(/home/dh/uuv_ws/log) ignored
[7.228s] Level 1:colcon.colcon_core.package_identification:_identify(/home/dh/uuv_ws/src) by extensions ['ignore', 'ignore_ament_install']
[7.228s] Level 1:colcon.colcon_core.package_identification:_identify(/home/dh/uuv_ws/src) by extension 'ignore'
[7.228s] Level 1:colcon.colcon_core.package_identification:_identify(/home/dh/uuv_ws/src) by extension 'ignore_ament_install'
[7.232s] Level 1:colcon.colcon_core.package_identification:_identify(/home/dh/uuv_ws/src) by extensions ['colcon_pkg']
[7.233s] Level 1:colcon.colcon_core.package_identification:_identify(/home/dh/uuv_ws/src) by extension 'colcon_pkg'
[7.236s] Level 1:colcon.colcon_core.package_identification:_identify(/home/dh/uuv_ws/src) by extensions ['colcon_meta']
[7.236s] Level 1:colcon.colcon_core.package_identification:_identify(/home/dh/uuv_ws/src) by extension 'colcon_meta'
[7.236s] Level 1:colcon.colcon_core.package_identification:_identify(/home/dh/uuv_ws/src) by extensions ['ros']
[7.237s] Level 1:colcon.colcon_core.package_identification:_identify(/home/dh/uuv_ws/src) by extension 'ros'
[7.237s] Level 1:colcon.colcon_core.package_identification:_identify(/home/dh/uuv_ws/src) by extensions ['cmake', 'python']
[7.237s] Level 1:colcon.colcon_core.package_identification:_identify(/home/dh/uuv_ws/src) by extension 'cmake'
[7.238s] Level 1:colcon.colcon_core.package_identification:_identify(/home/dh/uuv_ws/src) by extension 'python'
[7.238s] Level 1:colcon.colcon_core.package_identification:_identify(/home/dh/uuv_ws/src) by extensions ['python_setup_py']
[7.242s] Level 1:colcon.colcon_core.package_identification:_identify(/home/dh/uuv_ws/src) by extension 'python_setup_py'
[7.243s] Level 1:colcon.colcon_core.package_identification:_identify(/home/dh/uuv_ws/src/uuv_webrtc_ros) by extensions ['ignore', 'ignore_ament_install']
[7.252s] Level 1:colcon.colcon_core.package_identification:_identify(/home/dh/uuv_ws/src/uuv_webrtc_ros) by extension 'ignore'
[7.253s] Level 1:colcon.colcon_core.package_identification:_identify(/home/dh/uuv_ws/src/uuv_webrtc_ros) by extension 'ignore_ament_install'
[7.253s] Level 1:colcon.colcon_core.package_identification:_identify(/home/dh/uuv_ws/src/uuv_webrtc_ros) by extensions ['colcon_pkg']
[7.253s] Level 1:colcon.colcon_core.package_identification:_identify(/home/dh/uuv_ws/src/uuv_webrtc_ros) by extension 'colcon_pkg'
[7.254s] Level 1:colcon.colcon_core.package_identification:_identify(/home/dh/uuv_ws/src/uuv_webrtc_ros) by extensions ['colcon_meta']
[7.254s] Level 1:colcon.colcon_core.package_identification:_identify(/home/dh/uuv_ws/src/uuv_webrtc_ros) by extension 'colcon_meta'
[7.254s] Level 1:colcon.colcon_core.package_identification:_identify(/home/dh/uuv_ws/src/uuv_webrtc_ros) by extensions ['ros']
[7.254s] Level 1:colcon.colcon_core.package_identification:_identify(/home/dh/uuv_ws/src/uuv_webrtc_ros) by extension 'ros'
[7.283s] DEBUG:colcon.colcon_core.package_identification:Package '/home/dh/uuv_ws/src/uuv_webrtc_ros' with type 'ros.ament_python' and name 'uuv_webrtc_ros'
[7.284s] Level 1:colcon.colcon_core.package_discovery:discover_packages(recursive) using defaults
