[0.383s] DEBUG:colcon:Command line arguments: ['/usr/bin/colcon', 'build', '--symlink-install']
[0.384s] DEBUG:colcon:Parsed command line arguments: Namespace(allow_overriding=[], ament_cmake_args=None, base_paths=['.'], build_base='build', catkin_cmake_args=None, catkin_skip_building_tests=False, cmake_args=None, cmake_clean_cache=False, cmake_clean_first=False, cmake_force_configure=False, cmake_target=None, cmake_target_skip_unavailable=False, continue_on_error=False, event_handlers=None, executor='parallel', ignore_user_meta=False, install_base='install', log_base=None, log_level=None, main=<bound method BuildVerb.main of <colcon_core.verb.build.BuildVerb object at 0x7f07c2f21520>>, merge_install=False, metas=['./colcon.meta'], packages_above=None, packages_above_and_dependencies=None, packages_above_depth=None, packages_end=None, packages_ignore=None, packages_ignore_regex=None, packages_select=None, packages_select_build_failed=False, packages_select_by_dep=None, packages_select_regex=None, packages_select_test_failures=False, packages_skip=None, packages_skip_build_finished=False, packages_skip_by_dep=None, packages_skip_regex=None, packages_skip_test_passed=False, packages_skip_up_to=None, packages_start=None, packages_up_to=None, packages_up_to_regex=None, parallel_workers=2, paths=None, symlink_install=True, test_result_base=None, verb_extension=<colcon_core.verb.build.BuildVerb object at 0x7f07c2f21520>, verb_name='build', verb_parser=<colcon_defaults.argument_parser.defaults.DefaultArgumentsDecorator object at 0x7f07c2f21a30>)
[0.656s] Level 1:colcon.colcon_core.package_discovery:discover_packages(colcon_meta) check parameters
[0.656s] Level 1:colcon.colcon_core.package_discovery:discover_packages(recursive) check parameters
[0.657s] Level 1:colcon.colcon_core.package_discovery:discover_packages(ignore) check parameters
[0.657s] Level 1:colcon.colcon_core.package_discovery:discover_packages(path) check parameters
[0.657s] Level 1:colcon.colcon_core.package_discovery:discover_packages(colcon_meta) discover
[0.657s] Level 1:colcon.colcon_core.package_discovery:discover_packages(recursive) discover
[0.657s] INFO:colcon.colcon_core.package_discovery:Crawling recursively for packages in '/home/dh/underwater_ws_new'
[0.657s] Level 1:colcon.colcon_core.package_identification:_identify(.) by extensions ['ignore', 'ignore_ament_install']
[0.657s] Level 1:colcon.colcon_core.package_identification:_identify(.) by extension 'ignore'
[0.657s] Level 1:colcon.colcon_core.package_identification:_identify(.) by extension 'ignore_ament_install'
[0.657s] Level 1:colcon.colcon_core.package_identification:_identify(.) by extensions ['colcon_pkg']
[0.657s] Level 1:colcon.colcon_core.package_identification:_identify(.) by extension 'colcon_pkg'
[0.658s] Level 1:colcon.colcon_core.package_identification:_identify(.) by extensions ['colcon_meta']
[0.658s] Level 1:colcon.colcon_core.package_identification:_identify(.) by extension 'colcon_meta'
[0.658s] Level 1:colcon.colcon_core.package_identification:_identify(.) by extensions ['ros']
[0.658s] Level 1:colcon.colcon_core.package_identification:_identify(.) by extension 'ros'
[0.683s] Level 1:colcon.colcon_core.package_identification:_identify(.) by extensions ['cmake', 'python']
[0.683s] Level 1:colcon.colcon_core.package_identification:_identify(.) by extension 'cmake'
[0.683s] Level 1:colcon.colcon_core.package_identification:_identify(.) by extension 'python'
[0.683s] Level 1:colcon.colcon_core.package_identification:_identify(.) by extensions ['python_setup_py']
[0.683s] Level 1:colcon.colcon_core.package_identification:_identify(.) by extension 'python_setup_py'
[0.683s] Level 1:colcon.colcon_core.package_identification:_identify(build) by extensions ['ignore', 'ignore_ament_install']
[0.684s] Level 1:colcon.colcon_core.package_identification:_identify(build) by extension 'ignore'
[0.684s] Level 1:colcon.colcon_core.package_identification:_identify(build) ignored
[0.684s] Level 1:colcon.colcon_core.package_identification:_identify(install) by extensions ['ignore', 'ignore_ament_install']
[0.684s] Level 1:colcon.colcon_core.package_identification:_identify(install) by extension 'ignore'
[0.684s] Level 1:colcon.colcon_core.package_identification:_identify(install) ignored
[0.685s] Level 1:colcon.colcon_core.package_identification:_identify(log) by extensions ['ignore', 'ignore_ament_install']
[0.685s] Level 1:colcon.colcon_core.package_identification:_identify(log) by extension 'ignore'
[0.685s] Level 1:colcon.colcon_core.package_identification:_identify(log) ignored
[0.685s] Level 1:colcon.colcon_core.package_identification:_identify(src) by extensions ['ignore', 'ignore_ament_install']
[0.685s] Level 1:colcon.colcon_core.package_identification:_identify(src) by extension 'ignore'
[0.685s] Level 1:colcon.colcon_core.package_identification:_identify(src) by extension 'ignore_ament_install'
[0.686s] Level 1:colcon.colcon_core.package_identification:_identify(src) by extensions ['colcon_pkg']
[0.686s] Level 1:colcon.colcon_core.package_identification:_identify(src) by extension 'colcon_pkg'
[0.686s] Level 1:colcon.colcon_core.package_identification:_identify(src) by extensions ['colcon_meta']
[0.686s] Level 1:colcon.colcon_core.package_identification:_identify(src) by extension 'colcon_meta'
[0.686s] Level 1:colcon.colcon_core.package_identification:_identify(src) by extensions ['ros']
[0.686s] Level 1:colcon.colcon_core.package_identification:_identify(src) by extension 'ros'
[0.686s] Level 1:colcon.colcon_core.package_identification:_identify(src) by extensions ['cmake', 'python']
[0.686s] Level 1:colcon.colcon_core.package_identification:_identify(src) by extension 'cmake'
[0.686s] Level 1:colcon.colcon_core.package_identification:_identify(src) by extension 'python'
[0.686s] Level 1:colcon.colcon_core.package_identification:_identify(src) by extensions ['python_setup_py']
[0.686s] Level 1:colcon.colcon_core.package_identification:_identify(src) by extension 'python_setup_py'
[0.687s] Level 1:colcon.colcon_core.package_identification:_identify(src/custom_interfaces) by extensions ['ignore', 'ignore_ament_install']
[0.687s] Level 1:colcon.colcon_core.package_identification:_identify(src/custom_interfaces) by extension 'ignore'
[0.687s] Level 1:colcon.colcon_core.package_identification:_identify(src/custom_interfaces) by extension 'ignore_ament_install'
[0.687s] Level 1:colcon.colcon_core.package_identification:_identify(src/custom_interfaces) by extensions ['colcon_pkg']
[0.687s] Level 1:colcon.colcon_core.package_identification:_identify(src/custom_interfaces) by extension 'colcon_pkg'
[0.687s] Level 1:colcon.colcon_core.package_identification:_identify(src/custom_interfaces) by extensions ['colcon_meta']
[0.687s] Level 1:colcon.colcon_core.package_identification:_identify(src/custom_interfaces) by extension 'colcon_meta'
[0.687s] Level 1:colcon.colcon_core.package_identification:_identify(src/custom_interfaces) by extensions ['ros']
[0.687s] Level 1:colcon.colcon_core.package_identification:_identify(src/custom_interfaces) by extension 'ros'
[0.693s] DEBUG:colcon.colcon_core.package_identification:Package 'src/custom_interfaces' with type 'ros.catkin' and name 'custom_interfaces'
[0.693s] Level 1:colcon.colcon_core.package_identification:_identify(src/underwater_control) by extensions ['ignore', 'ignore_ament_install']
[0.694s] Level 1:colcon.colcon_core.package_identification:_identify(src/underwater_control) by extension 'ignore'
[0.695s] Level 1:colcon.colcon_core.package_identification:_identify(src/underwater_control) by extension 'ignore_ament_install'
[0.695s] Level 1:colcon.colcon_core.package_identification:_identify(src/underwater_control) by extensions ['colcon_pkg']
[0.695s] Level 1:colcon.colcon_core.package_identification:_identify(src/underwater_control) by extension 'colcon_pkg'
[0.695s] Level 1:colcon.colcon_core.package_identification:_identify(src/underwater_control) by extensions ['colcon_meta']
[0.695s] Level 1:colcon.colcon_core.package_identification:_identify(src/underwater_control) by extension 'colcon_meta'
[0.695s] Level 1:colcon.colcon_core.package_identification:_identify(src/underwater_control) by extensions ['ros']
[0.695s] Level 1:colcon.colcon_core.package_identification:_identify(src/underwater_control) by extension 'ros'
[0.698s] DEBUG:colcon.colcon_core.package_identification:Package 'src/underwater_control' with type 'ros.ament_python' and name 'underwater_control'
[0.698s] Level 1:colcon.colcon_core.package_discovery:discover_packages(recursive) using defaults
[0.698s] Level 1:colcon.colcon_core.package_discovery:discover_packages(ignore) discover
[0.698s] Level 1:colcon.colcon_core.package_discovery:discover_packages(ignore) using defaults
[0.698s] Level 1:colcon.colcon_core.package_discovery:discover_packages(path) discover
[0.698s] Level 1:colcon.colcon_core.package_discovery:discover_packages(path) using defaults
[0.728s] Level 1:colcon.colcon_core.package_discovery:discover_packages(prefix_path) check parameters
[0.728s] Level 1:colcon.colcon_core.package_discovery:discover_packages(prefix_path) discover
[0.734s] DEBUG:colcon.colcon_installed_package_information.package_discovery:Found 22 installed packages in /home/dh/dh_ws/install
[0.737s] DEBUG:colcon.colcon_installed_package_information.package_discovery:Found 257 installed packages in /opt/ros/foxy
[0.740s] Level 1:colcon.colcon_core.package_discovery:discover_packages(prefix_path) using defaults
[0.855s] Level 5:colcon.colcon_core.verb:set package 'custom_interfaces' build argument 'cmake_args' from command line to 'None'
[0.855s] Level 5:colcon.colcon_core.verb:set package 'custom_interfaces' build argument 'cmake_target' from command line to 'None'
[0.855s] Level 5:colcon.colcon_core.verb:set package 'custom_interfaces' build argument 'cmake_target_skip_unavailable' from command line to 'False'
[0.855s] Level 5:colcon.colcon_core.verb:set package 'custom_interfaces' build argument 'cmake_clean_cache' from command line to 'False'
[0.855s] Level 5:colcon.colcon_core.verb:set package 'custom_interfaces' build argument 'cmake_clean_first' from command line to 'False'
[0.856s] Level 5:colcon.colcon_core.verb:set package 'custom_interfaces' build argument 'cmake_force_configure' from command line to 'False'
[0.856s] Level 5:colcon.colcon_core.verb:set package 'custom_interfaces' build argument 'ament_cmake_args' from command line to 'None'
[0.856s] Level 5:colcon.colcon_core.verb:set package 'custom_interfaces' build argument 'catkin_cmake_args' from command line to 'None'
[0.856s] Level 5:colcon.colcon_core.verb:set package 'custom_interfaces' build argument 'catkin_skip_building_tests' from command line to 'False'
[0.856s] DEBUG:colcon.colcon_core.verb:Building package 'custom_interfaces' with the following arguments: {'ament_cmake_args': None, 'build_base': '/home/dh/underwater_ws_new/build/custom_interfaces', 'catkin_cmake_args': None, 'catkin_skip_building_tests': False, 'cmake_args': None, 'cmake_clean_cache': False, 'cmake_clean_first': False, 'cmake_force_configure': False, 'cmake_target': None, 'cmake_target_skip_unavailable': False, 'install_base': '/home/dh/underwater_ws_new/install/custom_interfaces', 'merge_install': False, 'path': '/home/dh/underwater_ws_new/src/custom_interfaces', 'symlink_install': True, 'test_result_base': None}
[0.857s] Level 5:colcon.colcon_core.verb:set package 'underwater_control' build argument 'cmake_args' from command line to 'None'
[0.857s] Level 5:colcon.colcon_core.verb:set package 'underwater_control' build argument 'cmake_target' from command line to 'None'
[0.857s] Level 5:colcon.colcon_core.verb:set package 'underwater_control' build argument 'cmake_target_skip_unavailable' from command line to 'False'
[0.857s] Level 5:colcon.colcon_core.verb:set package 'underwater_control' build argument 'cmake_clean_cache' from command line to 'False'
[0.857s] Level 5:colcon.colcon_core.verb:set package 'underwater_control' build argument 'cmake_clean_first' from command line to 'False'
[0.857s] Level 5:colcon.colcon_core.verb:set package 'underwater_control' build argument 'cmake_force_configure' from command line to 'False'
[0.857s] Level 5:colcon.colcon_core.verb:set package 'underwater_control' build argument 'ament_cmake_args' from command line to 'None'
[0.857s] Level 5:colcon.colcon_core.verb:set package 'underwater_control' build argument 'catkin_cmake_args' from command line to 'None'
[0.857s] Level 5:colcon.colcon_core.verb:set package 'underwater_control' build argument 'catkin_skip_building_tests' from command line to 'False'
[0.857s] DEBUG:colcon.colcon_core.verb:Building package 'underwater_control' with the following arguments: {'ament_cmake_args': None, 'build_base': '/home/dh/underwater_ws_new/build/underwater_control', 'catkin_cmake_args': None, 'catkin_skip_building_tests': False, 'cmake_args': None, 'cmake_clean_cache': False, 'cmake_clean_first': False, 'cmake_force_configure': False, 'cmake_target': None, 'cmake_target_skip_unavailable': False, 'install_base': '/home/dh/underwater_ws_new/install/underwater_control', 'merge_install': False, 'path': '/home/dh/underwater_ws_new/src/underwater_control', 'symlink_install': True, 'test_result_base': None}
[0.857s] INFO:colcon.colcon_core.executor:Executing jobs using 'parallel' executor
[0.859s] DEBUG:colcon.colcon_parallel_executor.executor.parallel:run_until_complete
[0.860s] INFO:colcon.colcon_ros.task.catkin.build:Building ROS package in '/home/dh/underwater_ws_new/src/custom_interfaces' with build type 'catkin'
[0.860s] INFO:colcon.colcon_cmake.task.cmake.build:Building CMake package in '/home/dh/underwater_ws_new/src/custom_interfaces'
[0.864s] INFO:colcon.colcon_core.plugin_system:Skipping extension 'colcon_core.shell.bat': Not used on non-Windows systems
[0.865s] INFO:colcon.colcon_core.shell:Skip shell extension 'powershell' for command environment: Not usable outside of PowerShell
[0.865s] DEBUG:colcon.colcon_core.shell:Skip shell extension 'dsv' for command environment
[0.908s] DEBUG:colcon.colcon_core.event_handler.log_command:Invoking command in '/home/dh/underwater_ws_new/build/custom_interfaces': /usr/bin/cmake --build /home/dh/underwater_ws_new/build/custom_interfaces -- -j2 -l2
[2.047s] DEBUG:colcon.colcon_core.event_handler.log_command:Invoked command in '/home/dh/underwater_ws_new/build/custom_interfaces' returned '0': /usr/bin/cmake --build /home/dh/underwater_ws_new/build/custom_interfaces -- -j2 -l2
[2.076s] DEBUG:colcon.colcon_core.event_handler.log_command:Invoking command in '/home/dh/underwater_ws_new/build/custom_interfaces': /usr/bin/cmake --install /home/dh/underwater_ws_new/build/custom_interfaces
[2.318s] Level 1:colcon.colcon_core.shell:create_environment_hook('custom_interfaces', 'ros_package_path')
[2.319s] INFO:colcon.colcon_core.shell:Creating environment hook '/home/dh/underwater_ws_new/install/custom_interfaces/share/custom_interfaces/hook/ros_package_path.ps1'
[2.321s] INFO:colcon.colcon_core.shell:Creating environment descriptor '/home/dh/underwater_ws_new/install/custom_interfaces/share/custom_interfaces/hook/ros_package_path.dsv'
[2.322s] INFO:colcon.colcon_core.shell:Creating environment hook '/home/dh/underwater_ws_new/install/custom_interfaces/share/custom_interfaces/hook/ros_package_path.sh'
[2.325s] Level 1:colcon.colcon_ros.task.catkin:checking '/home/dh/underwater_ws_new/install/custom_interfaces/lib/python3.8/site-packages'
[2.325s] Level 1:colcon.colcon_core.shell:create_environment_hook('custom_interfaces', 'catkin_pythonpath')
[2.326s] INFO:colcon.colcon_core.shell:Creating environment hook '/home/dh/underwater_ws_new/install/custom_interfaces/share/custom_interfaces/hook/catkin_pythonpath.ps1'
[2.332s] DEBUG:colcon.colcon_core.event_handler.log_command:Invoked command in '/home/dh/underwater_ws_new/build/custom_interfaces' returned '0': /usr/bin/cmake --install /home/dh/underwater_ws_new/build/custom_interfaces
[2.333s] INFO:colcon.colcon_core.shell:Creating environment descriptor '/home/dh/underwater_ws_new/install/custom_interfaces/share/custom_interfaces/hook/catkin_pythonpath.dsv'
[2.336s] INFO:colcon.colcon_core.shell:Creating environment hook '/home/dh/underwater_ws_new/install/custom_interfaces/share/custom_interfaces/hook/catkin_pythonpath.sh'
[2.337s] Level 1:colcon.colcon_core.shell:create_environment_hook('custom_interfaces', 'pkg_config_path')
[2.338s] INFO:colcon.colcon_core.shell:Creating environment hook '/home/dh/underwater_ws_new/install/custom_interfaces/share/custom_interfaces/hook/pkg_config_path.ps1'
[2.338s] INFO:colcon.colcon_core.shell:Creating environment descriptor '/home/dh/underwater_ws_new/install/custom_interfaces/share/custom_interfaces/hook/pkg_config_path.dsv'
[2.352s] INFO:colcon.colcon_core.shell:Creating environment hook '/home/dh/underwater_ws_new/install/custom_interfaces/share/custom_interfaces/hook/pkg_config_path.sh'
[2.359s] Level 1:colcon.colcon_core.shell:create_environment_hook('custom_interfaces', 'pkg_config_path_multiarch')
[2.360s] INFO:colcon.colcon_core.shell:Creating environment hook '/home/dh/underwater_ws_new/install/custom_interfaces/share/custom_interfaces/hook/pkg_config_path_multiarch.ps1'
[2.362s] INFO:colcon.colcon_core.shell:Creating environment descriptor '/home/dh/underwater_ws_new/install/custom_interfaces/share/custom_interfaces/hook/pkg_config_path_multiarch.dsv'
[2.362s] INFO:colcon.colcon_core.shell:Creating environment hook '/home/dh/underwater_ws_new/install/custom_interfaces/share/custom_interfaces/hook/pkg_config_path_multiarch.sh'
[2.370s] Level 1:colcon.colcon_core.environment:create_environment_scripts_only(custom_interfaces)
[2.377s] Level 1:colcon.colcon_core.environment:checking '/home/dh/underwater_ws_new/install/custom_interfaces' for CMake module files
[2.378s] Level 1:colcon.colcon_core.environment:checking '/home/dh/underwater_ws_new/install/custom_interfaces' for CMake config files
[2.388s] Level 1:colcon.colcon_core.shell:create_environment_hook('custom_interfaces', 'cmake_prefix_path')
[2.388s] INFO:colcon.colcon_core.shell:Creating environment hook '/home/dh/underwater_ws_new/install/custom_interfaces/share/custom_interfaces/hook/cmake_prefix_path.ps1'
[2.389s] INFO:colcon.colcon_core.shell:Creating environment descriptor '/home/dh/underwater_ws_new/install/custom_interfaces/share/custom_interfaces/hook/cmake_prefix_path.dsv'
[2.390s] INFO:colcon.colcon_core.shell:Creating environment hook '/home/dh/underwater_ws_new/install/custom_interfaces/share/custom_interfaces/hook/cmake_prefix_path.sh'
[2.393s] Level 1:colcon.colcon_core.environment:checking '/home/dh/underwater_ws_new/install/custom_interfaces/lib'
[2.393s] Level 1:colcon.colcon_core.shell:create_environment_hook('custom_interfaces', 'ld_library_path_lib')
[2.394s] INFO:colcon.colcon_core.shell:Creating environment hook '/home/dh/underwater_ws_new/install/custom_interfaces/share/custom_interfaces/hook/ld_library_path_lib.ps1'
[2.394s] INFO:colcon.colcon_core.shell:Creating environment descriptor '/home/dh/underwater_ws_new/install/custom_interfaces/share/custom_interfaces/hook/ld_library_path_lib.dsv'
[2.404s] INFO:colcon.colcon_core.shell:Creating environment hook '/home/dh/underwater_ws_new/install/custom_interfaces/share/custom_interfaces/hook/ld_library_path_lib.sh'
[2.410s] Level 1:colcon.colcon_core.environment:checking '/home/dh/underwater_ws_new/install/custom_interfaces/bin'
[2.411s] Level 1:colcon.colcon_core.environment:checking '/home/dh/underwater_ws_new/install/custom_interfaces/lib/pkgconfig/custom_interfaces.pc'
[2.411s] Level 1:colcon.colcon_core.environment:checking '/home/dh/underwater_ws_new/install/custom_interfaces/lib/python3.8/site-packages'
[2.411s] Level 1:colcon.colcon_core.shell:create_environment_hook('custom_interfaces', 'pythonpath')
[2.412s] INFO:colcon.colcon_core.shell:Creating environment hook '/home/dh/underwater_ws_new/install/custom_interfaces/share/custom_interfaces/hook/pythonpath.ps1'
[2.419s] INFO:colcon.colcon_core.shell:Creating environment descriptor '/home/dh/underwater_ws_new/install/custom_interfaces/share/custom_interfaces/hook/pythonpath.dsv'
[2.420s] INFO:colcon.colcon_core.shell:Creating environment hook '/home/dh/underwater_ws_new/install/custom_interfaces/share/custom_interfaces/hook/pythonpath.sh'
[2.429s] Level 1:colcon.colcon_core.environment:checking '/home/dh/underwater_ws_new/install/custom_interfaces/bin'
[2.430s] INFO:colcon.colcon_core.shell:Creating package script '/home/dh/underwater_ws_new/install/custom_interfaces/share/custom_interfaces/package.ps1'
[2.432s] INFO:colcon.colcon_core.shell:Creating package descriptor '/home/dh/underwater_ws_new/install/custom_interfaces/share/custom_interfaces/package.dsv'
[2.445s] INFO:colcon.colcon_core.shell:Creating package script '/home/dh/underwater_ws_new/install/custom_interfaces/share/custom_interfaces/package.sh'
[2.448s] INFO:colcon.colcon_core.shell:Creating package script '/home/dh/underwater_ws_new/install/custom_interfaces/share/custom_interfaces/package.bash'
[2.450s] INFO:colcon.colcon_core.shell:Creating package script '/home/dh/underwater_ws_new/install/custom_interfaces/share/custom_interfaces/package.zsh'
[2.452s] Level 1:colcon.colcon_core.environment:create_file_with_runtime_dependencies(/home/dh/underwater_ws_new/install/custom_interfaces/share/colcon-core/packages/custom_interfaces)
[2.460s] INFO:colcon.colcon_ros.task.ament_python.build:Building ROS package in '/home/dh/underwater_ws_new/src/underwater_control' with build type 'ament_python'
[2.460s] Level 1:colcon.colcon_core.shell:create_environment_hook('underwater_control', 'ament_prefix_path')
[2.461s] INFO:colcon.colcon_core.shell:Creating environment hook '/home/dh/underwater_ws_new/install/underwater_control/share/underwater_control/hook/ament_prefix_path.ps1'
[2.462s] INFO:colcon.colcon_core.shell:Creating environment descriptor '/home/dh/underwater_ws_new/install/underwater_control/share/underwater_control/hook/ament_prefix_path.dsv'
[2.463s] INFO:colcon.colcon_core.shell:Creating environment hook '/home/dh/underwater_ws_new/install/underwater_control/share/underwater_control/hook/ament_prefix_path.sh'
[2.472s] INFO:colcon.colcon_core.shell:Skip shell extension 'powershell' for command environment: Not usable outside of PowerShell
[2.473s] DEBUG:colcon.colcon_core.shell:Skip shell extension 'dsv' for command environment
[3.212s] INFO:colcon.colcon_core.task.python.build:Building Python package in '/home/dh/underwater_ws_new/src/underwater_control'
[3.213s] INFO:colcon.colcon_core.shell:Skip shell extension 'powershell' for command environment: Not usable outside of PowerShell
[3.213s] DEBUG:colcon.colcon_core.shell:Skip shell extension 'dsv' for command environment
[4.060s] DEBUG:colcon.colcon_core.event_handler.log_command:Invoking command in '/home/dh/underwater_ws_new/build/underwater_control': CMAKE_PREFIX_PATH=/home/dh/underwater_ws_new/install/custom_interfaces:${CMAKE_PREFIX_PATH} LD_LIBRARY_PATH=/home/dh/underwater_ws_new/install/custom_interfaces/lib:${LD_LIBRARY_PATH} PKG_CONFIG_PATH=/home/dh/underwater_ws_new/install/custom_interfaces/lib/x86_64-linux-gnu/pkgconfig:/home/dh/underwater_ws_new/install/custom_interfaces/lib/pkgconfig PYTHONPATH=/home/dh/underwater_ws_new/build/underwater_control/prefix_override:/usr/lib/python3/dist-packages/colcon_core/task/python/colcon_distutils_commands:/home/dh/underwater_ws_new/install/underwater_control/lib/python3.8/site-packages:/home/dh/underwater_ws_new/install/custom_interfaces/lib/python3.8/site-packages:${PYTHONPATH} ROS_PACKAGE_PATH=/home/dh/underwater_ws_new/install/custom_interfaces/share /usr/bin/python3 -W ignore:setup.py install is deprecated -W ignore:easy_install command is deprecated setup.py develop --editable --build-directory /home/dh/underwater_ws_new/build/underwater_control/build --no-deps symlink_data
[5.110s] Level 1:colcon.colcon_core.shell:create_environment_hook('underwater_control', 'pythonpath_develop')
[5.111s] INFO:colcon.colcon_core.shell:Creating environment hook '/home/dh/underwater_ws_new/build/underwater_control/share/underwater_control/hook/pythonpath_develop.ps1'
[5.113s] INFO:colcon.colcon_core.shell:Creating environment descriptor '/home/dh/underwater_ws_new/build/underwater_control/share/underwater_control/hook/pythonpath_develop.dsv'
[5.114s] INFO:colcon.colcon_core.shell:Creating environment hook '/home/dh/underwater_ws_new/build/underwater_control/share/underwater_control/hook/pythonpath_develop.sh'
[5.116s] Level 1:colcon.colcon_core.environment:checking '/home/dh/underwater_ws_new/install/underwater_control' for CMake module files
[5.117s] DEBUG:colcon.colcon_core.event_handler.log_command:Invoked command in '/home/dh/underwater_ws_new/build/underwater_control' returned '0': CMAKE_PREFIX_PATH=/home/dh/underwater_ws_new/install/custom_interfaces:${CMAKE_PREFIX_PATH} LD_LIBRARY_PATH=/home/dh/underwater_ws_new/install/custom_interfaces/lib:${LD_LIBRARY_PATH} PKG_CONFIG_PATH=/home/dh/underwater_ws_new/install/custom_interfaces/lib/x86_64-linux-gnu/pkgconfig:/home/dh/underwater_ws_new/install/custom_interfaces/lib/pkgconfig PYTHONPATH=/home/dh/underwater_ws_new/build/underwater_control/prefix_override:/usr/lib/python3/dist-packages/colcon_core/task/python/colcon_distutils_commands:/home/dh/underwater_ws_new/install/underwater_control/lib/python3.8/site-packages:/home/dh/underwater_ws_new/install/custom_interfaces/lib/python3.8/site-packages:${PYTHONPATH} ROS_PACKAGE_PATH=/home/dh/underwater_ws_new/install/custom_interfaces/share /usr/bin/python3 -W ignore:setup.py install is deprecated -W ignore:easy_install command is deprecated setup.py develop --editable --build-directory /home/dh/underwater_ws_new/build/underwater_control/build --no-deps symlink_data
[5.118s] Level 1:colcon.colcon_core.environment:checking '/home/dh/underwater_ws_new/install/underwater_control' for CMake config files
[5.119s] Level 1:colcon.colcon_core.environment:checking '/home/dh/underwater_ws_new/install/underwater_control/lib'
[5.119s] Level 1:colcon.colcon_core.environment:checking '/home/dh/underwater_ws_new/install/underwater_control/bin'
[5.119s] Level 1:colcon.colcon_core.environment:checking '/home/dh/underwater_ws_new/install/underwater_control/lib/pkgconfig/underwater_control.pc'
[5.120s] Level 1:colcon.colcon_core.environment:checking '/home/dh/underwater_ws_new/install/underwater_control/lib/python3.8/site-packages'
[5.120s] Level 1:colcon.colcon_core.shell:create_environment_hook('underwater_control', 'pythonpath')
[5.120s] INFO:colcon.colcon_core.shell:Creating environment hook '/home/dh/underwater_ws_new/install/underwater_control/share/underwater_control/hook/pythonpath.ps1'
[5.122s] INFO:colcon.colcon_core.shell:Creating environment descriptor '/home/dh/underwater_ws_new/install/underwater_control/share/underwater_control/hook/pythonpath.dsv'
[5.127s] INFO:colcon.colcon_core.shell:Creating environment hook '/home/dh/underwater_ws_new/install/underwater_control/share/underwater_control/hook/pythonpath.sh'
[5.129s] Level 1:colcon.colcon_core.environment:checking '/home/dh/underwater_ws_new/install/underwater_control/bin'
[5.131s] Level 1:colcon.colcon_core.environment:create_environment_scripts_only(underwater_control)
[5.132s] INFO:colcon.colcon_core.shell:Creating package script '/home/dh/underwater_ws_new/install/underwater_control/share/underwater_control/package.ps1'
[5.136s] INFO:colcon.colcon_core.shell:Creating package descriptor '/home/dh/underwater_ws_new/install/underwater_control/share/underwater_control/package.dsv'
[5.137s] INFO:colcon.colcon_core.shell:Creating package script '/home/dh/underwater_ws_new/install/underwater_control/share/underwater_control/package.sh'
[5.139s] INFO:colcon.colcon_core.shell:Creating package script '/home/dh/underwater_ws_new/install/underwater_control/share/underwater_control/package.bash'
[5.140s] INFO:colcon.colcon_core.shell:Creating package script '/home/dh/underwater_ws_new/install/underwater_control/share/underwater_control/package.zsh'
[5.140s] Level 1:colcon.colcon_core.environment:create_file_with_runtime_dependencies(/home/dh/underwater_ws_new/install/underwater_control/share/colcon-core/packages/underwater_control)
[5.142s] DEBUG:colcon.colcon_parallel_executor.executor.parallel:closing loop
[5.142s] DEBUG:colcon.colcon_parallel_executor.executor.parallel:loop closed
[5.142s] DEBUG:colcon.colcon_parallel_executor.executor.parallel:run_until_complete finished with '0'
[5.142s] DEBUG:colcon.colcon_core.event_reactor:joining thread
[5.151s] INFO:colcon.colcon_core.plugin_system:Skipping extension 'colcon_notification.desktop_notification.terminal_notifier': Not used on non-Darwin systems
[5.151s] INFO:colcon.colcon_core.plugin_system:Skipping extension 'colcon_notification.desktop_notification.win32': Not used on non-Windows systems
[5.151s] INFO:colcon.colcon_notification.desktop_notification:Sending desktop notification using 'notify2'
[5.191s] DEBUG:colcon.colcon_core.event_reactor:joined thread
[5.192s] INFO:colcon.colcon_core.shell:Creating prefix script '/home/dh/underwater_ws_new/install/local_setup.ps1'
[5.194s] INFO:colcon.colcon_core.shell:Creating prefix util module '/home/dh/underwater_ws_new/install/_local_setup_util_ps1.py'
[5.202s] INFO:colcon.colcon_core.shell:Creating prefix chain script '/home/dh/underwater_ws_new/install/setup.ps1'
[5.211s] INFO:colcon.colcon_core.shell:Creating prefix script '/home/dh/underwater_ws_new/install/local_setup.sh'
[5.213s] INFO:colcon.colcon_core.shell:Creating prefix util module '/home/dh/underwater_ws_new/install/_local_setup_util_sh.py'
[5.221s] INFO:colcon.colcon_core.shell:Creating prefix chain script '/home/dh/underwater_ws_new/install/setup.sh'
[5.224s] INFO:colcon.colcon_core.shell:Creating prefix script '/home/dh/underwater_ws_new/install/local_setup.bash'
[5.227s] INFO:colcon.colcon_core.shell:Creating prefix chain script '/home/dh/underwater_ws_new/install/setup.bash'
[5.232s] INFO:colcon.colcon_core.shell:Creating prefix script '/home/dh/underwater_ws_new/install/local_setup.zsh'
[5.234s] INFO:colcon.colcon_core.shell:Creating prefix chain script '/home/dh/underwater_ws_new/install/setup.zsh'
