[1.026s] Invoking command in '/home/dh/ros2_ev_test2/build/hello_ev_service_py': CMAKE_PREFIX_PATH=/home/dh/ros2_ev_test2/install/hello_ev_interfaces LD_LIBRARY_PATH=/home/dh/ros2_ev_test2/install/hello_ev_interfaces/lib:${LD_LIBRARY_PATH} PKG_CONFIG_PATH=/home/dh/ros2_ev_test2/install/hello_ev_interfaces/lib/x86_64-linux-gnu/pkgconfig:/home/dh/ros2_ev_test2/install/hello_ev_interfaces/lib/pkgconfig PYTHONPATH=/home/dh/ros2_ev_test2/build/hello_ev_service_py/prefix_override:/usr/lib/python3/dist-packages/colcon_core/task/python/colcon_distutils_commands:/home/dh/ros2_ev_test2/install/hello_ev_service_py/lib/python3.8/site-packages:/home/dh/ros2_ev_test2/install/hello_ev_interfaces/lib/python3.8/site-packages:${PYTHONPATH} ROS_PACKAGE_PATH=/home/dh/ros2_ev_test2/install/hello_ev_interfaces/share /usr/bin/python3 -W ignore:setup.py install is deprecated -W ignore:easy_install command is deprecated setup.py develop --editable --build-directory /home/dh/ros2_ev_test2/build/hello_ev_service_py/build --no-deps symlink_data
[1.531s] running develop
[1.813s] running egg_info
[1.814s] creating hello_ev_service_py.egg-info
[1.815s] writing hello_ev_service_py.egg-info/PKG-INFO
[1.816s] writing dependency_links to hello_ev_service_py.egg-info/dependency_links.txt
[1.818s] writing entry points to hello_ev_service_py.egg-info/entry_points.txt
[1.821s] writing requirements to hello_ev_service_py.egg-info/requires.txt
[1.821s] writing top-level names to hello_ev_service_py.egg-info/top_level.txt
[1.823s] writing manifest file 'hello_ev_service_py.egg-info/SOURCES.txt'
[1.889s] reading manifest file 'hello_ev_service_py.egg-info/SOURCES.txt'
[1.890s] writing manifest file 'hello_ev_service_py.egg-info/SOURCES.txt'
[1.948s] running build_ext
[1.949s] Creating /home/dh/ros2_ev_test2/install/hello_ev_service_py/lib/python3.8/site-packages/site.py
[1.953s] Creating /home/dh/ros2_ev_test2/install/hello_ev_service_py/lib/python3.8/site-packages/hello-ev-service-py.egg-link (link to .)
[1.955s] Installing hello_ev_client script to /home/dh/ros2_ev_test2/install/hello_ev_service_py/lib/hello_ev_service_py
[1.956s] Installing hello_ev_server script to /home/dh/ros2_ev_test2/install/hello_ev_service_py/lib/hello_ev_service_py
[1.958s] 
[1.959s] Installed /home/dh/ros2_ev_test2/build/hello_ev_service_py
[1.959s] running symlink_data
[1.962s] creating /home/dh/ros2_ev_test2/install/hello_ev_service_py/share/ament_index
[1.963s] creating /home/dh/ros2_ev_test2/install/hello_ev_service_py/share/ament_index/resource_index
[1.963s] creating /home/dh/ros2_ev_test2/install/hello_ev_service_py/share/ament_index/resource_index/packages
[1.964s] symbolically linking /home/dh/ros2_ev_test2/build/hello_ev_service_py/resource/hello_ev_service_py -> /home/dh/ros2_ev_test2/install/hello_ev_service_py/share/ament_index/resource_index/packages
[1.964s] symbolically linking /home/dh/ros2_ev_test2/build/hello_ev_service_py/package.xml -> /home/dh/ros2_ev_test2/install/hello_ev_service_py/share/hello_ev_service_py
[2.007s] Invoked command in '/home/dh/ros2_ev_test2/build/hello_ev_service_py' returned '0': CMAKE_PREFIX_PATH=/home/dh/ros2_ev_test2/install/hello_ev_interfaces LD_LIBRARY_PATH=/home/dh/ros2_ev_test2/install/hello_ev_interfaces/lib:${LD_LIBRARY_PATH} PKG_CONFIG_PATH=/home/dh/ros2_ev_test2/install/hello_ev_interfaces/lib/x86_64-linux-gnu/pkgconfig:/home/dh/ros2_ev_test2/install/hello_ev_interfaces/lib/pkgconfig PYTHONPATH=/home/dh/ros2_ev_test2/build/hello_ev_service_py/prefix_override:/usr/lib/python3/dist-packages/colcon_core/task/python/colcon_distutils_commands:/home/dh/ros2_ev_test2/install/hello_ev_service_py/lib/python3.8/site-packages:/home/dh/ros2_ev_test2/install/hello_ev_interfaces/lib/python3.8/site-packages:${PYTHONPATH} ROS_PACKAGE_PATH=/home/dh/ros2_ev_test2/install/hello_ev_interfaces/share /usr/bin/python3 -W ignore:setup.py install is deprecated -W ignore:easy_install command is deprecated setup.py develop --editable --build-directory /home/dh/ros2_ev_test2/build/hello_ev_service_py/build --no-deps symlink_data
