[0.383s] DEBUG:colcon:Command line arguments: ['/usr/bin/colcon', 'build']
[0.383s] DEBUG:colcon:Parsed command line arguments: Namespace(allow_overriding=[], ament_cmake_args=None, base_paths=['.'], build_base='build', catkin_cmake_args=None, catkin_skip_building_tests=False, cmake_args=None, cmake_clean_cache=False, cmake_clean_first=False, cmake_force_configure=False, cmake_target=None, cmake_target_skip_unavailable=False, continue_on_error=False, event_handlers=None, executor='parallel', ignore_user_meta=False, install_base='install', log_base=None, log_level=None, main=<bound method BuildVerb.main of <colcon_core.verb.build.BuildVerb object at 0x7f71b7945520>>, merge_install=False, metas=['./colcon.meta'], packages_above=None, packages_above_and_dependencies=None, packages_above_depth=None, packages_end=None, packages_ignore=None, packages_ignore_regex=None, packages_select=None, packages_select_build_failed=False, packages_select_by_dep=None, packages_select_regex=None, packages_select_test_failures=False, packages_skip=None, packages_skip_build_finished=False, packages_skip_by_dep=None, packages_skip_regex=None, packages_skip_test_passed=False, packages_skip_up_to=None, packages_start=None, packages_up_to=None, packages_up_to_regex=None, parallel_workers=2, paths=None, symlink_install=False, test_result_base=None, verb_extension=<colcon_core.verb.build.BuildVerb object at 0x7f71b7945520>, verb_name='build', verb_parser=<colcon_defaults.argument_parser.defaults.DefaultArgumentsDecorator object at 0x7f71b7945a30>)
[0.667s] Level 1:colcon.colcon_core.package_discovery:discover_packages(colcon_meta) check parameters
[0.667s] Level 1:colcon.colcon_core.package_discovery:discover_packages(recursive) check parameters
[0.667s] Level 1:colcon.colcon_core.package_discovery:discover_packages(ignore) check parameters
[0.667s] Level 1:colcon.colcon_core.package_discovery:discover_packages(path) check parameters
[0.667s] Level 1:colcon.colcon_core.package_discovery:discover_packages(colcon_meta) discover
[0.667s] Level 1:colcon.colcon_core.package_discovery:discover_packages(recursive) discover
[0.667s] INFO:colcon.colcon_core.package_discovery:Crawling recursively for packages in '/home/dh/underwater_ws_new'
[0.668s] Level 1:colcon.colcon_core.package_identification:_identify(.) by extensions ['ignore', 'ignore_ament_install']
[0.668s] Level 1:colcon.colcon_core.package_identification:_identify(.) by extension 'ignore'
[0.668s] Level 1:colcon.colcon_core.package_identification:_identify(.) by extension 'ignore_ament_install'
[0.668s] Level 1:colcon.colcon_core.package_identification:_identify(.) by extensions ['colcon_pkg']
[0.668s] Level 1:colcon.colcon_core.package_identification:_identify(.) by extension 'colcon_pkg'
[0.668s] Level 1:colcon.colcon_core.package_identification:_identify(.) by extensions ['colcon_meta']
[0.668s] Level 1:colcon.colcon_core.package_identification:_identify(.) by extension 'colcon_meta'
[0.668s] Level 1:colcon.colcon_core.package_identification:_identify(.) by extensions ['ros']
[0.668s] Level 1:colcon.colcon_core.package_identification:_identify(.) by extension 'ros'
[0.687s] Level 1:colcon.colcon_core.package_identification:_identify(.) by extensions ['cmake', 'python']
[0.687s] Level 1:colcon.colcon_core.package_identification:_identify(.) by extension 'cmake'
[0.688s] Level 1:colcon.colcon_core.package_identification:_identify(.) by extension 'python'
[0.688s] Level 1:colcon.colcon_core.package_identification:_identify(.) by extensions ['python_setup_py']
[0.688s] Level 1:colcon.colcon_core.package_identification:_identify(.) by extension 'python_setup_py'
[0.688s] Level 1:colcon.colcon_core.package_identification:_identify(build) by extensions ['ignore', 'ignore_ament_install']
[0.688s] Level 1:colcon.colcon_core.package_identification:_identify(build) by extension 'ignore'
[0.688s] Level 1:colcon.colcon_core.package_identification:_identify(build) ignored
[0.689s] Level 1:colcon.colcon_core.package_identification:_identify(install) by extensions ['ignore', 'ignore_ament_install']
[0.689s] Level 1:colcon.colcon_core.package_identification:_identify(install) by extension 'ignore'
[0.689s] Level 1:colcon.colcon_core.package_identification:_identify(install) ignored
[0.689s] Level 1:colcon.colcon_core.package_identification:_identify(log) by extensions ['ignore', 'ignore_ament_install']
[0.690s] Level 1:colcon.colcon_core.package_identification:_identify(log) by extension 'ignore'
[0.690s] Level 1:colcon.colcon_core.package_identification:_identify(log) ignored
[0.690s] Level 1:colcon.colcon_core.package_identification:_identify(src) by extensions ['ignore', 'ignore_ament_install']
[0.690s] Level 1:colcon.colcon_core.package_identification:_identify(src) by extension 'ignore'
[0.690s] Level 1:colcon.colcon_core.package_identification:_identify(src) by extension 'ignore_ament_install'
[0.690s] Level 1:colcon.colcon_core.package_identification:_identify(src) by extensions ['colcon_pkg']
[0.690s] Level 1:colcon.colcon_core.package_identification:_identify(src) by extension 'colcon_pkg'
[0.690s] Level 1:colcon.colcon_core.package_identification:_identify(src) by extensions ['colcon_meta']
[0.691s] Level 1:colcon.colcon_core.package_identification:_identify(src) by extension 'colcon_meta'
[0.691s] Level 1:colcon.colcon_core.package_identification:_identify(src) by extensions ['ros']
[0.691s] Level 1:colcon.colcon_core.package_identification:_identify(src) by extension 'ros'
[0.691s] Level 1:colcon.colcon_core.package_identification:_identify(src) by extensions ['cmake', 'python']
[0.691s] Level 1:colcon.colcon_core.package_identification:_identify(src) by extension 'cmake'
[0.691s] Level 1:colcon.colcon_core.package_identification:_identify(src) by extension 'python'
[0.691s] Level 1:colcon.colcon_core.package_identification:_identify(src) by extensions ['python_setup_py']
[0.691s] Level 1:colcon.colcon_core.package_identification:_identify(src) by extension 'python_setup_py'
[0.691s] Level 1:colcon.colcon_core.package_identification:_identify(src/custom_interfaces) by extensions ['ignore', 'ignore_ament_install']
[0.691s] Level 1:colcon.colcon_core.package_identification:_identify(src/custom_interfaces) by extension 'ignore'
[0.692s] Level 1:colcon.colcon_core.package_identification:_identify(src/custom_interfaces) by extension 'ignore_ament_install'
[0.692s] Level 1:colcon.colcon_core.package_identification:_identify(src/custom_interfaces) by extensions ['colcon_pkg']
[0.692s] Level 1:colcon.colcon_core.package_identification:_identify(src/custom_interfaces) by extension 'colcon_pkg'
[0.692s] Level 1:colcon.colcon_core.package_identification:_identify(src/custom_interfaces) by extensions ['colcon_meta']
[0.692s] Level 1:colcon.colcon_core.package_identification:_identify(src/custom_interfaces) by extension 'colcon_meta'
[0.692s] Level 1:colcon.colcon_core.package_identification:_identify(src/custom_interfaces) by extensions ['ros']
[0.692s] Level 1:colcon.colcon_core.package_identification:_identify(src/custom_interfaces) by extension 'ros'
[0.698s] DEBUG:colcon.colcon_core.package_identification:Package 'src/custom_interfaces' with type 'ros.catkin' and name 'custom_interfaces'
[0.698s] Level 1:colcon.colcon_core.package_identification:_identify(src/underwater_control) by extensions ['ignore', 'ignore_ament_install']
[0.698s] Level 1:colcon.colcon_core.package_identification:_identify(src/underwater_control) by extension 'ignore'
[0.698s] Level 1:colcon.colcon_core.package_identification:_identify(src/underwater_control) by extension 'ignore_ament_install'
[0.698s] Level 1:colcon.colcon_core.package_identification:_identify(src/underwater_control) by extensions ['colcon_pkg']
[0.699s] Level 1:colcon.colcon_core.package_identification:_identify(src/underwater_control) by extension 'colcon_pkg'
[0.699s] Level 1:colcon.colcon_core.package_identification:_identify(src/underwater_control) by extensions ['colcon_meta']
[0.699s] Level 1:colcon.colcon_core.package_identification:_identify(src/underwater_control) by extension 'colcon_meta'
[0.699s] Level 1:colcon.colcon_core.package_identification:_identify(src/underwater_control) by extensions ['ros']
[0.699s] Level 1:colcon.colcon_core.package_identification:_identify(src/underwater_control) by extension 'ros'
[0.701s] DEBUG:colcon.colcon_core.package_identification:Package 'src/underwater_control' with type 'ros.ament_python' and name 'underwater_control'
[0.701s] Level 1:colcon.colcon_core.package_discovery:discover_packages(recursive) using defaults
[0.701s] Level 1:colcon.colcon_core.package_discovery:discover_packages(ignore) discover
[0.701s] Level 1:colcon.colcon_core.package_discovery:discover_packages(ignore) using defaults
[0.702s] Level 1:colcon.colcon_core.package_discovery:discover_packages(path) discover
[0.702s] Level 1:colcon.colcon_core.package_discovery:discover_packages(path) using defaults
[0.738s] Level 1:colcon.colcon_core.package_discovery:discover_packages(prefix_path) check parameters
[0.739s] Level 1:colcon.colcon_core.package_discovery:discover_packages(prefix_path) discover
[0.747s] DEBUG:colcon.colcon_installed_package_information.package_discovery:Found 22 installed packages in /home/dh/dh_ws/install
[0.749s] DEBUG:colcon.colcon_installed_package_information.package_discovery:Found 257 installed packages in /opt/ros/foxy
[0.752s] Level 1:colcon.colcon_core.package_discovery:discover_packages(prefix_path) using defaults
[0.925s] Level 5:colcon.colcon_core.verb:set package 'custom_interfaces' build argument 'cmake_args' from command line to 'None'
[0.925s] Level 5:colcon.colcon_core.verb:set package 'custom_interfaces' build argument 'cmake_target' from command line to 'None'
[0.925s] Level 5:colcon.colcon_core.verb:set package 'custom_interfaces' build argument 'cmake_target_skip_unavailable' from command line to 'False'
[0.925s] Level 5:colcon.colcon_core.verb:set package 'custom_interfaces' build argument 'cmake_clean_cache' from command line to 'False'
[0.925s] Level 5:colcon.colcon_core.verb:set package 'custom_interfaces' build argument 'cmake_clean_first' from command line to 'False'
[0.925s] Level 5:colcon.colcon_core.verb:set package 'custom_interfaces' build argument 'cmake_force_configure' from command line to 'False'
[0.925s] Level 5:colcon.colcon_core.verb:set package 'custom_interfaces' build argument 'ament_cmake_args' from command line to 'None'
[0.925s] Level 5:colcon.colcon_core.verb:set package 'custom_interfaces' build argument 'catkin_cmake_args' from command line to 'None'
[0.925s] Level 5:colcon.colcon_core.verb:set package 'custom_interfaces' build argument 'catkin_skip_building_tests' from command line to 'False'
[0.925s] DEBUG:colcon.colcon_core.verb:Building package 'custom_interfaces' with the following arguments: {'ament_cmake_args': None, 'build_base': '/home/dh/underwater_ws_new/build/custom_interfaces', 'catkin_cmake_args': None, 'catkin_skip_building_tests': False, 'cmake_args': None, 'cmake_clean_cache': False, 'cmake_clean_first': False, 'cmake_force_configure': False, 'cmake_target': None, 'cmake_target_skip_unavailable': False, 'install_base': '/home/dh/underwater_ws_new/install/custom_interfaces', 'merge_install': False, 'path': '/home/dh/underwater_ws_new/src/custom_interfaces', 'symlink_install': False, 'test_result_base': None}
[0.926s] Level 5:colcon.colcon_core.verb:set package 'underwater_control' build argument 'cmake_args' from command line to 'None'
[0.926s] Level 5:colcon.colcon_core.verb:set package 'underwater_control' build argument 'cmake_target' from command line to 'None'
[0.926s] Level 5:colcon.colcon_core.verb:set package 'underwater_control' build argument 'cmake_target_skip_unavailable' from command line to 'False'
[0.926s] Level 5:colcon.colcon_core.verb:set package 'underwater_control' build argument 'cmake_clean_cache' from command line to 'False'
[0.926s] Level 5:colcon.colcon_core.verb:set package 'underwater_control' build argument 'cmake_clean_first' from command line to 'False'
[0.926s] Level 5:colcon.colcon_core.verb:set package 'underwater_control' build argument 'cmake_force_configure' from command line to 'False'
[0.926s] Level 5:colcon.colcon_core.verb:set package 'underwater_control' build argument 'ament_cmake_args' from command line to 'None'
[0.926s] Level 5:colcon.colcon_core.verb:set package 'underwater_control' build argument 'catkin_cmake_args' from command line to 'None'
[0.926s] Level 5:colcon.colcon_core.verb:set package 'underwater_control' build argument 'catkin_skip_building_tests' from command line to 'False'
[0.927s] DEBUG:colcon.colcon_core.verb:Building package 'underwater_control' with the following arguments: {'ament_cmake_args': None, 'build_base': '/home/dh/underwater_ws_new/build/underwater_control', 'catkin_cmake_args': None, 'catkin_skip_building_tests': False, 'cmake_args': None, 'cmake_clean_cache': False, 'cmake_clean_first': False, 'cmake_force_configure': False, 'cmake_target': None, 'cmake_target_skip_unavailable': False, 'install_base': '/home/dh/underwater_ws_new/install/underwater_control', 'merge_install': False, 'path': '/home/dh/underwater_ws_new/src/underwater_control', 'symlink_install': False, 'test_result_base': None}
[0.927s] INFO:colcon.colcon_core.executor:Executing jobs using 'parallel' executor
[0.928s] DEBUG:colcon.colcon_parallel_executor.executor.parallel:run_until_complete
[0.929s] INFO:colcon.colcon_ros.task.catkin.build:Building ROS package in '/home/dh/underwater_ws_new/src/custom_interfaces' with build type 'catkin'
[0.929s] INFO:colcon.colcon_cmake.task.cmake.build:Building CMake package in '/home/dh/underwater_ws_new/src/custom_interfaces'
[0.936s] INFO:colcon.colcon_core.plugin_system:Skipping extension 'colcon_core.shell.bat': Not used on non-Windows systems
[0.936s] INFO:colcon.colcon_core.shell:Skip shell extension 'powershell' for command environment: Not usable outside of PowerShell
[0.937s] DEBUG:colcon.colcon_core.shell:Skip shell extension 'dsv' for command environment
[0.962s] DEBUG:colcon.colcon_core.event_handler.log_command:Invoking command in '/home/dh/underwater_ws_new/build/custom_interfaces': /usr/bin/cmake --build /home/dh/underwater_ws_new/build/custom_interfaces -- -j2 -l2
[1.826s] DEBUG:colcon.colcon_core.event_handler.log_command:Invoked command in '/home/dh/underwater_ws_new/build/custom_interfaces' returned '0': /usr/bin/cmake --build /home/dh/underwater_ws_new/build/custom_interfaces -- -j2 -l2
[1.850s] DEBUG:colcon.colcon_core.event_handler.log_command:Invoking command in '/home/dh/underwater_ws_new/build/custom_interfaces': /usr/bin/cmake --install /home/dh/underwater_ws_new/build/custom_interfaces
[1.996s] Level 1:colcon.colcon_core.shell:create_environment_hook('custom_interfaces', 'ros_package_path')
[1.997s] INFO:colcon.colcon_core.shell:Creating environment hook '/home/dh/underwater_ws_new/install/custom_interfaces/share/custom_interfaces/hook/ros_package_path.ps1'
[1.998s] DEBUG:colcon.colcon_core.event_handler.log_command:Invoked command in '/home/dh/underwater_ws_new/build/custom_interfaces' returned '0': /usr/bin/cmake --install /home/dh/underwater_ws_new/build/custom_interfaces
[1.999s] INFO:colcon.colcon_core.shell:Creating environment descriptor '/home/dh/underwater_ws_new/install/custom_interfaces/share/custom_interfaces/hook/ros_package_path.dsv'
[2.000s] INFO:colcon.colcon_core.shell:Creating environment hook '/home/dh/underwater_ws_new/install/custom_interfaces/share/custom_interfaces/hook/ros_package_path.sh'
[2.001s] Level 1:colcon.colcon_ros.task.catkin:checking '/home/dh/underwater_ws_new/install/custom_interfaces/lib/python3.8/site-packages'
[2.001s] Level 1:colcon.colcon_core.shell:create_environment_hook('custom_interfaces', 'catkin_pythonpath')
[2.001s] INFO:colcon.colcon_core.shell:Creating environment hook '/home/dh/underwater_ws_new/install/custom_interfaces/share/custom_interfaces/hook/catkin_pythonpath.ps1'
[2.002s] INFO:colcon.colcon_core.shell:Creating environment descriptor '/home/dh/underwater_ws_new/install/custom_interfaces/share/custom_interfaces/hook/catkin_pythonpath.dsv'
[2.003s] INFO:colcon.colcon_core.shell:Creating environment hook '/home/dh/underwater_ws_new/install/custom_interfaces/share/custom_interfaces/hook/catkin_pythonpath.sh'
[2.003s] Level 1:colcon.colcon_core.shell:create_environment_hook('custom_interfaces', 'pkg_config_path')
[2.004s] INFO:colcon.colcon_core.shell:Creating environment hook '/home/dh/underwater_ws_new/install/custom_interfaces/share/custom_interfaces/hook/pkg_config_path.ps1'
[2.005s] INFO:colcon.colcon_core.shell:Creating environment descriptor '/home/dh/underwater_ws_new/install/custom_interfaces/share/custom_interfaces/hook/pkg_config_path.dsv'
[2.006s] INFO:colcon.colcon_core.shell:Creating environment hook '/home/dh/underwater_ws_new/install/custom_interfaces/share/custom_interfaces/hook/pkg_config_path.sh'
[2.016s] Level 1:colcon.colcon_core.shell:create_environment_hook('custom_interfaces', 'pkg_config_path_multiarch')
[2.017s] INFO:colcon.colcon_core.shell:Creating environment hook '/home/dh/underwater_ws_new/install/custom_interfaces/share/custom_interfaces/hook/pkg_config_path_multiarch.ps1'
[2.018s] INFO:colcon.colcon_core.shell:Creating environment descriptor '/home/dh/underwater_ws_new/install/custom_interfaces/share/custom_interfaces/hook/pkg_config_path_multiarch.dsv'
[2.018s] INFO:colcon.colcon_core.shell:Creating environment hook '/home/dh/underwater_ws_new/install/custom_interfaces/share/custom_interfaces/hook/pkg_config_path_multiarch.sh'
[2.020s] Level 1:colcon.colcon_core.environment:create_environment_scripts_only(custom_interfaces)
[2.027s] Level 1:colcon.colcon_core.environment:checking '/home/dh/underwater_ws_new/install/custom_interfaces' for CMake module files
[2.028s] Level 1:colcon.colcon_core.environment:checking '/home/dh/underwater_ws_new/install/custom_interfaces' for CMake config files
[2.028s] Level 1:colcon.colcon_core.shell:create_environment_hook('custom_interfaces', 'cmake_prefix_path')
[2.029s] INFO:colcon.colcon_core.shell:Creating environment hook '/home/dh/underwater_ws_new/install/custom_interfaces/share/custom_interfaces/hook/cmake_prefix_path.ps1'
[2.029s] INFO:colcon.colcon_core.shell:Creating environment descriptor '/home/dh/underwater_ws_new/install/custom_interfaces/share/custom_interfaces/hook/cmake_prefix_path.dsv'
[2.030s] INFO:colcon.colcon_core.shell:Creating environment hook '/home/dh/underwater_ws_new/install/custom_interfaces/share/custom_interfaces/hook/cmake_prefix_path.sh'
[2.031s] Level 1:colcon.colcon_core.environment:checking '/home/dh/underwater_ws_new/install/custom_interfaces/lib'
[2.031s] Level 1:colcon.colcon_core.shell:create_environment_hook('custom_interfaces', 'ld_library_path_lib')
[2.031s] INFO:colcon.colcon_core.shell:Creating environment hook '/home/dh/underwater_ws_new/install/custom_interfaces/share/custom_interfaces/hook/ld_library_path_lib.ps1'
[2.033s] INFO:colcon.colcon_core.shell:Creating environment descriptor '/home/dh/underwater_ws_new/install/custom_interfaces/share/custom_interfaces/hook/ld_library_path_lib.dsv'
[2.034s] INFO:colcon.colcon_core.shell:Creating environment hook '/home/dh/underwater_ws_new/install/custom_interfaces/share/custom_interfaces/hook/ld_library_path_lib.sh'
[2.035s] Level 1:colcon.colcon_core.environment:checking '/home/dh/underwater_ws_new/install/custom_interfaces/bin'
[2.035s] Level 1:colcon.colcon_core.environment:checking '/home/dh/underwater_ws_new/install/custom_interfaces/lib/pkgconfig/custom_interfaces.pc'
[2.036s] Level 1:colcon.colcon_core.environment:checking '/home/dh/underwater_ws_new/install/custom_interfaces/lib/python3.8/site-packages'
[2.037s] Level 1:colcon.colcon_core.shell:create_environment_hook('custom_interfaces', 'pythonpath')
[2.037s] INFO:colcon.colcon_core.shell:Creating environment hook '/home/dh/underwater_ws_new/install/custom_interfaces/share/custom_interfaces/hook/pythonpath.ps1'
[2.038s] INFO:colcon.colcon_core.shell:Creating environment descriptor '/home/dh/underwater_ws_new/install/custom_interfaces/share/custom_interfaces/hook/pythonpath.dsv'
[2.039s] INFO:colcon.colcon_core.shell:Creating environment hook '/home/dh/underwater_ws_new/install/custom_interfaces/share/custom_interfaces/hook/pythonpath.sh'
[2.041s] Level 1:colcon.colcon_core.environment:checking '/home/dh/underwater_ws_new/install/custom_interfaces/bin'
[2.042s] INFO:colcon.colcon_core.shell:Creating package script '/home/dh/underwater_ws_new/install/custom_interfaces/share/custom_interfaces/package.ps1'
[2.044s] INFO:colcon.colcon_core.shell:Creating package descriptor '/home/dh/underwater_ws_new/install/custom_interfaces/share/custom_interfaces/package.dsv'
[2.046s] INFO:colcon.colcon_core.shell:Creating package script '/home/dh/underwater_ws_new/install/custom_interfaces/share/custom_interfaces/package.sh'
[2.049s] INFO:colcon.colcon_core.shell:Creating package script '/home/dh/underwater_ws_new/install/custom_interfaces/share/custom_interfaces/package.bash'
[2.051s] INFO:colcon.colcon_core.shell:Creating package script '/home/dh/underwater_ws_new/install/custom_interfaces/share/custom_interfaces/package.zsh'
[2.053s] Level 1:colcon.colcon_core.environment:create_file_with_runtime_dependencies(/home/dh/underwater_ws_new/install/custom_interfaces/share/colcon-core/packages/custom_interfaces)
[2.054s] INFO:colcon.colcon_ros.task.ament_python.build:Building ROS package in '/home/dh/underwater_ws_new/src/underwater_control' with build type 'ament_python'
[2.055s] Level 1:colcon.colcon_core.shell:create_environment_hook('underwater_control', 'ament_prefix_path')
[2.056s] INFO:colcon.colcon_core.shell:Creating environment hook '/home/dh/underwater_ws_new/install/underwater_control/share/underwater_control/hook/ament_prefix_path.ps1'
[2.058s] INFO:colcon.colcon_core.shell:Creating environment descriptor '/home/dh/underwater_ws_new/install/underwater_control/share/underwater_control/hook/ament_prefix_path.dsv'
[2.059s] INFO:colcon.colcon_core.shell:Creating environment hook '/home/dh/underwater_ws_new/install/underwater_control/share/underwater_control/hook/ament_prefix_path.sh'
[2.060s] INFO:colcon.colcon_core.shell:Skip shell extension 'powershell' for command environment: Not usable outside of PowerShell
[2.060s] DEBUG:colcon.colcon_core.shell:Skip shell extension 'dsv' for command environment
[2.448s] INFO:colcon.colcon_core.task.python.build:Building Python package in '/home/dh/underwater_ws_new/src/underwater_control'
[2.450s] INFO:colcon.colcon_core.shell:Skip shell extension 'powershell' for command environment: Not usable outside of PowerShell
[2.450s] DEBUG:colcon.colcon_core.shell:Skip shell extension 'dsv' for command environment
[3.229s] DEBUG:colcon.colcon_core.event_handler.log_command:Invoking command in '/home/dh/underwater_ws_new/src/underwater_control': CMAKE_PREFIX_PATH=/home/dh/underwater_ws_new/install/custom_interfaces:${CMAKE_PREFIX_PATH} LD_LIBRARY_PATH=/home/dh/underwater_ws_new/install/custom_interfaces/lib:${LD_LIBRARY_PATH} PKG_CONFIG_PATH=/home/dh/underwater_ws_new/install/custom_interfaces/lib/x86_64-linux-gnu/pkgconfig:/home/dh/underwater_ws_new/install/custom_interfaces/lib/pkgconfig PYTHONPATH=/home/dh/underwater_ws_new/build/underwater_control/prefix_override:/usr/lib/python3/dist-packages/colcon_core/task/python/colcon_distutils_commands:/home/dh/underwater_ws_new/install/underwater_control/lib/python3.8/site-packages:/home/dh/underwater_ws_new/install/custom_interfaces/lib/python3.8/site-packages:${PYTHONPATH} ROS_PACKAGE_PATH=/home/dh/underwater_ws_new/install/custom_interfaces/share /usr/bin/python3 -W ignore:setup.py install is deprecated -W ignore:easy_install command is deprecated setup.py egg_info --egg-base ../../build/underwater_control build --build-base /home/dh/underwater_ws_new/build/underwater_control/build install --record /home/dh/underwater_ws_new/build/underwater_control/install.log --install-scripts $base/lib/underwater_control --single-version-externally-managed install_data
[3.704s] Level 1:colcon.colcon_core.environment:checking '/home/dh/underwater_ws_new/install/underwater_control' for CMake module files
[3.706s] DEBUG:colcon.colcon_core.event_handler.log_command:Invoked command in '/home/dh/underwater_ws_new/src/underwater_control' returned '0': CMAKE_PREFIX_PATH=/home/dh/underwater_ws_new/install/custom_interfaces:${CMAKE_PREFIX_PATH} LD_LIBRARY_PATH=/home/dh/underwater_ws_new/install/custom_interfaces/lib:${LD_LIBRARY_PATH} PKG_CONFIG_PATH=/home/dh/underwater_ws_new/install/custom_interfaces/lib/x86_64-linux-gnu/pkgconfig:/home/dh/underwater_ws_new/install/custom_interfaces/lib/pkgconfig PYTHONPATH=/home/dh/underwater_ws_new/build/underwater_control/prefix_override:/usr/lib/python3/dist-packages/colcon_core/task/python/colcon_distutils_commands:/home/dh/underwater_ws_new/install/underwater_control/lib/python3.8/site-packages:/home/dh/underwater_ws_new/install/custom_interfaces/lib/python3.8/site-packages:${PYTHONPATH} ROS_PACKAGE_PATH=/home/dh/underwater_ws_new/install/custom_interfaces/share /usr/bin/python3 -W ignore:setup.py install is deprecated -W ignore:easy_install command is deprecated setup.py egg_info --egg-base ../../build/underwater_control build --build-base /home/dh/underwater_ws_new/build/underwater_control/build install --record /home/dh/underwater_ws_new/build/underwater_control/install.log --install-scripts $base/lib/underwater_control --single-version-externally-managed install_data
[3.707s] Level 1:colcon.colcon_core.environment:checking '/home/dh/underwater_ws_new/install/underwater_control' for CMake config files
[3.708s] Level 1:colcon.colcon_core.environment:checking '/home/dh/underwater_ws_new/install/underwater_control/lib'
[3.709s] Level 1:colcon.colcon_core.environment:checking '/home/dh/underwater_ws_new/install/underwater_control/bin'
[3.709s] Level 1:colcon.colcon_core.environment:checking '/home/dh/underwater_ws_new/install/underwater_control/lib/pkgconfig/underwater_control.pc'
[3.709s] Level 1:colcon.colcon_core.environment:checking '/home/dh/underwater_ws_new/install/underwater_control/lib/python3.8/site-packages'
[3.710s] Level 1:colcon.colcon_core.shell:create_environment_hook('underwater_control', 'pythonpath')
[3.710s] INFO:colcon.colcon_core.shell:Creating environment hook '/home/dh/underwater_ws_new/install/underwater_control/share/underwater_control/hook/pythonpath.ps1'
[3.711s] INFO:colcon.colcon_core.shell:Creating environment descriptor '/home/dh/underwater_ws_new/install/underwater_control/share/underwater_control/hook/pythonpath.dsv'
[3.712s] INFO:colcon.colcon_core.shell:Creating environment hook '/home/dh/underwater_ws_new/install/underwater_control/share/underwater_control/hook/pythonpath.sh'
[3.714s] Level 1:colcon.colcon_core.environment:checking '/home/dh/underwater_ws_new/install/underwater_control/bin'
[3.714s] Level 1:colcon.colcon_core.environment:create_environment_scripts_only(underwater_control)
[3.714s] INFO:colcon.colcon_core.shell:Creating package script '/home/dh/underwater_ws_new/install/underwater_control/share/underwater_control/package.ps1'
[3.716s] INFO:colcon.colcon_core.shell:Creating package descriptor '/home/dh/underwater_ws_new/install/underwater_control/share/underwater_control/package.dsv'
[3.717s] INFO:colcon.colcon_core.shell:Creating package script '/home/dh/underwater_ws_new/install/underwater_control/share/underwater_control/package.sh'
[3.718s] INFO:colcon.colcon_core.shell:Creating package script '/home/dh/underwater_ws_new/install/underwater_control/share/underwater_control/package.bash'
[3.719s] INFO:colcon.colcon_core.shell:Creating package script '/home/dh/underwater_ws_new/install/underwater_control/share/underwater_control/package.zsh'
[3.720s] Level 1:colcon.colcon_core.environment:create_file_with_runtime_dependencies(/home/dh/underwater_ws_new/install/underwater_control/share/colcon-core/packages/underwater_control)
[3.721s] DEBUG:colcon.colcon_parallel_executor.executor.parallel:closing loop
[3.722s] DEBUG:colcon.colcon_parallel_executor.executor.parallel:loop closed
[3.722s] DEBUG:colcon.colcon_parallel_executor.executor.parallel:run_until_complete finished with '0'
[3.722s] DEBUG:colcon.colcon_core.event_reactor:joining thread
[3.738s] INFO:colcon.colcon_core.plugin_system:Skipping extension 'colcon_notification.desktop_notification.terminal_notifier': Not used on non-Darwin systems
[3.738s] INFO:colcon.colcon_core.plugin_system:Skipping extension 'colcon_notification.desktop_notification.win32': Not used on non-Windows systems
[3.739s] INFO:colcon.colcon_notification.desktop_notification:Sending desktop notification using 'notify2'
[3.779s] DEBUG:colcon.colcon_core.event_reactor:joined thread
[3.780s] INFO:colcon.colcon_core.shell:Creating prefix script '/home/dh/underwater_ws_new/install/local_setup.ps1'
[3.783s] INFO:colcon.colcon_core.shell:Creating prefix util module '/home/dh/underwater_ws_new/install/_local_setup_util_ps1.py'
[3.787s] INFO:colcon.colcon_core.shell:Creating prefix chain script '/home/dh/underwater_ws_new/install/setup.ps1'
[3.795s] INFO:colcon.colcon_core.shell:Creating prefix script '/home/dh/underwater_ws_new/install/local_setup.sh'
[3.798s] INFO:colcon.colcon_core.shell:Creating prefix util module '/home/dh/underwater_ws_new/install/_local_setup_util_sh.py'
[3.800s] INFO:colcon.colcon_core.shell:Creating prefix chain script '/home/dh/underwater_ws_new/install/setup.sh'
[3.806s] INFO:colcon.colcon_core.shell:Creating prefix script '/home/dh/underwater_ws_new/install/local_setup.bash'
[3.808s] INFO:colcon.colcon_core.shell:Creating prefix chain script '/home/dh/underwater_ws_new/install/setup.bash'
[3.815s] INFO:colcon.colcon_core.shell:Creating prefix script '/home/dh/underwater_ws_new/install/local_setup.zsh'
[3.816s] INFO:colcon.colcon_core.shell:Creating prefix chain script '/home/dh/underwater_ws_new/install/setup.zsh'
