[2.409s] Invoking command in '/home/dh/uuv_ws/src/uuv_webrtc_ros': PYTHONPATH=/home/dh/uuv_ws/build/uuv_webrtc_ros/prefix_override:/usr/lib/python3/dist-packages/colcon_core/task/python/colcon_distutils_commands:/home/dh/uuv_ws/install/uuv_webrtc_ros/lib/python3.8/site-packages:${PYTHONPATH} /usr/bin/python3 -W ignore:setup.py install is deprecated -W ignore:easy_install command is deprecated setup.py egg_info --egg-base ../../build/uuv_webrtc_ros build --build-base /home/dh/uuv_ws/build/uuv_webrtc_ros/build install --record /home/dh/uuv_ws/build/uuv_webrtc_ros/install.log --install-scripts $base/lib/uuv_webrtc_ros --single-version-externally-managed install_data
[3.294s] /home/dh/.local/lib/python3.8/site-packages/setuptools/dist.py:717: UserWarning: Usage of dash-separated 'script-dir' will not be supported in future versions. Please use the underscore name 'script_dir' instead
[3.296s]   warnings.warn(
[3.396s] running egg_info
[3.404s] writing ../../build/uuv_webrtc_ros/uuv_webrtc_ros.egg-info/PKG-INFO
[3.406s] writing dependency_links to ../../build/uuv_webrtc_ros/uuv_webrtc_ros.egg-info/dependency_links.txt
[3.406s] writing entry points to ../../build/uuv_webrtc_ros/uuv_webrtc_ros.egg-info/entry_points.txt
[3.406s] writing requirements to ../../build/uuv_webrtc_ros/uuv_webrtc_ros.egg-info/requires.txt
[3.407s] writing top-level names to ../../build/uuv_webrtc_ros/uuv_webrtc_ros.egg-info/top_level.txt
[3.412s] reading manifest file '../../build/uuv_webrtc_ros/uuv_webrtc_ros.egg-info/SOURCES.txt'
[3.415s] writing manifest file '../../build/uuv_webrtc_ros/uuv_webrtc_ros.egg-info/SOURCES.txt'
[3.415s] running build
[3.419s] running build_py
[3.419s] running install
[3.420s] running install_lib
[3.423s] running install_data
[3.423s] running install_egg_info
[3.428s] removing '/home/dh/uuv_ws/install/uuv_webrtc_ros/lib/python3.8/site-packages/uuv_webrtc_ros-0.0.0-py3.8.egg-info' (and everything under it)
[3.429s] Copying ../../build/uuv_webrtc_ros/uuv_webrtc_ros.egg-info to /home/dh/uuv_ws/install/uuv_webrtc_ros/lib/python3.8/site-packages/uuv_webrtc_ros-0.0.0-py3.8.egg-info
[3.431s] running install_scripts
[3.489s] Installing image_publisher script to /home/dh/uuv_ws/install/uuv_webrtc_ros/lib/uuv_webrtc_ros
[3.490s] Installing image_subscriber script to /home/dh/uuv_ws/install/uuv_webrtc_ros/lib/uuv_webrtc_ros
[3.491s] Installing yolov5_detector script to /home/dh/uuv_ws/install/uuv_webrtc_ros/lib/uuv_webrtc_ros
[3.493s] writing list of installed files to '/home/dh/uuv_ws/build/uuv_webrtc_ros/install.log'
[3.557s] Invoked command in '/home/dh/uuv_ws/src/uuv_webrtc_ros' returned '0': PYTHONPATH=/home/dh/uuv_ws/build/uuv_webrtc_ros/prefix_override:/usr/lib/python3/dist-packages/colcon_core/task/python/colcon_distutils_commands:/home/dh/uuv_ws/install/uuv_webrtc_ros/lib/python3.8/site-packages:${PYTHONPATH} /usr/bin/python3 -W ignore:setup.py install is deprecated -W ignore:easy_install command is deprecated setup.py egg_info --egg-base ../../build/uuv_webrtc_ros build --build-base /home/dh/uuv_ws/build/uuv_webrtc_ros/build install --record /home/dh/uuv_ws/build/uuv_webrtc_ros/install.log --install-scripts $base/lib/uuv_webrtc_ros --single-version-externally-managed install_data
