[1.100s] Invoking command in '/home/dh/ros2_ev_test2/src/hello_ev_service_py': PYTHONPATH=/home/dh/ros2_ev_test2/build/hello_ev_service_py/prefix_override:/usr/lib/python3/dist-packages/colcon_core/task/python/colcon_distutils_commands:/home/dh/ros2_ev_test2/install/hello_ev_service_py/lib/python3.8/site-packages:/home/dh/ros2_ev_test2/install/hello_ev_interfaces/lib/python3.8/site-packages:/home/dh/ros2_ev_test2/build/hello_ev_service_py:/home/dh/ros2_ev_test2/install/hello_ev_service_py/lib/python3.8/site-packages:/opt/ros/foxy/lib/python3.8/site-packages /usr/bin/python3 -W ignore:setup.py install is deprecated -W ignore:easy_install command is deprecated setup.py egg_info --egg-base ../../build/hello_ev_service_py build --build-base /home/dh/ros2_ev_test2/build/hello_ev_service_py/build install --record /home/dh/ros2_ev_test2/build/hello_ev_service_py/install.log --install-scripts $base/lib/hello_ev_service_py --single-version-externally-managed install_data
[1.442s] running egg_info
[1.445s] writing ../../build/hello_ev_service_py/hello_ev_service_py.egg-info/PKG-INFO
[1.447s] writing dependency_links to ../../build/hello_ev_service_py/hello_ev_service_py.egg-info/dependency_links.txt
[1.449s] writing entry points to ../../build/hello_ev_service_py/hello_ev_service_py.egg-info/entry_points.txt
[1.451s] writing requirements to ../../build/hello_ev_service_py/hello_ev_service_py.egg-info/requires.txt
[1.452s] writing top-level names to ../../build/hello_ev_service_py/hello_ev_service_py.egg-info/top_level.txt
[1.508s] reading manifest file '../../build/hello_ev_service_py/hello_ev_service_py.egg-info/SOURCES.txt'
[1.511s] writing manifest file '../../build/hello_ev_service_py/hello_ev_service_py.egg-info/SOURCES.txt'
[1.512s] running build
[1.512s] running build_py
[1.513s] copying hello_ev_service_py/hello_ev_server.py -> /home/dh/ros2_ev_test2/build/hello_ev_service_py/build/lib/hello_ev_service_py
[1.515s] running install
[1.517s] running install_lib
[1.520s] copying /home/dh/ros2_ev_test2/build/hello_ev_service_py/build/lib/hello_ev_service_py/hello_ev_server.py -> /home/dh/ros2_ev_test2/install/hello_ev_service_py/lib/python3.8/site-packages/hello_ev_service_py
[1.522s] byte-compiling /home/dh/ros2_ev_test2/install/hello_ev_service_py/lib/python3.8/site-packages/hello_ev_service_py/hello_ev_server.py to hello_ev_server.cpython-38.pyc
[1.526s] running install_data
[1.527s] running install_egg_info
[1.530s] removing '/home/dh/ros2_ev_test2/install/hello_ev_service_py/lib/python3.8/site-packages/hello_ev_service_py-0.0.0-py3.8.egg-info' (and everything under it)
[1.531s] Copying ../../build/hello_ev_service_py/hello_ev_service_py.egg-info to /home/dh/ros2_ev_test2/install/hello_ev_service_py/lib/python3.8/site-packages/hello_ev_service_py-0.0.0-py3.8.egg-info
[1.533s] running install_scripts
[1.560s] Installing hello_ev_client script to /home/dh/ros2_ev_test2/install/hello_ev_service_py/lib/hello_ev_service_py
[1.562s] Installing hello_ev_server script to /home/dh/ros2_ev_test2/install/hello_ev_service_py/lib/hello_ev_service_py
[1.564s] writing list of installed files to '/home/dh/ros2_ev_test2/build/hello_ev_service_py/install.log'
[1.604s] Invoked command in '/home/dh/ros2_ev_test2/src/hello_ev_service_py' returned '0': PYTHONPATH=/home/dh/ros2_ev_test2/build/hello_ev_service_py/prefix_override:/usr/lib/python3/dist-packages/colcon_core/task/python/colcon_distutils_commands:/home/dh/ros2_ev_test2/install/hello_ev_service_py/lib/python3.8/site-packages:/home/dh/ros2_ev_test2/install/hello_ev_interfaces/lib/python3.8/site-packages:/home/dh/ros2_ev_test2/build/hello_ev_service_py:/home/dh/ros2_ev_test2/install/hello_ev_service_py/lib/python3.8/site-packages:/opt/ros/foxy/lib/python3.8/site-packages /usr/bin/python3 -W ignore:setup.py install is deprecated -W ignore:easy_install command is deprecated setup.py egg_info --egg-base ../../build/hello_ev_service_py build --build-base /home/dh/ros2_ev_test2/build/hello_ev_service_py/build install --record /home/dh/ros2_ev_test2/build/hello_ev_service_py/install.log --install-scripts $base/lib/hello_ev_service_py --single-version-externally-managed install_data
