[3.130s] Invoking command in '/home/dh/uuv_ws/src/uuv_webrtc_ros': PYTHONPATH=/home/dh/uuv_ws/build/uuv_webrtc_ros/prefix_override:/usr/lib/python3/dist-packages/colcon_core/task/python/colcon_distutils_commands:/home/dh/uuv_ws/install/uuv_webrtc_ros/lib/python3.8/site-packages:${PYTHONPATH} /usr/bin/python3 -W ignore:setup.py install is deprecated -W ignore:easy_install command is deprecated setup.py egg_info --egg-base ../../build/uuv_webrtc_ros build --build-base /home/dh/uuv_ws/build/uuv_webrtc_ros/build install --record /home/dh/uuv_ws/build/uuv_webrtc_ros/install.log --install-scripts $base/lib/uuv_webrtc_ros --single-version-externally-managed install_data
[3.683s] /home/dh/.local/lib/python3.8/site-packages/setuptools/dist.py:495: SetuptoolsDeprecationWarning: Invalid dash-separated options
[3.683s] !!
[3.683s] 
[3.684s]         ********************************************************************************
[3.684s]         Usage of dash-separated 'script-dir' will not be supported in future
[3.684s]         versions. Please use the underscore name 'script_dir' instead.
[3.685s] 
[3.685s]         This deprecation is overdue, please update your project and remove deprecated
[3.685s]         calls to avoid build errors in the future.
[3.685s] 
[3.685s]         See https://setuptools.pypa.io/en/latest/userguide/declarative_config.html for details.
[3.685s]         ********************************************************************************
[3.685s] 
[3.686s] !!
[3.686s]   opt = self.warn_dash_deprecation(opt, section)
[3.744s] /home/dh/.local/lib/python3.8/site-packages/setuptools/_distutils/dist.py:261: UserWarning: Unknown distribution option: 'tests_require'
[3.745s]   warnings.warn(msg)
[4.069s] running egg_info
[4.124s] writing ../../build/uuv_webrtc_ros/uuv_webrtc_ros.egg-info/PKG-INFO
[4.127s] writing dependency_links to ../../build/uuv_webrtc_ros/uuv_webrtc_ros.egg-info/dependency_links.txt
[4.129s] writing entry points to ../../build/uuv_webrtc_ros/uuv_webrtc_ros.egg-info/entry_points.txt
[4.131s] writing requirements to ../../build/uuv_webrtc_ros/uuv_webrtc_ros.egg-info/requires.txt
[4.132s] writing top-level names to ../../build/uuv_webrtc_ros/uuv_webrtc_ros.egg-info/top_level.txt
[4.597s] reading manifest file '../../build/uuv_webrtc_ros/uuv_webrtc_ros.egg-info/SOURCES.txt'
[4.599s] Traceback (most recent call last):
[4.599s]   File "setup.py", line 5, in <module>
[4.600s]     setup(
[4.600s]   File "/home/dh/.local/lib/python3.8/site-packages/setuptools/__init__.py", line 117, in setup
[4.601s]     return distutils.core.setup(**attrs)
[4.601s]   File "/home/dh/.local/lib/python3.8/site-packages/setuptools/_distutils/core.py", line 183, in setup
[4.602s]     return run_commands(dist)
[4.602s]   File "/home/dh/.local/lib/python3.8/site-packages/setuptools/_distutils/core.py", line 199, in run_commands
[4.603s]     dist.run_commands()
[4.603s]   File "/home/dh/.local/lib/python3.8/site-packages/setuptools/_distutils/dist.py", line 954, in run_commands
[4.604s]     self.run_command(cmd)
[4.604s]   File "/home/dh/.local/lib/python3.8/site-packages/setuptools/dist.py", line 999, in run_command
[4.605s]     super().run_command(command)
[4.606s]   File "/home/dh/.local/lib/python3.8/site-packages/setuptools/_distutils/dist.py", line 973, in run_command
[4.607s]     cmd_obj.run()
[4.607s]   File "/home/dh/.local/lib/python3.8/site-packages/setuptools/command/egg_info.py", line 312, in run
[4.609s]     self.find_sources()
[4.610s]   File "/home/dh/.local/lib/python3.8/site-packages/setuptools/command/egg_info.py", line 320, in find_sources
[4.610s]     mm.run()
[4.611s]   File "/home/dh/.local/lib/python3.8/site-packages/setuptools/command/egg_info.py", line 546, in run
[4.612s]     self.prune_file_list()
[4.612s]   File "/home/dh/.local/lib/python3.8/site-packages/setuptools/command/sdist.py", line 162, in prune_file_list
[4.615s]     super().prune_file_list()
[4.616s]   File "/home/dh/.local/lib/python3.8/site-packages/setuptools/_distutils/command/sdist.py", line 380, in prune_file_list
[4.617s]     base_dir = self.distribution.get_fullname()
[4.617s]   File "/home/dh/.local/lib/python3.8/site-packages/setuptools/_core_metadata.py", line 267, in get_fullname
[4.619s]     return _distribution_fullname(self.get_name(), self.get_version())
[4.619s]   File "/home/dh/.local/lib/python3.8/site-packages/setuptools/_core_metadata.py", line 285, in _distribution_fullname
[4.620s]     canonicalize_version(version, strip_trailing_zero=False),
[4.620s] TypeError: canonicalize_version() got an unexpected keyword argument 'strip_trailing_zero'
[4.692s] Invoked command in '/home/dh/uuv_ws/src/uuv_webrtc_ros' returned '1': PYTHONPATH=/home/dh/uuv_ws/build/uuv_webrtc_ros/prefix_override:/usr/lib/python3/dist-packages/colcon_core/task/python/colcon_distutils_commands:/home/dh/uuv_ws/install/uuv_webrtc_ros/lib/python3.8/site-packages:${PYTHONPATH} /usr/bin/python3 -W ignore:setup.py install is deprecated -W ignore:easy_install command is deprecated setup.py egg_info --egg-base ../../build/uuv_webrtc_ros build --build-base /home/dh/uuv_ws/build/uuv_webrtc_ros/build install --record /home/dh/uuv_ws/build/uuv_webrtc_ros/install.log --install-scripts $base/lib/uuv_webrtc_ros --single-version-externally-managed install_data
