/home/dh/uuv_ws/install/uuv_webrtc_ros/lib/python3.8/site-packages/uuv_webrtc_ros/__init__.py
/home/dh/uuv_ws/install/uuv_webrtc_ros/lib/python3.8/site-packages/uuv_webrtc_ros/image_subscriber.py
/home/dh/uuv_ws/install/uuv_webrtc_ros/lib/python3.8/site-packages/uuv_webrtc_ros/yolov5_detector.py
/home/dh/uuv_ws/install/uuv_webrtc_ros/lib/python3.8/site-packages/uuv_webrtc_ros/image_publisher.py
/home/dh/uuv_ws/install/uuv_webrtc_ros/lib/python3.8/site-packages/uuv_webrtc_ros/__pycache__/__init__.cpython-38.pyc
/home/dh/uuv_ws/install/uuv_webrtc_ros/lib/python3.8/site-packages/uuv_webrtc_ros/__pycache__/image_subscriber.cpython-38.pyc
/home/dh/uuv_ws/install/uuv_webrtc_ros/lib/python3.8/site-packages/uuv_webrtc_ros/__pycache__/yolov5_detector.cpython-38.pyc
/home/dh/uuv_ws/install/uuv_webrtc_ros/lib/python3.8/site-packages/uuv_webrtc_ros/__pycache__/image_publisher.cpython-38.pyc
/home/dh/uuv_ws/install/uuv_webrtc_ros/share/ament_index/resource_index/packages/uuv_webrtc_ros
/home/dh/uuv_ws/install/uuv_webrtc_ros/share/uuv_webrtc_ros/package.xml
/home/dh/uuv_ws/install/uuv_webrtc_ros/lib/python3.8/site-packages/uuv_webrtc_ros-0.0.0-py3.8.egg-info/entry_points.txt
/home/dh/uuv_ws/install/uuv_webrtc_ros/lib/python3.8/site-packages/uuv_webrtc_ros-0.0.0-py3.8.egg-info/requires.txt
/home/dh/uuv_ws/install/uuv_webrtc_ros/lib/python3.8/site-packages/uuv_webrtc_ros-0.0.0-py3.8.egg-info/PKG-INFO
/home/dh/uuv_ws/install/uuv_webrtc_ros/lib/python3.8/site-packages/uuv_webrtc_ros-0.0.0-py3.8.egg-info/top_level.txt
/home/dh/uuv_ws/install/uuv_webrtc_ros/lib/python3.8/site-packages/uuv_webrtc_ros-0.0.0-py3.8.egg-info/dependency_links.txt
/home/dh/uuv_ws/install/uuv_webrtc_ros/lib/python3.8/site-packages/uuv_webrtc_ros-0.0.0-py3.8.egg-info/zip-safe
/home/dh/uuv_ws/install/uuv_webrtc_ros/lib/python3.8/site-packages/uuv_webrtc_ros-0.0.0-py3.8.egg-info/SOURCES.txt
/home/dh/uuv_ws/install/uuv_webrtc_ros/lib/uuv_webrtc_ros/image_publisher
/home/dh/uuv_ws/install/uuv_webrtc_ros/lib/uuv_webrtc_ros/image_subscriber
/home/dh/uuv_ws/install/uuv_webrtc_ros/lib/uuv_webrtc_ros/yolov5_detector
