[1.985s] Invoking command in '/home/dh/uuv_ws/src/uuv_webrtc_ros': PYTHONPATH=/home/dh/uuv_ws/build/uuv_webrtc_ros/prefix_override:/usr/lib/python3/dist-packages/colcon_core/task/python/colcon_distutils_commands:/home/dh/uuv_ws/install/uuv_webrtc_ros/lib/python3.8/site-packages:${PYTHONPATH} /usr/bin/python3 -W ignore:setup.py install is deprecated -W ignore:easy_install command is deprecated setup.py egg_info --egg-base ../../build/uuv_webrtc_ros build --build-base /home/dh/uuv_ws/build/uuv_webrtc_ros/build install --record /home/dh/uuv_ws/build/uuv_webrtc_ros/install.log --install-scripts $base/lib/uuv_webrtc_ros --single-version-externally-managed install_data
[2.498s] /home/dh/.local/lib/python3.8/site-packages/setuptools/dist.py:642: UserWarning: Usage of dash-separated 'script-dir' will not be supported in future versions. Please use the underscore name 'script_dir' instead
[2.499s]   warnings.warn(
[2.550s] running egg_info
[2.552s] writing ../../build/uuv_webrtc_ros/uuv_webrtc_ros.egg-info/PKG-INFO
[2.554s] writing dependency_links to ../../build/uuv_webrtc_ros/uuv_webrtc_ros.egg-info/dependency_links.txt
[2.556s] writing entry points to ../../build/uuv_webrtc_ros/uuv_webrtc_ros.egg-info/entry_points.txt
[2.556s] writing requirements to ../../build/uuv_webrtc_ros/uuv_webrtc_ros.egg-info/requires.txt
[2.557s] writing top-level names to ../../build/uuv_webrtc_ros/uuv_webrtc_ros.egg-info/top_level.txt
[2.629s] reading manifest file '../../build/uuv_webrtc_ros/uuv_webrtc_ros.egg-info/SOURCES.txt'
[2.635s] writing manifest file '../../build/uuv_webrtc_ros/uuv_webrtc_ros.egg-info/SOURCES.txt'
[2.635s] running build
[2.635s] running build_py
[2.636s] running install
[2.637s] running install_lib
[2.642s] running install_data
[2.643s] running install_egg_info
[2.645s] removing '/home/dh/uuv_ws/install/uuv_webrtc_ros/lib/python3.8/site-packages/uuv_webrtc_ros-0.0.0-py3.8.egg-info' (and everything under it)
[2.646s] Copying ../../build/uuv_webrtc_ros/uuv_webrtc_ros.egg-info to /home/dh/uuv_ws/install/uuv_webrtc_ros/lib/python3.8/site-packages/uuv_webrtc_ros-0.0.0-py3.8.egg-info
[2.647s] running install_scripts
[2.682s] Installing image_publisher script to /home/dh/uuv_ws/install/uuv_webrtc_ros/lib/uuv_webrtc_ros
[2.683s] Installing image_subscriber script to /home/dh/uuv_ws/install/uuv_webrtc_ros/lib/uuv_webrtc_ros
[2.683s] writing list of installed files to '/home/dh/uuv_ws/build/uuv_webrtc_ros/install.log'
[2.727s] Invoked command in '/home/dh/uuv_ws/src/uuv_webrtc_ros' returned '0': PYTHONPATH=/home/dh/uuv_ws/build/uuv_webrtc_ros/prefix_override:/usr/lib/python3/dist-packages/colcon_core/task/python/colcon_distutils_commands:/home/dh/uuv_ws/install/uuv_webrtc_ros/lib/python3.8/site-packages:${PYTHONPATH} /usr/bin/python3 -W ignore:setup.py install is deprecated -W ignore:easy_install command is deprecated setup.py egg_info --egg-base ../../build/uuv_webrtc_ros build --build-base /home/dh/uuv_ws/build/uuv_webrtc_ros/build install --record /home/dh/uuv_ws/build/uuv_webrtc_ros/install.log --install-scripts $base/lib/uuv_webrtc_ros --single-version-externally-managed install_data
