[0.052s] Invoking command in '/home/dh/ros2_ev_test2/build/hello_ev_interfaces': /usr/bin/cmake /home/dh/ros2_ev_test2/src/hello_ev_interfaces -DCATKIN_INSTALL_INTO_PREFIX_ROOT=0 -DCMAKE_INSTALL_PREFIX=/home/dh/ros2_ev_test2/install/hello_ev_interfaces
[0.143s] -- Found ament_cmake: 0.9.12 (/opt/ros/foxy/share/ament_cmake/cmake)
[0.203s] -- Found PythonInterp: /usr/bin/python3 (found suitable version "3.8.10", minimum required is "3") 
[0.203s] -- Using PYTHON_EXECUTABLE: /usr/bin/python3
[0.724s] -- Found rosidl_default_generators: 1.0.1 (/opt/ros/foxy/share/rosidl_default_generators/cmake)
[0.732s] -- Using all available rosidl_typesupport_c: rosidl_typesupport_fastrtps_c;rosidl_typesupport_introspection_c
[0.750s] -- Found rosidl_adapter: 1.3.1 (/opt/ros/foxy/share/rosidl_adapter/cmake)
[1.108s] -- Using all available rosidl_typesupport_cpp: rosidl_typesupport_fastrtps_cpp;rosidl_typesupport_introspection_cpp
[1.214s] -- Found PythonInterp: /usr/bin/python3 (found version "3.8.10") 
[1.462s] -- Found ament_cmake_ros: 0.9.2 (/opt/ros/foxy/share/ament_cmake_ros/cmake)
[1.683s] -- Using all available rosidl_typesupport_c: rosidl_typesupport_fastrtps_c;rosidl_typesupport_introspection_c
[1.714s] -- Using all available rosidl_typesupport_cpp: rosidl_typesupport_fastrtps_cpp;rosidl_typesupport_introspection_cpp
[1.774s] -- Found PythonInterp: /usr/bin/python3 (found suitable version "3.8.10", minimum required is "3.5") 
[1.778s] -- Found python_cmake_module: 0.8.1 (/opt/ros/foxy/share/python_cmake_module/cmake)
[1.846s] -- Using PYTHON_EXECUTABLE: /usr/bin/python3
[1.846s] -- Using PYTHON_INCLUDE_DIRS: /usr/include/python3.8
[1.846s] -- Using PYTHON_LIBRARIES: /usr/lib/x86_64-linux-gnu/libpython3.8.so
[1.932s] -- Configuring done
[2.057s] -- Generating done
[2.078s] -- Build files have been written to: /home/dh/ros2_ev_test2/build/hello_ev_interfaces
[2.091s] Invoked command in '/home/dh/ros2_ev_test2/build/hello_ev_interfaces' returned '0': /usr/bin/cmake /home/dh/ros2_ev_test2/src/hello_ev_interfaces -DCATKIN_INSTALL_INTO_PREFIX_ROOT=0 -DCMAKE_INSTALL_PREFIX=/home/dh/ros2_ev_test2/install/hello_ev_interfaces
[2.097s] Invoking command in '/home/dh/ros2_ev_test2/build/hello_ev_interfaces': /usr/bin/cmake --build /home/dh/ros2_ev_test2/build/hello_ev_interfaces -- -j2 -l2
[2.326s] [  9%] Built target hello_ev_interfaces__rosidl_generator_c
[2.362s] [ 12%] Built target hello_ev_interfaces__cpp
[2.435s] [ 22%] Built target hello_ev_interfaces__rosidl_typesupport_c
[2.457s] [ 32%] Built target hello_ev_interfaces__rosidl_typesupport_introspection_c
[2.557s] [ 41%] Built target hello_ev_interfaces__rosidl_typesupport_introspection_cpp
[2.581s] [ 51%] Built target hello_ev_interfaces__rosidl_typesupport_fastrtps_cpp
[2.679s] [ 61%] Built target hello_ev_interfaces__rosidl_typesupport_cpp
[2.695s] [ 70%] Built target hello_ev_interfaces__rosidl_typesupport_fastrtps_c
[2.750s] [ 70%] Built target hello_ev_interfaces
[2.799s] [ 74%] Built target hello_ev_interfaces__py
[2.883s] [ 80%] Built target hello_ev_interfaces__python
[2.976s] [ 87%] Built target hello_ev_interfaces__rosidl_typesupport_fastrtps_c__pyext
[2.987s] [ 93%] Built target hello_ev_interfaces__rosidl_typesupport_c__pyext
[3.049s] [100%] Built target hello_ev_interfaces__rosidl_typesupport_introspection_c__pyext
[3.076s] Invoked command in '/home/dh/ros2_ev_test2/build/hello_ev_interfaces' returned '0': /usr/bin/cmake --build /home/dh/ros2_ev_test2/build/hello_ev_interfaces -- -j2 -l2
[3.110s] Invoking command in '/home/dh/ros2_ev_test2/build/hello_ev_interfaces': /usr/bin/cmake --install /home/dh/ros2_ev_test2/build/hello_ev_interfaces
[3.164s] -- Install configuration: ""
[3.164s] -- Up-to-date: /home/dh/ros2_ev_test2/install/hello_ev_interfaces/share/ament_index/resource_index/rosidl_interfaces/hello_ev_interfaces
[3.165s] -- Up-to-date: /home/dh/ros2_ev_test2/install/hello_ev_interfaces/include/hello_ev_interfaces
[3.165s] -- Up-to-date: /home/dh/ros2_ev_test2/install/hello_ev_interfaces/include/hello_ev_interfaces/msg
[3.165s] -- Up-to-date: /home/dh/ros2_ev_test2/install/hello_ev_interfaces/include/hello_ev_interfaces/msg/rosidl_generator_c__visibility_control.h
[3.166s] -- Up-to-date: /home/dh/ros2_ev_test2/install/hello_ev_interfaces/include/hello_ev_interfaces/srv
[3.166s] -- Up-to-date: /home/dh/ros2_ev_test2/install/hello_ev_interfaces/include/hello_ev_interfaces/srv/detail
[3.166s] -- Up-to-date: /home/dh/ros2_ev_test2/install/hello_ev_interfaces/include/hello_ev_interfaces/srv/detail/string__type_support.h
[3.167s] -- Up-to-date: /home/dh/ros2_ev_test2/install/hello_ev_interfaces/include/hello_ev_interfaces/srv/detail/string__functions.c
[3.167s] -- Up-to-date: /home/dh/ros2_ev_test2/install/hello_ev_interfaces/include/hello_ev_interfaces/srv/detail/string__struct.h
[3.168s] -- Up-to-date: /home/dh/ros2_ev_test2/install/hello_ev_interfaces/include/hello_ev_interfaces/srv/detail/string__functions.h
[3.168s] -- Up-to-date: /home/dh/ros2_ev_test2/install/hello_ev_interfaces/include/hello_ev_interfaces/srv/string.h
[3.168s] -- Up-to-date: /home/dh/ros2_ev_test2/install/hello_ev_interfaces/share/hello_ev_interfaces/environment/library_path.sh
[3.169s] -- Installing: /home/dh/ros2_ev_test2/install/hello_ev_interfaces/share/hello_ev_interfaces/environment/library_path.dsv
[3.172s] -- Up-to-date: /home/dh/ros2_ev_test2/install/hello_ev_interfaces/lib/libhello_ev_interfaces__rosidl_generator_c.so
[3.173s] -- Up-to-date: /home/dh/ros2_ev_test2/install/hello_ev_interfaces/include/hello_ev_interfaces
[3.173s] -- Up-to-date: /home/dh/ros2_ev_test2/install/hello_ev_interfaces/include/hello_ev_interfaces/msg
[3.174s] -- Up-to-date: /home/dh/ros2_ev_test2/install/hello_ev_interfaces/include/hello_ev_interfaces/msg/rosidl_typesupport_fastrtps_c__visibility_control.h
[3.174s] -- Up-to-date: /home/dh/ros2_ev_test2/install/hello_ev_interfaces/include/hello_ev_interfaces/srv
[3.174s] -- Up-to-date: /home/dh/ros2_ev_test2/install/hello_ev_interfaces/include/hello_ev_interfaces/srv/detail
[3.174s] -- Up-to-date: /home/dh/ros2_ev_test2/install/hello_ev_interfaces/include/hello_ev_interfaces/srv/detail/string__rosidl_typesupport_fastrtps_c.h
[3.177s] -- Up-to-date: /home/dh/ros2_ev_test2/install/hello_ev_interfaces/lib/libhello_ev_interfaces__rosidl_typesupport_fastrtps_c.so
[3.178s] -- Up-to-date: /home/dh/ros2_ev_test2/install/hello_ev_interfaces/include/hello_ev_interfaces
[3.178s] -- Up-to-date: /home/dh/ros2_ev_test2/install/hello_ev_interfaces/include/hello_ev_interfaces/msg
[3.179s] -- Up-to-date: /home/dh/ros2_ev_test2/install/hello_ev_interfaces/include/hello_ev_interfaces/msg/rosidl_typesupport_fastrtps_cpp__visibility_control.h
[3.179s] -- Up-to-date: /home/dh/ros2_ev_test2/install/hello_ev_interfaces/include/hello_ev_interfaces/srv
[3.179s] -- Up-to-date: /home/dh/ros2_ev_test2/install/hello_ev_interfaces/include/hello_ev_interfaces/srv/detail
[3.180s] -- Up-to-date: /home/dh/ros2_ev_test2/install/hello_ev_interfaces/include/hello_ev_interfaces/srv/detail/string__rosidl_typesupport_fastrtps_cpp.hpp
[3.180s] -- Up-to-date: /home/dh/ros2_ev_test2/install/hello_ev_interfaces/include/hello_ev_interfaces/srv/detail/dds_fastrtps
[3.183s] -- Up-to-date: /home/dh/ros2_ev_test2/install/hello_ev_interfaces/lib/libhello_ev_interfaces__rosidl_typesupport_fastrtps_cpp.so
[3.184s] -- Up-to-date: /home/dh/ros2_ev_test2/install/hello_ev_interfaces/include/hello_ev_interfaces
[3.184s] -- Up-to-date: /home/dh/ros2_ev_test2/install/hello_ev_interfaces/include/hello_ev_interfaces/msg
[3.184s] -- Up-to-date: /home/dh/ros2_ev_test2/install/hello_ev_interfaces/include/hello_ev_interfaces/msg/rosidl_typesupport_introspection_c__visibility_control.h
[3.185s] -- Up-to-date: /home/dh/ros2_ev_test2/install/hello_ev_interfaces/include/hello_ev_interfaces/srv
[3.185s] -- Up-to-date: /home/dh/ros2_ev_test2/install/hello_ev_interfaces/include/hello_ev_interfaces/srv/detail
[3.185s] -- Up-to-date: /home/dh/ros2_ev_test2/install/hello_ev_interfaces/include/hello_ev_interfaces/srv/detail/string__type_support.c
[3.186s] -- Up-to-date: /home/dh/ros2_ev_test2/install/hello_ev_interfaces/include/hello_ev_interfaces/srv/detail/string__rosidl_typesupport_introspection_c.h
[3.188s] -- Up-to-date: /home/dh/ros2_ev_test2/install/hello_ev_interfaces/lib/libhello_ev_interfaces__rosidl_typesupport_introspection_c.so
[3.198s] -- Up-to-date: /home/dh/ros2_ev_test2/install/hello_ev_interfaces/lib/libhello_ev_interfaces__rosidl_typesupport_c.so
[3.198s] -- Up-to-date: /home/dh/ros2_ev_test2/install/hello_ev_interfaces/include/hello_ev_interfaces
[3.199s] -- Up-to-date: /home/dh/ros2_ev_test2/install/hello_ev_interfaces/include/hello_ev_interfaces/msg
[3.199s] -- Up-to-date: /home/dh/ros2_ev_test2/install/hello_ev_interfaces/include/hello_ev_interfaces/msg/rosidl_generator_cpp__visibility_control.hpp
[3.199s] -- Up-to-date: /home/dh/ros2_ev_test2/install/hello_ev_interfaces/include/hello_ev_interfaces/srv
[3.199s] -- Up-to-date: /home/dh/ros2_ev_test2/install/hello_ev_interfaces/include/hello_ev_interfaces/srv/detail
[3.199s] -- Up-to-date: /home/dh/ros2_ev_test2/install/hello_ev_interfaces/include/hello_ev_interfaces/srv/detail/string__traits.hpp
[3.199s] -- Up-to-date: /home/dh/ros2_ev_test2/install/hello_ev_interfaces/include/hello_ev_interfaces/srv/detail/string__struct.hpp
[3.200s] -- Up-to-date: /home/dh/ros2_ev_test2/install/hello_ev_interfaces/include/hello_ev_interfaces/srv/detail/string__type_support.hpp
[3.200s] -- Up-to-date: /home/dh/ros2_ev_test2/install/hello_ev_interfaces/include/hello_ev_interfaces/srv/detail/string__builder.hpp
[3.201s] -- Up-to-date: /home/dh/ros2_ev_test2/install/hello_ev_interfaces/include/hello_ev_interfaces/srv/string.hpp
[3.202s] -- Up-to-date: /home/dh/ros2_ev_test2/install/hello_ev_interfaces/include/hello_ev_interfaces
[3.202s] -- Up-to-date: /home/dh/ros2_ev_test2/install/hello_ev_interfaces/include/hello_ev_interfaces/srv
[3.202s] -- Up-to-date: /home/dh/ros2_ev_test2/install/hello_ev_interfaces/include/hello_ev_interfaces/srv/detail
[3.202s] -- Up-to-date: /home/dh/ros2_ev_test2/install/hello_ev_interfaces/include/hello_ev_interfaces/srv/detail/string__rosidl_typesupport_introspection_cpp.hpp
[3.202s] -- Up-to-date: /home/dh/ros2_ev_test2/install/hello_ev_interfaces/include/hello_ev_interfaces/srv/detail/string__type_support.cpp
[3.206s] -- Up-to-date: /home/dh/ros2_ev_test2/install/hello_ev_interfaces/lib/libhello_ev_interfaces__rosidl_typesupport_introspection_cpp.so
[3.210s] -- Up-to-date: /home/dh/ros2_ev_test2/install/hello_ev_interfaces/lib/libhello_ev_interfaces__rosidl_typesupport_cpp.so
[3.211s] -- Up-to-date: /home/dh/ros2_ev_test2/install/hello_ev_interfaces/share/hello_ev_interfaces/environment/pythonpath.sh
[3.211s] -- Installing: /home/dh/ros2_ev_test2/install/hello_ev_interfaces/share/hello_ev_interfaces/environment/pythonpath.dsv
[3.211s] -- Installing: /home/dh/ros2_ev_test2/install/hello_ev_interfaces/lib/python3.8/site-packages/hello_ev_interfaces/__init__.py
[3.343s] Compiling '/home/dh/ros2_ev_test2/install/hello_ev_interfaces/lib/python3.8/site-packages/hello_ev_interfaces/__init__.py'...
[3.357s] -- Up-to-date: /home/dh/ros2_ev_test2/install/hello_ev_interfaces/lib/python3.8/site-packages/hello_ev_interfaces/srv
[3.357s] -- Up-to-date: /home/dh/ros2_ev_test2/install/hello_ev_interfaces/lib/python3.8/site-packages/hello_ev_interfaces/srv/__init__.py
[3.357s] -- Up-to-date: /home/dh/ros2_ev_test2/install/hello_ev_interfaces/lib/python3.8/site-packages/hello_ev_interfaces/srv/_string_s.c
[3.357s] -- Up-to-date: /home/dh/ros2_ev_test2/install/hello_ev_interfaces/lib/python3.8/site-packages/hello_ev_interfaces/srv/_string.py
[3.357s] -- Up-to-date: /home/dh/ros2_ev_test2/install/hello_ev_interfaces/lib/python3.8/site-packages/hello_ev_interfaces/hello_ev_interfaces_s__rosidl_typesupport_fastrtps_c.cpython-38-x86_64-linux-gnu.so
[3.357s] -- Up-to-date: /home/dh/ros2_ev_test2/install/hello_ev_interfaces/lib/python3.8/site-packages/hello_ev_interfaces/hello_ev_interfaces_s__rosidl_typesupport_introspection_c.cpython-38-x86_64-linux-gnu.so
[3.358s] -- Up-to-date: /home/dh/ros2_ev_test2/install/hello_ev_interfaces/lib/python3.8/site-packages/hello_ev_interfaces/hello_ev_interfaces_s__rosidl_typesupport_c.cpython-38-x86_64-linux-gnu.so
[3.361s] -- Up-to-date: /home/dh/ros2_ev_test2/install/hello_ev_interfaces/lib/libhello_ev_interfaces__python.so
[3.362s] -- Up-to-date: /home/dh/ros2_ev_test2/install/hello_ev_interfaces/share/hello_ev_interfaces/srv/String.idl
[3.362s] -- Up-to-date: /home/dh/ros2_ev_test2/install/hello_ev_interfaces/share/hello_ev_interfaces/srv/String.srv
[3.363s] -- Up-to-date: /home/dh/ros2_ev_test2/install/hello_ev_interfaces/share/hello_ev_interfaces/srv/String_Request.msg
[3.363s] -- Up-to-date: /home/dh/ros2_ev_test2/install/hello_ev_interfaces/share/hello_ev_interfaces/srv/String_Response.msg
[3.363s] -- Up-to-date: /home/dh/ros2_ev_test2/install/hello_ev_interfaces/share/ament_index/resource_index/package_run_dependencies/hello_ev_interfaces
[3.364s] -- Up-to-date: /home/dh/ros2_ev_test2/install/hello_ev_interfaces/share/ament_index/resource_index/parent_prefix_path/hello_ev_interfaces
[3.365s] -- Up-to-date: /home/dh/ros2_ev_test2/install/hello_ev_interfaces/share/hello_ev_interfaces/environment/ament_prefix_path.sh
[3.368s] -- Installing: /home/dh/ros2_ev_test2/install/hello_ev_interfaces/share/hello_ev_interfaces/environment/ament_prefix_path.dsv
[3.370s] -- Up-to-date: /home/dh/ros2_ev_test2/install/hello_ev_interfaces/share/hello_ev_interfaces/environment/path.sh
[3.370s] -- Installing: /home/dh/ros2_ev_test2/install/hello_ev_interfaces/share/hello_ev_interfaces/environment/path.dsv
[3.371s] -- Up-to-date: /home/dh/ros2_ev_test2/install/hello_ev_interfaces/share/hello_ev_interfaces/local_setup.bash
[3.373s] -- Up-to-date: /home/dh/ros2_ev_test2/install/hello_ev_interfaces/share/hello_ev_interfaces/local_setup.sh
[3.374s] -- Up-to-date: /home/dh/ros2_ev_test2/install/hello_ev_interfaces/share/hello_ev_interfaces/local_setup.zsh
[3.374s] -- Installing: /home/dh/ros2_ev_test2/install/hello_ev_interfaces/share/hello_ev_interfaces/local_setup.dsv
[3.375s] -- Installing: /home/dh/ros2_ev_test2/install/hello_ev_interfaces/share/hello_ev_interfaces/package.dsv
[3.375s] -- Up-to-date: /home/dh/ros2_ev_test2/install/hello_ev_interfaces/share/ament_index/resource_index/packages/hello_ev_interfaces
[3.378s] -- Up-to-date: /home/dh/ros2_ev_test2/install/hello_ev_interfaces/share/hello_ev_interfaces/cmake/hello_ev_interfaces__rosidl_generator_cExport.cmake
[3.379s] -- Installing: /home/dh/ros2_ev_test2/install/hello_ev_interfaces/share/hello_ev_interfaces/cmake/hello_ev_interfaces__rosidl_generator_cExport-noconfig.cmake
[3.380s] -- Up-to-date: /home/dh/ros2_ev_test2/install/hello_ev_interfaces/share/hello_ev_interfaces/cmake/hello_ev_interfaces__rosidl_typesupport_introspection_cExport.cmake
[3.381s] -- Installing: /home/dh/ros2_ev_test2/install/hello_ev_interfaces/share/hello_ev_interfaces/cmake/hello_ev_interfaces__rosidl_typesupport_introspection_cExport-noconfig.cmake
[3.385s] -- Up-to-date: /home/dh/ros2_ev_test2/install/hello_ev_interfaces/share/hello_ev_interfaces/cmake/hello_ev_interfaces__rosidl_typesupport_cExport.cmake
[3.386s] -- Installing: /home/dh/ros2_ev_test2/install/hello_ev_interfaces/share/hello_ev_interfaces/cmake/hello_ev_interfaces__rosidl_typesupport_cExport-noconfig.cmake
[3.387s] -- Up-to-date: /home/dh/ros2_ev_test2/install/hello_ev_interfaces/share/hello_ev_interfaces/cmake/hello_ev_interfaces__rosidl_generator_cppExport.cmake
[3.388s] -- Up-to-date: /home/dh/ros2_ev_test2/install/hello_ev_interfaces/share/hello_ev_interfaces/cmake/hello_ev_interfaces__rosidl_typesupport_introspection_cppExport.cmake
[3.388s] -- Installing: /home/dh/ros2_ev_test2/install/hello_ev_interfaces/share/hello_ev_interfaces/cmake/hello_ev_interfaces__rosidl_typesupport_introspection_cppExport-noconfig.cmake
[3.389s] -- Up-to-date: /home/dh/ros2_ev_test2/install/hello_ev_interfaces/share/hello_ev_interfaces/cmake/hello_ev_interfaces__rosidl_typesupport_cppExport.cmake
[3.389s] -- Installing: /home/dh/ros2_ev_test2/install/hello_ev_interfaces/share/hello_ev_interfaces/cmake/hello_ev_interfaces__rosidl_typesupport_cppExport-noconfig.cmake
[3.390s] -- Up-to-date: /home/dh/ros2_ev_test2/install/hello_ev_interfaces/share/hello_ev_interfaces/cmake/rosidl_cmake-extras.cmake
[3.390s] -- Up-to-date: /home/dh/ros2_ev_test2/install/hello_ev_interfaces/share/hello_ev_interfaces/cmake/ament_cmake_export_dependencies-extras.cmake
[3.390s] -- Up-to-date: /home/dh/ros2_ev_test2/install/hello_ev_interfaces/share/hello_ev_interfaces/cmake/ament_cmake_export_libraries-extras.cmake
[3.390s] -- Up-to-date: /home/dh/ros2_ev_test2/install/hello_ev_interfaces/share/hello_ev_interfaces/cmake/ament_cmake_export_targets-extras.cmake
[3.391s] -- Up-to-date: /home/dh/ros2_ev_test2/install/hello_ev_interfaces/share/hello_ev_interfaces/cmake/ament_cmake_export_include_directories-extras.cmake
[3.395s] -- Up-to-date: /home/dh/ros2_ev_test2/install/hello_ev_interfaces/share/hello_ev_interfaces/cmake/rosidl_cmake_export_typesupport_libraries-extras.cmake
[3.395s] -- Up-to-date: /home/dh/ros2_ev_test2/install/hello_ev_interfaces/share/hello_ev_interfaces/cmake/rosidl_cmake_export_typesupport_targets-extras.cmake
[3.395s] -- Up-to-date: /home/dh/ros2_ev_test2/install/hello_ev_interfaces/share/hello_ev_interfaces/cmake/hello_ev_interfacesConfig.cmake
[3.396s] -- Up-to-date: /home/dh/ros2_ev_test2/install/hello_ev_interfaces/share/hello_ev_interfaces/cmake/hello_ev_interfacesConfig-version.cmake
[3.396s] -- Up-to-date: /home/dh/ros2_ev_test2/install/hello_ev_interfaces/share/hello_ev_interfaces/package.xml
[3.400s] Invoked command in '/home/dh/ros2_ev_test2/build/hello_ev_interfaces' returned '0': /usr/bin/cmake --install /home/dh/ros2_ev_test2/build/hello_ev_interfaces
