[0.324s] DEBUG:colcon:Command line arguments: ['/usr/bin/colcon', 'build', '--symlink-install']
[0.324s] DEBUG:colcon:Parsed command line arguments: Namespace(allow_overriding=[], ament_cmake_args=None, base_paths=['.'], build_base='build', catkin_cmake_args=None, catkin_skip_building_tests=False, cmake_args=None, cmake_clean_cache=False, cmake_clean_first=False, cmake_force_configure=False, cmake_target=None, cmake_target_skip_unavailable=False, continue_on_error=False, event_handlers=None, executor='parallel', ignore_user_meta=False, install_base='install', log_base=None, log_level=None, main=<bound method BuildVerb.main of <colcon_core.verb.build.BuildVerb object at 0x7f3ee8ad0b50>>, merge_install=False, metas=['./colcon.meta'], packages_above=None, packages_above_and_dependencies=None, packages_above_depth=None, packages_end=None, packages_ignore=None, packages_ignore_regex=None, packages_select=None, packages_select_build_failed=False, packages_select_by_dep=None, packages_select_regex=None, packages_select_test_failures=False, packages_skip=None, packages_skip_build_finished=False, packages_skip_by_dep=None, packages_skip_regex=None, packages_skip_test_passed=False, packages_skip_up_to=None, packages_start=None, packages_up_to=None, packages_up_to_regex=None, parallel_workers=2, paths=None, symlink_install=True, test_result_base=None, verb_extension=<colcon_core.verb.build.BuildVerb object at 0x7f3ee8ad0b50>, verb_name='build', verb_parser=<colcon_defaults.argument_parser.defaults.DefaultArgumentsDecorator object at 0x7f3ee89b4d30>)
[0.526s] Level 1:colcon.colcon_core.package_discovery:discover_packages(colcon_meta) check parameters
[0.526s] Level 1:colcon.colcon_core.package_discovery:discover_packages(recursive) check parameters
[0.526s] Level 1:colcon.colcon_core.package_discovery:discover_packages(ignore) check parameters
[0.527s] Level 1:colcon.colcon_core.package_discovery:discover_packages(path) check parameters
[0.527s] Level 1:colcon.colcon_core.package_discovery:discover_packages(colcon_meta) discover
[0.527s] Level 1:colcon.colcon_core.package_discovery:discover_packages(recursive) discover
[0.527s] INFO:colcon.colcon_core.package_discovery:Crawling recursively for packages in '/home/dh/ros2_ev_test2'
[0.527s] Level 1:colcon.colcon_core.package_identification:_identify(.) by extensions ['ignore', 'ignore_ament_install']
[0.527s] Level 1:colcon.colcon_core.package_identification:_identify(.) by extension 'ignore'
[0.527s] Level 1:colcon.colcon_core.package_identification:_identify(.) by extension 'ignore_ament_install'
[0.527s] Level 1:colcon.colcon_core.package_identification:_identify(.) by extensions ['colcon_pkg']
[0.528s] Level 1:colcon.colcon_core.package_identification:_identify(.) by extension 'colcon_pkg'
[0.528s] Level 1:colcon.colcon_core.package_identification:_identify(.) by extensions ['colcon_meta']
[0.528s] Level 1:colcon.colcon_core.package_identification:_identify(.) by extension 'colcon_meta'
[0.528s] Level 1:colcon.colcon_core.package_identification:_identify(.) by extensions ['ros']
[0.528s] Level 1:colcon.colcon_core.package_identification:_identify(.) by extension 'ros'
[0.545s] Level 1:colcon.colcon_core.package_identification:_identify(.) by extensions ['cmake', 'python']
[0.545s] Level 1:colcon.colcon_core.package_identification:_identify(.) by extension 'cmake'
[0.545s] Level 1:colcon.colcon_core.package_identification:_identify(.) by extension 'python'
[0.545s] Level 1:colcon.colcon_core.package_identification:_identify(.) by extensions ['python_setup_py']
[0.545s] Level 1:colcon.colcon_core.package_identification:_identify(.) by extension 'python_setup_py'
[0.545s] Level 1:colcon.colcon_core.package_identification:_identify(build) by extensions ['ignore', 'ignore_ament_install']
[0.546s] Level 1:colcon.colcon_core.package_identification:_identify(build) by extension 'ignore'
[0.546s] Level 1:colcon.colcon_core.package_identification:_identify(build) ignored
[0.546s] Level 1:colcon.colcon_core.package_identification:_identify(install) by extensions ['ignore', 'ignore_ament_install']
[0.546s] Level 1:colcon.colcon_core.package_identification:_identify(install) by extension 'ignore'
[0.547s] Level 1:colcon.colcon_core.package_identification:_identify(install) ignored
[0.547s] Level 1:colcon.colcon_core.package_identification:_identify(log) by extensions ['ignore', 'ignore_ament_install']
[0.547s] Level 1:colcon.colcon_core.package_identification:_identify(log) by extension 'ignore'
[0.547s] Level 1:colcon.colcon_core.package_identification:_identify(log) ignored
[0.547s] Level 1:colcon.colcon_core.package_identification:_identify(src) by extensions ['ignore', 'ignore_ament_install']
[0.548s] Level 1:colcon.colcon_core.package_identification:_identify(src) by extension 'ignore'
[0.548s] Level 1:colcon.colcon_core.package_identification:_identify(src) by extension 'ignore_ament_install'
[0.548s] Level 1:colcon.colcon_core.package_identification:_identify(src) by extensions ['colcon_pkg']
[0.548s] Level 1:colcon.colcon_core.package_identification:_identify(src) by extension 'colcon_pkg'
[0.548s] Level 1:colcon.colcon_core.package_identification:_identify(src) by extensions ['colcon_meta']
[0.548s] Level 1:colcon.colcon_core.package_identification:_identify(src) by extension 'colcon_meta'
[0.548s] Level 1:colcon.colcon_core.package_identification:_identify(src) by extensions ['ros']
[0.548s] Level 1:colcon.colcon_core.package_identification:_identify(src) by extension 'ros'
[0.548s] Level 1:colcon.colcon_core.package_identification:_identify(src) by extensions ['cmake', 'python']
[0.549s] Level 1:colcon.colcon_core.package_identification:_identify(src) by extension 'cmake'
[0.549s] Level 1:colcon.colcon_core.package_identification:_identify(src) by extension 'python'
[0.549s] Level 1:colcon.colcon_core.package_identification:_identify(src) by extensions ['python_setup_py']
[0.549s] Level 1:colcon.colcon_core.package_identification:_identify(src) by extension 'python_setup_py'
[0.549s] Level 1:colcon.colcon_core.package_identification:_identify(src/hello_ev_interfaces) by extensions ['ignore', 'ignore_ament_install']
[0.549s] Level 1:colcon.colcon_core.package_identification:_identify(src/hello_ev_interfaces) by extension 'ignore'
[0.550s] Level 1:colcon.colcon_core.package_identification:_identify(src/hello_ev_interfaces) by extension 'ignore_ament_install'
[0.550s] Level 1:colcon.colcon_core.package_identification:_identify(src/hello_ev_interfaces) by extensions ['colcon_pkg']
[0.550s] Level 1:colcon.colcon_core.package_identification:_identify(src/hello_ev_interfaces) by extension 'colcon_pkg'
[0.550s] Level 1:colcon.colcon_core.package_identification:_identify(src/hello_ev_interfaces) by extensions ['colcon_meta']
[0.550s] Level 1:colcon.colcon_core.package_identification:_identify(src/hello_ev_interfaces) by extension 'colcon_meta'
[0.550s] Level 1:colcon.colcon_core.package_identification:_identify(src/hello_ev_interfaces) by extensions ['ros']
[0.550s] Level 1:colcon.colcon_core.package_identification:_identify(src/hello_ev_interfaces) by extension 'ros'
[0.553s] DEBUG:colcon.colcon_core.package_identification:Package 'src/hello_ev_interfaces' with type 'ros.catkin' and name 'hello_ev_interfaces'
[0.554s] Level 1:colcon.colcon_core.package_identification:_identify(src/hello_ev_service_py) by extensions ['ignore', 'ignore_ament_install']
[0.554s] Level 1:colcon.colcon_core.package_identification:_identify(src/hello_ev_service_py) by extension 'ignore'
[0.554s] Level 1:colcon.colcon_core.package_identification:_identify(src/hello_ev_service_py) by extension 'ignore_ament_install'
[0.554s] Level 1:colcon.colcon_core.package_identification:_identify(src/hello_ev_service_py) by extensions ['colcon_pkg']
[0.554s] Level 1:colcon.colcon_core.package_identification:_identify(src/hello_ev_service_py) by extension 'colcon_pkg'
[0.554s] Level 1:colcon.colcon_core.package_identification:_identify(src/hello_ev_service_py) by extensions ['colcon_meta']
[0.554s] Level 1:colcon.colcon_core.package_identification:_identify(src/hello_ev_service_py) by extension 'colcon_meta'
[0.555s] Level 1:colcon.colcon_core.package_identification:_identify(src/hello_ev_service_py) by extensions ['ros']
[0.555s] Level 1:colcon.colcon_core.package_identification:_identify(src/hello_ev_service_py) by extension 'ros'
[0.556s] DEBUG:colcon.colcon_core.package_identification:Package 'src/hello_ev_service_py' with type 'ros.ament_python' and name 'hello_ev_service_py'
[0.556s] Level 1:colcon.colcon_core.package_discovery:discover_packages(recursive) using defaults
[0.556s] Level 1:colcon.colcon_core.package_discovery:discover_packages(ignore) discover
[0.556s] Level 1:colcon.colcon_core.package_discovery:discover_packages(ignore) using defaults
[0.556s] Level 1:colcon.colcon_core.package_discovery:discover_packages(path) discover
[0.556s] Level 1:colcon.colcon_core.package_discovery:discover_packages(path) using defaults
[0.577s] Level 1:colcon.colcon_core.package_discovery:discover_packages(prefix_path) check parameters
[0.578s] Level 1:colcon.colcon_core.package_discovery:discover_packages(prefix_path) discover
[0.581s] DEBUG:colcon.colcon_installed_package_information.package_discovery:Found 256 installed packages in /opt/ros/foxy
[0.583s] Level 1:colcon.colcon_core.package_discovery:discover_packages(prefix_path) using defaults
[0.686s] Level 5:colcon.colcon_core.verb:set package 'hello_ev_interfaces' build argument 'cmake_args' from command line to 'None'
[0.686s] Level 5:colcon.colcon_core.verb:set package 'hello_ev_interfaces' build argument 'cmake_target' from command line to 'None'
[0.686s] Level 5:colcon.colcon_core.verb:set package 'hello_ev_interfaces' build argument 'cmake_target_skip_unavailable' from command line to 'False'
[0.686s] Level 5:colcon.colcon_core.verb:set package 'hello_ev_interfaces' build argument 'cmake_clean_cache' from command line to 'False'
[0.686s] Level 5:colcon.colcon_core.verb:set package 'hello_ev_interfaces' build argument 'cmake_clean_first' from command line to 'False'
[0.686s] Level 5:colcon.colcon_core.verb:set package 'hello_ev_interfaces' build argument 'cmake_force_configure' from command line to 'False'
[0.686s] Level 5:colcon.colcon_core.verb:set package 'hello_ev_interfaces' build argument 'ament_cmake_args' from command line to 'None'
[0.686s] Level 5:colcon.colcon_core.verb:set package 'hello_ev_interfaces' build argument 'catkin_cmake_args' from command line to 'None'
[0.686s] Level 5:colcon.colcon_core.verb:set package 'hello_ev_interfaces' build argument 'catkin_skip_building_tests' from command line to 'False'
[0.687s] DEBUG:colcon.colcon_core.verb:Building package 'hello_ev_interfaces' with the following arguments: {'ament_cmake_args': None, 'build_base': '/home/dh/ros2_ev_test2/build/hello_ev_interfaces', 'catkin_cmake_args': None, 'catkin_skip_building_tests': False, 'cmake_args': None, 'cmake_clean_cache': False, 'cmake_clean_first': False, 'cmake_force_configure': False, 'cmake_target': None, 'cmake_target_skip_unavailable': False, 'install_base': '/home/dh/ros2_ev_test2/install/hello_ev_interfaces', 'merge_install': False, 'path': '/home/dh/ros2_ev_test2/src/hello_ev_interfaces', 'symlink_install': True, 'test_result_base': None}
[0.687s] Level 5:colcon.colcon_core.verb:set package 'hello_ev_service_py' build argument 'cmake_args' from command line to 'None'
[0.687s] Level 5:colcon.colcon_core.verb:set package 'hello_ev_service_py' build argument 'cmake_target' from command line to 'None'
[0.687s] Level 5:colcon.colcon_core.verb:set package 'hello_ev_service_py' build argument 'cmake_target_skip_unavailable' from command line to 'False'
[0.687s] Level 5:colcon.colcon_core.verb:set package 'hello_ev_service_py' build argument 'cmake_clean_cache' from command line to 'False'
[0.687s] Level 5:colcon.colcon_core.verb:set package 'hello_ev_service_py' build argument 'cmake_clean_first' from command line to 'False'
[0.688s] Level 5:colcon.colcon_core.verb:set package 'hello_ev_service_py' build argument 'cmake_force_configure' from command line to 'False'
[0.688s] Level 5:colcon.colcon_core.verb:set package 'hello_ev_service_py' build argument 'ament_cmake_args' from command line to 'None'
[0.688s] Level 5:colcon.colcon_core.verb:set package 'hello_ev_service_py' build argument 'catkin_cmake_args' from command line to 'None'
[0.688s] Level 5:colcon.colcon_core.verb:set package 'hello_ev_service_py' build argument 'catkin_skip_building_tests' from command line to 'False'
[0.688s] DEBUG:colcon.colcon_core.verb:Building package 'hello_ev_service_py' with the following arguments: {'ament_cmake_args': None, 'build_base': '/home/dh/ros2_ev_test2/build/hello_ev_service_py', 'catkin_cmake_args': None, 'catkin_skip_building_tests': False, 'cmake_args': None, 'cmake_clean_cache': False, 'cmake_clean_first': False, 'cmake_force_configure': False, 'cmake_target': None, 'cmake_target_skip_unavailable': False, 'install_base': '/home/dh/ros2_ev_test2/install/hello_ev_service_py', 'merge_install': False, 'path': '/home/dh/ros2_ev_test2/src/hello_ev_service_py', 'symlink_install': True, 'test_result_base': None}
[0.688s] INFO:colcon.colcon_core.executor:Executing jobs using 'parallel' executor
[0.690s] DEBUG:colcon.colcon_parallel_executor.executor.parallel:run_until_complete
[0.690s] INFO:colcon.colcon_ros.task.catkin.build:Building ROS package in '/home/dh/ros2_ev_test2/src/hello_ev_interfaces' with build type 'catkin'
[0.691s] INFO:colcon.colcon_cmake.task.cmake.build:Building CMake package in '/home/dh/ros2_ev_test2/src/hello_ev_interfaces'
[0.695s] INFO:colcon.colcon_core.plugin_system:Skipping extension 'colcon_core.shell.bat': Not used on non-Windows systems
[0.695s] INFO:colcon.colcon_core.shell:Skip shell extension 'powershell' for command environment: Not usable outside of PowerShell
[0.695s] DEBUG:colcon.colcon_core.shell:Skip shell extension 'dsv' for command environment
[0.726s] DEBUG:colcon.colcon_core.event_handler.log_command:Invoking command in '/home/dh/ros2_ev_test2/build/hello_ev_interfaces': /usr/bin/cmake --build /home/dh/ros2_ev_test2/build/hello_ev_interfaces -- -j2 -l2
[1.192s] DEBUG:colcon.colcon_core.event_handler.log_command:Invoked command in '/home/dh/ros2_ev_test2/build/hello_ev_interfaces' returned '0': /usr/bin/cmake --build /home/dh/ros2_ev_test2/build/hello_ev_interfaces -- -j2 -l2
[1.213s] DEBUG:colcon.colcon_core.event_handler.log_command:Invoking command in '/home/dh/ros2_ev_test2/build/hello_ev_interfaces': /usr/bin/cmake --install /home/dh/ros2_ev_test2/build/hello_ev_interfaces
[1.339s] Level 1:colcon.colcon_core.shell:create_environment_hook('hello_ev_interfaces', 'ros_package_path')
[1.339s] INFO:colcon.colcon_core.shell:Creating environment hook '/home/dh/ros2_ev_test2/install/hello_ev_interfaces/share/hello_ev_interfaces/hook/ros_package_path.ps1'
[1.340s] INFO:colcon.colcon_core.shell:Creating environment descriptor '/home/dh/ros2_ev_test2/install/hello_ev_interfaces/share/hello_ev_interfaces/hook/ros_package_path.dsv'
[1.344s] INFO:colcon.colcon_core.shell:Creating environment hook '/home/dh/ros2_ev_test2/install/hello_ev_interfaces/share/hello_ev_interfaces/hook/ros_package_path.sh'
[1.346s] Level 1:colcon.colcon_ros.task.catkin:checking '/home/dh/ros2_ev_test2/install/hello_ev_interfaces/lib/python3.8/site-packages'
[1.347s] Level 1:colcon.colcon_core.shell:create_environment_hook('hello_ev_interfaces', 'catkin_pythonpath')
[1.347s] INFO:colcon.colcon_core.shell:Creating environment hook '/home/dh/ros2_ev_test2/install/hello_ev_interfaces/share/hello_ev_interfaces/hook/catkin_pythonpath.ps1'
[1.348s] INFO:colcon.colcon_core.shell:Creating environment descriptor '/home/dh/ros2_ev_test2/install/hello_ev_interfaces/share/hello_ev_interfaces/hook/catkin_pythonpath.dsv'
[1.349s] INFO:colcon.colcon_core.shell:Creating environment hook '/home/dh/ros2_ev_test2/install/hello_ev_interfaces/share/hello_ev_interfaces/hook/catkin_pythonpath.sh'
[1.349s] Level 1:colcon.colcon_core.shell:create_environment_hook('hello_ev_interfaces', 'pkg_config_path')
[1.349s] INFO:colcon.colcon_core.shell:Creating environment hook '/home/dh/ros2_ev_test2/install/hello_ev_interfaces/share/hello_ev_interfaces/hook/pkg_config_path.ps1'
[1.350s] INFO:colcon.colcon_core.shell:Creating environment descriptor '/home/dh/ros2_ev_test2/install/hello_ev_interfaces/share/hello_ev_interfaces/hook/pkg_config_path.dsv'
[1.351s] DEBUG:colcon.colcon_core.event_handler.log_command:Invoked command in '/home/dh/ros2_ev_test2/build/hello_ev_interfaces' returned '0': /usr/bin/cmake --install /home/dh/ros2_ev_test2/build/hello_ev_interfaces
[1.351s] INFO:colcon.colcon_core.shell:Creating environment hook '/home/dh/ros2_ev_test2/install/hello_ev_interfaces/share/hello_ev_interfaces/hook/pkg_config_path.sh'
[1.356s] Level 1:colcon.colcon_core.shell:create_environment_hook('hello_ev_interfaces', 'pkg_config_path_multiarch')
[1.357s] INFO:colcon.colcon_core.shell:Creating environment hook '/home/dh/ros2_ev_test2/install/hello_ev_interfaces/share/hello_ev_interfaces/hook/pkg_config_path_multiarch.ps1'
[1.358s] INFO:colcon.colcon_core.shell:Creating environment descriptor '/home/dh/ros2_ev_test2/install/hello_ev_interfaces/share/hello_ev_interfaces/hook/pkg_config_path_multiarch.dsv'
[1.359s] INFO:colcon.colcon_core.shell:Creating environment hook '/home/dh/ros2_ev_test2/install/hello_ev_interfaces/share/hello_ev_interfaces/hook/pkg_config_path_multiarch.sh'
[1.361s] Level 1:colcon.colcon_core.environment:create_environment_scripts_only(hello_ev_interfaces)
[1.364s] Level 1:colcon.colcon_core.environment:checking '/home/dh/ros2_ev_test2/install/hello_ev_interfaces' for CMake module files
[1.365s] Level 1:colcon.colcon_core.environment:checking '/home/dh/ros2_ev_test2/install/hello_ev_interfaces' for CMake config files
[1.366s] Level 1:colcon.colcon_core.shell:create_environment_hook('hello_ev_interfaces', 'cmake_prefix_path')
[1.366s] INFO:colcon.colcon_core.shell:Creating environment hook '/home/dh/ros2_ev_test2/install/hello_ev_interfaces/share/hello_ev_interfaces/hook/cmake_prefix_path.ps1'
[1.367s] INFO:colcon.colcon_core.shell:Creating environment descriptor '/home/dh/ros2_ev_test2/install/hello_ev_interfaces/share/hello_ev_interfaces/hook/cmake_prefix_path.dsv'
[1.368s] INFO:colcon.colcon_core.shell:Creating environment hook '/home/dh/ros2_ev_test2/install/hello_ev_interfaces/share/hello_ev_interfaces/hook/cmake_prefix_path.sh'
[1.370s] Level 1:colcon.colcon_core.environment:checking '/home/dh/ros2_ev_test2/install/hello_ev_interfaces/lib'
[1.370s] Level 1:colcon.colcon_core.shell:create_environment_hook('hello_ev_interfaces', 'ld_library_path_lib')
[1.372s] INFO:colcon.colcon_core.shell:Creating environment hook '/home/dh/ros2_ev_test2/install/hello_ev_interfaces/share/hello_ev_interfaces/hook/ld_library_path_lib.ps1'
[1.373s] INFO:colcon.colcon_core.shell:Creating environment descriptor '/home/dh/ros2_ev_test2/install/hello_ev_interfaces/share/hello_ev_interfaces/hook/ld_library_path_lib.dsv'
[1.374s] INFO:colcon.colcon_core.shell:Creating environment hook '/home/dh/ros2_ev_test2/install/hello_ev_interfaces/share/hello_ev_interfaces/hook/ld_library_path_lib.sh'
[1.374s] Level 1:colcon.colcon_core.environment:checking '/home/dh/ros2_ev_test2/install/hello_ev_interfaces/bin'
[1.375s] Level 1:colcon.colcon_core.environment:checking '/home/dh/ros2_ev_test2/install/hello_ev_interfaces/lib/pkgconfig/hello_ev_interfaces.pc'
[1.375s] Level 1:colcon.colcon_core.environment:checking '/home/dh/ros2_ev_test2/install/hello_ev_interfaces/lib/python3.8/site-packages'
[1.375s] Level 1:colcon.colcon_core.shell:create_environment_hook('hello_ev_interfaces', 'pythonpath')
[1.376s] INFO:colcon.colcon_core.shell:Creating environment hook '/home/dh/ros2_ev_test2/install/hello_ev_interfaces/share/hello_ev_interfaces/hook/pythonpath.ps1'
[1.377s] INFO:colcon.colcon_core.shell:Creating environment descriptor '/home/dh/ros2_ev_test2/install/hello_ev_interfaces/share/hello_ev_interfaces/hook/pythonpath.dsv'
[1.377s] INFO:colcon.colcon_core.shell:Creating environment hook '/home/dh/ros2_ev_test2/install/hello_ev_interfaces/share/hello_ev_interfaces/hook/pythonpath.sh'
[1.378s] Level 1:colcon.colcon_core.environment:checking '/home/dh/ros2_ev_test2/install/hello_ev_interfaces/bin'
[1.379s] INFO:colcon.colcon_core.shell:Creating package script '/home/dh/ros2_ev_test2/install/hello_ev_interfaces/share/hello_ev_interfaces/package.ps1'
[1.381s] INFO:colcon.colcon_core.shell:Creating package descriptor '/home/dh/ros2_ev_test2/install/hello_ev_interfaces/share/hello_ev_interfaces/package.dsv'
[1.382s] INFO:colcon.colcon_core.shell:Creating package script '/home/dh/ros2_ev_test2/install/hello_ev_interfaces/share/hello_ev_interfaces/package.sh'
[1.383s] INFO:colcon.colcon_core.shell:Creating package script '/home/dh/ros2_ev_test2/install/hello_ev_interfaces/share/hello_ev_interfaces/package.bash'
[1.385s] INFO:colcon.colcon_core.shell:Creating package script '/home/dh/ros2_ev_test2/install/hello_ev_interfaces/share/hello_ev_interfaces/package.zsh'
[1.386s] Level 1:colcon.colcon_core.environment:create_file_with_runtime_dependencies(/home/dh/ros2_ev_test2/install/hello_ev_interfaces/share/colcon-core/packages/hello_ev_interfaces)
[1.387s] INFO:colcon.colcon_ros.task.ament_python.build:Building ROS package in '/home/dh/ros2_ev_test2/src/hello_ev_service_py' with build type 'ament_python'
[1.387s] Level 1:colcon.colcon_core.shell:create_environment_hook('hello_ev_service_py', 'ament_prefix_path')
[1.388s] INFO:colcon.colcon_core.shell:Creating environment hook '/home/dh/ros2_ev_test2/install/hello_ev_service_py/share/hello_ev_service_py/hook/ament_prefix_path.ps1'
[1.389s] INFO:colcon.colcon_core.shell:Creating environment descriptor '/home/dh/ros2_ev_test2/install/hello_ev_service_py/share/hello_ev_service_py/hook/ament_prefix_path.dsv'
[1.391s] INFO:colcon.colcon_core.shell:Creating environment hook '/home/dh/ros2_ev_test2/install/hello_ev_service_py/share/hello_ev_service_py/hook/ament_prefix_path.sh'
[1.392s] INFO:colcon.colcon_core.shell:Skip shell extension 'powershell' for command environment: Not usable outside of PowerShell
[1.392s] DEBUG:colcon.colcon_core.shell:Skip shell extension 'dsv' for command environment
[1.783s] INFO:colcon.colcon_core.task.python.build:Building Python package in '/home/dh/ros2_ev_test2/src/hello_ev_service_py'
[1.784s] INFO:colcon.colcon_core.shell:Skip shell extension 'powershell' for command environment: Not usable outside of PowerShell
[1.784s] DEBUG:colcon.colcon_core.shell:Skip shell extension 'dsv' for command environment
[2.412s] DEBUG:colcon.colcon_core.event_handler.log_command:Invoking command in '/home/dh/ros2_ev_test2/build/hello_ev_service_py': CMAKE_PREFIX_PATH=/home/dh/ros2_ev_test2/install/hello_ev_interfaces LD_LIBRARY_PATH=/home/dh/ros2_ev_test2/install/hello_ev_interfaces/lib:${LD_LIBRARY_PATH} PKG_CONFIG_PATH=/home/dh/ros2_ev_test2/install/hello_ev_interfaces/lib/x86_64-linux-gnu/pkgconfig:/home/dh/ros2_ev_test2/install/hello_ev_interfaces/lib/pkgconfig PYTHONPATH=/home/dh/ros2_ev_test2/build/hello_ev_service_py/prefix_override:/usr/lib/python3/dist-packages/colcon_core/task/python/colcon_distutils_commands:/home/dh/ros2_ev_test2/install/hello_ev_service_py/lib/python3.8/site-packages:/home/dh/ros2_ev_test2/install/hello_ev_interfaces/lib/python3.8/site-packages:${PYTHONPATH} ROS_PACKAGE_PATH=/home/dh/ros2_ev_test2/install/hello_ev_interfaces/share /usr/bin/python3 -W ignore:setup.py install is deprecated -W ignore:easy_install command is deprecated setup.py develop --editable --build-directory /home/dh/ros2_ev_test2/build/hello_ev_service_py/build --no-deps symlink_data
[3.201s] Level 1:colcon.colcon_core.shell:create_environment_hook('hello_ev_service_py', 'pythonpath_develop')
[3.202s] INFO:colcon.colcon_core.shell:Creating environment hook '/home/dh/ros2_ev_test2/build/hello_ev_service_py/share/hello_ev_service_py/hook/pythonpath_develop.ps1'
[3.203s] DEBUG:colcon.colcon_core.event_handler.log_command:Invoked command in '/home/dh/ros2_ev_test2/build/hello_ev_service_py' returned '0': CMAKE_PREFIX_PATH=/home/dh/ros2_ev_test2/install/hello_ev_interfaces LD_LIBRARY_PATH=/home/dh/ros2_ev_test2/install/hello_ev_interfaces/lib:${LD_LIBRARY_PATH} PKG_CONFIG_PATH=/home/dh/ros2_ev_test2/install/hello_ev_interfaces/lib/x86_64-linux-gnu/pkgconfig:/home/dh/ros2_ev_test2/install/hello_ev_interfaces/lib/pkgconfig PYTHONPATH=/home/dh/ros2_ev_test2/build/hello_ev_service_py/prefix_override:/usr/lib/python3/dist-packages/colcon_core/task/python/colcon_distutils_commands:/home/dh/ros2_ev_test2/install/hello_ev_service_py/lib/python3.8/site-packages:/home/dh/ros2_ev_test2/install/hello_ev_interfaces/lib/python3.8/site-packages:${PYTHONPATH} ROS_PACKAGE_PATH=/home/dh/ros2_ev_test2/install/hello_ev_interfaces/share /usr/bin/python3 -W ignore:setup.py install is deprecated -W ignore:easy_install command is deprecated setup.py develop --editable --build-directory /home/dh/ros2_ev_test2/build/hello_ev_service_py/build --no-deps symlink_data
[3.205s] INFO:colcon.colcon_core.shell:Creating environment descriptor '/home/dh/ros2_ev_test2/build/hello_ev_service_py/share/hello_ev_service_py/hook/pythonpath_develop.dsv'
[3.206s] INFO:colcon.colcon_core.shell:Creating environment hook '/home/dh/ros2_ev_test2/build/hello_ev_service_py/share/hello_ev_service_py/hook/pythonpath_develop.sh'
[3.207s] Level 1:colcon.colcon_core.environment:checking '/home/dh/ros2_ev_test2/install/hello_ev_service_py' for CMake module files
[3.208s] Level 1:colcon.colcon_core.environment:checking '/home/dh/ros2_ev_test2/install/hello_ev_service_py' for CMake config files
[3.209s] Level 1:colcon.colcon_core.environment:checking '/home/dh/ros2_ev_test2/install/hello_ev_service_py/lib'
[3.209s] Level 1:colcon.colcon_core.environment:checking '/home/dh/ros2_ev_test2/install/hello_ev_service_py/bin'
[3.210s] Level 1:colcon.colcon_core.environment:checking '/home/dh/ros2_ev_test2/install/hello_ev_service_py/lib/pkgconfig/hello_ev_service_py.pc'
[3.210s] Level 1:colcon.colcon_core.environment:checking '/home/dh/ros2_ev_test2/install/hello_ev_service_py/lib/python3.8/site-packages'
[3.210s] Level 1:colcon.colcon_core.shell:create_environment_hook('hello_ev_service_py', 'pythonpath')
[3.211s] INFO:colcon.colcon_core.shell:Creating environment hook '/home/dh/ros2_ev_test2/install/hello_ev_service_py/share/hello_ev_service_py/hook/pythonpath.ps1'
[3.214s] INFO:colcon.colcon_core.shell:Creating environment descriptor '/home/dh/ros2_ev_test2/install/hello_ev_service_py/share/hello_ev_service_py/hook/pythonpath.dsv'
[3.215s] INFO:colcon.colcon_core.shell:Creating environment hook '/home/dh/ros2_ev_test2/install/hello_ev_service_py/share/hello_ev_service_py/hook/pythonpath.sh'
[3.218s] Level 1:colcon.colcon_core.environment:checking '/home/dh/ros2_ev_test2/install/hello_ev_service_py/bin'
[3.219s] Level 1:colcon.colcon_core.environment:create_environment_scripts_only(hello_ev_service_py)
[3.220s] INFO:colcon.colcon_core.shell:Creating package script '/home/dh/ros2_ev_test2/install/hello_ev_service_py/share/hello_ev_service_py/package.ps1'
[3.224s] INFO:colcon.colcon_core.shell:Creating package descriptor '/home/dh/ros2_ev_test2/install/hello_ev_service_py/share/hello_ev_service_py/package.dsv'
[3.225s] INFO:colcon.colcon_core.shell:Creating package script '/home/dh/ros2_ev_test2/install/hello_ev_service_py/share/hello_ev_service_py/package.sh'
[3.227s] INFO:colcon.colcon_core.shell:Creating package script '/home/dh/ros2_ev_test2/install/hello_ev_service_py/share/hello_ev_service_py/package.bash'
[3.229s] INFO:colcon.colcon_core.shell:Creating package script '/home/dh/ros2_ev_test2/install/hello_ev_service_py/share/hello_ev_service_py/package.zsh'
[3.231s] Level 1:colcon.colcon_core.environment:create_file_with_runtime_dependencies(/home/dh/ros2_ev_test2/install/hello_ev_service_py/share/colcon-core/packages/hello_ev_service_py)
[3.232s] DEBUG:colcon.colcon_parallel_executor.executor.parallel:closing loop
[3.235s] DEBUG:colcon.colcon_parallel_executor.executor.parallel:loop closed
[3.235s] DEBUG:colcon.colcon_parallel_executor.executor.parallel:run_until_complete finished with '0'
[3.239s] DEBUG:colcon.colcon_core.event_reactor:joining thread
[3.251s] INFO:colcon.colcon_core.plugin_system:Skipping extension 'colcon_notification.desktop_notification.terminal_notifier': Not used on non-Darwin systems
[3.252s] INFO:colcon.colcon_core.plugin_system:Skipping extension 'colcon_notification.desktop_notification.win32': Not used on non-Windows systems
[3.252s] INFO:colcon.colcon_notification.desktop_notification:Sending desktop notification using 'notify2'
[3.308s] DEBUG:colcon.colcon_core.event_reactor:joined thread
[3.308s] INFO:colcon.colcon_core.shell:Creating prefix script '/home/dh/ros2_ev_test2/install/local_setup.ps1'
[3.310s] INFO:colcon.colcon_core.shell:Creating prefix util module '/home/dh/ros2_ev_test2/install/_local_setup_util_ps1.py'
[3.317s] INFO:colcon.colcon_core.shell:Creating prefix chain script '/home/dh/ros2_ev_test2/install/setup.ps1'
[3.321s] INFO:colcon.colcon_core.shell:Creating prefix script '/home/dh/ros2_ev_test2/install/local_setup.sh'
[3.323s] INFO:colcon.colcon_core.shell:Creating prefix util module '/home/dh/ros2_ev_test2/install/_local_setup_util_sh.py'
[3.324s] INFO:colcon.colcon_core.shell:Creating prefix chain script '/home/dh/ros2_ev_test2/install/setup.sh'
[3.327s] INFO:colcon.colcon_core.shell:Creating prefix script '/home/dh/ros2_ev_test2/install/local_setup.bash'
[3.328s] INFO:colcon.colcon_core.shell:Creating prefix chain script '/home/dh/ros2_ev_test2/install/setup.bash'
[3.333s] INFO:colcon.colcon_core.shell:Creating prefix script '/home/dh/ros2_ev_test2/install/local_setup.zsh'
[3.335s] INFO:colcon.colcon_core.shell:Creating prefix chain script '/home/dh/ros2_ev_test2/install/setup.zsh'
