running develop
Removing /home/dh/ros2_ev_test2/install/hello_ev_service_py/lib/python3.8/site-packages/hello-ev-service-py.egg-link (link to .)
running egg_info
writing ../../build/hello_ev_service_py/hello_ev_service_py.egg-info/PKG-INFO
writing dependency_links to ../../build/hello_ev_service_py/hello_ev_service_py.egg-info/dependency_links.txt
writing entry points to ../../build/hello_ev_service_py/hello_ev_service_py.egg-info/entry_points.txt
writing requirements to ../../build/hello_ev_service_py/hello_ev_service_py.egg-info/requires.txt
writing top-level names to ../../build/hello_ev_service_py/hello_ev_service_py.egg-info/top_level.txt
reading manifest file '../../build/hello_ev_service_py/hello_ev_service_py.egg-info/SOURCES.txt'
writing manifest file '../../build/hello_ev_service_py/hello_ev_service_py.egg-info/SOURCES.txt'
running build
running build_py
creating /home/dh/ros2_ev_test2/build/hello_ev_service_py/build
creating /home/dh/ros2_ev_test2/build/hello_ev_service_py/build/lib
creating /home/dh/ros2_ev_test2/build/hello_ev_service_py/build/lib/hello_ev_service_py
copying hello_ev_service_py/__init__.py -> /home/dh/ros2_ev_test2/build/hello_ev_service_py/build/lib/hello_ev_service_py
copying hello_ev_service_py/hello_ev_client.py -> /home/dh/ros2_ev_test2/build/hello_ev_service_py/build/lib/hello_ev_service_py
copying hello_ev_service_py/hello_ev_server.py -> /home/dh/ros2_ev_test2/build/hello_ev_service_py/build/lib/hello_ev_service_py
running install
running install_lib
creating /home/dh/ros2_ev_test2/install/hello_ev_service_py/lib/python3.8/site-packages/hello_ev_service_py
copying /home/dh/ros2_ev_test2/build/hello_ev_service_py/build/lib/hello_ev_service_py/__init__.py -> /home/dh/ros2_ev_test2/install/hello_ev_service_py/lib/python3.8/site-packages/hello_ev_service_py
copying /home/dh/ros2_ev_test2/build/hello_ev_service_py/build/lib/hello_ev_service_py/hello_ev_client.py -> /home/dh/ros2_ev_test2/install/hello_ev_service_py/lib/python3.8/site-packages/hello_ev_service_py
copying /home/dh/ros2_ev_test2/build/hello_ev_service_py/build/lib/hello_ev_service_py/hello_ev_server.py -> /home/dh/ros2_ev_test2/install/hello_ev_service_py/lib/python3.8/site-packages/hello_ev_service_py
byte-compiling /home/dh/ros2_ev_test2/install/hello_ev_service_py/lib/python3.8/site-packages/hello_ev_service_py/__init__.py to __init__.cpython-38.pyc
byte-compiling /home/dh/ros2_ev_test2/install/hello_ev_service_py/lib/python3.8/site-packages/hello_ev_service_py/hello_ev_client.py to hello_ev_client.cpython-38.pyc
byte-compiling /home/dh/ros2_ev_test2/install/hello_ev_service_py/lib/python3.8/site-packages/hello_ev_service_py/hello_ev_server.py to hello_ev_server.cpython-38.pyc
running install_data
copying resource/hello_ev_service_py -> /home/dh/ros2_ev_test2/install/hello_ev_service_py/share/ament_index/resource_index/packages
copying package.xml -> /home/dh/ros2_ev_test2/install/hello_ev_service_py/share/hello_ev_service_py
running install_egg_info
Copying ../../build/hello_ev_service_py/hello_ev_service_py.egg-info to /home/dh/ros2_ev_test2/install/hello_ev_service_py/lib/python3.8/site-packages/hello_ev_service_py-0.0.0-py3.8.egg-info
running install_scripts
Installing hello_ev_client script to /home/dh/ros2_ev_test2/install/hello_ev_service_py/lib/hello_ev_service_py
Installing hello_ev_server script to /home/dh/ros2_ev_test2/install/hello_ev_service_py/lib/hello_ev_service_py
writing list of installed files to '/home/dh/ros2_ev_test2/build/hello_ev_service_py/install.log'
