[1.040s] Invoking command in '/home/dh/ros2_ev_test2/build/hello_ev_service_py': PYTHONPATH=/home/dh/ros2_ev_test2/build/hello_ev_service_py/prefix_override:/usr/lib/python3/dist-packages/colcon_core/task/python/colcon_distutils_commands:/home/dh/ros2_ev_test2/install/hello_ev_service_py/lib/python3.8/site-packages:/home/dh/ros2_ev_test2/install/hello_ev_interfaces/lib/python3.8/site-packages:/home/dh/ros2_ev_test2/build/hello_ev_service_py:/home/dh/ros2_ev_test2/install/hello_ev_service_py/lib/python3.8/site-packages:/opt/ros/foxy/lib/python3.8/site-packages /usr/bin/python3 -W ignore:setup.py install is deprecated -W ignore:easy_install command is deprecated setup.py develop --uninstall --editable --build-directory /home/dh/ros2_ev_test2/build/hello_ev_service_py/build
[1.408s] running develop
[1.628s] Removing /home/dh/ros2_ev_test2/install/hello_ev_service_py/lib/python3.8/site-packages/hello-ev-service-py.egg-link (link to .)
[1.661s] Invoked command in '/home/dh/ros2_ev_test2/build/hello_ev_service_py' returned '0': PYTHONPATH=/home/dh/ros2_ev_test2/build/hello_ev_service_py/prefix_override:/usr/lib/python3/dist-packages/colcon_core/task/python/colcon_distutils_commands:/home/dh/ros2_ev_test2/install/hello_ev_service_py/lib/python3.8/site-packages:/home/dh/ros2_ev_test2/install/hello_ev_interfaces/lib/python3.8/site-packages:/home/dh/ros2_ev_test2/build/hello_ev_service_py:/home/dh/ros2_ev_test2/install/hello_ev_service_py/lib/python3.8/site-packages:/opt/ros/foxy/lib/python3.8/site-packages /usr/bin/python3 -W ignore:setup.py install is deprecated -W ignore:easy_install command is deprecated setup.py develop --uninstall --editable --build-directory /home/dh/ros2_ev_test2/build/hello_ev_service_py/build
[1.671s] Invoking command in '/home/dh/ros2_ev_test2/src/hello_ev_service_py': PYTHONPATH=/home/dh/ros2_ev_test2/build/hello_ev_service_py/prefix_override:/usr/lib/python3/dist-packages/colcon_core/task/python/colcon_distutils_commands:/home/dh/ros2_ev_test2/install/hello_ev_service_py/lib/python3.8/site-packages:/home/dh/ros2_ev_test2/install/hello_ev_interfaces/lib/python3.8/site-packages:/home/dh/ros2_ev_test2/build/hello_ev_service_py:/home/dh/ros2_ev_test2/install/hello_ev_service_py/lib/python3.8/site-packages:/opt/ros/foxy/lib/python3.8/site-packages /usr/bin/python3 -W ignore:setup.py install is deprecated -W ignore:easy_install command is deprecated setup.py egg_info --egg-base ../../build/hello_ev_service_py build --build-base /home/dh/ros2_ev_test2/build/hello_ev_service_py/build install --record /home/dh/ros2_ev_test2/build/hello_ev_service_py/install.log --install-scripts $base/lib/hello_ev_service_py --single-version-externally-managed install_data --force
[2.072s] running egg_info
[2.074s] writing ../../build/hello_ev_service_py/hello_ev_service_py.egg-info/PKG-INFO
[2.075s] writing dependency_links to ../../build/hello_ev_service_py/hello_ev_service_py.egg-info/dependency_links.txt
[2.077s] writing entry points to ../../build/hello_ev_service_py/hello_ev_service_py.egg-info/entry_points.txt
[2.078s] writing requirements to ../../build/hello_ev_service_py/hello_ev_service_py.egg-info/requires.txt
[2.079s] writing top-level names to ../../build/hello_ev_service_py/hello_ev_service_py.egg-info/top_level.txt
[2.134s] reading manifest file '../../build/hello_ev_service_py/hello_ev_service_py.egg-info/SOURCES.txt'
[2.138s] writing manifest file '../../build/hello_ev_service_py/hello_ev_service_py.egg-info/SOURCES.txt'
[2.139s] running build
[2.139s] running build_py
[2.141s] creating /home/dh/ros2_ev_test2/build/hello_ev_service_py/build
[2.142s] creating /home/dh/ros2_ev_test2/build/hello_ev_service_py/build/lib
[2.143s] creating /home/dh/ros2_ev_test2/build/hello_ev_service_py/build/lib/hello_ev_service_py
[2.144s] copying hello_ev_service_py/__init__.py -> /home/dh/ros2_ev_test2/build/hello_ev_service_py/build/lib/hello_ev_service_py
[2.145s] copying hello_ev_service_py/hello_ev_client.py -> /home/dh/ros2_ev_test2/build/hello_ev_service_py/build/lib/hello_ev_service_py
[2.145s] copying hello_ev_service_py/hello_ev_server.py -> /home/dh/ros2_ev_test2/build/hello_ev_service_py/build/lib/hello_ev_service_py
[2.146s] running install
[2.150s] running install_lib
[2.152s] creating /home/dh/ros2_ev_test2/install/hello_ev_service_py/lib/python3.8/site-packages/hello_ev_service_py
[2.153s] copying /home/dh/ros2_ev_test2/build/hello_ev_service_py/build/lib/hello_ev_service_py/__init__.py -> /home/dh/ros2_ev_test2/install/hello_ev_service_py/lib/python3.8/site-packages/hello_ev_service_py
[2.153s] copying /home/dh/ros2_ev_test2/build/hello_ev_service_py/build/lib/hello_ev_service_py/hello_ev_client.py -> /home/dh/ros2_ev_test2/install/hello_ev_service_py/lib/python3.8/site-packages/hello_ev_service_py
[2.154s] copying /home/dh/ros2_ev_test2/build/hello_ev_service_py/build/lib/hello_ev_service_py/hello_ev_server.py -> /home/dh/ros2_ev_test2/install/hello_ev_service_py/lib/python3.8/site-packages/hello_ev_service_py
[2.154s] byte-compiling /home/dh/ros2_ev_test2/install/hello_ev_service_py/lib/python3.8/site-packages/hello_ev_service_py/__init__.py to __init__.cpython-38.pyc
[2.156s] byte-compiling /home/dh/ros2_ev_test2/install/hello_ev_service_py/lib/python3.8/site-packages/hello_ev_service_py/hello_ev_client.py to hello_ev_client.cpython-38.pyc
[2.157s] byte-compiling /home/dh/ros2_ev_test2/install/hello_ev_service_py/lib/python3.8/site-packages/hello_ev_service_py/hello_ev_server.py to hello_ev_server.cpython-38.pyc
[2.157s] running install_data
[2.158s] copying resource/hello_ev_service_py -> /home/dh/ros2_ev_test2/install/hello_ev_service_py/share/ament_index/resource_index/packages
[2.158s] copying package.xml -> /home/dh/ros2_ev_test2/install/hello_ev_service_py/share/hello_ev_service_py
[2.158s] running install_egg_info
[2.161s] Copying ../../build/hello_ev_service_py/hello_ev_service_py.egg-info to /home/dh/ros2_ev_test2/install/hello_ev_service_py/lib/python3.8/site-packages/hello_ev_service_py-0.0.0-py3.8.egg-info
[2.163s] running install_scripts
[2.193s] Installing hello_ev_client script to /home/dh/ros2_ev_test2/install/hello_ev_service_py/lib/hello_ev_service_py
[2.193s] Installing hello_ev_server script to /home/dh/ros2_ev_test2/install/hello_ev_service_py/lib/hello_ev_service_py
[2.194s] writing list of installed files to '/home/dh/ros2_ev_test2/build/hello_ev_service_py/install.log'
[2.226s] Invoked command in '/home/dh/ros2_ev_test2/src/hello_ev_service_py' returned '0': PYTHONPATH=/home/dh/ros2_ev_test2/build/hello_ev_service_py/prefix_override:/usr/lib/python3/dist-packages/colcon_core/task/python/colcon_distutils_commands:/home/dh/ros2_ev_test2/install/hello_ev_service_py/lib/python3.8/site-packages:/home/dh/ros2_ev_test2/install/hello_ev_interfaces/lib/python3.8/site-packages:/home/dh/ros2_ev_test2/build/hello_ev_service_py:/home/dh/ros2_ev_test2/install/hello_ev_service_py/lib/python3.8/site-packages:/opt/ros/foxy/lib/python3.8/site-packages /usr/bin/python3 -W ignore:setup.py install is deprecated -W ignore:easy_install command is deprecated setup.py egg_info --egg-base ../../build/hello_ev_service_py build --build-base /home/dh/ros2_ev_test2/build/hello_ev_service_py/build install --record /home/dh/ros2_ev_test2/build/hello_ev_service_py/install.log --install-scripts $base/lib/hello_ev_service_py --single-version-externally-managed install_data --force
