[0.260s] DEBUG:colcon:Command line arguments: ['/usr/bin/colcon', 'build', '--packages-select', 'underwater_control']
[0.261s] DEBUG:colcon:Parsed command line arguments: Namespace(allow_overriding=[], ament_cmake_args=None, base_paths=['.'], build_base='build', catkin_cmake_args=None, catkin_skip_building_tests=False, cmake_args=None, cmake_clean_cache=False, cmake_clean_first=False, cmake_force_configure=False, cmake_target=None, cmake_target_skip_unavailable=False, continue_on_error=False, event_handlers=None, executor='parallel', ignore_user_meta=False, install_base='install', log_base=None, log_level=None, main=<bound method BuildVerb.main of <colcon_core.verb.build.BuildVerb object at 0x7f7b7fc03520>>, merge_install=False, metas=['./colcon.meta'], packages_above=None, packages_above_and_dependencies=None, packages_above_depth=None, packages_end=None, packages_ignore=None, packages_ignore_regex=None, packages_select=['underwater_control'], packages_select_build_failed=False, packages_select_by_dep=None, packages_select_regex=None, packages_select_test_failures=False, packages_skip=None, packages_skip_build_finished=False, packages_skip_by_dep=None, packages_skip_regex=None, packages_skip_test_passed=False, packages_skip_up_to=None, packages_start=None, packages_up_to=None, packages_up_to_regex=None, parallel_workers=2, paths=None, symlink_install=False, test_result_base=None, verb_extension=<colcon_core.verb.build.BuildVerb object at 0x7f7b7fc03520>, verb_name='build', verb_parser=<colcon_defaults.argument_parser.defaults.DefaultArgumentsDecorator object at 0x7f7b7fc03a30>)
[0.457s] Level 1:colcon.colcon_core.package_discovery:discover_packages(colcon_meta) check parameters
[0.457s] Level 1:colcon.colcon_core.package_discovery:discover_packages(recursive) check parameters
[0.458s] Level 1:colcon.colcon_core.package_discovery:discover_packages(ignore) check parameters
[0.458s] Level 1:colcon.colcon_core.package_discovery:discover_packages(path) check parameters
[0.458s] Level 1:colcon.colcon_core.package_discovery:discover_packages(colcon_meta) discover
[0.458s] Level 1:colcon.colcon_core.package_discovery:discover_packages(recursive) discover
[0.458s] INFO:colcon.colcon_core.package_discovery:Crawling recursively for packages in '/home/dh/underwater_ws_new'
[0.458s] Level 1:colcon.colcon_core.package_identification:_identify(.) by extensions ['ignore', 'ignore_ament_install']
[0.459s] Level 1:colcon.colcon_core.package_identification:_identify(.) by extension 'ignore'
[0.459s] Level 1:colcon.colcon_core.package_identification:_identify(.) by extension 'ignore_ament_install'
[0.459s] Level 1:colcon.colcon_core.package_identification:_identify(.) by extensions ['colcon_pkg']
[0.459s] Level 1:colcon.colcon_core.package_identification:_identify(.) by extension 'colcon_pkg'
[0.459s] Level 1:colcon.colcon_core.package_identification:_identify(.) by extensions ['colcon_meta']
[0.460s] Level 1:colcon.colcon_core.package_identification:_identify(.) by extension 'colcon_meta'
[0.460s] Level 1:colcon.colcon_core.package_identification:_identify(.) by extensions ['ros']
[0.460s] Level 1:colcon.colcon_core.package_identification:_identify(.) by extension 'ros'
[0.477s] Level 1:colcon.colcon_core.package_identification:_identify(.) by extensions ['cmake', 'python']
[0.477s] Level 1:colcon.colcon_core.package_identification:_identify(.) by extension 'cmake'
[0.477s] Level 1:colcon.colcon_core.package_identification:_identify(.) by extension 'python'
[0.477s] Level 1:colcon.colcon_core.package_identification:_identify(.) by extensions ['python_setup_py']
[0.477s] Level 1:colcon.colcon_core.package_identification:_identify(.) by extension 'python_setup_py'
[0.477s] Level 1:colcon.colcon_core.package_identification:_identify(build) by extensions ['ignore', 'ignore_ament_install']
[0.478s] Level 1:colcon.colcon_core.package_identification:_identify(build) by extension 'ignore'
[0.478s] Level 1:colcon.colcon_core.package_identification:_identify(build) ignored
[0.478s] Level 1:colcon.colcon_core.package_identification:_identify(install) by extensions ['ignore', 'ignore_ament_install']
[0.478s] Level 1:colcon.colcon_core.package_identification:_identify(install) by extension 'ignore'
[0.478s] Level 1:colcon.colcon_core.package_identification:_identify(install) ignored
[0.479s] Level 1:colcon.colcon_core.package_identification:_identify(log) by extensions ['ignore', 'ignore_ament_install']
[0.479s] Level 1:colcon.colcon_core.package_identification:_identify(log) by extension 'ignore'
[0.479s] Level 1:colcon.colcon_core.package_identification:_identify(log) ignored
[0.479s] Level 1:colcon.colcon_core.package_identification:_identify(src) by extensions ['ignore', 'ignore_ament_install']
[0.479s] Level 1:colcon.colcon_core.package_identification:_identify(src) by extension 'ignore'
[0.480s] Level 1:colcon.colcon_core.package_identification:_identify(src) by extension 'ignore_ament_install'
[0.480s] Level 1:colcon.colcon_core.package_identification:_identify(src) by extensions ['colcon_pkg']
[0.480s] Level 1:colcon.colcon_core.package_identification:_identify(src) by extension 'colcon_pkg'
[0.480s] Level 1:colcon.colcon_core.package_identification:_identify(src) by extensions ['colcon_meta']
[0.480s] Level 1:colcon.colcon_core.package_identification:_identify(src) by extension 'colcon_meta'
[0.480s] Level 1:colcon.colcon_core.package_identification:_identify(src) by extensions ['ros']
[0.480s] Level 1:colcon.colcon_core.package_identification:_identify(src) by extension 'ros'
[0.480s] Level 1:colcon.colcon_core.package_identification:_identify(src) by extensions ['cmake', 'python']
[0.480s] Level 1:colcon.colcon_core.package_identification:_identify(src) by extension 'cmake'
[0.480s] Level 1:colcon.colcon_core.package_identification:_identify(src) by extension 'python'
[0.481s] Level 1:colcon.colcon_core.package_identification:_identify(src) by extensions ['python_setup_py']
[0.481s] Level 1:colcon.colcon_core.package_identification:_identify(src) by extension 'python_setup_py'
[0.481s] Level 1:colcon.colcon_core.package_identification:_identify(src/custom_interfaces) by extensions ['ignore', 'ignore_ament_install']
[0.481s] Level 1:colcon.colcon_core.package_identification:_identify(src/custom_interfaces) by extension 'ignore'
[0.481s] Level 1:colcon.colcon_core.package_identification:_identify(src/custom_interfaces) by extension 'ignore_ament_install'
[0.481s] Level 1:colcon.colcon_core.package_identification:_identify(src/custom_interfaces) by extensions ['colcon_pkg']
[0.485s] Level 1:colcon.colcon_core.package_identification:_identify(src/custom_interfaces) by extension 'colcon_pkg'
[0.485s] Level 1:colcon.colcon_core.package_identification:_identify(src/custom_interfaces) by extensions ['colcon_meta']
[0.485s] Level 1:colcon.colcon_core.package_identification:_identify(src/custom_interfaces) by extension 'colcon_meta'
[0.486s] Level 1:colcon.colcon_core.package_identification:_identify(src/custom_interfaces) by extensions ['ros']
[0.486s] Level 1:colcon.colcon_core.package_identification:_identify(src/custom_interfaces) by extension 'ros'
[0.489s] DEBUG:colcon.colcon_core.package_identification:Package 'src/custom_interfaces' with type 'ros.catkin' and name 'custom_interfaces'
[0.490s] Level 1:colcon.colcon_core.package_identification:_identify(src/underwater_control) by extensions ['ignore', 'ignore_ament_install']
[0.490s] Level 1:colcon.colcon_core.package_identification:_identify(src/underwater_control) by extension 'ignore'
[0.490s] Level 1:colcon.colcon_core.package_identification:_identify(src/underwater_control) by extension 'ignore_ament_install'
[0.490s] Level 1:colcon.colcon_core.package_identification:_identify(src/underwater_control) by extensions ['colcon_pkg']
[0.490s] Level 1:colcon.colcon_core.package_identification:_identify(src/underwater_control) by extension 'colcon_pkg'
[0.490s] Level 1:colcon.colcon_core.package_identification:_identify(src/underwater_control) by extensions ['colcon_meta']
[0.490s] Level 1:colcon.colcon_core.package_identification:_identify(src/underwater_control) by extension 'colcon_meta'
[0.491s] Level 1:colcon.colcon_core.package_identification:_identify(src/underwater_control) by extensions ['ros']
[0.491s] Level 1:colcon.colcon_core.package_identification:_identify(src/underwater_control) by extension 'ros'
[0.492s] DEBUG:colcon.colcon_core.package_identification:Package 'src/underwater_control' with type 'ros.ament_python' and name 'underwater_control'
[0.493s] Level 1:colcon.colcon_core.package_discovery:discover_packages(recursive) using defaults
[0.493s] Level 1:colcon.colcon_core.package_discovery:discover_packages(ignore) discover
[0.493s] Level 1:colcon.colcon_core.package_discovery:discover_packages(ignore) using defaults
[0.493s] Level 1:colcon.colcon_core.package_discovery:discover_packages(path) discover
[0.493s] Level 1:colcon.colcon_core.package_discovery:discover_packages(path) using defaults
[0.517s] INFO:colcon.colcon_core.package_selection:Skipping not selected package 'custom_interfaces' in 'src/custom_interfaces'
[0.518s] Level 1:colcon.colcon_core.package_discovery:discover_packages(prefix_path) check parameters
[0.518s] Level 1:colcon.colcon_core.package_discovery:discover_packages(prefix_path) discover
[0.522s] DEBUG:colcon.colcon_installed_package_information.package_discovery:Found 22 installed packages in /home/dh/dh_ws/install
[0.524s] DEBUG:colcon.colcon_installed_package_information.package_discovery:Found 257 installed packages in /opt/ros/foxy
[0.526s] Level 1:colcon.colcon_core.package_discovery:discover_packages(prefix_path) using defaults
[0.625s] Level 5:colcon.colcon_core.verb:set package 'underwater_control' build argument 'cmake_args' from command line to 'None'
[0.625s] Level 5:colcon.colcon_core.verb:set package 'underwater_control' build argument 'cmake_target' from command line to 'None'
[0.625s] Level 5:colcon.colcon_core.verb:set package 'underwater_control' build argument 'cmake_target_skip_unavailable' from command line to 'False'
[0.625s] Level 5:colcon.colcon_core.verb:set package 'underwater_control' build argument 'cmake_clean_cache' from command line to 'False'
[0.625s] Level 5:colcon.colcon_core.verb:set package 'underwater_control' build argument 'cmake_clean_first' from command line to 'False'
[0.625s] Level 5:colcon.colcon_core.verb:set package 'underwater_control' build argument 'cmake_force_configure' from command line to 'False'
[0.625s] Level 5:colcon.colcon_core.verb:set package 'underwater_control' build argument 'ament_cmake_args' from command line to 'None'
[0.625s] Level 5:colcon.colcon_core.verb:set package 'underwater_control' build argument 'catkin_cmake_args' from command line to 'None'
[0.625s] Level 5:colcon.colcon_core.verb:set package 'underwater_control' build argument 'catkin_skip_building_tests' from command line to 'False'
[0.626s] DEBUG:colcon.colcon_core.verb:Building package 'underwater_control' with the following arguments: {'ament_cmake_args': None, 'build_base': '/home/dh/underwater_ws_new/build/underwater_control', 'catkin_cmake_args': None, 'catkin_skip_building_tests': False, 'cmake_args': None, 'cmake_clean_cache': False, 'cmake_clean_first': False, 'cmake_force_configure': False, 'cmake_target': None, 'cmake_target_skip_unavailable': False, 'install_base': '/home/dh/underwater_ws_new/install/underwater_control', 'merge_install': False, 'path': '/home/dh/underwater_ws_new/src/underwater_control', 'symlink_install': False, 'test_result_base': None}
[0.626s] INFO:colcon.colcon_core.executor:Executing jobs using 'parallel' executor
[0.627s] DEBUG:colcon.colcon_parallel_executor.executor.parallel:run_until_complete
[0.628s] INFO:colcon.colcon_ros.task.ament_python.build:Building ROS package in '/home/dh/underwater_ws_new/src/underwater_control' with build type 'ament_python'
[0.628s] Level 1:colcon.colcon_core.shell:create_environment_hook('underwater_control', 'ament_prefix_path')
[0.632s] INFO:colcon.colcon_core.plugin_system:Skipping extension 'colcon_core.shell.bat': Not used on non-Windows systems
[0.632s] INFO:colcon.colcon_core.shell:Creating environment hook '/home/dh/underwater_ws_new/install/underwater_control/share/underwater_control/hook/ament_prefix_path.ps1'
[0.633s] INFO:colcon.colcon_core.shell:Creating environment descriptor '/home/dh/underwater_ws_new/install/underwater_control/share/underwater_control/hook/ament_prefix_path.dsv'
[0.634s] INFO:colcon.colcon_core.shell:Creating environment hook '/home/dh/underwater_ws_new/install/underwater_control/share/underwater_control/hook/ament_prefix_path.sh'
[0.636s] INFO:colcon.colcon_core.shell:Skip shell extension 'powershell' for command environment: Not usable outside of PowerShell
[0.636s] DEBUG:colcon.colcon_core.shell:Skip shell extension 'dsv' for command environment
[1.093s] INFO:colcon.colcon_core.task.python.build:Building Python package in '/home/dh/underwater_ws_new/src/underwater_control'
[1.095s] INFO:colcon.colcon_core.shell:Skip shell extension 'powershell' for command environment: Not usable outside of PowerShell
[1.095s] DEBUG:colcon.colcon_core.shell:Skip shell extension 'dsv' for command environment
[1.763s] DEBUG:colcon.colcon_core.event_handler.log_command:Invoking command in '/home/dh/underwater_ws_new/src/underwater_control': CMAKE_PREFIX_PATH=/home/dh/underwater_ws_new/install/custom_interfaces:${CMAKE_PREFIX_PATH} LD_LIBRARY_PATH=/home/dh/underwater_ws_new/install/custom_interfaces/lib:${LD_LIBRARY_PATH} PKG_CONFIG_PATH=/home/dh/underwater_ws_new/install/custom_interfaces/lib/x86_64-linux-gnu/pkgconfig:/home/dh/underwater_ws_new/install/custom_interfaces/lib/pkgconfig PYTHONPATH=/home/dh/underwater_ws_new/build/underwater_control/prefix_override:/usr/lib/python3/dist-packages/colcon_core/task/python/colcon_distutils_commands:/home/dh/underwater_ws_new/install/underwater_control/lib/python3.8/site-packages:/home/dh/underwater_ws_new/install/custom_interfaces/lib/python3.8/site-packages:${PYTHONPATH} ROS_PACKAGE_PATH=/home/dh/underwater_ws_new/install/custom_interfaces/share /usr/bin/python3 -W ignore:setup.py install is deprecated -W ignore:easy_install command is deprecated setup.py egg_info --egg-base ../../build/underwater_control build --build-base /home/dh/underwater_ws_new/build/underwater_control/build install --record /home/dh/underwater_ws_new/build/underwater_control/install.log --install-scripts $base/lib/underwater_control --single-version-externally-managed install_data
[2.297s] DEBUG:colcon.colcon_core.event_handler.log_command:Invoked command in '/home/dh/underwater_ws_new/src/underwater_control' returned '0': CMAKE_PREFIX_PATH=/home/dh/underwater_ws_new/install/custom_interfaces:${CMAKE_PREFIX_PATH} LD_LIBRARY_PATH=/home/dh/underwater_ws_new/install/custom_interfaces/lib:${LD_LIBRARY_PATH} PKG_CONFIG_PATH=/home/dh/underwater_ws_new/install/custom_interfaces/lib/x86_64-linux-gnu/pkgconfig:/home/dh/underwater_ws_new/install/custom_interfaces/lib/pkgconfig PYTHONPATH=/home/dh/underwater_ws_new/build/underwater_control/prefix_override:/usr/lib/python3/dist-packages/colcon_core/task/python/colcon_distutils_commands:/home/dh/underwater_ws_new/install/underwater_control/lib/python3.8/site-packages:/home/dh/underwater_ws_new/install/custom_interfaces/lib/python3.8/site-packages:${PYTHONPATH} ROS_PACKAGE_PATH=/home/dh/underwater_ws_new/install/custom_interfaces/share /usr/bin/python3 -W ignore:setup.py install is deprecated -W ignore:easy_install command is deprecated setup.py egg_info --egg-base ../../build/underwater_control build --build-base /home/dh/underwater_ws_new/build/underwater_control/build install --record /home/dh/underwater_ws_new/build/underwater_control/install.log --install-scripts $base/lib/underwater_control --single-version-externally-managed install_data
[2.300s] Level 1:colcon.colcon_core.environment:checking '/home/dh/underwater_ws_new/install/underwater_control' for CMake module files
[2.301s] Level 1:colcon.colcon_core.environment:checking '/home/dh/underwater_ws_new/install/underwater_control' for CMake config files
[2.303s] Level 1:colcon.colcon_core.environment:checking '/home/dh/underwater_ws_new/install/underwater_control/lib'
[2.305s] Level 1:colcon.colcon_core.environment:checking '/home/dh/underwater_ws_new/install/underwater_control/bin'
[2.305s] Level 1:colcon.colcon_core.environment:checking '/home/dh/underwater_ws_new/install/underwater_control/lib/pkgconfig/underwater_control.pc'
[2.306s] Level 1:colcon.colcon_core.environment:checking '/home/dh/underwater_ws_new/install/underwater_control/lib/python3.8/site-packages'
[2.306s] Level 1:colcon.colcon_core.shell:create_environment_hook('underwater_control', 'pythonpath')
[2.307s] INFO:colcon.colcon_core.shell:Creating environment hook '/home/dh/underwater_ws_new/install/underwater_control/share/underwater_control/hook/pythonpath.ps1'
[2.309s] INFO:colcon.colcon_core.shell:Creating environment descriptor '/home/dh/underwater_ws_new/install/underwater_control/share/underwater_control/hook/pythonpath.dsv'
[2.310s] INFO:colcon.colcon_core.shell:Creating environment hook '/home/dh/underwater_ws_new/install/underwater_control/share/underwater_control/hook/pythonpath.sh'
[2.312s] Level 1:colcon.colcon_core.environment:checking '/home/dh/underwater_ws_new/install/underwater_control/bin'
[2.313s] Level 1:colcon.colcon_core.environment:create_environment_scripts_only(underwater_control)
[2.313s] INFO:colcon.colcon_core.shell:Creating package script '/home/dh/underwater_ws_new/install/underwater_control/share/underwater_control/package.ps1'
[2.317s] INFO:colcon.colcon_core.shell:Creating package descriptor '/home/dh/underwater_ws_new/install/underwater_control/share/underwater_control/package.dsv'
[2.320s] INFO:colcon.colcon_core.shell:Creating package script '/home/dh/underwater_ws_new/install/underwater_control/share/underwater_control/package.sh'
[2.322s] INFO:colcon.colcon_core.shell:Creating package script '/home/dh/underwater_ws_new/install/underwater_control/share/underwater_control/package.bash'
[2.325s] INFO:colcon.colcon_core.shell:Creating package script '/home/dh/underwater_ws_new/install/underwater_control/share/underwater_control/package.zsh'
[2.327s] Level 1:colcon.colcon_core.environment:create_file_with_runtime_dependencies(/home/dh/underwater_ws_new/install/underwater_control/share/colcon-core/packages/underwater_control)
[2.330s] DEBUG:colcon.colcon_parallel_executor.executor.parallel:closing loop
[2.331s] DEBUG:colcon.colcon_parallel_executor.executor.parallel:loop closed
[2.331s] DEBUG:colcon.colcon_parallel_executor.executor.parallel:run_until_complete finished with '0'
[2.331s] DEBUG:colcon.colcon_core.event_reactor:joining thread
[2.346s] INFO:colcon.colcon_core.plugin_system:Skipping extension 'colcon_notification.desktop_notification.terminal_notifier': Not used on non-Darwin systems
[2.347s] INFO:colcon.colcon_core.plugin_system:Skipping extension 'colcon_notification.desktop_notification.win32': Not used on non-Windows systems
[2.347s] INFO:colcon.colcon_notification.desktop_notification:Sending desktop notification using 'notify2'
[2.378s] DEBUG:colcon.colcon_core.event_reactor:joined thread
[2.379s] INFO:colcon.colcon_core.shell:Creating prefix script '/home/dh/underwater_ws_new/install/local_setup.ps1'
[2.381s] INFO:colcon.colcon_core.shell:Creating prefix util module '/home/dh/underwater_ws_new/install/_local_setup_util_ps1.py'
[2.385s] INFO:colcon.colcon_core.shell:Creating prefix chain script '/home/dh/underwater_ws_new/install/setup.ps1'
[2.391s] INFO:colcon.colcon_core.shell:Creating prefix script '/home/dh/underwater_ws_new/install/local_setup.sh'
[2.393s] INFO:colcon.colcon_core.shell:Creating prefix util module '/home/dh/underwater_ws_new/install/_local_setup_util_sh.py'
[2.395s] INFO:colcon.colcon_core.shell:Creating prefix chain script '/home/dh/underwater_ws_new/install/setup.sh'
[2.401s] INFO:colcon.colcon_core.shell:Creating prefix script '/home/dh/underwater_ws_new/install/local_setup.bash'
[2.402s] INFO:colcon.colcon_core.shell:Creating prefix chain script '/home/dh/underwater_ws_new/install/setup.bash'
[2.406s] INFO:colcon.colcon_core.shell:Creating prefix script '/home/dh/underwater_ws_new/install/local_setup.zsh'
[2.407s] INFO:colcon.colcon_core.shell:Creating prefix chain script '/home/dh/underwater_ws_new/install/setup.zsh'
