[0.099s] Invoking command in '/home/dh/underwater_ws_new/build/custom_interfaces': /usr/bin/cmake --build /home/dh/underwater_ws_new/build/custom_interfaces -- -j2 -l2
[0.452s] -- Found ament_cmake: 0.9.12 (/opt/ros/foxy/share/ament_cmake/cmake)
[0.595s] -- Found PythonInterp: /usr/bin/python3 (found suitable version "3.8.10", minimum required is "3") 
[0.596s] -- Using PYTHON_EXECUTABLE: /usr/bin/python3
[1.426s] -- Found rosidl_default_generators: 1.0.1 (/opt/ros/foxy/share/rosidl_default_generators/cmake)
[1.449s] -- Using all available rosidl_typesupport_c: rosidl_typesupport_fastrtps_c;rosidl_typesupport_introspection_c
[1.474s] -- Found rosidl_adapter: 1.3.1 (/opt/ros/foxy/share/rosidl_adapter/cmake)
[2.236s] -- Using all available rosidl_typesupport_cpp: rosidl_typesupport_fastrtps_cpp;rosidl_typesupport_introspection_cpp
[2.357s] -- Found sensor_msgs: 2.0.5 (/opt/ros/foxy/share/sensor_msgs/cmake)
[3.133s] -- Found PythonInterp: /usr/bin/python3 (found version "3.8.10") 
[3.994s] -- Found ament_cmake_ros: 0.9.2 (/opt/ros/foxy/share/ament_cmake_ros/cmake)
[5.523s] -- Using all available rosidl_typesupport_c: rosidl_typesupport_fastrtps_c;rosidl_typesupport_introspection_c
[6.285s] -- Using all available rosidl_typesupport_cpp: rosidl_typesupport_fastrtps_cpp;rosidl_typesupport_introspection_cpp
[6.415s] -- Found PythonInterp: /usr/bin/python3 (found suitable version "3.8.10", minimum required is "3.5") 
[6.424s] -- Found python_cmake_module: 0.8.1 (/opt/ros/foxy/share/python_cmake_module/cmake)
[6.556s] -- Using PYTHON_EXECUTABLE: /usr/bin/python3
[6.557s] -- Using PYTHON_INCLUDE_DIRS: /usr/include/python3.8
[6.561s] -- Using PYTHON_LIBRARIES: /usr/lib/x86_64-linux-gnu/libpython3.8.so
[7.005s] -- Configuring done
[7.769s] -- Generating done
[7.855s] -- Build files have been written to: /home/dh/underwater_ws_new/build/custom_interfaces
[8.043s] [  3%] [34m[1mGenerating C code for ROS interfaces[0m
[8.119s] [  6%] [34m[1mGenerating C++ code for ROS interfaces[0m
[9.665s] [  6%] Built target custom_interfaces__cpp
[9.761s] [35m[1mScanning dependencies of target custom_interfaces__rosidl_generator_c[0m
[9.799s] [  9%] [34m[1mGenerating C++ type support dispatch for ROS interfaces[0m
[9.965s] [ 12%] [32mBuilding C object CMakeFiles/custom_interfaces__rosidl_generator_c.dir/rosidl_generator_c/custom_interfaces/srv/detail/image_processing__functions.c.o[0m
[10.777s] [ 16%] [32m[1mLinking C shared library libcustom_interfaces__rosidl_generator_c.so[0m
[10.804s] [35m[1mScanning dependencies of target custom_interfaces__rosidl_typesupport_cpp[0m
[10.959s] [ 19%] [32mBuilding CXX object CMakeFiles/custom_interfaces__rosidl_typesupport_cpp.dir/rosidl_typesupport_cpp/custom_interfaces/srv/image_processing__type_support.cpp.o[0m
[11.452s] [ 19%] Built target custom_interfaces__rosidl_generator_c
[11.549s] [ 22%] [34m[1mGenerating C++ introspection for ROS interfaces[0m
[13.054s] [35m[1mScanning dependencies of target custom_interfaces__rosidl_typesupport_introspection_cpp[0m
[13.319s] [ 25%] [32mBuilding CXX object CMakeFiles/custom_interfaces__rosidl_typesupport_introspection_cpp.dir/rosidl_typesupport_introspection_cpp/custom_interfaces/srv/detail/image_processing__type_support.cpp.o[0m
[13.619s] [ 29%] [32m[1mLinking CXX shared library libcustom_interfaces__rosidl_typesupport_cpp.so[0m
[14.425s] [ 29%] Built target custom_interfaces__rosidl_typesupport_cpp
[14.619s] [ 32%] [34m[1mGenerating C++ type support for eProsima Fast-RTPS[0m
[15.899s] [ 35%] [32m[1mLinking CXX shared library libcustom_interfaces__rosidl_typesupport_introspection_cpp.so[0m
[16.188s] [35m[1mScanning dependencies of target custom_interfaces__rosidl_typesupport_fastrtps_cpp[0m
[16.476s] [ 38%] [32mBuilding CXX object CMakeFiles/custom_interfaces__rosidl_typesupport_fastrtps_cpp.dir/rosidl_typesupport_fastrtps_cpp/custom_interfaces/srv/detail/dds_fastrtps/image_processing__type_support.cpp.o[0m
[16.688s] [ 38%] Built target custom_interfaces__rosidl_typesupport_introspection_cpp
[16.921s] [ 41%] [34m[1mGenerating C type support dispatch for ROS interfaces[0m
[18.220s] [35m[1mScanning dependencies of target custom_interfaces__rosidl_typesupport_c[0m
[18.461s] [ 45%] [32mBuilding CXX object CMakeFiles/custom_interfaces__rosidl_typesupport_c.dir/rosidl_typesupport_c/custom_interfaces/srv/image_processing__type_support.cpp.o[0m
[18.738s] [ 48%] [32m[1mLinking CXX shared library libcustom_interfaces__rosidl_typesupport_c.so[0m
[19.501s] [ 48%] Built target custom_interfaces__rosidl_typesupport_c
[19.670s] [ 51%] [32m[1mLinking CXX shared library libcustom_interfaces__rosidl_typesupport_fastrtps_cpp.so[0m
[19.688s] [ 54%] [34m[1mGenerating C introspection for ROS interfaces[0m
[20.853s] [ 54%] Built target custom_interfaces__rosidl_typesupport_fastrtps_cpp
[20.949s] [ 58%] [34m[1mGenerating C type support for eProsima Fast-RTPS[0m
[21.091s] [35m[1mScanning dependencies of target custom_interfaces__rosidl_typesupport_introspection_c[0m
[21.301s] [ 61%] [32mBuilding C object CMakeFiles/custom_interfaces__rosidl_typesupport_introspection_c.dir/rosidl_typesupport_introspection_c/custom_interfaces/srv/detail/image_processing__type_support.c.o[0m
[21.863s] [ 64%] [32m[1mLinking C shared library libcustom_interfaces__rosidl_typesupport_introspection_c.so[0m
[22.323s] [ 64%] Built target custom_interfaces__rosidl_typesupport_introspection_c
[22.371s] [35m[1mScanning dependencies of target custom_interfaces__rosidl_typesupport_fastrtps_c[0m
[22.576s] [ 67%] [32mBuilding CXX object CMakeFiles/custom_interfaces__rosidl_typesupport_fastrtps_c.dir/rosidl_typesupport_fastrtps_c/custom_interfaces/srv/detail/image_processing__type_support_c.cpp.o[0m
[24.065s] [ 70%] [32m[1mLinking CXX shared library libcustom_interfaces__rosidl_typesupport_fastrtps_c.so[0m
[24.650s] [ 70%] Built target custom_interfaces__rosidl_typesupport_fastrtps_c
[24.821s] [ 70%] Built target custom_interfaces
[25.019s] [ 74%] [34m[1mGenerating Python code for ROS interfaces[0m
[27.197s] [ 74%] Built target custom_interfaces__py
[27.303s] [35m[1mScanning dependencies of target custom_interfaces__python[0m
[27.466s] [ 77%] [32mBuilding C object CMakeFiles/custom_interfaces__python.dir/rosidl_generator_py/custom_interfaces/srv/_image_processing_s.c.o[0m
[28.179s] [ 80%] [32m[1mLinking C shared library rosidl_generator_py/custom_interfaces/libcustom_interfaces__python.so[0m
[28.624s] [ 80%] Built target custom_interfaces__python
[28.819s] [35m[1mScanning dependencies of target custom_interfaces__rosidl_typesupport_fastrtps_c__pyext[0m
[28.822s] [35m[1mScanning dependencies of target custom_interfaces__rosidl_typesupport_introspection_c__pyext[0m
[29.153s] [ 83%] [32mBuilding C object CMakeFiles/custom_interfaces__rosidl_typesupport_introspection_c__pyext.dir/rosidl_generator_py/custom_interfaces/_custom_interfaces_s.ep.rosidl_typesupport_introspection_c.c.o[0m
[29.203s] [ 87%] [32mBuilding C object CMakeFiles/custom_interfaces__rosidl_typesupport_fastrtps_c__pyext.dir/rosidl_generator_py/custom_interfaces/_custom_interfaces_s.ep.rosidl_typesupport_fastrtps_c.c.o[0m
[29.941s] [ 90%] [32m[1mLinking CXX shared library rosidl_generator_py/custom_interfaces/custom_interfaces_s__rosidl_typesupport_fastrtps_c.cpython-38-x86_64-linux-gnu.so[0m
[30.087s] [ 93%] [32m[1mLinking C shared library rosidl_generator_py/custom_interfaces/custom_interfaces_s__rosidl_typesupport_introspection_c.cpython-38-x86_64-linux-gnu.so[0m
[30.497s] [ 93%] Built target custom_interfaces__rosidl_typesupport_introspection_c__pyext
[30.664s] [35m[1mScanning dependencies of target custom_interfaces__rosidl_typesupport_c__pyext[0m
[30.980s] [ 96%] [32mBuilding C object CMakeFiles/custom_interfaces__rosidl_typesupport_c__pyext.dir/rosidl_generator_py/custom_interfaces/_custom_interfaces_s.ep.rosidl_typesupport_c.c.o[0m
[31.019s] [ 96%] Built target custom_interfaces__rosidl_typesupport_fastrtps_c__pyext
[31.466s] [100%] [32m[1mLinking C shared library rosidl_generator_py/custom_interfaces/custom_interfaces_s__rosidl_typesupport_c.cpython-38-x86_64-linux-gnu.so[0m
[31.830s] [100%] Built target custom_interfaces__rosidl_typesupport_c__pyext
[31.947s] Invoked command in '/home/dh/underwater_ws_new/build/custom_interfaces' returned '0': /usr/bin/cmake --build /home/dh/underwater_ws_new/build/custom_interfaces -- -j2 -l2
[32.052s] Invoking command in '/home/dh/underwater_ws_new/build/custom_interfaces': /usr/bin/cmake --install /home/dh/underwater_ws_new/build/custom_interfaces
[32.146s] -- Install configuration: ""
[32.149s] -- Up-to-date: /home/dh/underwater_ws_new/install/custom_interfaces/share/ament_index/resource_index/rosidl_interfaces/custom_interfaces
[32.151s] -- Up-to-date: /home/dh/underwater_ws_new/install/custom_interfaces/include/custom_interfaces
[32.154s] -- Up-to-date: /home/dh/underwater_ws_new/install/custom_interfaces/include/custom_interfaces/msg
[32.156s] -- Up-to-date: /home/dh/underwater_ws_new/install/custom_interfaces/include/custom_interfaces/msg/rosidl_generator_c__visibility_control.h
[32.157s] -- Up-to-date: /home/dh/underwater_ws_new/install/custom_interfaces/include/custom_interfaces/srv
[32.158s] -- Up-to-date: /home/dh/underwater_ws_new/install/custom_interfaces/include/custom_interfaces/srv/detail
[32.160s] -- Installing: /home/dh/underwater_ws_new/install/custom_interfaces/include/custom_interfaces/srv/detail/image_processing__struct.h
[32.162s] -- Installing: /home/dh/underwater_ws_new/install/custom_interfaces/include/custom_interfaces/srv/detail/image_processing__functions.h
[32.164s] -- Installing: /home/dh/underwater_ws_new/install/custom_interfaces/include/custom_interfaces/srv/detail/image_processing__functions.c
[32.166s] -- Installing: /home/dh/underwater_ws_new/install/custom_interfaces/include/custom_interfaces/srv/detail/image_processing__type_support.h
[32.168s] -- Installing: /home/dh/underwater_ws_new/install/custom_interfaces/include/custom_interfaces/srv/image_processing.h
[32.171s] -- Up-to-date: /home/dh/underwater_ws_new/install/custom_interfaces/share/custom_interfaces/environment/library_path.sh
[32.174s] -- Installing: /home/dh/underwater_ws_new/install/custom_interfaces/share/custom_interfaces/environment/library_path.dsv
[32.182s] -- Installing: /home/dh/underwater_ws_new/install/custom_interfaces/lib/libcustom_interfaces__rosidl_generator_c.so
[32.192s] -- Set runtime path of "/home/dh/underwater_ws_new/install/custom_interfaces/lib/libcustom_interfaces__rosidl_generator_c.so" to ""
[32.193s] -- Up-to-date: /home/dh/underwater_ws_new/install/custom_interfaces/include/custom_interfaces
[32.195s] -- Up-to-date: /home/dh/underwater_ws_new/install/custom_interfaces/include/custom_interfaces/msg
[32.196s] -- Up-to-date: /home/dh/underwater_ws_new/install/custom_interfaces/include/custom_interfaces/msg/rosidl_typesupport_fastrtps_c__visibility_control.h
[32.198s] -- Up-to-date: /home/dh/underwater_ws_new/install/custom_interfaces/include/custom_interfaces/srv
[32.199s] -- Up-to-date: /home/dh/underwater_ws_new/install/custom_interfaces/include/custom_interfaces/srv/detail
[32.200s] -- Installing: /home/dh/underwater_ws_new/install/custom_interfaces/include/custom_interfaces/srv/detail/image_processing__rosidl_typesupport_fastrtps_c.h
[32.209s] -- Installing: /home/dh/underwater_ws_new/install/custom_interfaces/lib/libcustom_interfaces__rosidl_typesupport_fastrtps_c.so
[32.218s] -- Set runtime path of "/home/dh/underwater_ws_new/install/custom_interfaces/lib/libcustom_interfaces__rosidl_typesupport_fastrtps_c.so" to ""
[32.220s] -- Up-to-date: /home/dh/underwater_ws_new/install/custom_interfaces/include/custom_interfaces
[32.221s] -- Up-to-date: /home/dh/underwater_ws_new/install/custom_interfaces/include/custom_interfaces/msg
[32.223s] -- Up-to-date: /home/dh/underwater_ws_new/install/custom_interfaces/include/custom_interfaces/msg/rosidl_typesupport_fastrtps_cpp__visibility_control.h
[32.224s] -- Up-to-date: /home/dh/underwater_ws_new/install/custom_interfaces/include/custom_interfaces/srv
[32.225s] -- Up-to-date: /home/dh/underwater_ws_new/install/custom_interfaces/include/custom_interfaces/srv/detail
[32.226s] -- Up-to-date: /home/dh/underwater_ws_new/install/custom_interfaces/include/custom_interfaces/srv/detail/dds_fastrtps
[32.228s] -- Installing: /home/dh/underwater_ws_new/install/custom_interfaces/include/custom_interfaces/srv/detail/image_processing__rosidl_typesupport_fastrtps_cpp.hpp
[32.236s] -- Installing: /home/dh/underwater_ws_new/install/custom_interfaces/lib/libcustom_interfaces__rosidl_typesupport_fastrtps_cpp.so
[32.244s] -- Set runtime path of "/home/dh/underwater_ws_new/install/custom_interfaces/lib/libcustom_interfaces__rosidl_typesupport_fastrtps_cpp.so" to ""
[32.245s] -- Up-to-date: /home/dh/underwater_ws_new/install/custom_interfaces/include/custom_interfaces
[32.247s] -- Up-to-date: /home/dh/underwater_ws_new/install/custom_interfaces/include/custom_interfaces/msg
[32.248s] -- Up-to-date: /home/dh/underwater_ws_new/install/custom_interfaces/include/custom_interfaces/msg/rosidl_typesupport_introspection_c__visibility_control.h
[32.252s] -- Up-to-date: /home/dh/underwater_ws_new/install/custom_interfaces/include/custom_interfaces/srv
[32.253s] -- Up-to-date: /home/dh/underwater_ws_new/install/custom_interfaces/include/custom_interfaces/srv/detail
[32.255s] -- Installing: /home/dh/underwater_ws_new/install/custom_interfaces/include/custom_interfaces/srv/detail/image_processing__rosidl_typesupport_introspection_c.h
[32.256s] -- Installing: /home/dh/underwater_ws_new/install/custom_interfaces/include/custom_interfaces/srv/detail/image_processing__type_support.c
[32.263s] -- Installing: /home/dh/underwater_ws_new/install/custom_interfaces/lib/libcustom_interfaces__rosidl_typesupport_introspection_c.so
[32.272s] -- Set runtime path of "/home/dh/underwater_ws_new/install/custom_interfaces/lib/libcustom_interfaces__rosidl_typesupport_introspection_c.so" to ""
[32.280s] -- Installing: /home/dh/underwater_ws_new/install/custom_interfaces/lib/libcustom_interfaces__rosidl_typesupport_c.so
[32.286s] -- Set runtime path of "/home/dh/underwater_ws_new/install/custom_interfaces/lib/libcustom_interfaces__rosidl_typesupport_c.so" to ""
[32.289s] -- Up-to-date: /home/dh/underwater_ws_new/install/custom_interfaces/include/custom_interfaces
[32.291s] -- Up-to-date: /home/dh/underwater_ws_new/install/custom_interfaces/include/custom_interfaces/msg
[32.292s] -- Up-to-date: /home/dh/underwater_ws_new/install/custom_interfaces/include/custom_interfaces/msg/rosidl_generator_cpp__visibility_control.hpp
[32.295s] -- Up-to-date: /home/dh/underwater_ws_new/install/custom_interfaces/include/custom_interfaces/srv
[32.297s] -- Installing: /home/dh/underwater_ws_new/install/custom_interfaces/include/custom_interfaces/srv/image_processing.hpp
[32.299s] -- Up-to-date: /home/dh/underwater_ws_new/install/custom_interfaces/include/custom_interfaces/srv/detail
[32.300s] -- Installing: /home/dh/underwater_ws_new/install/custom_interfaces/include/custom_interfaces/srv/detail/image_processing__traits.hpp
[32.303s] -- Installing: /home/dh/underwater_ws_new/install/custom_interfaces/include/custom_interfaces/srv/detail/image_processing__type_support.hpp
[32.304s] -- Installing: /home/dh/underwater_ws_new/install/custom_interfaces/include/custom_interfaces/srv/detail/image_processing__builder.hpp
[32.307s] -- Installing: /home/dh/underwater_ws_new/install/custom_interfaces/include/custom_interfaces/srv/detail/image_processing__struct.hpp
[32.310s] -- Up-to-date: /home/dh/underwater_ws_new/install/custom_interfaces/include/custom_interfaces
[32.313s] -- Up-to-date: /home/dh/underwater_ws_new/install/custom_interfaces/include/custom_interfaces/srv
[32.314s] -- Up-to-date: /home/dh/underwater_ws_new/install/custom_interfaces/include/custom_interfaces/srv/detail
[32.316s] -- Installing: /home/dh/underwater_ws_new/install/custom_interfaces/include/custom_interfaces/srv/detail/image_processing__type_support.cpp
[32.318s] -- Installing: /home/dh/underwater_ws_new/install/custom_interfaces/include/custom_interfaces/srv/detail/image_processing__rosidl_typesupport_introspection_cpp.hpp
[32.326s] -- Installing: /home/dh/underwater_ws_new/install/custom_interfaces/lib/libcustom_interfaces__rosidl_typesupport_introspection_cpp.so
[32.334s] -- Set runtime path of "/home/dh/underwater_ws_new/install/custom_interfaces/lib/libcustom_interfaces__rosidl_typesupport_introspection_cpp.so" to ""
[32.341s] -- Installing: /home/dh/underwater_ws_new/install/custom_interfaces/lib/libcustom_interfaces__rosidl_typesupport_cpp.so
[32.354s] -- Set runtime path of "/home/dh/underwater_ws_new/install/custom_interfaces/lib/libcustom_interfaces__rosidl_typesupport_cpp.so" to ""
[32.355s] -- Up-to-date: /home/dh/underwater_ws_new/install/custom_interfaces/share/custom_interfaces/environment/pythonpath.sh
[32.357s] -- Installing: /home/dh/underwater_ws_new/install/custom_interfaces/share/custom_interfaces/environment/pythonpath.dsv
[32.359s] -- Installing: /home/dh/underwater_ws_new/install/custom_interfaces/lib/python3.8/site-packages/custom_interfaces/__init__.py
[32.584s] Compiling '/home/dh/underwater_ws_new/install/custom_interfaces/lib/python3.8/site-packages/custom_interfaces/__init__.py'...
[32.596s] -- Up-to-date: /home/dh/underwater_ws_new/install/custom_interfaces/lib/python3.8/site-packages/custom_interfaces/srv
[32.598s] -- Installing: /home/dh/underwater_ws_new/install/custom_interfaces/lib/python3.8/site-packages/custom_interfaces/srv/__init__.py
[32.600s] -- Installing: /home/dh/underwater_ws_new/install/custom_interfaces/lib/python3.8/site-packages/custom_interfaces/srv/_image_processing_s.c
[32.602s] -- Installing: /home/dh/underwater_ws_new/install/custom_interfaces/lib/python3.8/site-packages/custom_interfaces/srv/_image_processing.py
[32.611s] -- Installing: /home/dh/underwater_ws_new/install/custom_interfaces/lib/python3.8/site-packages/custom_interfaces/custom_interfaces_s__rosidl_typesupport_fastrtps_c.cpython-38-x86_64-linux-gnu.so
[32.621s] -- Set runtime path of "/home/dh/underwater_ws_new/install/custom_interfaces/lib/python3.8/site-packages/custom_interfaces/custom_interfaces_s__rosidl_typesupport_fastrtps_c.cpython-38-x86_64-linux-gnu.so" to ""
[32.629s] -- Installing: /home/dh/underwater_ws_new/install/custom_interfaces/lib/python3.8/site-packages/custom_interfaces/custom_interfaces_s__rosidl_typesupport_introspection_c.cpython-38-x86_64-linux-gnu.so
[32.644s] -- Set runtime path of "/home/dh/underwater_ws_new/install/custom_interfaces/lib/python3.8/site-packages/custom_interfaces/custom_interfaces_s__rosidl_typesupport_introspection_c.cpython-38-x86_64-linux-gnu.so" to ""
[32.655s] -- Installing: /home/dh/underwater_ws_new/install/custom_interfaces/lib/python3.8/site-packages/custom_interfaces/custom_interfaces_s__rosidl_typesupport_c.cpython-38-x86_64-linux-gnu.so
[32.669s] -- Set runtime path of "/home/dh/underwater_ws_new/install/custom_interfaces/lib/python3.8/site-packages/custom_interfaces/custom_interfaces_s__rosidl_typesupport_c.cpython-38-x86_64-linux-gnu.so" to ""
[32.679s] -- Installing: /home/dh/underwater_ws_new/install/custom_interfaces/lib/libcustom_interfaces__python.so
[32.691s] -- Set runtime path of "/home/dh/underwater_ws_new/install/custom_interfaces/lib/libcustom_interfaces__python.so" to ""
[32.693s] -- Installing: /home/dh/underwater_ws_new/install/custom_interfaces/share/custom_interfaces/srv/ImageProcessing.idl
[32.698s] -- Installing: /home/dh/underwater_ws_new/install/custom_interfaces/share/custom_interfaces/srv/ImageProcessing.srv
[32.700s] -- Installing: /home/dh/underwater_ws_new/install/custom_interfaces/share/custom_interfaces/srv/ImageProcessing_Request.msg
[32.703s] -- Up-to-date: /home/dh/underwater_ws_new/install/custom_interfaces/share/custom_interfaces/srv/ImageProcessing_Response.msg
[32.705s] -- Up-to-date: /home/dh/underwater_ws_new/install/custom_interfaces/share/ament_index/resource_index/package_run_dependencies/custom_interfaces
[32.707s] -- Up-to-date: /home/dh/underwater_ws_new/install/custom_interfaces/share/ament_index/resource_index/parent_prefix_path/custom_interfaces
[32.708s] -- Up-to-date: /home/dh/underwater_ws_new/install/custom_interfaces/share/custom_interfaces/environment/ament_prefix_path.sh
[32.711s] -- Installing: /home/dh/underwater_ws_new/install/custom_interfaces/share/custom_interfaces/environment/ament_prefix_path.dsv
[32.713s] -- Up-to-date: /home/dh/underwater_ws_new/install/custom_interfaces/share/custom_interfaces/environment/path.sh
[32.715s] -- Installing: /home/dh/underwater_ws_new/install/custom_interfaces/share/custom_interfaces/environment/path.dsv
[32.717s] -- Up-to-date: /home/dh/underwater_ws_new/install/custom_interfaces/share/custom_interfaces/local_setup.bash
[32.719s] -- Up-to-date: /home/dh/underwater_ws_new/install/custom_interfaces/share/custom_interfaces/local_setup.sh
[32.720s] -- Up-to-date: /home/dh/underwater_ws_new/install/custom_interfaces/share/custom_interfaces/local_setup.zsh
[32.722s] -- Installing: /home/dh/underwater_ws_new/install/custom_interfaces/share/custom_interfaces/local_setup.dsv
[32.724s] -- Installing: /home/dh/underwater_ws_new/install/custom_interfaces/share/custom_interfaces/package.dsv
[32.727s] -- Up-to-date: /home/dh/underwater_ws_new/install/custom_interfaces/share/ament_index/resource_index/packages/custom_interfaces
[32.730s] -- Up-to-date: /home/dh/underwater_ws_new/install/custom_interfaces/share/custom_interfaces/cmake/custom_interfaces__rosidl_generator_cExport.cmake
[32.732s] -- Installing: /home/dh/underwater_ws_new/install/custom_interfaces/share/custom_interfaces/cmake/custom_interfaces__rosidl_generator_cExport-noconfig.cmake
[32.735s] -- Up-to-date: /home/dh/underwater_ws_new/install/custom_interfaces/share/custom_interfaces/cmake/custom_interfaces__rosidl_typesupport_introspection_cExport.cmake
[32.739s] -- Installing: /home/dh/underwater_ws_new/install/custom_interfaces/share/custom_interfaces/cmake/custom_interfaces__rosidl_typesupport_introspection_cExport-noconfig.cmake
[32.743s] -- Up-to-date: /home/dh/underwater_ws_new/install/custom_interfaces/share/custom_interfaces/cmake/custom_interfaces__rosidl_typesupport_cExport.cmake
[32.744s] -- Installing: /home/dh/underwater_ws_new/install/custom_interfaces/share/custom_interfaces/cmake/custom_interfaces__rosidl_typesupport_cExport-noconfig.cmake
[32.748s] -- Up-to-date: /home/dh/underwater_ws_new/install/custom_interfaces/share/custom_interfaces/cmake/custom_interfaces__rosidl_generator_cppExport.cmake
[32.752s] -- Up-to-date: /home/dh/underwater_ws_new/install/custom_interfaces/share/custom_interfaces/cmake/custom_interfaces__rosidl_typesupport_introspection_cppExport.cmake
[32.754s] -- Installing: /home/dh/underwater_ws_new/install/custom_interfaces/share/custom_interfaces/cmake/custom_interfaces__rosidl_typesupport_introspection_cppExport-noconfig.cmake
[32.757s] -- Up-to-date: /home/dh/underwater_ws_new/install/custom_interfaces/share/custom_interfaces/cmake/custom_interfaces__rosidl_typesupport_cppExport.cmake
[32.759s] -- Installing: /home/dh/underwater_ws_new/install/custom_interfaces/share/custom_interfaces/cmake/custom_interfaces__rosidl_typesupport_cppExport-noconfig.cmake
[32.761s] -- Up-to-date: /home/dh/underwater_ws_new/install/custom_interfaces/share/custom_interfaces/cmake/rosidl_cmake-extras.cmake
[32.763s] -- Up-to-date: /home/dh/underwater_ws_new/install/custom_interfaces/share/custom_interfaces/cmake/ament_cmake_export_dependencies-extras.cmake
[32.764s] -- Up-to-date: /home/dh/underwater_ws_new/install/custom_interfaces/share/custom_interfaces/cmake/ament_cmake_export_libraries-extras.cmake
[32.766s] -- Up-to-date: /home/dh/underwater_ws_new/install/custom_interfaces/share/custom_interfaces/cmake/ament_cmake_export_targets-extras.cmake
[32.767s] -- Up-to-date: /home/dh/underwater_ws_new/install/custom_interfaces/share/custom_interfaces/cmake/ament_cmake_export_include_directories-extras.cmake
[32.770s] -- Up-to-date: /home/dh/underwater_ws_new/install/custom_interfaces/share/custom_interfaces/cmake/rosidl_cmake_export_typesupport_libraries-extras.cmake
[32.773s] -- Up-to-date: /home/dh/underwater_ws_new/install/custom_interfaces/share/custom_interfaces/cmake/rosidl_cmake_export_typesupport_targets-extras.cmake
[32.775s] -- Up-to-date: /home/dh/underwater_ws_new/install/custom_interfaces/share/custom_interfaces/cmake/custom_interfacesConfig.cmake
[32.776s] -- Up-to-date: /home/dh/underwater_ws_new/install/custom_interfaces/share/custom_interfaces/cmake/custom_interfacesConfig-version.cmake
[32.778s] -- Up-to-date: /home/dh/underwater_ws_new/install/custom_interfaces/share/custom_interfaces/package.xml
[32.791s] Invoked command in '/home/dh/underwater_ws_new/build/custom_interfaces' returned '0': /usr/bin/cmake --install /home/dh/underwater_ws_new/build/custom_interfaces
