[1.415s] Invoking command in '/home/dh/underwater_ws_new/src/underwater_control': PYTHONPATH=/home/dh/underwater_ws_new/build/underwater_control/prefix_override:/usr/lib/python3/dist-packages/colcon_core/task/python/colcon_distutils_commands:/home/dh/underwater_ws_new/install/underwater_control/lib/python3.8/site-packages:/home/dh/underwater_ws_new/install/custom_interfaces/lib/python3.8/site-packages:/home/dh/underwater_ws_new/install/underwater_control/lib/python3.8/site-packages:/opt/ros/foxy/lib/python3.8/site-packages /usr/bin/python3 -W ignore:setup.py install is deprecated -W ignore:easy_install command is deprecated setup.py egg_info --egg-base ../../build/underwater_control build --build-base /home/dh/underwater_ws_new/build/underwater_control/build install --record /home/dh/underwater_ws_new/build/underwater_control/install.log --install-scripts $base/lib/underwater_control --single-version-externally-managed install_data
[1.860s] running egg_info
[1.863s] writing ../../build/underwater_control/underwater_control.egg-info/PKG-INFO
[1.864s] writing dependency_links to ../../build/underwater_control/underwater_control.egg-info/dependency_links.txt
[1.865s] writing entry points to ../../build/underwater_control/underwater_control.egg-info/entry_points.txt
[1.865s] writing requirements to ../../build/underwater_control/underwater_control.egg-info/requires.txt
[1.866s] writing top-level names to ../../build/underwater_control/underwater_control.egg-info/top_level.txt
[1.941s] reading manifest file '../../build/underwater_control/underwater_control.egg-info/SOURCES.txt'
[1.946s] writing manifest file '../../build/underwater_control/underwater_control.egg-info/SOURCES.txt'
[1.946s] running build
[1.947s] running build_py
[1.948s] running install
[1.949s] running install_lib
[1.952s] running install_data
[1.952s] running install_egg_info
[1.955s] removing '/home/dh/underwater_ws_new/install/underwater_control/lib/python3.8/site-packages/underwater_control-0.0.0-py3.8.egg-info' (and everything under it)
[1.966s] Copying ../../build/underwater_control/underwater_control.egg-info to /home/dh/underwater_ws_new/install/underwater_control/lib/python3.8/site-packages/underwater_control-0.0.0-py3.8.egg-info
[1.968s] running install_scripts
[1.999s] Installing camera_publisher script to /home/dh/underwater_ws_new/install/underwater_control/lib/underwater_control
[2.000s] Installing control_client script to /home/dh/underwater_ws_new/install/underwater_control/lib/underwater_control
[2.000s] Installing image_processor script to /home/dh/underwater_ws_new/install/underwater_control/lib/underwater_control
[2.001s] Installing serial_comm_node script to /home/dh/underwater_ws_new/install/underwater_control/lib/underwater_control
[2.002s] writing list of installed files to '/home/dh/underwater_ws_new/build/underwater_control/install.log'
[2.047s] Invoked command in '/home/dh/underwater_ws_new/src/underwater_control' returned '0': PYTHONPATH=/home/dh/underwater_ws_new/build/underwater_control/prefix_override:/usr/lib/python3/dist-packages/colcon_core/task/python/colcon_distutils_commands:/home/dh/underwater_ws_new/install/underwater_control/lib/python3.8/site-packages:/home/dh/underwater_ws_new/install/custom_interfaces/lib/python3.8/site-packages:/home/dh/underwater_ws_new/install/underwater_control/lib/python3.8/site-packages:/opt/ros/foxy/lib/python3.8/site-packages /usr/bin/python3 -W ignore:setup.py install is deprecated -W ignore:easy_install command is deprecated setup.py egg_info --egg-base ../../build/underwater_control build --build-base /home/dh/underwater_ws_new/build/underwater_control/build install --record /home/dh/underwater_ws_new/build/underwater_control/install.log --install-scripts $base/lib/underwater_control --single-version-externally-managed install_data
