[0.274s] DEBUG:colcon:Command line arguments: ['/usr/bin/colcon', 'build']
[0.274s] DEBUG:colcon:Parsed command line arguments: Namespace(allow_overriding=[], ament_cmake_args=None, base_paths=['.'], build_base='build', catkin_cmake_args=None, catkin_skip_building_tests=False, cmake_args=None, cmake_clean_cache=False, cmake_clean_first=False, cmake_force_configure=False, cmake_target=None, cmake_target_skip_unavailable=False, continue_on_error=False, event_handlers=None, executor='parallel', ignore_user_meta=False, install_base='install', log_base=None, log_level=None, main=<bound method BuildVerb.main of <colcon_core.verb.build.BuildVerb object at 0x7f9f7e2b2e20>>, merge_install=False, metas=['./colcon.meta'], packages_above=None, packages_above_and_dependencies=None, packages_above_depth=None, packages_end=None, packages_ignore=None, packages_ignore_regex=None, packages_select=None, packages_select_build_failed=False, packages_select_by_dep=None, packages_select_regex=None, packages_select_test_failures=False, packages_skip=None, packages_skip_build_finished=False, packages_skip_by_dep=None, packages_skip_regex=None, packages_skip_test_passed=False, packages_skip_up_to=None, packages_start=None, packages_up_to=None, packages_up_to_regex=None, parallel_workers=2, paths=None, symlink_install=False, test_result_base=None, verb_extension=<colcon_core.verb.build.BuildVerb object at 0x7f9f7e2b2e20>, verb_name='build', verb_parser=<colcon_defaults.argument_parser.defaults.DefaultArgumentsDecorator object at 0x7f9f7e1a6040>)
[0.459s] Level 1:colcon.colcon_core.package_discovery:discover_packages(colcon_meta) check parameters
[0.460s] Level 1:colcon.colcon_core.package_discovery:discover_packages(recursive) check parameters
[0.460s] Level 1:colcon.colcon_core.package_discovery:discover_packages(ignore) check parameters
[0.460s] Level 1:colcon.colcon_core.package_discovery:discover_packages(path) check parameters
[0.460s] Level 1:colcon.colcon_core.package_discovery:discover_packages(colcon_meta) discover
[0.460s] Level 1:colcon.colcon_core.package_discovery:discover_packages(recursive) discover
[0.460s] INFO:colcon.colcon_core.package_discovery:Crawling recursively for packages in '/home/dh/ros2_ev_test2'
[0.460s] Level 1:colcon.colcon_core.package_identification:_identify(.) by extensions ['ignore', 'ignore_ament_install']
[0.461s] Level 1:colcon.colcon_core.package_identification:_identify(.) by extension 'ignore'
[0.461s] Level 1:colcon.colcon_core.package_identification:_identify(.) by extension 'ignore_ament_install'
[0.461s] Level 1:colcon.colcon_core.package_identification:_identify(.) by extensions ['colcon_pkg']
[0.462s] Level 1:colcon.colcon_core.package_identification:_identify(.) by extension 'colcon_pkg'
[0.462s] Level 1:colcon.colcon_core.package_identification:_identify(.) by extensions ['colcon_meta']
[0.462s] Level 1:colcon.colcon_core.package_identification:_identify(.) by extension 'colcon_meta'
[0.462s] Level 1:colcon.colcon_core.package_identification:_identify(.) by extensions ['ros']
[0.462s] Level 1:colcon.colcon_core.package_identification:_identify(.) by extension 'ros'
[0.476s] Level 1:colcon.colcon_core.package_identification:_identify(.) by extensions ['cmake', 'python']
[0.477s] Level 1:colcon.colcon_core.package_identification:_identify(.) by extension 'cmake'
[0.477s] Level 1:colcon.colcon_core.package_identification:_identify(.) by extension 'python'
[0.477s] Level 1:colcon.colcon_core.package_identification:_identify(.) by extensions ['python_setup_py']
[0.477s] Level 1:colcon.colcon_core.package_identification:_identify(.) by extension 'python_setup_py'
[0.477s] Level 1:colcon.colcon_core.package_identification:_identify(build) by extensions ['ignore', 'ignore_ament_install']
[0.478s] Level 1:colcon.colcon_core.package_identification:_identify(build) by extension 'ignore'
[0.478s] Level 1:colcon.colcon_core.package_identification:_identify(build) ignored
[0.478s] Level 1:colcon.colcon_core.package_identification:_identify(install) by extensions ['ignore', 'ignore_ament_install']
[0.478s] Level 1:colcon.colcon_core.package_identification:_identify(install) by extension 'ignore'
[0.479s] Level 1:colcon.colcon_core.package_identification:_identify(install) ignored
[0.479s] Level 1:colcon.colcon_core.package_identification:_identify(log) by extensions ['ignore', 'ignore_ament_install']
[0.479s] Level 1:colcon.colcon_core.package_identification:_identify(log) by extension 'ignore'
[0.479s] Level 1:colcon.colcon_core.package_identification:_identify(log) ignored
[0.479s] Level 1:colcon.colcon_core.package_identification:_identify(src) by extensions ['ignore', 'ignore_ament_install']
[0.480s] Level 1:colcon.colcon_core.package_identification:_identify(src) by extension 'ignore'
[0.480s] Level 1:colcon.colcon_core.package_identification:_identify(src) by extension 'ignore_ament_install'
[0.480s] Level 1:colcon.colcon_core.package_identification:_identify(src) by extensions ['colcon_pkg']
[0.480s] Level 1:colcon.colcon_core.package_identification:_identify(src) by extension 'colcon_pkg'
[0.480s] Level 1:colcon.colcon_core.package_identification:_identify(src) by extensions ['colcon_meta']
[0.480s] Level 1:colcon.colcon_core.package_identification:_identify(src) by extension 'colcon_meta'
[0.481s] Level 1:colcon.colcon_core.package_identification:_identify(src) by extensions ['ros']
[0.481s] Level 1:colcon.colcon_core.package_identification:_identify(src) by extension 'ros'
[0.481s] Level 1:colcon.colcon_core.package_identification:_identify(src) by extensions ['cmake', 'python']
[0.481s] Level 1:colcon.colcon_core.package_identification:_identify(src) by extension 'cmake'
[0.481s] Level 1:colcon.colcon_core.package_identification:_identify(src) by extension 'python'
[0.481s] Level 1:colcon.colcon_core.package_identification:_identify(src) by extensions ['python_setup_py']
[0.481s] Level 1:colcon.colcon_core.package_identification:_identify(src) by extension 'python_setup_py'
[0.482s] Level 1:colcon.colcon_core.package_identification:_identify(src/hello_ev_interfaces) by extensions ['ignore', 'ignore_ament_install']
[0.482s] Level 1:colcon.colcon_core.package_identification:_identify(src/hello_ev_interfaces) by extension 'ignore'
[0.482s] Level 1:colcon.colcon_core.package_identification:_identify(src/hello_ev_interfaces) by extension 'ignore_ament_install'
[0.482s] Level 1:colcon.colcon_core.package_identification:_identify(src/hello_ev_interfaces) by extensions ['colcon_pkg']
[0.482s] Level 1:colcon.colcon_core.package_identification:_identify(src/hello_ev_interfaces) by extension 'colcon_pkg'
[0.482s] Level 1:colcon.colcon_core.package_identification:_identify(src/hello_ev_interfaces) by extensions ['colcon_meta']
[0.483s] Level 1:colcon.colcon_core.package_identification:_identify(src/hello_ev_interfaces) by extension 'colcon_meta'
[0.483s] Level 1:colcon.colcon_core.package_identification:_identify(src/hello_ev_interfaces) by extensions ['ros']
[0.483s] Level 1:colcon.colcon_core.package_identification:_identify(src/hello_ev_interfaces) by extension 'ros'
[0.486s] DEBUG:colcon.colcon_core.package_identification:Package 'src/hello_ev_interfaces' with type 'ros.catkin' and name 'hello_ev_interfaces'
[0.486s] Level 1:colcon.colcon_core.package_identification:_identify(src/hello_ev_service_py) by extensions ['ignore', 'ignore_ament_install']
[0.486s] Level 1:colcon.colcon_core.package_identification:_identify(src/hello_ev_service_py) by extension 'ignore'
[0.486s] Level 1:colcon.colcon_core.package_identification:_identify(src/hello_ev_service_py) by extension 'ignore_ament_install'
[0.487s] Level 1:colcon.colcon_core.package_identification:_identify(src/hello_ev_service_py) by extensions ['colcon_pkg']
[0.487s] Level 1:colcon.colcon_core.package_identification:_identify(src/hello_ev_service_py) by extension 'colcon_pkg'
[0.487s] Level 1:colcon.colcon_core.package_identification:_identify(src/hello_ev_service_py) by extensions ['colcon_meta']
[0.487s] Level 1:colcon.colcon_core.package_identification:_identify(src/hello_ev_service_py) by extension 'colcon_meta'
[0.487s] Level 1:colcon.colcon_core.package_identification:_identify(src/hello_ev_service_py) by extensions ['ros']
[0.487s] Level 1:colcon.colcon_core.package_identification:_identify(src/hello_ev_service_py) by extension 'ros'
[0.488s] DEBUG:colcon.colcon_core.package_identification:Package 'src/hello_ev_service_py' with type 'ros.ament_python' and name 'hello_ev_service_py'
[0.489s] Level 1:colcon.colcon_core.package_discovery:discover_packages(recursive) using defaults
[0.489s] Level 1:colcon.colcon_core.package_discovery:discover_packages(ignore) discover
[0.490s] Level 1:colcon.colcon_core.package_discovery:discover_packages(ignore) using defaults
[0.490s] Level 1:colcon.colcon_core.package_discovery:discover_packages(path) discover
[0.490s] Level 1:colcon.colcon_core.package_discovery:discover_packages(path) using defaults
[0.509s] Level 1:colcon.colcon_core.package_discovery:discover_packages(prefix_path) check parameters
[0.509s] Level 1:colcon.colcon_core.package_discovery:discover_packages(prefix_path) discover
[0.513s] DEBUG:colcon.colcon_installed_package_information.package_discovery:Found 256 installed packages in /opt/ros/foxy
[0.515s] Level 1:colcon.colcon_core.package_discovery:discover_packages(prefix_path) using defaults
[0.604s] Level 5:colcon.colcon_core.verb:set package 'hello_ev_interfaces' build argument 'cmake_args' from command line to 'None'
[0.605s] Level 5:colcon.colcon_core.verb:set package 'hello_ev_interfaces' build argument 'cmake_target' from command line to 'None'
[0.605s] Level 5:colcon.colcon_core.verb:set package 'hello_ev_interfaces' build argument 'cmake_target_skip_unavailable' from command line to 'False'
[0.605s] Level 5:colcon.colcon_core.verb:set package 'hello_ev_interfaces' build argument 'cmake_clean_cache' from command line to 'False'
[0.605s] Level 5:colcon.colcon_core.verb:set package 'hello_ev_interfaces' build argument 'cmake_clean_first' from command line to 'False'
[0.605s] Level 5:colcon.colcon_core.verb:set package 'hello_ev_interfaces' build argument 'cmake_force_configure' from command line to 'False'
[0.605s] Level 5:colcon.colcon_core.verb:set package 'hello_ev_interfaces' build argument 'ament_cmake_args' from command line to 'None'
[0.605s] Level 5:colcon.colcon_core.verb:set package 'hello_ev_interfaces' build argument 'catkin_cmake_args' from command line to 'None'
[0.606s] Level 5:colcon.colcon_core.verb:set package 'hello_ev_interfaces' build argument 'catkin_skip_building_tests' from command line to 'False'
[0.606s] DEBUG:colcon.colcon_core.verb:Building package 'hello_ev_interfaces' with the following arguments: {'ament_cmake_args': None, 'build_base': '/home/dh/ros2_ev_test2/build/hello_ev_interfaces', 'catkin_cmake_args': None, 'catkin_skip_building_tests': False, 'cmake_args': None, 'cmake_clean_cache': False, 'cmake_clean_first': False, 'cmake_force_configure': False, 'cmake_target': None, 'cmake_target_skip_unavailable': False, 'install_base': '/home/dh/ros2_ev_test2/install/hello_ev_interfaces', 'merge_install': False, 'path': '/home/dh/ros2_ev_test2/src/hello_ev_interfaces', 'symlink_install': False, 'test_result_base': None}
[0.606s] Level 5:colcon.colcon_core.verb:set package 'hello_ev_service_py' build argument 'cmake_args' from command line to 'None'
[0.607s] Level 5:colcon.colcon_core.verb:set package 'hello_ev_service_py' build argument 'cmake_target' from command line to 'None'
[0.607s] Level 5:colcon.colcon_core.verb:set package 'hello_ev_service_py' build argument 'cmake_target_skip_unavailable' from command line to 'False'
[0.607s] Level 5:colcon.colcon_core.verb:set package 'hello_ev_service_py' build argument 'cmake_clean_cache' from command line to 'False'
[0.607s] Level 5:colcon.colcon_core.verb:set package 'hello_ev_service_py' build argument 'cmake_clean_first' from command line to 'False'
[0.607s] Level 5:colcon.colcon_core.verb:set package 'hello_ev_service_py' build argument 'cmake_force_configure' from command line to 'False'
[0.607s] Level 5:colcon.colcon_core.verb:set package 'hello_ev_service_py' build argument 'ament_cmake_args' from command line to 'None'
[0.607s] Level 5:colcon.colcon_core.verb:set package 'hello_ev_service_py' build argument 'catkin_cmake_args' from command line to 'None'
[0.608s] Level 5:colcon.colcon_core.verb:set package 'hello_ev_service_py' build argument 'catkin_skip_building_tests' from command line to 'False'
[0.608s] DEBUG:colcon.colcon_core.verb:Building package 'hello_ev_service_py' with the following arguments: {'ament_cmake_args': None, 'build_base': '/home/dh/ros2_ev_test2/build/hello_ev_service_py', 'catkin_cmake_args': None, 'catkin_skip_building_tests': False, 'cmake_args': None, 'cmake_clean_cache': False, 'cmake_clean_first': False, 'cmake_force_configure': False, 'cmake_target': None, 'cmake_target_skip_unavailable': False, 'install_base': '/home/dh/ros2_ev_test2/install/hello_ev_service_py', 'merge_install': False, 'path': '/home/dh/ros2_ev_test2/src/hello_ev_service_py', 'symlink_install': False, 'test_result_base': None}
[0.608s] INFO:colcon.colcon_core.executor:Executing jobs using 'parallel' executor
[0.610s] DEBUG:colcon.colcon_parallel_executor.executor.parallel:run_until_complete
[0.611s] INFO:colcon.colcon_ros.task.catkin.build:Building ROS package in '/home/dh/ros2_ev_test2/src/hello_ev_interfaces' with build type 'catkin'
[0.611s] INFO:colcon.colcon_cmake.task.cmake.build:Building CMake package in '/home/dh/ros2_ev_test2/src/hello_ev_interfaces'
[0.613s] INFO:colcon.colcon_core.plugin_system:Skipping extension 'colcon_core.shell.bat': Not used on non-Windows systems
[0.614s] INFO:colcon.colcon_core.shell:Skip shell extension 'powershell' for command environment: Not usable outside of PowerShell
[0.614s] DEBUG:colcon.colcon_core.shell:Skip shell extension 'dsv' for command environment
[0.646s] DEBUG:colcon.colcon_core.event_handler.log_command:Invoking command in '/home/dh/ros2_ev_test2/build/hello_ev_interfaces': /usr/bin/cmake --build /home/dh/ros2_ev_test2/build/hello_ev_interfaces -- -j2 -l2
[1.573s] DEBUG:colcon.colcon_core.event_handler.log_command:Invoked command in '/home/dh/ros2_ev_test2/build/hello_ev_interfaces' returned '0': /usr/bin/cmake --build /home/dh/ros2_ev_test2/build/hello_ev_interfaces -- -j2 -l2
[1.596s] DEBUG:colcon.colcon_core.event_handler.log_command:Invoking command in '/home/dh/ros2_ev_test2/build/hello_ev_interfaces': /usr/bin/cmake --install /home/dh/ros2_ev_test2/build/hello_ev_interfaces
[1.750s] Level 1:colcon.colcon_core.shell:create_environment_hook('hello_ev_interfaces', 'ros_package_path')
[1.751s] INFO:colcon.colcon_core.shell:Creating environment hook '/home/dh/ros2_ev_test2/install/hello_ev_interfaces/share/hello_ev_interfaces/hook/ros_package_path.ps1'
[1.753s] INFO:colcon.colcon_core.shell:Creating environment descriptor '/home/dh/ros2_ev_test2/install/hello_ev_interfaces/share/hello_ev_interfaces/hook/ros_package_path.dsv'
[1.753s] INFO:colcon.colcon_core.shell:Creating environment hook '/home/dh/ros2_ev_test2/install/hello_ev_interfaces/share/hello_ev_interfaces/hook/ros_package_path.sh'
[1.755s] Level 1:colcon.colcon_ros.task.catkin:checking '/home/dh/ros2_ev_test2/install/hello_ev_interfaces/lib/python3.8/site-packages'
[1.755s] Level 1:colcon.colcon_core.shell:create_environment_hook('hello_ev_interfaces', 'catkin_pythonpath')
[1.755s] INFO:colcon.colcon_core.shell:Creating environment hook '/home/dh/ros2_ev_test2/install/hello_ev_interfaces/share/hello_ev_interfaces/hook/catkin_pythonpath.ps1'
[1.756s] INFO:colcon.colcon_core.shell:Creating environment descriptor '/home/dh/ros2_ev_test2/install/hello_ev_interfaces/share/hello_ev_interfaces/hook/catkin_pythonpath.dsv'
[1.759s] INFO:colcon.colcon_core.shell:Creating environment hook '/home/dh/ros2_ev_test2/install/hello_ev_interfaces/share/hello_ev_interfaces/hook/catkin_pythonpath.sh'
[1.760s] Level 1:colcon.colcon_core.shell:create_environment_hook('hello_ev_interfaces', 'pkg_config_path')
[1.760s] DEBUG:colcon.colcon_core.event_handler.log_command:Invoked command in '/home/dh/ros2_ev_test2/build/hello_ev_interfaces' returned '0': /usr/bin/cmake --install /home/dh/ros2_ev_test2/build/hello_ev_interfaces
[1.761s] INFO:colcon.colcon_core.shell:Creating environment hook '/home/dh/ros2_ev_test2/install/hello_ev_interfaces/share/hello_ev_interfaces/hook/pkg_config_path.ps1'
[1.761s] INFO:colcon.colcon_core.shell:Creating environment descriptor '/home/dh/ros2_ev_test2/install/hello_ev_interfaces/share/hello_ev_interfaces/hook/pkg_config_path.dsv'
[1.764s] INFO:colcon.colcon_core.shell:Creating environment hook '/home/dh/ros2_ev_test2/install/hello_ev_interfaces/share/hello_ev_interfaces/hook/pkg_config_path.sh'
[1.770s] Level 1:colcon.colcon_core.shell:create_environment_hook('hello_ev_interfaces', 'pkg_config_path_multiarch')
[1.771s] INFO:colcon.colcon_core.shell:Creating environment hook '/home/dh/ros2_ev_test2/install/hello_ev_interfaces/share/hello_ev_interfaces/hook/pkg_config_path_multiarch.ps1'
[1.772s] INFO:colcon.colcon_core.shell:Creating environment descriptor '/home/dh/ros2_ev_test2/install/hello_ev_interfaces/share/hello_ev_interfaces/hook/pkg_config_path_multiarch.dsv'
[1.773s] INFO:colcon.colcon_core.shell:Creating environment hook '/home/dh/ros2_ev_test2/install/hello_ev_interfaces/share/hello_ev_interfaces/hook/pkg_config_path_multiarch.sh'
[1.774s] Level 1:colcon.colcon_core.environment:create_environment_scripts_only(hello_ev_interfaces)
[1.778s] Level 1:colcon.colcon_core.environment:checking '/home/dh/ros2_ev_test2/install/hello_ev_interfaces' for CMake module files
[1.779s] Level 1:colcon.colcon_core.environment:checking '/home/dh/ros2_ev_test2/install/hello_ev_interfaces' for CMake config files
[1.781s] Level 1:colcon.colcon_core.shell:create_environment_hook('hello_ev_interfaces', 'cmake_prefix_path')
[1.781s] INFO:colcon.colcon_core.shell:Creating environment hook '/home/dh/ros2_ev_test2/install/hello_ev_interfaces/share/hello_ev_interfaces/hook/cmake_prefix_path.ps1'
[1.783s] INFO:colcon.colcon_core.shell:Creating environment descriptor '/home/dh/ros2_ev_test2/install/hello_ev_interfaces/share/hello_ev_interfaces/hook/cmake_prefix_path.dsv'
[1.784s] INFO:colcon.colcon_core.shell:Creating environment hook '/home/dh/ros2_ev_test2/install/hello_ev_interfaces/share/hello_ev_interfaces/hook/cmake_prefix_path.sh'
[1.785s] Level 1:colcon.colcon_core.environment:checking '/home/dh/ros2_ev_test2/install/hello_ev_interfaces/lib'
[1.785s] Level 1:colcon.colcon_core.shell:create_environment_hook('hello_ev_interfaces', 'ld_library_path_lib')
[1.786s] INFO:colcon.colcon_core.shell:Creating environment hook '/home/dh/ros2_ev_test2/install/hello_ev_interfaces/share/hello_ev_interfaces/hook/ld_library_path_lib.ps1'
[1.786s] INFO:colcon.colcon_core.shell:Creating environment descriptor '/home/dh/ros2_ev_test2/install/hello_ev_interfaces/share/hello_ev_interfaces/hook/ld_library_path_lib.dsv'
[1.787s] INFO:colcon.colcon_core.shell:Creating environment hook '/home/dh/ros2_ev_test2/install/hello_ev_interfaces/share/hello_ev_interfaces/hook/ld_library_path_lib.sh'
[1.788s] Level 1:colcon.colcon_core.environment:checking '/home/dh/ros2_ev_test2/install/hello_ev_interfaces/bin'
[1.788s] Level 1:colcon.colcon_core.environment:checking '/home/dh/ros2_ev_test2/install/hello_ev_interfaces/lib/pkgconfig/hello_ev_interfaces.pc'
[1.789s] Level 1:colcon.colcon_core.environment:checking '/home/dh/ros2_ev_test2/install/hello_ev_interfaces/lib/python3.8/site-packages'
[1.789s] Level 1:colcon.colcon_core.shell:create_environment_hook('hello_ev_interfaces', 'pythonpath')
[1.789s] INFO:colcon.colcon_core.shell:Creating environment hook '/home/dh/ros2_ev_test2/install/hello_ev_interfaces/share/hello_ev_interfaces/hook/pythonpath.ps1'
[1.790s] INFO:colcon.colcon_core.shell:Creating environment descriptor '/home/dh/ros2_ev_test2/install/hello_ev_interfaces/share/hello_ev_interfaces/hook/pythonpath.dsv'
[1.790s] INFO:colcon.colcon_core.shell:Creating environment hook '/home/dh/ros2_ev_test2/install/hello_ev_interfaces/share/hello_ev_interfaces/hook/pythonpath.sh'
[1.791s] Level 1:colcon.colcon_core.environment:checking '/home/dh/ros2_ev_test2/install/hello_ev_interfaces/bin'
[1.792s] INFO:colcon.colcon_core.shell:Creating package script '/home/dh/ros2_ev_test2/install/hello_ev_interfaces/share/hello_ev_interfaces/package.ps1'
[1.794s] INFO:colcon.colcon_core.shell:Creating package descriptor '/home/dh/ros2_ev_test2/install/hello_ev_interfaces/share/hello_ev_interfaces/package.dsv'
[1.796s] INFO:colcon.colcon_core.shell:Creating package script '/home/dh/ros2_ev_test2/install/hello_ev_interfaces/share/hello_ev_interfaces/package.sh'
[1.798s] INFO:colcon.colcon_core.shell:Creating package script '/home/dh/ros2_ev_test2/install/hello_ev_interfaces/share/hello_ev_interfaces/package.bash'
[1.799s] INFO:colcon.colcon_core.shell:Creating package script '/home/dh/ros2_ev_test2/install/hello_ev_interfaces/share/hello_ev_interfaces/package.zsh'
[1.800s] Level 1:colcon.colcon_core.environment:create_file_with_runtime_dependencies(/home/dh/ros2_ev_test2/install/hello_ev_interfaces/share/colcon-core/packages/hello_ev_interfaces)
[1.806s] INFO:colcon.colcon_ros.task.ament_python.build:Building ROS package in '/home/dh/ros2_ev_test2/src/hello_ev_service_py' with build type 'ament_python'
[1.806s] Level 1:colcon.colcon_core.shell:create_environment_hook('hello_ev_service_py', 'ament_prefix_path')
[1.806s] INFO:colcon.colcon_core.shell:Creating environment hook '/home/dh/ros2_ev_test2/install/hello_ev_service_py/share/hello_ev_service_py/hook/ament_prefix_path.ps1'
[1.807s] INFO:colcon.colcon_core.shell:Creating environment descriptor '/home/dh/ros2_ev_test2/install/hello_ev_service_py/share/hello_ev_service_py/hook/ament_prefix_path.dsv'
[1.808s] INFO:colcon.colcon_core.shell:Creating environment hook '/home/dh/ros2_ev_test2/install/hello_ev_service_py/share/hello_ev_service_py/hook/ament_prefix_path.sh'
[1.809s] INFO:colcon.colcon_core.shell:Skip shell extension 'powershell' for command environment: Not usable outside of PowerShell
[1.809s] DEBUG:colcon.colcon_core.shell:Skip shell extension 'dsv' for command environment
[2.346s] INFO:colcon.colcon_core.task.python.build:Building Python package in '/home/dh/ros2_ev_test2/src/hello_ev_service_py'
[2.347s] INFO:colcon.colcon_core.shell:Skip shell extension 'powershell' for command environment: Not usable outside of PowerShell
[2.347s] DEBUG:colcon.colcon_core.shell:Skip shell extension 'dsv' for command environment
[3.009s] DEBUG:colcon.colcon_core.event_handler.log_command:Invoking command in '/home/dh/ros2_ev_test2/src/hello_ev_service_py': CMAKE_PREFIX_PATH=/home/dh/ros2_ev_test2/install/hello_ev_interfaces LD_LIBRARY_PATH=/home/dh/ros2_ev_test2/install/hello_ev_interfaces/lib:${LD_LIBRARY_PATH} PKG_CONFIG_PATH=/home/dh/ros2_ev_test2/install/hello_ev_interfaces/lib/x86_64-linux-gnu/pkgconfig:/home/dh/ros2_ev_test2/install/hello_ev_interfaces/lib/pkgconfig PYTHONPATH=/home/dh/ros2_ev_test2/build/hello_ev_service_py/prefix_override:/usr/lib/python3/dist-packages/colcon_core/task/python/colcon_distutils_commands:/home/dh/ros2_ev_test2/install/hello_ev_service_py/lib/python3.8/site-packages:/home/dh/ros2_ev_test2/install/hello_ev_interfaces/lib/python3.8/site-packages:${PYTHONPATH} ROS_PACKAGE_PATH=/home/dh/ros2_ev_test2/install/hello_ev_interfaces/share /usr/bin/python3 -W ignore:setup.py install is deprecated -W ignore:easy_install command is deprecated setup.py egg_info --egg-base ../../build/hello_ev_service_py build --build-base /home/dh/ros2_ev_test2/build/hello_ev_service_py/build install --record /home/dh/ros2_ev_test2/build/hello_ev_service_py/install.log --install-scripts $base/lib/hello_ev_service_py --single-version-externally-managed install_data
[3.561s] Level 1:colcon.colcon_core.environment:checking '/home/dh/ros2_ev_test2/install/hello_ev_service_py' for CMake module files
[3.562s] Level 1:colcon.colcon_core.environment:checking '/home/dh/ros2_ev_test2/install/hello_ev_service_py' for CMake config files
[3.564s] Level 1:colcon.colcon_core.environment:checking '/home/dh/ros2_ev_test2/install/hello_ev_service_py/lib'
[3.564s] Level 1:colcon.colcon_core.environment:checking '/home/dh/ros2_ev_test2/install/hello_ev_service_py/bin'
[3.564s] Level 1:colcon.colcon_core.environment:checking '/home/dh/ros2_ev_test2/install/hello_ev_service_py/lib/pkgconfig/hello_ev_service_py.pc'
[3.565s] Level 1:colcon.colcon_core.environment:checking '/home/dh/ros2_ev_test2/install/hello_ev_service_py/lib/python3.8/site-packages'
[3.565s] Level 1:colcon.colcon_core.shell:create_environment_hook('hello_ev_service_py', 'pythonpath')
[3.566s] INFO:colcon.colcon_core.shell:Creating environment hook '/home/dh/ros2_ev_test2/install/hello_ev_service_py/share/hello_ev_service_py/hook/pythonpath.ps1'
[3.568s] DEBUG:colcon.colcon_core.event_handler.log_command:Invoked command in '/home/dh/ros2_ev_test2/src/hello_ev_service_py' returned '0': CMAKE_PREFIX_PATH=/home/dh/ros2_ev_test2/install/hello_ev_interfaces LD_LIBRARY_PATH=/home/dh/ros2_ev_test2/install/hello_ev_interfaces/lib:${LD_LIBRARY_PATH} PKG_CONFIG_PATH=/home/dh/ros2_ev_test2/install/hello_ev_interfaces/lib/x86_64-linux-gnu/pkgconfig:/home/dh/ros2_ev_test2/install/hello_ev_interfaces/lib/pkgconfig PYTHONPATH=/home/dh/ros2_ev_test2/build/hello_ev_service_py/prefix_override:/usr/lib/python3/dist-packages/colcon_core/task/python/colcon_distutils_commands:/home/dh/ros2_ev_test2/install/hello_ev_service_py/lib/python3.8/site-packages:/home/dh/ros2_ev_test2/install/hello_ev_interfaces/lib/python3.8/site-packages:${PYTHONPATH} ROS_PACKAGE_PATH=/home/dh/ros2_ev_test2/install/hello_ev_interfaces/share /usr/bin/python3 -W ignore:setup.py install is deprecated -W ignore:easy_install command is deprecated setup.py egg_info --egg-base ../../build/hello_ev_service_py build --build-base /home/dh/ros2_ev_test2/build/hello_ev_service_py/build install --record /home/dh/ros2_ev_test2/build/hello_ev_service_py/install.log --install-scripts $base/lib/hello_ev_service_py --single-version-externally-managed install_data
[3.570s] INFO:colcon.colcon_core.shell:Creating environment descriptor '/home/dh/ros2_ev_test2/install/hello_ev_service_py/share/hello_ev_service_py/hook/pythonpath.dsv'
[3.571s] INFO:colcon.colcon_core.shell:Creating environment hook '/home/dh/ros2_ev_test2/install/hello_ev_service_py/share/hello_ev_service_py/hook/pythonpath.sh'
[3.573s] Level 1:colcon.colcon_core.environment:checking '/home/dh/ros2_ev_test2/install/hello_ev_service_py/bin'
[3.573s] Level 1:colcon.colcon_core.environment:create_environment_scripts_only(hello_ev_service_py)
[3.574s] INFO:colcon.colcon_core.shell:Creating package script '/home/dh/ros2_ev_test2/install/hello_ev_service_py/share/hello_ev_service_py/package.ps1'
[3.575s] INFO:colcon.colcon_core.shell:Creating package descriptor '/home/dh/ros2_ev_test2/install/hello_ev_service_py/share/hello_ev_service_py/package.dsv'
[3.578s] INFO:colcon.colcon_core.shell:Creating package script '/home/dh/ros2_ev_test2/install/hello_ev_service_py/share/hello_ev_service_py/package.sh'
[3.579s] INFO:colcon.colcon_core.shell:Creating package script '/home/dh/ros2_ev_test2/install/hello_ev_service_py/share/hello_ev_service_py/package.bash'
[3.580s] INFO:colcon.colcon_core.shell:Creating package script '/home/dh/ros2_ev_test2/install/hello_ev_service_py/share/hello_ev_service_py/package.zsh'
[3.581s] Level 1:colcon.colcon_core.environment:create_file_with_runtime_dependencies(/home/dh/ros2_ev_test2/install/hello_ev_service_py/share/colcon-core/packages/hello_ev_service_py)
[3.583s] DEBUG:colcon.colcon_parallel_executor.executor.parallel:closing loop
[3.583s] DEBUG:colcon.colcon_parallel_executor.executor.parallel:loop closed
[3.583s] DEBUG:colcon.colcon_parallel_executor.executor.parallel:run_until_complete finished with '0'
[3.583s] DEBUG:colcon.colcon_core.event_reactor:joining thread
[3.592s] INFO:colcon.colcon_core.plugin_system:Skipping extension 'colcon_notification.desktop_notification.terminal_notifier': Not used on non-Darwin systems
[3.592s] INFO:colcon.colcon_core.plugin_system:Skipping extension 'colcon_notification.desktop_notification.win32': Not used on non-Windows systems
[3.592s] INFO:colcon.colcon_notification.desktop_notification:Sending desktop notification using 'notify2'
[3.623s] DEBUG:colcon.colcon_core.event_reactor:joined thread
[3.624s] INFO:colcon.colcon_core.shell:Creating prefix script '/home/dh/ros2_ev_test2/install/local_setup.ps1'
[3.626s] INFO:colcon.colcon_core.shell:Creating prefix util module '/home/dh/ros2_ev_test2/install/_local_setup_util_ps1.py'
[3.631s] INFO:colcon.colcon_core.shell:Creating prefix chain script '/home/dh/ros2_ev_test2/install/setup.ps1'
[3.634s] INFO:colcon.colcon_core.shell:Creating prefix script '/home/dh/ros2_ev_test2/install/local_setup.sh'
[3.635s] INFO:colcon.colcon_core.shell:Creating prefix util module '/home/dh/ros2_ev_test2/install/_local_setup_util_sh.py'
[3.636s] INFO:colcon.colcon_core.shell:Creating prefix chain script '/home/dh/ros2_ev_test2/install/setup.sh'
[3.639s] INFO:colcon.colcon_core.shell:Creating prefix script '/home/dh/ros2_ev_test2/install/local_setup.bash'
[3.640s] INFO:colcon.colcon_core.shell:Creating prefix chain script '/home/dh/ros2_ev_test2/install/setup.bash'
[3.641s] INFO:colcon.colcon_core.shell:Creating prefix script '/home/dh/ros2_ev_test2/install/local_setup.zsh'
[3.642s] INFO:colcon.colcon_core.shell:Creating prefix chain script '/home/dh/ros2_ev_test2/install/setup.zsh'
