[0.312s] DEBUG:colcon:Command line arguments: ['/usr/bin/colcon', 'build']
[0.313s] DEBUG:colcon:Parsed command line arguments: Namespace(allow_overriding=[], ament_cmake_args=None, base_paths=['.'], build_base='build', catkin_cmake_args=None, catkin_skip_building_tests=False, cmake_args=None, cmake_clean_cache=False, cmake_clean_first=False, cmake_force_configure=False, cmake_target=None, cmake_target_skip_unavailable=False, continue_on_error=False, event_handlers=None, executor='parallel', ignore_user_meta=False, install_base='install', log_base=None, log_level=None, main=<bound method BuildVerb.main of <colcon_core.verb.build.BuildVerb object at 0x7f2478d143d0>>, merge_install=False, metas=['./colcon.meta'], packages_above=None, packages_above_and_dependencies=None, packages_above_depth=None, packages_end=None, packages_ignore=None, packages_ignore_regex=None, packages_select=None, packages_select_build_failed=False, packages_select_by_dep=None, packages_select_regex=None, packages_select_test_failures=False, packages_skip=None, packages_skip_build_finished=False, packages_skip_by_dep=None, packages_skip_regex=None, packages_skip_test_passed=False, packages_skip_up_to=None, packages_start=None, packages_up_to=None, packages_up_to_regex=None, parallel_workers=4, paths=None, symlink_install=False, test_result_base=None, verb_extension=<colcon_core.verb.build.BuildVerb object at 0x7f2478d143d0>, verb_name='build', verb_parser=<colcon_defaults.argument_parser.defaults.DefaultArgumentsDecorator object at 0x7f2478c6a6a0>)
[0.396s] Level 1:colcon.colcon_core.package_discovery:discover_packages(colcon_meta) check parameters
[0.396s] Level 1:colcon.colcon_core.package_discovery:discover_packages(recursive) check parameters
[0.397s] Level 1:colcon.colcon_core.package_discovery:discover_packages(ignore) check parameters
[0.397s] Level 1:colcon.colcon_core.package_discovery:discover_packages(path) check parameters
[0.397s] Level 1:colcon.colcon_core.package_discovery:discover_packages(colcon_meta) discover
[0.397s] Level 1:colcon.colcon_core.package_discovery:discover_packages(recursive) discover
[0.397s] INFO:colcon.colcon_core.package_discovery:Crawling recursively for packages in '/home/dh/uuv_ws'
[0.397s] Level 1:colcon.colcon_core.package_identification:_identify(.) by extensions ['ignore', 'ignore_ament_install']
[0.398s] Level 1:colcon.colcon_core.package_identification:_identify(.) by extension 'ignore'
[0.398s] Level 1:colcon.colcon_core.package_identification:_identify(.) by extension 'ignore_ament_install'
[0.398s] Level 1:colcon.colcon_core.package_identification:_identify(.) by extensions ['colcon_pkg']
[0.398s] Level 1:colcon.colcon_core.package_identification:_identify(.) by extension 'colcon_pkg'
[0.398s] Level 1:colcon.colcon_core.package_identification:_identify(.) by extensions ['colcon_meta']
[0.398s] Level 1:colcon.colcon_core.package_identification:_identify(.) by extension 'colcon_meta'
[0.399s] Level 1:colcon.colcon_core.package_identification:_identify(.) by extensions ['ros']
[0.399s] Level 1:colcon.colcon_core.package_identification:_identify(.) by extension 'ros'
[0.422s] Level 1:colcon.colcon_core.package_identification:_identify(.) by extensions ['cmake', 'python']
[0.422s] Level 1:colcon.colcon_core.package_identification:_identify(.) by extension 'cmake'
[0.422s] Level 1:colcon.colcon_core.package_identification:_identify(.) by extension 'python'
[0.422s] Level 1:colcon.colcon_core.package_identification:_identify(.) by extensions ['python_setup_py']
[0.422s] Level 1:colcon.colcon_core.package_identification:_identify(.) by extension 'python_setup_py'
[0.423s] Level 1:colcon.colcon_core.package_identification:_identify(build) by extensions ['ignore', 'ignore_ament_install']
[0.423s] Level 1:colcon.colcon_core.package_identification:_identify(build) by extension 'ignore'
[0.423s] Level 1:colcon.colcon_core.package_identification:_identify(build) ignored
[0.423s] Level 1:colcon.colcon_core.package_identification:_identify(install) by extensions ['ignore', 'ignore_ament_install']
[0.424s] Level 1:colcon.colcon_core.package_identification:_identify(install) by extension 'ignore'
[0.424s] Level 1:colcon.colcon_core.package_identification:_identify(install) ignored
[0.424s] Level 1:colcon.colcon_core.package_identification:_identify(log) by extensions ['ignore', 'ignore_ament_install']
[0.424s] Level 1:colcon.colcon_core.package_identification:_identify(log) by extension 'ignore'
[0.425s] Level 1:colcon.colcon_core.package_identification:_identify(log) ignored
[0.425s] Level 1:colcon.colcon_core.package_identification:_identify(src) by extensions ['ignore', 'ignore_ament_install']
[0.425s] Level 1:colcon.colcon_core.package_identification:_identify(src) by extension 'ignore'
[0.425s] Level 1:colcon.colcon_core.package_identification:_identify(src) by extension 'ignore_ament_install'
[0.425s] Level 1:colcon.colcon_core.package_identification:_identify(src) by extensions ['colcon_pkg']
[0.425s] Level 1:colcon.colcon_core.package_identification:_identify(src) by extension 'colcon_pkg'
[0.425s] Level 1:colcon.colcon_core.package_identification:_identify(src) by extensions ['colcon_meta']
[0.425s] Level 1:colcon.colcon_core.package_identification:_identify(src) by extension 'colcon_meta'
[0.425s] Level 1:colcon.colcon_core.package_identification:_identify(src) by extensions ['ros']
[0.425s] Level 1:colcon.colcon_core.package_identification:_identify(src) by extension 'ros'
[0.426s] Level 1:colcon.colcon_core.package_identification:_identify(src) by extensions ['cmake', 'python']
[0.426s] Level 1:colcon.colcon_core.package_identification:_identify(src) by extension 'cmake'
[0.426s] Level 1:colcon.colcon_core.package_identification:_identify(src) by extension 'python'
[0.426s] Level 1:colcon.colcon_core.package_identification:_identify(src) by extensions ['python_setup_py']
[0.426s] Level 1:colcon.colcon_core.package_identification:_identify(src) by extension 'python_setup_py'
[0.426s] Level 1:colcon.colcon_core.package_identification:_identify(src/uuv_webrtc_ros) by extensions ['ignore', 'ignore_ament_install']
[0.426s] Level 1:colcon.colcon_core.package_identification:_identify(src/uuv_webrtc_ros) by extension 'ignore'
[0.427s] Level 1:colcon.colcon_core.package_identification:_identify(src/uuv_webrtc_ros) by extension 'ignore_ament_install'
[0.427s] Level 1:colcon.colcon_core.package_identification:_identify(src/uuv_webrtc_ros) by extensions ['colcon_pkg']
[0.427s] Level 1:colcon.colcon_core.package_identification:_identify(src/uuv_webrtc_ros) by extension 'colcon_pkg'
[0.427s] Level 1:colcon.colcon_core.package_identification:_identify(src/uuv_webrtc_ros) by extensions ['colcon_meta']
[0.427s] Level 1:colcon.colcon_core.package_identification:_identify(src/uuv_webrtc_ros) by extension 'colcon_meta'
[0.427s] Level 1:colcon.colcon_core.package_identification:_identify(src/uuv_webrtc_ros) by extensions ['ros']
[0.427s] Level 1:colcon.colcon_core.package_identification:_identify(src/uuv_webrtc_ros) by extension 'ros'
[0.431s] DEBUG:colcon.colcon_core.package_identification:Package 'src/uuv_webrtc_ros' with type 'ros.ament_python' and name 'uuv_webrtc_ros'
[0.431s] Level 1:colcon.colcon_core.package_discovery:discover_packages(recursive) using defaults
[0.431s] Level 1:colcon.colcon_core.package_discovery:discover_packages(ignore) discover
[0.431s] Level 1:colcon.colcon_core.package_discovery:discover_packages(ignore) using defaults
[0.431s] Level 1:colcon.colcon_core.package_discovery:discover_packages(path) discover
[0.431s] Level 1:colcon.colcon_core.package_discovery:discover_packages(path) using defaults
[0.458s] Level 1:colcon.colcon_core.package_discovery:discover_packages(prefix_path) check parameters
[0.458s] Level 1:colcon.colcon_core.package_discovery:discover_packages(prefix_path) discover
[0.465s] DEBUG:colcon.colcon_installed_package_information.package_discovery:Found 256 installed packages in /opt/ros/foxy
[0.467s] Level 1:colcon.colcon_core.package_discovery:discover_packages(prefix_path) using defaults
[0.582s] Level 5:colcon.colcon_core.verb:set package 'uuv_webrtc_ros' build argument 'cmake_args' from command line to 'None'
[0.582s] Level 5:colcon.colcon_core.verb:set package 'uuv_webrtc_ros' build argument 'cmake_target' from command line to 'None'
[0.582s] Level 5:colcon.colcon_core.verb:set package 'uuv_webrtc_ros' build argument 'cmake_target_skip_unavailable' from command line to 'False'
[0.582s] Level 5:colcon.colcon_core.verb:set package 'uuv_webrtc_ros' build argument 'cmake_clean_cache' from command line to 'False'
[0.582s] Level 5:colcon.colcon_core.verb:set package 'uuv_webrtc_ros' build argument 'cmake_clean_first' from command line to 'False'
[0.583s] Level 5:colcon.colcon_core.verb:set package 'uuv_webrtc_ros' build argument 'cmake_force_configure' from command line to 'False'
[0.583s] Level 5:colcon.colcon_core.verb:set package 'uuv_webrtc_ros' build argument 'ament_cmake_args' from command line to 'None'
[0.583s] Level 5:colcon.colcon_core.verb:set package 'uuv_webrtc_ros' build argument 'catkin_cmake_args' from command line to 'None'
[0.583s] Level 5:colcon.colcon_core.verb:set package 'uuv_webrtc_ros' build argument 'catkin_skip_building_tests' from command line to 'False'
[0.583s] DEBUG:colcon.colcon_core.verb:Building package 'uuv_webrtc_ros' with the following arguments: {'ament_cmake_args': None, 'build_base': '/home/dh/uuv_ws/build/uuv_webrtc_ros', 'catkin_cmake_args': None, 'catkin_skip_building_tests': False, 'cmake_args': None, 'cmake_clean_cache': False, 'cmake_clean_first': False, 'cmake_force_configure': False, 'cmake_target': None, 'cmake_target_skip_unavailable': False, 'install_base': '/home/dh/uuv_ws/install/uuv_webrtc_ros', 'merge_install': False, 'path': '/home/dh/uuv_ws/src/uuv_webrtc_ros', 'symlink_install': False, 'test_result_base': None}
[0.583s] INFO:colcon.colcon_core.executor:Executing jobs using 'parallel' executor
[0.585s] DEBUG:colcon.colcon_parallel_executor.executor.parallel:run_until_complete
[0.586s] INFO:colcon.colcon_ros.task.ament_python.build:Building ROS package in '/home/dh/uuv_ws/src/uuv_webrtc_ros' with build type 'ament_python'
[0.586s] Level 1:colcon.colcon_core.shell:create_environment_hook('uuv_webrtc_ros', 'ament_prefix_path')
[0.596s] INFO:colcon.colcon_core.plugin_system:Skipping extension 'colcon_core.shell.bat': Not used on non-Windows systems
[0.597s] INFO:colcon.colcon_core.shell:Creating environment hook '/home/dh/uuv_ws/install/uuv_webrtc_ros/share/uuv_webrtc_ros/hook/ament_prefix_path.ps1'
[0.599s] INFO:colcon.colcon_core.shell:Creating environment descriptor '/home/dh/uuv_ws/install/uuv_webrtc_ros/share/uuv_webrtc_ros/hook/ament_prefix_path.dsv'
[0.600s] INFO:colcon.colcon_core.shell:Creating environment hook '/home/dh/uuv_ws/install/uuv_webrtc_ros/share/uuv_webrtc_ros/hook/ament_prefix_path.sh'
[0.602s] INFO:colcon.colcon_core.shell:Skip shell extension 'powershell' for command environment: Not usable outside of PowerShell
[0.603s] DEBUG:colcon.colcon_core.shell:Skip shell extension 'dsv' for command environment
[0.987s] INFO:colcon.colcon_core.task.python.build:Building Python package in '/home/dh/uuv_ws/src/uuv_webrtc_ros'
[0.988s] INFO:colcon.colcon_core.shell:Skip shell extension 'powershell' for command environment: Not usable outside of PowerShell
[0.988s] DEBUG:colcon.colcon_core.shell:Skip shell extension 'dsv' for command environment
[1.973s] DEBUG:colcon.colcon_core.event_handler.log_command:Invoking command in '/home/dh/uuv_ws/src/uuv_webrtc_ros': PYTHONPATH=/home/dh/uuv_ws/build/uuv_webrtc_ros/prefix_override:/usr/lib/python3/dist-packages/colcon_core/task/python/colcon_distutils_commands:/home/dh/uuv_ws/install/uuv_webrtc_ros/lib/python3.8/site-packages:${PYTHONPATH} /usr/bin/python3 -W ignore:setup.py install is deprecated -W ignore:easy_install command is deprecated setup.py egg_info --egg-base ../../build/uuv_webrtc_ros build --build-base /home/dh/uuv_ws/build/uuv_webrtc_ros/build install --record /home/dh/uuv_ws/build/uuv_webrtc_ros/install.log --install-scripts $base/lib/uuv_webrtc_ros --single-version-externally-managed install_data
[2.789s] DEBUG:colcon.colcon_core.event_handler.log_command:Invoked command in '/home/dh/uuv_ws/src/uuv_webrtc_ros' returned '0': PYTHONPATH=/home/dh/uuv_ws/build/uuv_webrtc_ros/prefix_override:/usr/lib/python3/dist-packages/colcon_core/task/python/colcon_distutils_commands:/home/dh/uuv_ws/install/uuv_webrtc_ros/lib/python3.8/site-packages:${PYTHONPATH} /usr/bin/python3 -W ignore:setup.py install is deprecated -W ignore:easy_install command is deprecated setup.py egg_info --egg-base ../../build/uuv_webrtc_ros build --build-base /home/dh/uuv_ws/build/uuv_webrtc_ros/build install --record /home/dh/uuv_ws/build/uuv_webrtc_ros/install.log --install-scripts $base/lib/uuv_webrtc_ros --single-version-externally-managed install_data
[2.801s] Level 1:colcon.colcon_core.environment:checking '/home/dh/uuv_ws/install/uuv_webrtc_ros' for CMake module files
[2.802s] Level 1:colcon.colcon_core.environment:checking '/home/dh/uuv_ws/install/uuv_webrtc_ros' for CMake config files
[2.803s] Level 1:colcon.colcon_core.environment:checking '/home/dh/uuv_ws/install/uuv_webrtc_ros/lib'
[2.803s] Level 1:colcon.colcon_core.environment:checking '/home/dh/uuv_ws/install/uuv_webrtc_ros/bin'
[2.804s] Level 1:colcon.colcon_core.environment:checking '/home/dh/uuv_ws/install/uuv_webrtc_ros/lib/pkgconfig/uuv_webrtc_ros.pc'
[2.804s] Level 1:colcon.colcon_core.environment:checking '/home/dh/uuv_ws/install/uuv_webrtc_ros/lib/python3.8/site-packages'
[2.804s] Level 1:colcon.colcon_core.shell:create_environment_hook('uuv_webrtc_ros', 'pythonpath')
[2.805s] INFO:colcon.colcon_core.shell:Creating environment hook '/home/dh/uuv_ws/install/uuv_webrtc_ros/share/uuv_webrtc_ros/hook/pythonpath.ps1'
[2.806s] INFO:colcon.colcon_core.shell:Creating environment descriptor '/home/dh/uuv_ws/install/uuv_webrtc_ros/share/uuv_webrtc_ros/hook/pythonpath.dsv'
[2.808s] INFO:colcon.colcon_core.shell:Creating environment hook '/home/dh/uuv_ws/install/uuv_webrtc_ros/share/uuv_webrtc_ros/hook/pythonpath.sh'
[2.810s] Level 1:colcon.colcon_core.environment:checking '/home/dh/uuv_ws/install/uuv_webrtc_ros/bin'
[2.810s] Level 1:colcon.colcon_core.environment:create_environment_scripts_only(uuv_webrtc_ros)
[2.811s] INFO:colcon.colcon_core.shell:Creating package script '/home/dh/uuv_ws/install/uuv_webrtc_ros/share/uuv_webrtc_ros/package.ps1'
[2.815s] INFO:colcon.colcon_core.shell:Creating package descriptor '/home/dh/uuv_ws/install/uuv_webrtc_ros/share/uuv_webrtc_ros/package.dsv'
[2.817s] INFO:colcon.colcon_core.shell:Creating package script '/home/dh/uuv_ws/install/uuv_webrtc_ros/share/uuv_webrtc_ros/package.sh'
[2.820s] INFO:colcon.colcon_core.shell:Creating package script '/home/dh/uuv_ws/install/uuv_webrtc_ros/share/uuv_webrtc_ros/package.bash'
[2.826s] INFO:colcon.colcon_core.shell:Creating package script '/home/dh/uuv_ws/install/uuv_webrtc_ros/share/uuv_webrtc_ros/package.zsh'
[2.828s] Level 1:colcon.colcon_core.environment:create_file_with_runtime_dependencies(/home/dh/uuv_ws/install/uuv_webrtc_ros/share/colcon-core/packages/uuv_webrtc_ros)
[2.830s] DEBUG:colcon.colcon_parallel_executor.executor.parallel:closing loop
[2.832s] DEBUG:colcon.colcon_parallel_executor.executor.parallel:loop closed
[2.832s] DEBUG:colcon.colcon_parallel_executor.executor.parallel:run_until_complete finished with '0'
[2.832s] DEBUG:colcon.colcon_core.event_reactor:joining thread
[2.843s] INFO:colcon.colcon_core.plugin_system:Skipping extension 'colcon_notification.desktop_notification.terminal_notifier': Not used on non-Darwin systems
[2.844s] INFO:colcon.colcon_core.plugin_system:Skipping extension 'colcon_notification.desktop_notification.win32': Not used on non-Windows systems
[2.844s] INFO:colcon.colcon_notification.desktop_notification:Sending desktop notification using 'notify2'
[2.875s] DEBUG:colcon.colcon_core.event_reactor:joined thread
[2.876s] INFO:colcon.colcon_core.shell:Creating prefix script '/home/dh/uuv_ws/install/local_setup.ps1'
[2.879s] INFO:colcon.colcon_core.shell:Creating prefix util module '/home/dh/uuv_ws/install/_local_setup_util_ps1.py'
[2.884s] INFO:colcon.colcon_core.shell:Creating prefix chain script '/home/dh/uuv_ws/install/setup.ps1'
[2.887s] INFO:colcon.colcon_core.shell:Creating prefix script '/home/dh/uuv_ws/install/local_setup.sh'
[2.896s] INFO:colcon.colcon_core.shell:Creating prefix util module '/home/dh/uuv_ws/install/_local_setup_util_sh.py'
[2.898s] INFO:colcon.colcon_core.shell:Creating prefix chain script '/home/dh/uuv_ws/install/setup.sh'
[2.901s] INFO:colcon.colcon_core.shell:Creating prefix script '/home/dh/uuv_ws/install/local_setup.bash'
[2.903s] INFO:colcon.colcon_core.shell:Creating prefix chain script '/home/dh/uuv_ws/install/setup.bash'
[2.906s] INFO:colcon.colcon_core.shell:Creating prefix script '/home/dh/uuv_ws/install/local_setup.zsh'
[2.908s] INFO:colcon.colcon_core.shell:Creating prefix chain script '/home/dh/uuv_ws/install/setup.zsh'
