[0.034s] Invoking command in '/home/dh/ros2_ev_test2/build/hello_ev_interfaces': /usr/bin/cmake /home/dh/ros2_ev_test2/src/hello_ev_interfaces -DCATKIN_INSTALL_INTO_PREFIX_ROOT=0 -DCATKIN_SYMLINK_INSTALL=ON -DCMAKE_INSTALL_PREFIX=/home/dh/ros2_ev_test2/install/hello_ev_interfaces
[0.245s] -- The C compiler identification is GNU 9.4.0
[0.485s] -- The CXX compiler identification is GNU 9.4.0
[0.511s] -- Check for working C compiler: /usr/bin/cc
[0.675s] -- Check for working C compiler: /usr/bin/cc -- works
[0.678s] -- Detecting C compiler ABI info
[0.883s] -- Detecting C compiler ABI info - done
[0.923s] -- Detecting C compile features
[0.924s] -- Detecting C compile features - done
[0.936s] -- Check for working CXX compiler: /usr/bin/c++
[1.108s] -- Check for working CXX compiler: /usr/bin/c++ -- works
[1.108s] -- Detecting CXX compiler ABI info
[1.302s] -- Detecting CXX compiler ABI info - done
[1.324s] -- Detecting CXX compile features
[1.325s] -- Detecting CXX compile features - done
[1.336s] -- Found ament_cmake: 0.9.12 (/opt/ros/foxy/share/ament_cmake/cmake)
[1.382s] -- Found PythonInterp: /usr/bin/python3 (found suitable version "3.8.10", minimum required is "3") 
[1.382s] -- Using PYTHON_EXECUTABLE: /usr/bin/python3
[1.710s] -- Found rosidl_default_generators: 1.0.1 (/opt/ros/foxy/share/rosidl_default_generators/cmake)
[1.716s] -- Using all available rosidl_typesupport_c: rosidl_typesupport_fastrtps_c;rosidl_typesupport_introspection_c
[1.727s] -- Found rosidl_adapter: 1.3.1 (/opt/ros/foxy/share/rosidl_adapter/cmake)
[1.949s] -- Found OpenSSL: /usr/lib/x86_64-linux-gnu/libcrypto.so (found version "1.1.1f")  
[1.996s] -- Found FastRTPS: /opt/ros/foxy/include  
[2.130s] -- Using all available rosidl_typesupport_cpp: rosidl_typesupport_fastrtps_cpp;rosidl_typesupport_introspection_cpp
[2.227s] -- Found PythonInterp: /usr/bin/python3 (found version "3.8.10") 
[2.454s] -- Found ament_cmake_ros: 0.9.2 (/opt/ros/foxy/share/ament_cmake_ros/cmake)
[2.678s] -- Using all available rosidl_typesupport_c: rosidl_typesupport_fastrtps_c;rosidl_typesupport_introspection_c
[2.701s] -- Using all available rosidl_typesupport_cpp: rosidl_typesupport_fastrtps_cpp;rosidl_typesupport_introspection_cpp
[2.764s] -- Found PythonInterp: /usr/bin/python3 (found suitable version "3.8.10", minimum required is "3.5") 
[2.772s] -- Found python_cmake_module: 0.8.1 (/opt/ros/foxy/share/python_cmake_module/cmake)
[2.841s] -- Found PythonLibs: /usr/lib/x86_64-linux-gnu/libpython3.8.so (found suitable version "3.8.10", minimum required is "3.5") 
[2.846s] -- Using PYTHON_EXECUTABLE: /usr/bin/python3
[2.847s] -- Using PYTHON_INCLUDE_DIRS: /usr/include/python3.8
[2.847s] -- Using PYTHON_LIBRARIES: /usr/lib/x86_64-linux-gnu/libpython3.8.so
[2.914s] -- Found PythonExtra: .so  
[3.073s] -- Configuring done
[3.190s] -- Generating done
[3.198s] CMake Warning:
[3.198s]   Manually-specified variables were not used by the project:
[3.199s] 
[3.199s]     CATKIN_INSTALL_INTO_PREFIX_ROOT
[3.199s]     CATKIN_SYMLINK_INSTALL
[3.199s] 
[3.200s] 
[3.222s] -- Build files have been written to: /home/dh/ros2_ev_test2/build/hello_ev_interfaces
[3.235s] Invoked command in '/home/dh/ros2_ev_test2/build/hello_ev_interfaces' returned '0': /usr/bin/cmake /home/dh/ros2_ev_test2/src/hello_ev_interfaces -DCATKIN_INSTALL_INTO_PREFIX_ROOT=0 -DCATKIN_SYMLINK_INSTALL=ON -DCMAKE_INSTALL_PREFIX=/home/dh/ros2_ev_test2/install/hello_ev_interfaces
[3.236s] Invoking command in '/home/dh/ros2_ev_test2/build/hello_ev_interfaces': /usr/bin/cmake --build /home/dh/ros2_ev_test2/build/hello_ev_interfaces -- -j2 -l2
[3.437s] [35m[1mScanning dependencies of target hello_ev_interfaces__cpp[0m
[3.459s] [  3%] [34m[1mGenerating C code for ROS interfaces[0m
[3.524s] [  6%] [34m[1mGenerating C++ code for ROS interfaces[0m
[4.140s] [  6%] Built target hello_ev_interfaces__cpp
[4.148s] [35m[1mScanning dependencies of target hello_ev_interfaces__rosidl_generator_c[0m
[4.165s] [  9%] [34m[1mGenerating C++ type support for eProsima Fast-RTPS[0m
[4.183s] [ 12%] [32mBuilding C object CMakeFiles/hello_ev_interfaces__rosidl_generator_c.dir/rosidl_generator_c/hello_ev_interfaces/srv/detail/string__functions.c.o[0m
[4.314s] [ 16%] [32m[1mLinking C shared library libhello_ev_interfaces__rosidl_generator_c.so[0m
[4.423s] [ 16%] Built target hello_ev_interfaces__rosidl_generator_c
[4.452s] [ 19%] [34m[1mGenerating C++ introspection for ROS interfaces[0m
[4.740s] [35m[1mScanning dependencies of target hello_ev_interfaces__rosidl_typesupport_fastrtps_cpp[0m
[4.847s] [ 22%] [32mBuilding CXX object CMakeFiles/hello_ev_interfaces__rosidl_typesupport_fastrtps_cpp.dir/rosidl_typesupport_fastrtps_cpp/hello_ev_interfaces/srv/detail/dds_fastrtps/string__type_support.cpp.o[0m
[5.023s] [35m[1mScanning dependencies of target hello_ev_interfaces__rosidl_typesupport_introspection_cpp[0m
[5.060s] [ 25%] [32mBuilding CXX object CMakeFiles/hello_ev_interfaces__rosidl_typesupport_introspection_cpp.dir/rosidl_typesupport_introspection_cpp/hello_ev_interfaces/srv/detail/string__type_support.cpp.o[0m
[5.730s] [ 29%] [32m[1mLinking CXX shared library libhello_ev_interfaces__rosidl_typesupport_introspection_cpp.so[0m
[5.863s] [ 29%] Built target hello_ev_interfaces__rosidl_typesupport_introspection_cpp
[5.885s] [ 32%] [34m[1mGenerating C++ type support dispatch for ROS interfaces[0m
[6.049s] [ 35%] [32m[1mLinking CXX shared library libhello_ev_interfaces__rosidl_typesupport_fastrtps_cpp.so[0m
[6.277s] [ 35%] Built target hello_ev_interfaces__rosidl_typesupport_fastrtps_cpp
[6.308s] [ 38%] [34m[1mGenerating C type support dispatch for ROS interfaces[0m
[6.322s] [35m[1mScanning dependencies of target hello_ev_interfaces__rosidl_typesupport_cpp[0m
[6.357s] [ 41%] [32mBuilding CXX object CMakeFiles/hello_ev_interfaces__rosidl_typesupport_cpp.dir/rosidl_typesupport_cpp/hello_ev_interfaces/srv/string__type_support.cpp.o[0m
[6.711s] [35m[1mScanning dependencies of target hello_ev_interfaces__rosidl_typesupport_c[0m
[6.747s] [ 45%] [32mBuilding CXX object CMakeFiles/hello_ev_interfaces__rosidl_typesupport_c.dir/rosidl_typesupport_c/hello_ev_interfaces/srv/string__type_support.cpp.o[0m
[6.816s] [ 48%] [32m[1mLinking CXX shared library libhello_ev_interfaces__rosidl_typesupport_c.so[0m
[6.855s] [ 51%] [32m[1mLinking CXX shared library libhello_ev_interfaces__rosidl_typesupport_cpp.so[0m
[6.927s] [ 51%] Built target hello_ev_interfaces__rosidl_typesupport_c
[6.953s] [ 51%] Built target hello_ev_interfaces__rosidl_typesupport_cpp
[6.965s] [ 54%] [34m[1mGenerating C introspection for ROS interfaces[0m
[6.982s] [ 58%] [34m[1mGenerating C type support for eProsima Fast-RTPS[0m
[7.441s] [35m[1mScanning dependencies of target hello_ev_interfaces__rosidl_typesupport_introspection_c[0m
[7.455s] [35m[1mScanning dependencies of target hello_ev_interfaces__rosidl_typesupport_fastrtps_c[0m
[7.505s] [ 61%] [32mBuilding C object CMakeFiles/hello_ev_interfaces__rosidl_typesupport_introspection_c.dir/rosidl_typesupport_introspection_c/hello_ev_interfaces/srv/detail/string__type_support.c.o[0m
[7.537s] [ 64%] [32mBuilding CXX object CMakeFiles/hello_ev_interfaces__rosidl_typesupport_fastrtps_c.dir/rosidl_typesupport_fastrtps_c/hello_ev_interfaces/srv/detail/string__type_support_c.cpp.o[0m
[7.605s] [ 67%] [32m[1mLinking C shared library libhello_ev_interfaces__rosidl_typesupport_introspection_c.so[0m
[7.688s] [ 67%] Built target hello_ev_interfaces__rosidl_typesupport_introspection_c
[8.243s] [ 70%] [32m[1mLinking CXX shared library libhello_ev_interfaces__rosidl_typesupport_fastrtps_c.so[0m
[8.425s] [ 70%] Built target hello_ev_interfaces__rosidl_typesupport_fastrtps_c
[8.448s] [35m[1mScanning dependencies of target hello_ev_interfaces[0m
[8.476s] [ 70%] Built target hello_ev_interfaces
[8.502s] [35m[1mScanning dependencies of target hello_ev_interfaces__py[0m
[8.525s] [ 74%] [34m[1mGenerating Python code for ROS interfaces[0m
[9.489s] [ 74%] Built target hello_ev_interfaces__py
[9.510s] [35m[1mScanning dependencies of target hello_ev_interfaces__python[0m
[9.592s] [ 77%] [32mBuilding C object CMakeFiles/hello_ev_interfaces__python.dir/rosidl_generator_py/hello_ev_interfaces/srv/_string_s.c.o[0m
[9.806s] [ 80%] [32m[1mLinking C shared library rosidl_generator_py/hello_ev_interfaces/libhello_ev_interfaces__python.so[0m
[9.885s] [ 80%] Built target hello_ev_interfaces__python
[9.916s] [35m[1mScanning dependencies of target hello_ev_interfaces__rosidl_typesupport_fastrtps_c__pyext[0m
[9.918s] [35m[1mScanning dependencies of target hello_ev_interfaces__rosidl_typesupport_c__pyext[0m
[9.977s] [ 83%] [32mBuilding C object CMakeFiles/hello_ev_interfaces__rosidl_typesupport_fastrtps_c__pyext.dir/rosidl_generator_py/hello_ev_interfaces/_hello_ev_interfaces_s.ep.rosidl_typesupport_fastrtps_c.c.o[0m
[9.997s] [ 87%] [32mBuilding C object CMakeFiles/hello_ev_interfaces__rosidl_typesupport_c__pyext.dir/rosidl_generator_py/hello_ev_interfaces/_hello_ev_interfaces_s.ep.rosidl_typesupport_c.c.o[0m
[10.180s] [ 90%] [32m[1mLinking CXX shared library rosidl_generator_py/hello_ev_interfaces/hello_ev_interfaces_s__rosidl_typesupport_fastrtps_c.cpython-38-x86_64-linux-gnu.so[0m
[10.239s] [ 93%] [32m[1mLinking C shared library rosidl_generator_py/hello_ev_interfaces/hello_ev_interfaces_s__rosidl_typesupport_c.cpython-38-x86_64-linux-gnu.so[0m
[10.314s] [ 93%] Built target hello_ev_interfaces__rosidl_typesupport_fastrtps_c__pyext
[10.315s] [ 93%] Built target hello_ev_interfaces__rosidl_typesupport_c__pyext
[10.333s] [35m[1mScanning dependencies of target hello_ev_interfaces__rosidl_typesupport_introspection_c__pyext[0m
[10.367s] [ 96%] [32mBuilding C object CMakeFiles/hello_ev_interfaces__rosidl_typesupport_introspection_c__pyext.dir/rosidl_generator_py/hello_ev_interfaces/_hello_ev_interfaces_s.ep.rosidl_typesupport_introspection_c.c.o[0m
[10.456s] [100%] [32m[1mLinking C shared library rosidl_generator_py/hello_ev_interfaces/hello_ev_interfaces_s__rosidl_typesupport_introspection_c.cpython-38-x86_64-linux-gnu.so[0m
[10.506s] [100%] Built target hello_ev_interfaces__rosidl_typesupport_introspection_c__pyext
[10.529s] Invoked command in '/home/dh/ros2_ev_test2/build/hello_ev_interfaces' returned '0': /usr/bin/cmake --build /home/dh/ros2_ev_test2/build/hello_ev_interfaces -- -j2 -l2
[10.556s] Invoking command in '/home/dh/ros2_ev_test2/build/hello_ev_interfaces': /usr/bin/cmake --install /home/dh/ros2_ev_test2/build/hello_ev_interfaces
[10.576s] -- Install configuration: ""
[10.578s] -- Installing: /home/dh/ros2_ev_test2/install/hello_ev_interfaces/share/ament_index/resource_index/rosidl_interfaces/hello_ev_interfaces
[10.580s] -- Installing: /home/dh/ros2_ev_test2/install/hello_ev_interfaces/include/hello_ev_interfaces
[10.580s] -- Installing: /home/dh/ros2_ev_test2/install/hello_ev_interfaces/include/hello_ev_interfaces/msg
[10.580s] -- Installing: /home/dh/ros2_ev_test2/install/hello_ev_interfaces/include/hello_ev_interfaces/msg/rosidl_generator_c__visibility_control.h
[10.583s] -- Installing: /home/dh/ros2_ev_test2/install/hello_ev_interfaces/include/hello_ev_interfaces/srv
[10.583s] -- Installing: /home/dh/ros2_ev_test2/install/hello_ev_interfaces/include/hello_ev_interfaces/srv/detail
[10.583s] -- Installing: /home/dh/ros2_ev_test2/install/hello_ev_interfaces/include/hello_ev_interfaces/srv/detail/string__type_support.h
[10.583s] -- Installing: /home/dh/ros2_ev_test2/install/hello_ev_interfaces/include/hello_ev_interfaces/srv/detail/string__functions.c
[10.583s] -- Installing: /home/dh/ros2_ev_test2/install/hello_ev_interfaces/include/hello_ev_interfaces/srv/detail/string__struct.h
[10.583s] -- Installing: /home/dh/ros2_ev_test2/install/hello_ev_interfaces/include/hello_ev_interfaces/srv/detail/string__functions.h
[10.584s] -- Installing: /home/dh/ros2_ev_test2/install/hello_ev_interfaces/include/hello_ev_interfaces/srv/string.h
[10.586s] -- Installing: /home/dh/ros2_ev_test2/install/hello_ev_interfaces/share/hello_ev_interfaces/environment/library_path.sh
[10.586s] -- Installing: /home/dh/ros2_ev_test2/install/hello_ev_interfaces/share/hello_ev_interfaces/environment/library_path.dsv
[10.587s] -- Installing: /home/dh/ros2_ev_test2/install/hello_ev_interfaces/lib/libhello_ev_interfaces__rosidl_generator_c.so
[10.589s] -- Set runtime path of "/home/dh/ros2_ev_test2/install/hello_ev_interfaces/lib/libhello_ev_interfaces__rosidl_generator_c.so" to ""
[10.590s] -- Up-to-date: /home/dh/ros2_ev_test2/install/hello_ev_interfaces/include/hello_ev_interfaces
[10.590s] -- Up-to-date: /home/dh/ros2_ev_test2/install/hello_ev_interfaces/include/hello_ev_interfaces/msg
[10.590s] -- Installing: /home/dh/ros2_ev_test2/install/hello_ev_interfaces/include/hello_ev_interfaces/msg/rosidl_typesupport_fastrtps_c__visibility_control.h
[10.590s] -- Up-to-date: /home/dh/ros2_ev_test2/install/hello_ev_interfaces/include/hello_ev_interfaces/srv
[10.592s] -- Up-to-date: /home/dh/ros2_ev_test2/install/hello_ev_interfaces/include/hello_ev_interfaces/srv/detail
[10.592s] -- Installing: /home/dh/ros2_ev_test2/install/hello_ev_interfaces/include/hello_ev_interfaces/srv/detail/string__rosidl_typesupport_fastrtps_c.h
[10.593s] -- Installing: /home/dh/ros2_ev_test2/install/hello_ev_interfaces/lib/libhello_ev_interfaces__rosidl_typesupport_fastrtps_c.so
[10.595s] -- Set runtime path of "/home/dh/ros2_ev_test2/install/hello_ev_interfaces/lib/libhello_ev_interfaces__rosidl_typesupport_fastrtps_c.so" to ""
[10.596s] -- Up-to-date: /home/dh/ros2_ev_test2/install/hello_ev_interfaces/include/hello_ev_interfaces
[10.596s] -- Up-to-date: /home/dh/ros2_ev_test2/install/hello_ev_interfaces/include/hello_ev_interfaces/msg
[10.597s] -- Installing: /home/dh/ros2_ev_test2/install/hello_ev_interfaces/include/hello_ev_interfaces/msg/rosidl_typesupport_fastrtps_cpp__visibility_control.h
[10.597s] -- Up-to-date: /home/dh/ros2_ev_test2/install/hello_ev_interfaces/include/hello_ev_interfaces/srv
[10.597s] -- Up-to-date: /home/dh/ros2_ev_test2/install/hello_ev_interfaces/include/hello_ev_interfaces/srv/detail
[10.598s] -- Installing: /home/dh/ros2_ev_test2/install/hello_ev_interfaces/include/hello_ev_interfaces/srv/detail/string__rosidl_typesupport_fastrtps_cpp.hpp
[10.598s] -- Installing: /home/dh/ros2_ev_test2/install/hello_ev_interfaces/include/hello_ev_interfaces/srv/detail/dds_fastrtps
[10.598s] -- Installing: /home/dh/ros2_ev_test2/install/hello_ev_interfaces/lib/libhello_ev_interfaces__rosidl_typesupport_fastrtps_cpp.so
[10.599s] -- Set runtime path of "/home/dh/ros2_ev_test2/install/hello_ev_interfaces/lib/libhello_ev_interfaces__rosidl_typesupport_fastrtps_cpp.so" to ""
[10.600s] -- Up-to-date: /home/dh/ros2_ev_test2/install/hello_ev_interfaces/include/hello_ev_interfaces
[10.600s] -- Up-to-date: /home/dh/ros2_ev_test2/install/hello_ev_interfaces/include/hello_ev_interfaces/msg
[10.600s] -- Installing: /home/dh/ros2_ev_test2/install/hello_ev_interfaces/include/hello_ev_interfaces/msg/rosidl_typesupport_introspection_c__visibility_control.h
[10.601s] -- Up-to-date: /home/dh/ros2_ev_test2/install/hello_ev_interfaces/include/hello_ev_interfaces/srv
[10.601s] -- Up-to-date: /home/dh/ros2_ev_test2/install/hello_ev_interfaces/include/hello_ev_interfaces/srv/detail
[10.602s] -- Installing: /home/dh/ros2_ev_test2/install/hello_ev_interfaces/include/hello_ev_interfaces/srv/detail/string__type_support.c
[10.602s] -- Installing: /home/dh/ros2_ev_test2/install/hello_ev_interfaces/include/hello_ev_interfaces/srv/detail/string__rosidl_typesupport_introspection_c.h
[10.602s] -- Installing: /home/dh/ros2_ev_test2/install/hello_ev_interfaces/lib/libhello_ev_interfaces__rosidl_typesupport_introspection_c.so
[10.603s] -- Set runtime path of "/home/dh/ros2_ev_test2/install/hello_ev_interfaces/lib/libhello_ev_interfaces__rosidl_typesupport_introspection_c.so" to ""
[10.604s] -- Installing: /home/dh/ros2_ev_test2/install/hello_ev_interfaces/lib/libhello_ev_interfaces__rosidl_typesupport_c.so
[10.605s] -- Set runtime path of "/home/dh/ros2_ev_test2/install/hello_ev_interfaces/lib/libhello_ev_interfaces__rosidl_typesupport_c.so" to ""
[10.605s] -- Up-to-date: /home/dh/ros2_ev_test2/install/hello_ev_interfaces/include/hello_ev_interfaces
[10.605s] -- Up-to-date: /home/dh/ros2_ev_test2/install/hello_ev_interfaces/include/hello_ev_interfaces/msg
[10.605s] -- Installing: /home/dh/ros2_ev_test2/install/hello_ev_interfaces/include/hello_ev_interfaces/msg/rosidl_generator_cpp__visibility_control.hpp
[10.606s] -- Up-to-date: /home/dh/ros2_ev_test2/install/hello_ev_interfaces/include/hello_ev_interfaces/srv
[10.606s] -- Up-to-date: /home/dh/ros2_ev_test2/install/hello_ev_interfaces/include/hello_ev_interfaces/srv/detail
[10.606s] -- Installing: /home/dh/ros2_ev_test2/install/hello_ev_interfaces/include/hello_ev_interfaces/srv/detail/string__traits.hpp
[10.606s] -- Installing: /home/dh/ros2_ev_test2/install/hello_ev_interfaces/include/hello_ev_interfaces/srv/detail/string__struct.hpp
[10.607s] -- Installing: /home/dh/ros2_ev_test2/install/hello_ev_interfaces/include/hello_ev_interfaces/srv/detail/string__type_support.hpp
[10.608s] -- Installing: /home/dh/ros2_ev_test2/install/hello_ev_interfaces/include/hello_ev_interfaces/srv/detail/string__builder.hpp
[10.608s] -- Installing: /home/dh/ros2_ev_test2/install/hello_ev_interfaces/include/hello_ev_interfaces/srv/string.hpp
[10.609s] -- Up-to-date: /home/dh/ros2_ev_test2/install/hello_ev_interfaces/include/hello_ev_interfaces
[10.609s] -- Up-to-date: /home/dh/ros2_ev_test2/install/hello_ev_interfaces/include/hello_ev_interfaces/srv
[10.609s] -- Up-to-date: /home/dh/ros2_ev_test2/install/hello_ev_interfaces/include/hello_ev_interfaces/srv/detail
[10.610s] -- Installing: /home/dh/ros2_ev_test2/install/hello_ev_interfaces/include/hello_ev_interfaces/srv/detail/string__rosidl_typesupport_introspection_cpp.hpp
[10.611s] -- Installing: /home/dh/ros2_ev_test2/install/hello_ev_interfaces/include/hello_ev_interfaces/srv/detail/string__type_support.cpp
[10.612s] -- Installing: /home/dh/ros2_ev_test2/install/hello_ev_interfaces/lib/libhello_ev_interfaces__rosidl_typesupport_introspection_cpp.so
[10.614s] -- Set runtime path of "/home/dh/ros2_ev_test2/install/hello_ev_interfaces/lib/libhello_ev_interfaces__rosidl_typesupport_introspection_cpp.so" to ""
[10.614s] -- Installing: /home/dh/ros2_ev_test2/install/hello_ev_interfaces/lib/libhello_ev_interfaces__rosidl_typesupport_cpp.so
[10.615s] -- Set runtime path of "/home/dh/ros2_ev_test2/install/hello_ev_interfaces/lib/libhello_ev_interfaces__rosidl_typesupport_cpp.so" to ""
[10.616s] -- Installing: /home/dh/ros2_ev_test2/install/hello_ev_interfaces/share/hello_ev_interfaces/environment/pythonpath.sh
[10.616s] -- Installing: /home/dh/ros2_ev_test2/install/hello_ev_interfaces/share/hello_ev_interfaces/environment/pythonpath.dsv
[10.617s] -- Installing: /home/dh/ros2_ev_test2/install/hello_ev_interfaces/lib/python3.8/site-packages/hello_ev_interfaces/__init__.py
[10.668s] Compiling '/home/dh/ros2_ev_test2/install/hello_ev_interfaces/lib/python3.8/site-packages/hello_ev_interfaces/__init__.py'...
[10.673s] -- Installing: /home/dh/ros2_ev_test2/install/hello_ev_interfaces/lib/python3.8/site-packages/hello_ev_interfaces/srv
[10.673s] -- Installing: /home/dh/ros2_ev_test2/install/hello_ev_interfaces/lib/python3.8/site-packages/hello_ev_interfaces/srv/__init__.py
[10.673s] -- Installing: /home/dh/ros2_ev_test2/install/hello_ev_interfaces/lib/python3.8/site-packages/hello_ev_interfaces/srv/_string_s.c
[10.673s] -- Installing: /home/dh/ros2_ev_test2/install/hello_ev_interfaces/lib/python3.8/site-packages/hello_ev_interfaces/srv/_string.py
[10.674s] -- Installing: /home/dh/ros2_ev_test2/install/hello_ev_interfaces/lib/python3.8/site-packages/hello_ev_interfaces/hello_ev_interfaces_s__rosidl_typesupport_fastrtps_c.cpython-38-x86_64-linux-gnu.so
[10.675s] -- Set runtime path of "/home/dh/ros2_ev_test2/install/hello_ev_interfaces/lib/python3.8/site-packages/hello_ev_interfaces/hello_ev_interfaces_s__rosidl_typesupport_fastrtps_c.cpython-38-x86_64-linux-gnu.so" to ""
[10.675s] -- Installing: /home/dh/ros2_ev_test2/install/hello_ev_interfaces/lib/python3.8/site-packages/hello_ev_interfaces/hello_ev_interfaces_s__rosidl_typesupport_introspection_c.cpython-38-x86_64-linux-gnu.so
[10.676s] -- Set runtime path of "/home/dh/ros2_ev_test2/install/hello_ev_interfaces/lib/python3.8/site-packages/hello_ev_interfaces/hello_ev_interfaces_s__rosidl_typesupport_introspection_c.cpython-38-x86_64-linux-gnu.so" to ""
[10.676s] -- Installing: /home/dh/ros2_ev_test2/install/hello_ev_interfaces/lib/python3.8/site-packages/hello_ev_interfaces/hello_ev_interfaces_s__rosidl_typesupport_c.cpython-38-x86_64-linux-gnu.so
[10.677s] -- Set runtime path of "/home/dh/ros2_ev_test2/install/hello_ev_interfaces/lib/python3.8/site-packages/hello_ev_interfaces/hello_ev_interfaces_s__rosidl_typesupport_c.cpython-38-x86_64-linux-gnu.so" to ""
[10.677s] -- Installing: /home/dh/ros2_ev_test2/install/hello_ev_interfaces/lib/libhello_ev_interfaces__python.so
[10.678s] -- Set runtime path of "/home/dh/ros2_ev_test2/install/hello_ev_interfaces/lib/libhello_ev_interfaces__python.so" to ""
[10.678s] -- Installing: /home/dh/ros2_ev_test2/install/hello_ev_interfaces/share/hello_ev_interfaces/srv/String.idl
[10.678s] -- Installing: /home/dh/ros2_ev_test2/install/hello_ev_interfaces/share/hello_ev_interfaces/srv/String.srv
[10.678s] -- Installing: /home/dh/ros2_ev_test2/install/hello_ev_interfaces/share/hello_ev_interfaces/srv/String_Request.msg
[10.678s] -- Installing: /home/dh/ros2_ev_test2/install/hello_ev_interfaces/share/hello_ev_interfaces/srv/String_Response.msg
[10.678s] -- Installing: /home/dh/ros2_ev_test2/install/hello_ev_interfaces/share/ament_index/resource_index/package_run_dependencies/hello_ev_interfaces
[10.679s] -- Installing: /home/dh/ros2_ev_test2/install/hello_ev_interfaces/share/ament_index/resource_index/parent_prefix_path/hello_ev_interfaces
[10.679s] -- Installing: /home/dh/ros2_ev_test2/install/hello_ev_interfaces/share/hello_ev_interfaces/environment/ament_prefix_path.sh
[10.679s] -- Installing: /home/dh/ros2_ev_test2/install/hello_ev_interfaces/share/hello_ev_interfaces/environment/ament_prefix_path.dsv
[10.680s] -- Installing: /home/dh/ros2_ev_test2/install/hello_ev_interfaces/share/hello_ev_interfaces/environment/path.sh
[10.680s] -- Installing: /home/dh/ros2_ev_test2/install/hello_ev_interfaces/share/hello_ev_interfaces/environment/path.dsv
[10.680s] -- Installing: /home/dh/ros2_ev_test2/install/hello_ev_interfaces/share/hello_ev_interfaces/local_setup.bash
[10.680s] -- Installing: /home/dh/ros2_ev_test2/install/hello_ev_interfaces/share/hello_ev_interfaces/local_setup.sh
[10.681s] -- Installing: /home/dh/ros2_ev_test2/install/hello_ev_interfaces/share/hello_ev_interfaces/local_setup.zsh
[10.681s] -- Installing: /home/dh/ros2_ev_test2/install/hello_ev_interfaces/share/hello_ev_interfaces/local_setup.dsv
[10.681s] -- Installing: /home/dh/ros2_ev_test2/install/hello_ev_interfaces/share/hello_ev_interfaces/package.dsv
[10.682s] -- Installing: /home/dh/ros2_ev_test2/install/hello_ev_interfaces/share/ament_index/resource_index/packages/hello_ev_interfaces
[10.682s] -- Installing: /home/dh/ros2_ev_test2/install/hello_ev_interfaces/share/hello_ev_interfaces/cmake/hello_ev_interfaces__rosidl_generator_cExport.cmake
[10.684s] -- Installing: /home/dh/ros2_ev_test2/install/hello_ev_interfaces/share/hello_ev_interfaces/cmake/hello_ev_interfaces__rosidl_generator_cExport-noconfig.cmake
[10.684s] -- Installing: /home/dh/ros2_ev_test2/install/hello_ev_interfaces/share/hello_ev_interfaces/cmake/hello_ev_interfaces__rosidl_typesupport_introspection_cExport.cmake
[10.684s] -- Installing: /home/dh/ros2_ev_test2/install/hello_ev_interfaces/share/hello_ev_interfaces/cmake/hello_ev_interfaces__rosidl_typesupport_introspection_cExport-noconfig.cmake
[10.685s] -- Installing: /home/dh/ros2_ev_test2/install/hello_ev_interfaces/share/hello_ev_interfaces/cmake/hello_ev_interfaces__rosidl_typesupport_cExport.cmake
[10.685s] -- Installing: /home/dh/ros2_ev_test2/install/hello_ev_interfaces/share/hello_ev_interfaces/cmake/hello_ev_interfaces__rosidl_typesupport_cExport-noconfig.cmake
[10.685s] -- Installing: /home/dh/ros2_ev_test2/install/hello_ev_interfaces/share/hello_ev_interfaces/cmake/hello_ev_interfaces__rosidl_generator_cppExport.cmake
[10.686s] -- Installing: /home/dh/ros2_ev_test2/install/hello_ev_interfaces/share/hello_ev_interfaces/cmake/hello_ev_interfaces__rosidl_typesupport_introspection_cppExport.cmake
[10.687s] -- Installing: /home/dh/ros2_ev_test2/install/hello_ev_interfaces/share/hello_ev_interfaces/cmake/hello_ev_interfaces__rosidl_typesupport_introspection_cppExport-noconfig.cmake
[10.687s] -- Installing: /home/dh/ros2_ev_test2/install/hello_ev_interfaces/share/hello_ev_interfaces/cmake/hello_ev_interfaces__rosidl_typesupport_cppExport.cmake
[10.688s] -- Installing: /home/dh/ros2_ev_test2/install/hello_ev_interfaces/share/hello_ev_interfaces/cmake/hello_ev_interfaces__rosidl_typesupport_cppExport-noconfig.cmake
[10.691s] -- Installing: /home/dh/ros2_ev_test2/install/hello_ev_interfaces/share/hello_ev_interfaces/cmake/rosidl_cmake-extras.cmake
[10.691s] -- Installing: /home/dh/ros2_ev_test2/install/hello_ev_interfaces/share/hello_ev_interfaces/cmake/ament_cmake_export_dependencies-extras.cmake
[10.697s] -- Installing: /home/dh/ros2_ev_test2/install/hello_ev_interfaces/share/hello_ev_interfaces/cmake/ament_cmake_export_libraries-extras.cmake
[10.697s] -- Installing: /home/dh/ros2_ev_test2/install/hello_ev_interfaces/share/hello_ev_interfaces/cmake/ament_cmake_export_targets-extras.cmake
[10.698s] -- Installing: /home/dh/ros2_ev_test2/install/hello_ev_interfaces/share/hello_ev_interfaces/cmake/ament_cmake_export_include_directories-extras.cmake
[10.698s] -- Installing: /home/dh/ros2_ev_test2/install/hello_ev_interfaces/share/hello_ev_interfaces/cmake/rosidl_cmake_export_typesupport_libraries-extras.cmake
[10.698s] -- Installing: /home/dh/ros2_ev_test2/install/hello_ev_interfaces/share/hello_ev_interfaces/cmake/rosidl_cmake_export_typesupport_targets-extras.cmake
[10.698s] -- Installing: /home/dh/ros2_ev_test2/install/hello_ev_interfaces/share/hello_ev_interfaces/cmake/hello_ev_interfacesConfig.cmake
[10.698s] -- Installing: /home/dh/ros2_ev_test2/install/hello_ev_interfaces/share/hello_ev_interfaces/cmake/hello_ev_interfacesConfig-version.cmake
[10.698s] -- Installing: /home/dh/ros2_ev_test2/install/hello_ev_interfaces/share/hello_ev_interfaces/package.xml
[10.703s] Invoked command in '/home/dh/ros2_ev_test2/build/hello_ev_interfaces' returned '0': /usr/bin/cmake --install /home/dh/ros2_ev_test2/build/hello_ev_interfaces
