[0.965s] Invoking command in '/home/dh/ros2_ev_test2/src/hello_ev_service_py': CMAKE_PREFIX_PATH=/home/dh/ros2_ev_test2/install/hello_ev_interfaces LD_LIBRARY_PATH=/home/dh/ros2_ev_test2/install/hello_ev_interfaces/lib:${LD_LIBRARY_PATH} PKG_CONFIG_PATH=/home/dh/ros2_ev_test2/install/hello_ev_interfaces/lib/x86_64-linux-gnu/pkgconfig:/home/dh/ros2_ev_test2/install/hello_ev_interfaces/lib/pkgconfig PYTHONPATH=/home/dh/ros2_ev_test2/build/hello_ev_service_py/prefix_override:/usr/lib/python3/dist-packages/colcon_core/task/python/colcon_distutils_commands:/home/dh/ros2_ev_test2/install/hello_ev_service_py/lib/python3.8/site-packages:/home/dh/ros2_ev_test2/install/hello_ev_interfaces/lib/python3.8/site-packages:${PYTHONPATH} ROS_PACKAGE_PATH=/home/dh/ros2_ev_test2/install/hello_ev_interfaces/share /usr/bin/python3 -W ignore:setup.py install is deprecated -W ignore:easy_install command is deprecated setup.py egg_info --egg-base ../../build/hello_ev_service_py build --build-base /home/dh/ros2_ev_test2/build/hello_ev_service_py/build install --record /home/dh/ros2_ev_test2/build/hello_ev_service_py/install.log --install-scripts $base/lib/hello_ev_service_py --single-version-externally-managed install_data
[1.314s] running egg_info
[1.317s] writing ../../build/hello_ev_service_py/hello_ev_service_py.egg-info/PKG-INFO
[1.320s] writing dependency_links to ../../build/hello_ev_service_py/hello_ev_service_py.egg-info/dependency_links.txt
[1.322s] writing entry points to ../../build/hello_ev_service_py/hello_ev_service_py.egg-info/entry_points.txt
[1.324s] writing requirements to ../../build/hello_ev_service_py/hello_ev_service_py.egg-info/requires.txt
[1.325s] writing top-level names to ../../build/hello_ev_service_py/hello_ev_service_py.egg-info/top_level.txt
[1.409s] reading manifest file '../../build/hello_ev_service_py/hello_ev_service_py.egg-info/SOURCES.txt'
[1.412s] writing manifest file '../../build/hello_ev_service_py/hello_ev_service_py.egg-info/SOURCES.txt'
[1.413s] running build
[1.413s] running build_py
[1.414s] running install
[1.416s] running install_lib
[1.420s] running install_data
[1.420s] running install_egg_info
[1.426s] removing '/home/dh/ros2_ev_test2/install/hello_ev_service_py/lib/python3.8/site-packages/hello_ev_service_py-0.0.0-py3.8.egg-info' (and everything under it)
[1.427s] Copying ../../build/hello_ev_service_py/hello_ev_service_py.egg-info to /home/dh/ros2_ev_test2/install/hello_ev_service_py/lib/python3.8/site-packages/hello_ev_service_py-0.0.0-py3.8.egg-info
[1.430s] running install_scripts
[1.465s] Installing hello_ev_client script to /home/dh/ros2_ev_test2/install/hello_ev_service_py/lib/hello_ev_service_py
[1.466s] Installing hello_ev_server script to /home/dh/ros2_ev_test2/install/hello_ev_service_py/lib/hello_ev_service_py
[1.467s] writing list of installed files to '/home/dh/ros2_ev_test2/build/hello_ev_service_py/install.log'
[1.516s] Invoked command in '/home/dh/ros2_ev_test2/src/hello_ev_service_py' returned '0': CMAKE_PREFIX_PATH=/home/dh/ros2_ev_test2/install/hello_ev_interfaces LD_LIBRARY_PATH=/home/dh/ros2_ev_test2/install/hello_ev_interfaces/lib:${LD_LIBRARY_PATH} PKG_CONFIG_PATH=/home/dh/ros2_ev_test2/install/hello_ev_interfaces/lib/x86_64-linux-gnu/pkgconfig:/home/dh/ros2_ev_test2/install/hello_ev_interfaces/lib/pkgconfig PYTHONPATH=/home/dh/ros2_ev_test2/build/hello_ev_service_py/prefix_override:/usr/lib/python3/dist-packages/colcon_core/task/python/colcon_distutils_commands:/home/dh/ros2_ev_test2/install/hello_ev_service_py/lib/python3.8/site-packages:/home/dh/ros2_ev_test2/install/hello_ev_interfaces/lib/python3.8/site-packages:${PYTHONPATH} ROS_PACKAGE_PATH=/home/dh/ros2_ev_test2/install/hello_ev_interfaces/share /usr/bin/python3 -W ignore:setup.py install is deprecated -W ignore:easy_install command is deprecated setup.py egg_info --egg-base ../../build/hello_ev_service_py build --build-base /home/dh/ros2_ev_test2/build/hello_ev_service_py/build install --record /home/dh/ros2_ev_test2/build/hello_ev_service_py/install.log --install-scripts $base/lib/hello_ev_service_py --single-version-externally-managed install_data
