[0.030s] Invoking command in '/home/dh/underwater_ws_new/build/custom_interfaces': /usr/bin/cmake --build /home/dh/underwater_ws_new/build/custom_interfaces -- -j2 -l2
[0.129s] [  3%] Built target custom_interfaces__cpp
[0.135s] [ 12%] Built target custom_interfaces__rosidl_generator_c
[0.186s] [ 22%] Built target custom_interfaces__rosidl_typesupport_introspection_cpp
[0.193s] [ 32%] Built target custom_interfaces__rosidl_typesupport_cpp
[0.250s] [ 41%] Built target custom_interfaces__rosidl_typesupport_c
[0.254s] [ 51%] Built target custom_interfaces__rosidl_typesupport_fastrtps_cpp
[0.378s] [ 61%] Built target custom_interfaces__rosidl_typesupport_fastrtps_c
[0.380s] [ 70%] Built target custom_interfaces__rosidl_typesupport_introspection_c
[0.463s] [ 70%] Built target custom_interfaces
[0.549s] [ 74%] Built target custom_interfaces__py
[0.617s] [ 80%] Built target custom_interfaces__python
[0.719s] [ 87%] Built target custom_interfaces__rosidl_typesupport_introspection_c__pyext
[0.755s] [ 93%] Built target custom_interfaces__rosidl_typesupport_fastrtps_c__pyext
[0.781s] [100%] Built target custom_interfaces__rosidl_typesupport_c__pyext
[0.805s] Invoked command in '/home/dh/underwater_ws_new/build/custom_interfaces' returned '0': /usr/bin/cmake --build /home/dh/underwater_ws_new/build/custom_interfaces -- -j2 -l2
[0.830s] Invoking command in '/home/dh/underwater_ws_new/build/custom_interfaces': /usr/bin/cmake --install /home/dh/underwater_ws_new/build/custom_interfaces
[0.860s] -- Install configuration: ""
[0.860s] -- Up-to-date: /home/dh/underwater_ws_new/install/custom_interfaces/share/ament_index/resource_index/rosidl_interfaces/custom_interfaces
[0.860s] -- Up-to-date: /home/dh/underwater_ws_new/install/custom_interfaces/include/custom_interfaces
[0.860s] -- Up-to-date: /home/dh/underwater_ws_new/install/custom_interfaces/include/custom_interfaces/msg
[0.860s] -- Up-to-date: /home/dh/underwater_ws_new/install/custom_interfaces/include/custom_interfaces/msg/rosidl_generator_c__visibility_control.h
[0.860s] -- Up-to-date: /home/dh/underwater_ws_new/install/custom_interfaces/include/custom_interfaces/srv
[0.860s] -- Up-to-date: /home/dh/underwater_ws_new/install/custom_interfaces/include/custom_interfaces/srv/detail
[0.860s] -- Up-to-date: /home/dh/underwater_ws_new/install/custom_interfaces/include/custom_interfaces/srv/detail/image_processing__struct.h
[0.860s] -- Up-to-date: /home/dh/underwater_ws_new/install/custom_interfaces/include/custom_interfaces/srv/detail/image_processing__functions.h
[0.860s] -- Up-to-date: /home/dh/underwater_ws_new/install/custom_interfaces/include/custom_interfaces/srv/detail/image_processing__functions.c
[0.864s] -- Up-to-date: /home/dh/underwater_ws_new/install/custom_interfaces/include/custom_interfaces/srv/detail/image_processing__type_support.h
[0.864s] -- Up-to-date: /home/dh/underwater_ws_new/install/custom_interfaces/include/custom_interfaces/srv/image_processing.h
[0.864s] -- Up-to-date: /home/dh/underwater_ws_new/install/custom_interfaces/share/custom_interfaces/environment/library_path.sh
[0.865s] -- Up-to-date: /home/dh/underwater_ws_new/install/custom_interfaces/share/custom_interfaces/environment/library_path.dsv
[0.865s] -- Up-to-date: /home/dh/underwater_ws_new/install/custom_interfaces/lib/libcustom_interfaces__rosidl_generator_c.so
[0.865s] -- Up-to-date: /home/dh/underwater_ws_new/install/custom_interfaces/include/custom_interfaces
[0.865s] -- Up-to-date: /home/dh/underwater_ws_new/install/custom_interfaces/include/custom_interfaces/msg
[0.865s] -- Up-to-date: /home/dh/underwater_ws_new/install/custom_interfaces/include/custom_interfaces/msg/rosidl_typesupport_fastrtps_c__visibility_control.h
[0.865s] -- Up-to-date: /home/dh/underwater_ws_new/install/custom_interfaces/include/custom_interfaces/srv
[0.865s] -- Up-to-date: /home/dh/underwater_ws_new/install/custom_interfaces/include/custom_interfaces/srv/detail
[0.865s] -- Up-to-date: /home/dh/underwater_ws_new/install/custom_interfaces/include/custom_interfaces/srv/detail/image_processing__rosidl_typesupport_fastrtps_c.h
[0.866s] -- Up-to-date: /home/dh/underwater_ws_new/install/custom_interfaces/lib/libcustom_interfaces__rosidl_typesupport_fastrtps_c.so
[0.866s] -- Up-to-date: /home/dh/underwater_ws_new/install/custom_interfaces/include/custom_interfaces
[0.866s] -- Up-to-date: /home/dh/underwater_ws_new/install/custom_interfaces/include/custom_interfaces/msg
[0.866s] -- Up-to-date: /home/dh/underwater_ws_new/install/custom_interfaces/include/custom_interfaces/msg/rosidl_typesupport_fastrtps_cpp__visibility_control.h
[0.866s] -- Up-to-date: /home/dh/underwater_ws_new/install/custom_interfaces/include/custom_interfaces/srv
[0.866s] -- Up-to-date: /home/dh/underwater_ws_new/install/custom_interfaces/include/custom_interfaces/srv/detail
[0.866s] -- Up-to-date: /home/dh/underwater_ws_new/install/custom_interfaces/include/custom_interfaces/srv/detail/dds_fastrtps
[0.867s] -- Up-to-date: /home/dh/underwater_ws_new/install/custom_interfaces/include/custom_interfaces/srv/detail/image_processing__rosidl_typesupport_fastrtps_cpp.hpp
[0.867s] -- Up-to-date: /home/dh/underwater_ws_new/install/custom_interfaces/lib/libcustom_interfaces__rosidl_typesupport_fastrtps_cpp.so
[0.867s] -- Up-to-date: /home/dh/underwater_ws_new/install/custom_interfaces/include/custom_interfaces
[0.867s] -- Up-to-date: /home/dh/underwater_ws_new/install/custom_interfaces/include/custom_interfaces/msg
[0.867s] -- Up-to-date: /home/dh/underwater_ws_new/install/custom_interfaces/include/custom_interfaces/msg/rosidl_typesupport_introspection_c__visibility_control.h
[0.867s] -- Up-to-date: /home/dh/underwater_ws_new/install/custom_interfaces/include/custom_interfaces/srv
[0.867s] -- Up-to-date: /home/dh/underwater_ws_new/install/custom_interfaces/include/custom_interfaces/srv/detail
[0.867s] -- Up-to-date: /home/dh/underwater_ws_new/install/custom_interfaces/include/custom_interfaces/srv/detail/image_processing__rosidl_typesupport_introspection_c.h
[0.868s] -- Up-to-date: /home/dh/underwater_ws_new/install/custom_interfaces/include/custom_interfaces/srv/detail/image_processing__type_support.c
[0.868s] -- Up-to-date: /home/dh/underwater_ws_new/install/custom_interfaces/lib/libcustom_interfaces__rosidl_typesupport_introspection_c.so
[0.868s] -- Up-to-date: /home/dh/underwater_ws_new/install/custom_interfaces/lib/libcustom_interfaces__rosidl_typesupport_c.so
[0.868s] -- Up-to-date: /home/dh/underwater_ws_new/install/custom_interfaces/include/custom_interfaces
[0.868s] -- Up-to-date: /home/dh/underwater_ws_new/install/custom_interfaces/include/custom_interfaces/msg
[0.868s] -- Up-to-date: /home/dh/underwater_ws_new/install/custom_interfaces/include/custom_interfaces/msg/rosidl_generator_cpp__visibility_control.hpp
[0.869s] -- Up-to-date: /home/dh/underwater_ws_new/install/custom_interfaces/include/custom_interfaces/srv
[0.869s] -- Up-to-date: /home/dh/underwater_ws_new/install/custom_interfaces/include/custom_interfaces/srv/image_processing.hpp
[0.869s] -- Up-to-date: /home/dh/underwater_ws_new/install/custom_interfaces/include/custom_interfaces/srv/detail
[0.869s] -- Up-to-date: /home/dh/underwater_ws_new/install/custom_interfaces/include/custom_interfaces/srv/detail/image_processing__traits.hpp
[0.869s] -- Up-to-date: /home/dh/underwater_ws_new/install/custom_interfaces/include/custom_interfaces/srv/detail/image_processing__type_support.hpp
[0.869s] -- Up-to-date: /home/dh/underwater_ws_new/install/custom_interfaces/include/custom_interfaces/srv/detail/image_processing__builder.hpp
[0.869s] -- Up-to-date: /home/dh/underwater_ws_new/install/custom_interfaces/include/custom_interfaces/srv/detail/image_processing__struct.hpp
[0.870s] -- Up-to-date: /home/dh/underwater_ws_new/install/custom_interfaces/include/custom_interfaces
[0.870s] -- Up-to-date: /home/dh/underwater_ws_new/install/custom_interfaces/include/custom_interfaces/srv
[0.870s] -- Up-to-date: /home/dh/underwater_ws_new/install/custom_interfaces/include/custom_interfaces/srv/detail
[0.870s] -- Up-to-date: /home/dh/underwater_ws_new/install/custom_interfaces/include/custom_interfaces/srv/detail/image_processing__type_support.cpp
[0.870s] -- Up-to-date: /home/dh/underwater_ws_new/install/custom_interfaces/include/custom_interfaces/srv/detail/image_processing__rosidl_typesupport_introspection_cpp.hpp
[0.870s] -- Up-to-date: /home/dh/underwater_ws_new/install/custom_interfaces/lib/libcustom_interfaces__rosidl_typesupport_introspection_cpp.so
[0.870s] -- Up-to-date: /home/dh/underwater_ws_new/install/custom_interfaces/lib/libcustom_interfaces__rosidl_typesupport_cpp.so
[0.870s] -- Up-to-date: /home/dh/underwater_ws_new/install/custom_interfaces/share/custom_interfaces/environment/pythonpath.sh
[0.871s] -- Up-to-date: /home/dh/underwater_ws_new/install/custom_interfaces/share/custom_interfaces/environment/pythonpath.dsv
[0.871s] -- Up-to-date: /home/dh/underwater_ws_new/install/custom_interfaces/lib/python3.8/site-packages/custom_interfaces/__init__.py
[0.922s] -- Up-to-date: /home/dh/underwater_ws_new/install/custom_interfaces/lib/python3.8/site-packages/custom_interfaces/srv
[0.922s] -- Up-to-date: /home/dh/underwater_ws_new/install/custom_interfaces/lib/python3.8/site-packages/custom_interfaces/srv/__init__.py
[0.923s] -- Up-to-date: /home/dh/underwater_ws_new/install/custom_interfaces/lib/python3.8/site-packages/custom_interfaces/srv/_image_processing_s.c
[0.923s] -- Up-to-date: /home/dh/underwater_ws_new/install/custom_interfaces/lib/python3.8/site-packages/custom_interfaces/srv/_image_processing.py
[0.923s] -- Up-to-date: /home/dh/underwater_ws_new/install/custom_interfaces/lib/python3.8/site-packages/custom_interfaces/custom_interfaces_s__rosidl_typesupport_fastrtps_c.cpython-38-x86_64-linux-gnu.so
[0.923s] -- Up-to-date: /home/dh/underwater_ws_new/install/custom_interfaces/lib/python3.8/site-packages/custom_interfaces/custom_interfaces_s__rosidl_typesupport_introspection_c.cpython-38-x86_64-linux-gnu.so
[0.923s] -- Up-to-date: /home/dh/underwater_ws_new/install/custom_interfaces/lib/python3.8/site-packages/custom_interfaces/custom_interfaces_s__rosidl_typesupport_c.cpython-38-x86_64-linux-gnu.so
[0.923s] -- Up-to-date: /home/dh/underwater_ws_new/install/custom_interfaces/lib/libcustom_interfaces__python.so
[0.924s] -- Up-to-date: /home/dh/underwater_ws_new/install/custom_interfaces/share/custom_interfaces/srv/ImageProcessing.idl
[0.925s] -- Up-to-date: /home/dh/underwater_ws_new/install/custom_interfaces/share/custom_interfaces/srv/ImageProcessing.srv
[0.925s] -- Up-to-date: /home/dh/underwater_ws_new/install/custom_interfaces/share/custom_interfaces/srv/ImageProcessing_Request.msg
[0.925s] -- Up-to-date: /home/dh/underwater_ws_new/install/custom_interfaces/share/custom_interfaces/srv/ImageProcessing_Response.msg
[0.925s] -- Up-to-date: /home/dh/underwater_ws_new/install/custom_interfaces/share/ament_index/resource_index/package_run_dependencies/custom_interfaces
[0.926s] -- Up-to-date: /home/dh/underwater_ws_new/install/custom_interfaces/share/ament_index/resource_index/parent_prefix_path/custom_interfaces
[0.926s] -- Up-to-date: /home/dh/underwater_ws_new/install/custom_interfaces/share/custom_interfaces/environment/ament_prefix_path.sh
[0.926s] -- Up-to-date: /home/dh/underwater_ws_new/install/custom_interfaces/share/custom_interfaces/environment/ament_prefix_path.dsv
[0.926s] -- Up-to-date: /home/dh/underwater_ws_new/install/custom_interfaces/share/custom_interfaces/environment/path.sh
[0.926s] -- Up-to-date: /home/dh/underwater_ws_new/install/custom_interfaces/share/custom_interfaces/environment/path.dsv
[0.928s] -- Up-to-date: /home/dh/underwater_ws_new/install/custom_interfaces/share/custom_interfaces/local_setup.bash
[0.928s] -- Up-to-date: /home/dh/underwater_ws_new/install/custom_interfaces/share/custom_interfaces/local_setup.sh
[0.928s] -- Up-to-date: /home/dh/underwater_ws_new/install/custom_interfaces/share/custom_interfaces/local_setup.zsh
[0.928s] -- Up-to-date: /home/dh/underwater_ws_new/install/custom_interfaces/share/custom_interfaces/local_setup.dsv
[0.928s] -- Installing: /home/dh/underwater_ws_new/install/custom_interfaces/share/custom_interfaces/package.dsv
[0.929s] -- Up-to-date: /home/dh/underwater_ws_new/install/custom_interfaces/share/ament_index/resource_index/packages/custom_interfaces
[0.930s] -- Up-to-date: /home/dh/underwater_ws_new/install/custom_interfaces/share/custom_interfaces/cmake/custom_interfaces__rosidl_generator_cExport.cmake
[0.930s] -- Up-to-date: /home/dh/underwater_ws_new/install/custom_interfaces/share/custom_interfaces/cmake/custom_interfaces__rosidl_generator_cExport-noconfig.cmake
[0.930s] -- Up-to-date: /home/dh/underwater_ws_new/install/custom_interfaces/share/custom_interfaces/cmake/custom_interfaces__rosidl_typesupport_introspection_cExport.cmake
[0.931s] -- Up-to-date: /home/dh/underwater_ws_new/install/custom_interfaces/share/custom_interfaces/cmake/custom_interfaces__rosidl_typesupport_introspection_cExport-noconfig.cmake
[0.931s] -- Up-to-date: /home/dh/underwater_ws_new/install/custom_interfaces/share/custom_interfaces/cmake/custom_interfaces__rosidl_typesupport_cExport.cmake
[0.931s] -- Up-to-date: /home/dh/underwater_ws_new/install/custom_interfaces/share/custom_interfaces/cmake/custom_interfaces__rosidl_typesupport_cExport-noconfig.cmake
[0.932s] -- Up-to-date: /home/dh/underwater_ws_new/install/custom_interfaces/share/custom_interfaces/cmake/custom_interfaces__rosidl_generator_cppExport.cmake
[0.933s] -- Up-to-date: /home/dh/underwater_ws_new/install/custom_interfaces/share/custom_interfaces/cmake/custom_interfaces__rosidl_typesupport_introspection_cppExport.cmake
[0.933s] -- Up-to-date: /home/dh/underwater_ws_new/install/custom_interfaces/share/custom_interfaces/cmake/custom_interfaces__rosidl_typesupport_introspection_cppExport-noconfig.cmake
[0.934s] -- Up-to-date: /home/dh/underwater_ws_new/install/custom_interfaces/share/custom_interfaces/cmake/custom_interfaces__rosidl_typesupport_cppExport.cmake
[0.934s] -- Up-to-date: /home/dh/underwater_ws_new/install/custom_interfaces/share/custom_interfaces/cmake/custom_interfaces__rosidl_typesupport_cppExport-noconfig.cmake
[0.934s] -- Up-to-date: /home/dh/underwater_ws_new/install/custom_interfaces/share/custom_interfaces/cmake/rosidl_cmake-extras.cmake
[0.935s] -- Up-to-date: /home/dh/underwater_ws_new/install/custom_interfaces/share/custom_interfaces/cmake/ament_cmake_export_dependencies-extras.cmake
[0.936s] -- Up-to-date: /home/dh/underwater_ws_new/install/custom_interfaces/share/custom_interfaces/cmake/ament_cmake_export_libraries-extras.cmake
[0.936s] -- Up-to-date: /home/dh/underwater_ws_new/install/custom_interfaces/share/custom_interfaces/cmake/ament_cmake_export_targets-extras.cmake
[0.937s] -- Up-to-date: /home/dh/underwater_ws_new/install/custom_interfaces/share/custom_interfaces/cmake/ament_cmake_export_include_directories-extras.cmake
[0.937s] -- Up-to-date: /home/dh/underwater_ws_new/install/custom_interfaces/share/custom_interfaces/cmake/rosidl_cmake_export_typesupport_libraries-extras.cmake
[0.937s] -- Up-to-date: /home/dh/underwater_ws_new/install/custom_interfaces/share/custom_interfaces/cmake/rosidl_cmake_export_typesupport_targets-extras.cmake
[0.938s] -- Up-to-date: /home/dh/underwater_ws_new/install/custom_interfaces/share/custom_interfaces/cmake/custom_interfacesConfig.cmake
[0.938s] -- Up-to-date: /home/dh/underwater_ws_new/install/custom_interfaces/share/custom_interfaces/cmake/custom_interfacesConfig-version.cmake
[0.943s] -- Up-to-date: /home/dh/underwater_ws_new/install/custom_interfaces/share/custom_interfaces/package.xml
[0.944s] Invoked command in '/home/dh/underwater_ws_new/build/custom_interfaces' returned '0': /usr/bin/cmake --install /home/dh/underwater_ws_new/build/custom_interfaces
